*** 2017-11-21 12:23:56.503 Adempiere Log (CLogFile) ***
12:23:56.503 Adempiere.startup: ADempiere(r) Release 3.9.0_2017-08-01 -Smart Suite ERP,CRM and SCM- (c) 1999-2017 ADempiere(r); Implementation: ADempiere - Supported by ADempiere community [13]
12:23:56.503 Ini.loadProperties: C:\Users\AYAZ\Adempiere.properties #37 [13]
===========> WBrowser.getCount: SELECT COUNT(*) FROM  RV_OrderLine_Storage OLine INNER JOIN c_order o on (oLine.c_order_ID = o.c_order_ID) INNER JOIN c_doctype dt on (o.c_doctypetarget_ID = dt.c_doctype_ID)  WHERE case when o.INVOICERULE = 'D' then qtyinvoiced < qtydelivered else
oLine.qtyinvoiced <> oLine.qtyordered  end
and o.docstatus in ('CO') and o.issotrx = 'Y' AND o.SalesRep_ID=?  AND OLine.AD_Client_ID IN(0,11) AND OLine.AD_Org_ID IN(0,11,12,50000,50002,50001,50004,50006,50005,50007) AND (o.C_Order_ID IS NULL OR o.C_Order_ID NOT IN ( SELECT Record_ID FROM AD_Private_Access WHERE AD_Table_ID = 0 AND AD_User_ID <> 101 AND IsActive = 'Y' )) AND (dt.C_DocType_ID IS NULL OR dt.C_DocType_ID NOT IN ( SELECT Record_ID FROM AD_Private_Access WHERE AD_Table_ID = 0 AND AD_User_ID <> 101 AND IsActive = 'Y' )) [47]
java.sql.SQLSyntaxErrorException: ORA-00905: missing keyword
; State=42000; ErrorCode=905
	at oracle.jdbc.driver.T4CTTIoer.processError(T4CTTIoer.java:447)
	at oracle.jdbc.driver.T4CTTIoer.processError(T4CTTIoer.java:396)
	at oracle.jdbc.driver.T4C8Oall.processError(T4C8Oall.java:951)
	at oracle.jdbc.driver.T4CTTIfun.receive(T4CTTIfun.java:513)
	at oracle.jdbc.driver.T4CTTIfun.doRPC(T4CTTIfun.java:227)
	at oracle.jdbc.driver.T4C8Oall.doOALL(T4C8Oall.java:531)
	at oracle.jdbc.driver.T4CPreparedStatement.doOall8(T4CPreparedStatement.java:208)
	at oracle.jdbc.driver.T4CPreparedStatement.executeForDescribe(T4CPreparedStatement.java:886)
	at oracle.jdbc.driver.OracleStatement.executeMaybeDescribe(OracleStatement.java:1175)
	at oracle.jdbc.driver.OracleStatement.doExecuteWithTimeout(OracleStatement.java:1296)
	at oracle.jdbc.driver.OraclePreparedStatement.executeInternal(OraclePreparedStatement.java:3613)
	at oracle.jdbc.driver.OraclePreparedStatement.executeQuery(OraclePreparedStatement.java:3657)
	at oracle.jdbc.driver.OraclePreparedStatementWrapper.executeQuery(OraclePreparedStatementWrapper.java:1495)
	at com.mchange.v2.c3p0.impl.NewProxyPreparedStatement.executeQuery(NewProxyPreparedStatement.java:76)
	at sun.reflect.GeneratedMethodAccessor21.invoke(Unknown Source)
	at sun.reflect.DelegatingMethodAccessorImpl.invoke(Unknown Source)
	at java.lang.reflect.Method.invoke(Unknown Source)
	at org.compiere.db.StatementProxy.invoke(StatementProxy.java:100)
	at com.sun.proxy.$Proxy3.executeQuery(Unknown Source)
	at org.eevolution.grid.Browser.getCount(Browser.java:434)
	at org.eevolution.grid.Browser.testCount(Browser.java:399)

===========> WBrowser.work: SELECT DISTINCT OLine.C_OrderLine_ID AS OLINE_C_OrderLine_ID, OLine.C_Order_ID AS OLINE_C_Order_ID, o.DateOrdered AS O_DateOrdered, OLine.DatePromised AS OLINE_DatePromised, o.C_BPartner_ID AS O_C_BPartner_ID, OLine.M_Product_ID AS OLINE_M_Product_ID, OLine.QtyOrdered AS OLINE_QtyOrdered, OLine.QtyDelivered AS OLINE_QtyDelivered, OLine.QtyReserved AS OLINE_QtyReserved, OLine.QtyOnHandTotal AS OLINE_QtyOnHandTotal, OLine.QtyToDeliver AS OLINE_QtyToDeliver, OLine.QtyDelivered AS OLINE_QtyMovementDrafted, OLine.QtyDelivered AS OLINE_QtyOpenToInvoice, OLine.LineNetAmt AS OLINE_LineNetAmt, o.DocStatus AS O_DocStatus, OLine.M_AttributeSetInstance_ID AS OLINE_M_AttributeSetInstance_ID, o.SalesRep_ID AS O_SalesRep_ID FROM  RV_OrderLine_Storage OLine INNER JOIN c_order o on (oLine.c_order_ID = o.c_order_ID) INNER JOIN c_doctype dt on (o.c_doctypetarget_ID = dt.c_doctype_ID)  WHERE case when o.INVOICERULE = 'D' then qtyinvoiced < qtydelivered else
oLine.qtyinvoiced <> oLine.qtyordered  end
and o.docstatus in ('CO') and o.issotrx = 'Y' AND o.SalesRep_ID=?  AND OLine.AD_Client_ID IN(0,11) AND OLine.AD_Org_ID IN(0,11,12,50000,50002,50001,50004,50006,50005,50007) AND (o.C_Order_ID IS NULL OR o.C_Order_ID NOT IN ( SELECT Record_ID FROM AD_Private_Access WHERE AD_Table_ID = 0 AND AD_User_ID <> 101 AND IsActive = 'Y' )) AND (dt.C_DocType_ID IS NULL OR dt.C_DocType_ID NOT IN ( SELECT Record_ID FROM AD_Private_Access WHERE AD_Table_ID = 0 AND AD_User_ID <> 101 AND IsActive = 'Y' )) [47]
java.sql.SQLSyntaxErrorException: ORA-00972: identifier is too long
; State=42000; ErrorCode=972
	at oracle.jdbc.driver.T4CTTIoer.processError(T4CTTIoer.java:447)
	at oracle.jdbc.driver.T4CTTIoer.processError(T4CTTIoer.java:396)
	at oracle.jdbc.driver.T4C8Oall.processError(T4C8Oall.java:951)
	at oracle.jdbc.driver.T4CTTIfun.receive(T4CTTIfun.java:513)
	at oracle.jdbc.driver.T4CTTIfun.doRPC(T4CTTIfun.java:227)
	at oracle.jdbc.driver.T4C8Oall.doOALL(T4C8Oall.java:531)
	at oracle.jdbc.driver.T4CPreparedStatement.doOall8(T4CPreparedStatement.java:208)
	at oracle.jdbc.driver.T4CPreparedStatement.executeForDescribe(T4CPreparedStatement.java:886)
	at oracle.jdbc.driver.OracleStatement.executeMaybeDescribe(OracleStatement.java:1175)
	at oracle.jdbc.driver.OracleStatement.doExecuteWithTimeout(OracleStatement.java:1296)
	at oracle.jdbc.driver.OraclePreparedStatement.executeInternal(OraclePreparedStatement.java:3613)
	at oracle.jdbc.driver.OraclePreparedStatement.executeQuery(OraclePreparedStatement.java:3657)
	at oracle.jdbc.driver.OraclePreparedStatementWrapper.executeQuery(OraclePreparedStatementWrapper.java:1495)
	at com.mchange.v2.c3p0.impl.NewProxyPreparedStatement.executeQuery(NewProxyPreparedStatement.java:76)
	at sun.reflect.GeneratedMethodAccessor21.invoke(Unknown Source)
	at sun.reflect.DelegatingMethodAccessorImpl.invoke(Unknown Source)
	at java.lang.reflect.Method.invoke(Unknown Source)
	at org.compiere.db.StatementProxy.invoke(StatementProxy.java:100)
	at com.sun.proxy.$Proxy3.executeQuery(Unknown Source)
	at org.eevolution.form.WBrowser.work(WBrowser.java:755)
	at org.eevolution.form.WBrowser.executeQuery(WBrowser.java:306)

===========> WBrowser.getCount: SELECT COUNT(*) FROM  RV_OrderLine_Storage OLine INNER JOIN c_order o on (oLine.c_order_ID = o.c_order_ID) INNER JOIN c_doctype dt on (o.c_doctypetarget_ID = dt.c_doctype_ID)  WHERE case when o.INVOICERULE = 'D' then qtyinvoiced < qtydelivered else
oLine.qtyinvoiced <> oLine.qtyordered  end
and o.docstatus in ('CO') and o.issotrx = 'Y' AND OLine.AD_Client_ID IN(0,11) AND OLine.AD_Org_ID IN(0,11,12,50000,50002,50001,50004,50006,50005,50007) AND (o.C_Order_ID IS NULL OR o.C_Order_ID NOT IN ( SELECT Record_ID FROM AD_Private_Access WHERE AD_Table_ID = 0 AND AD_User_ID <> 101 AND IsActive = 'Y' )) AND (dt.C_DocType_ID IS NULL OR dt.C_DocType_ID NOT IN ( SELECT Record_ID FROM AD_Private_Access WHERE AD_Table_ID = 0 AND AD_User_ID <> 101 AND IsActive = 'Y' )) [47]
java.sql.SQLSyntaxErrorException: ORA-00905: missing keyword
; State=42000; ErrorCode=905
	at oracle.jdbc.driver.T4CTTIoer.processError(T4CTTIoer.java:447)
	at oracle.jdbc.driver.T4CTTIoer.processError(T4CTTIoer.java:396)
	at oracle.jdbc.driver.T4C8Oall.processError(T4C8Oall.java:951)
	at oracle.jdbc.driver.T4CTTIfun.receive(T4CTTIfun.java:513)
	at oracle.jdbc.driver.T4CTTIfun.doRPC(T4CTTIfun.java:227)
	at oracle.jdbc.driver.T4C8Oall.doOALL(T4C8Oall.java:531)
	at oracle.jdbc.driver.T4CPreparedStatement.doOall8(T4CPreparedStatement.java:208)
	at oracle.jdbc.driver.T4CPreparedStatement.executeForDescribe(T4CPreparedStatement.java:886)
	at oracle.jdbc.driver.OracleStatement.executeMaybeDescribe(OracleStatement.java:1175)
	at oracle.jdbc.driver.OracleStatement.doExecuteWithTimeout(OracleStatement.java:1296)
	at oracle.jdbc.driver.OraclePreparedStatement.executeInternal(OraclePreparedStatement.java:3613)
	at oracle.jdbc.driver.OraclePreparedStatement.executeQuery(OraclePreparedStatement.java:3657)
	at oracle.jdbc.driver.OraclePreparedStatementWrapper.executeQuery(OraclePreparedStatementWrapper.java:1495)
	at com.mchange.v2.c3p0.impl.NewProxyPreparedStatement.executeQuery(NewProxyPreparedStatement.java:76)
	at sun.reflect.GeneratedMethodAccessor21.invoke(Unknown Source)
	at sun.reflect.DelegatingMethodAccessorImpl.invoke(Unknown Source)
	at java.lang.reflect.Method.invoke(Unknown Source)
	at org.compiere.db.StatementProxy.invoke(StatementProxy.java:100)
	at com.sun.proxy.$Proxy3.executeQuery(Unknown Source)
	at org.eevolution.grid.Browser.getCount(Browser.java:434)
	at org.eevolution.grid.Browser.testCount(Browser.java:399)

===========> WBrowser.work: SELECT DISTINCT OLine.C_OrderLine_ID AS OLINE_C_OrderLine_ID, OLine.C_Order_ID AS OLINE_C_Order_ID, o.DateOrdered AS O_DateOrdered, OLine.DatePromised AS OLINE_DatePromised, o.C_BPartner_ID AS O_C_BPartner_ID, OLine.M_Product_ID AS OLINE_M_Product_ID, OLine.QtyOrdered AS OLINE_QtyOrdered, OLine.QtyDelivered AS OLINE_QtyDelivered, OLine.QtyReserved AS OLINE_QtyReserved, OLine.QtyOnHandTotal AS OLINE_QtyOnHandTotal, OLine.QtyToDeliver AS OLINE_QtyToDeliver, OLine.QtyDelivered AS OLINE_QtyMovementDrafted, OLine.QtyDelivered AS OLINE_QtyOpenToInvoice, OLine.LineNetAmt AS OLINE_LineNetAmt, o.DocStatus AS O_DocStatus, OLine.M_AttributeSetInstance_ID AS OLINE_M_AttributeSetInstance_ID, o.SalesRep_ID AS O_SalesRep_ID FROM  RV_OrderLine_Storage OLine INNER JOIN c_order o on (oLine.c_order_ID = o.c_order_ID) INNER JOIN c_doctype dt on (o.c_doctypetarget_ID = dt.c_doctype_ID)  WHERE case when o.INVOICERULE = 'D' then qtyinvoiced < qtydelivered else
oLine.qtyinvoiced <> oLine.qtyordered  end
and o.docstatus in ('CO') and o.issotrx = 'Y' AND OLine.AD_Client_ID IN(0,11) AND OLine.AD_Org_ID IN(0,11,12,50000,50002,50001,50004,50006,50005,50007) AND (o.C_Order_ID IS NULL OR o.C_Order_ID NOT IN ( SELECT Record_ID FROM AD_Private_Access WHERE AD_Table_ID = 0 AND AD_User_ID <> 101 AND IsActive = 'Y' )) AND (dt.C_DocType_ID IS NULL OR dt.C_DocType_ID NOT IN ( SELECT Record_ID FROM AD_Private_Access WHERE AD_Table_ID = 0 AND AD_User_ID <> 101 AND IsActive = 'Y' )) [47]
java.sql.SQLSyntaxErrorException: ORA-00972: identifier is too long
; State=42000; ErrorCode=972
	at oracle.jdbc.driver.T4CTTIoer.processError(T4CTTIoer.java:447)
	at oracle.jdbc.driver.T4CTTIoer.processError(T4CTTIoer.java:396)
	at oracle.jdbc.driver.T4C8Oall.processError(T4C8Oall.java:951)
	at oracle.jdbc.driver.T4CTTIfun.receive(T4CTTIfun.java:513)
	at oracle.jdbc.driver.T4CTTIfun.doRPC(T4CTTIfun.java:227)
	at oracle.jdbc.driver.T4C8Oall.doOALL(T4C8Oall.java:531)
	at oracle.jdbc.driver.T4CPreparedStatement.doOall8(T4CPreparedStatement.java:208)
	at oracle.jdbc.driver.T4CPreparedStatement.executeForDescribe(T4CPreparedStatement.java:886)
	at oracle.jdbc.driver.OracleStatement.executeMaybeDescribe(OracleStatement.java:1175)
	at oracle.jdbc.driver.OracleStatement.doExecuteWithTimeout(OracleStatement.java:1296)
	at oracle.jdbc.driver.OraclePreparedStatement.executeInternal(OraclePreparedStatement.java:3613)
	at oracle.jdbc.driver.OraclePreparedStatement.executeQuery(OraclePreparedStatement.java:3657)
	at oracle.jdbc.driver.OraclePreparedStatementWrapper.executeQuery(OraclePreparedStatementWrapper.java:1495)
	at com.mchange.v2.c3p0.impl.NewProxyPreparedStatement.executeQuery(NewProxyPreparedStatement.java:76)
	at sun.reflect.GeneratedMethodAccessor21.invoke(Unknown Source)
	at sun.reflect.DelegatingMethodAccessorImpl.invoke(Unknown Source)
	at java.lang.reflect.Method.invoke(Unknown Source)
	at org.compiere.db.StatementProxy.invoke(StatementProxy.java:100)
	at com.sun.proxy.$Proxy3.executeQuery(Unknown Source)
	at org.eevolution.form.WBrowser.work(WBrowser.java:755)
	at org.eevolution.form.WBrowser.executeQuery(WBrowser.java:306)

===========> WBrowser.getCount: SELECT COUNT(*) FROM  RV_OrderLine_Storage OLine INNER JOIN c_order o on (oLine.c_order_ID = o.c_order_ID) INNER JOIN c_doctype dt on (o.c_doctypetarget_ID = dt.c_doctype_ID)  WHERE case when o.INVOICERULE = 'D' then qtyinvoiced < qtydelivered else
oLine.qtyinvoiced <> oLine.qtyordered  end
and o.docstatus in ('CO') and o.issotrx = 'Y' AND OLine.AD_Client_ID IN(0,11) AND OLine.AD_Org_ID IN(0,11,12,50000,50002,50001,50004,50006,50005,50007) AND (o.C_Order_ID IS NULL OR o.C_Order_ID NOT IN ( SELECT Record_ID FROM AD_Private_Access WHERE AD_Table_ID = 0 AND AD_User_ID <> 101 AND IsActive = 'Y' )) AND (dt.C_DocType_ID IS NULL OR dt.C_DocType_ID NOT IN ( SELECT Record_ID FROM AD_Private_Access WHERE AD_Table_ID = 0 AND AD_User_ID <> 101 AND IsActive = 'Y' )) [47]
java.sql.SQLSyntaxErrorException: ORA-00905: missing keyword
; State=42000; ErrorCode=905
	at oracle.jdbc.driver.T4CTTIoer.processError(T4CTTIoer.java:447)
	at oracle.jdbc.driver.T4CTTIoer.processError(T4CTTIoer.java:396)
	at oracle.jdbc.driver.T4C8Oall.processError(T4C8Oall.java:951)
	at oracle.jdbc.driver.T4CTTIfun.receive(T4CTTIfun.java:513)
	at oracle.jdbc.driver.T4CTTIfun.doRPC(T4CTTIfun.java:227)
	at oracle.jdbc.driver.T4C8Oall.doOALL(T4C8Oall.java:531)
	at oracle.jdbc.driver.T4CPreparedStatement.doOall8(T4CPreparedStatement.java:208)
	at oracle.jdbc.driver.T4CPreparedStatement.executeForDescribe(T4CPreparedStatement.java:886)
	at oracle.jdbc.driver.OracleStatement.executeMaybeDescribe(OracleStatement.java:1175)
	at oracle.jdbc.driver.OracleStatement.doExecuteWithTimeout(OracleStatement.java:1296)
	at oracle.jdbc.driver.OraclePreparedStatement.executeInternal(OraclePreparedStatement.java:3613)
	at oracle.jdbc.driver.OraclePreparedStatement.executeQuery(OraclePreparedStatement.java:3657)
	at oracle.jdbc.driver.OraclePreparedStatementWrapper.executeQuery(OraclePreparedStatementWrapper.java:1495)
	at com.mchange.v2.c3p0.impl.NewProxyPreparedStatement.executeQuery(NewProxyPreparedStatement.java:76)
	at sun.reflect.GeneratedMethodAccessor21.invoke(Unknown Source)
	at sun.reflect.DelegatingMethodAccessorImpl.invoke(Unknown Source)
	at java.lang.reflect.Method.invoke(Unknown Source)
	at org.compiere.db.StatementProxy.invoke(StatementProxy.java:100)
	at com.sun.proxy.$Proxy3.executeQuery(Unknown Source)
	at org.eevolution.grid.Browser.getCount(Browser.java:434)
	at org.eevolution.grid.Browser.testCount(Browser.java:399)

===========> WBrowser.work: SELECT DISTINCT OLine.C_OrderLine_ID AS OLINE_C_OrderLine_ID, OLine.C_Order_ID AS OLINE_C_Order_ID, o.DateOrdered AS O_DateOrdered, OLine.DatePromised AS OLINE_DatePromised, o.C_BPartner_ID AS O_C_BPartner_ID, OLine.M_Product_ID AS OLINE_M_Product_ID, OLine.QtyOrdered AS OLINE_QtyOrdered, OLine.QtyDelivered AS OLINE_QtyDelivered, OLine.QtyReserved AS OLINE_QtyReserved, OLine.QtyOnHandTotal AS OLINE_QtyOnHandTotal, OLine.QtyToDeliver AS OLINE_QtyToDeliver, OLine.QtyDelivered AS OLINE_QtyMovementDrafted, OLine.QtyDelivered AS OLINE_QtyOpenToInvoice, OLine.LineNetAmt AS OLINE_LineNetAmt, o.DocStatus AS O_DocStatus, OLine.M_AttributeSetInstance_ID AS OLINE_M_AttributeSetInstance_ID, o.SalesRep_ID AS O_SalesRep_ID FROM  RV_OrderLine_Storage OLine INNER JOIN c_order o on (oLine.c_order_ID = o.c_order_ID) INNER JOIN c_doctype dt on (o.c_doctypetarget_ID = dt.c_doctype_ID)  WHERE case when o.INVOICERULE = 'D' then qtyinvoiced < qtydelivered else
oLine.qtyinvoiced <> oLine.qtyordered  end
and o.docstatus in ('CO') and o.issotrx = 'Y' AND OLine.AD_Client_ID IN(0,11) AND OLine.AD_Org_ID IN(0,11,12,50000,50002,50001,50004,50006,50005,50007) AND (o.C_Order_ID IS NULL OR o.C_Order_ID NOT IN ( SELECT Record_ID FROM AD_Private_Access WHERE AD_Table_ID = 0 AND AD_User_ID <> 101 AND IsActive = 'Y' )) AND (dt.C_DocType_ID IS NULL OR dt.C_DocType_ID NOT IN ( SELECT Record_ID FROM AD_Private_Access WHERE AD_Table_ID = 0 AND AD_User_ID <> 101 AND IsActive = 'Y' )) [47]
java.sql.SQLSyntaxErrorException: ORA-00972: identifier is too long
; State=42000; ErrorCode=972
	at oracle.jdbc.driver.T4CTTIoer.processError(T4CTTIoer.java:447)
	at oracle.jdbc.driver.T4CTTIoer.processError(T4CTTIoer.java:396)
	at oracle.jdbc.driver.T4C8Oall.processError(T4C8Oall.java:951)
	at oracle.jdbc.driver.T4CTTIfun.receive(T4CTTIfun.java:513)
	at oracle.jdbc.driver.T4CTTIfun.doRPC(T4CTTIfun.java:227)
	at oracle.jdbc.driver.T4C8Oall.doOALL(T4C8Oall.java:531)
	at oracle.jdbc.driver.T4CPreparedStatement.doOall8(T4CPreparedStatement.java:208)
	at oracle.jdbc.driver.T4CPreparedStatement.executeForDescribe(T4CPreparedStatement.java:886)
	at oracle.jdbc.driver.OracleStatement.executeMaybeDescribe(OracleStatement.java:1175)
	at oracle.jdbc.driver.OracleStatement.doExecuteWithTimeout(OracleStatement.java:1296)
	at oracle.jdbc.driver.OraclePreparedStatement.executeInternal(OraclePreparedStatement.java:3613)
	at oracle.jdbc.driver.OraclePreparedStatement.executeQuery(OraclePreparedStatement.java:3657)
	at oracle.jdbc.driver.OraclePreparedStatementWrapper.executeQuery(OraclePreparedStatementWrapper.java:1495)
	at com.mchange.v2.c3p0.impl.NewProxyPreparedStatement.executeQuery(NewProxyPreparedStatement.java:76)
	at sun.reflect.GeneratedMethodAccessor21.invoke(Unknown Source)
	at sun.reflect.DelegatingMethodAccessorImpl.invoke(Unknown Source)
	at java.lang.reflect.Method.invoke(Unknown Source)
	at org.compiere.db.StatementProxy.invoke(StatementProxy.java:100)
	at com.sun.proxy.$Proxy3.executeQuery(Unknown Source)
	at org.eevolution.form.WBrowser.work(WBrowser.java:755)
	at org.eevolution.form.WBrowser.executeQuery(WBrowser.java:306)

-----------> AbstractADWindowPanel.onNew: Insert Record disabled for Tab [47]
-----------> AbstractADWindowPanel.onNew: Insert Record disabled for Tab [47]
-----------> AbstractADWindowPanel.onNew: Insert Record disabled for Tab [70]
-----------> AbstractADWindowPanel.onNew: Insert Record disabled for Tab [70]
-----------> Msg.getMsg: NOT found: Please save changes before closing [70]
-----------> AbstractADWindowPanel.onNew: Insert Record disabled for Tab [47]
-----------> MIssue.set_Value: SourceClassName - Value too long - truncated to length=60 [70]
===========> DB.executeUpdate: INSERT INTO AD_Tree_Favorite (AD_Client_ID,AD_Org_ID,AD_Role_ID,AD_Tree_Favorite_ID,Created,CreatedBy,IsActive,Updated,UpdatedBy) VALUES (0,0,0,1000039,TO_DATE('2017-11-21 13:01:14','YYYY-MM-DD HH24:MI:SS'),0,'Y',TO_DATE('2017-11-21 13:01:14','YYYY-MM-DD HH24:MI:SS'),0) [POSave_59f4f001-add8-4977-9153-0d9d5c02df29] [70]
java.sql.SQLIntegrityConstraintViolationException: ORA-01400: cannot insert NULL into ("CARSDEV"."AD_TREE_FAVORITE"."AD_USER_ID")
; State=23000; ErrorCode=1400
	at oracle.jdbc.driver.T4CTTIoer.processError(T4CTTIoer.java:447)
	at oracle.jdbc.driver.T4CTTIoer.processError(T4CTTIoer.java:396)
	at oracle.jdbc.driver.T4C8Oall.processError(T4C8Oall.java:951)
	at oracle.jdbc.driver.T4CTTIfun.receive(T4CTTIfun.java:513)
	at oracle.jdbc.driver.T4CTTIfun.doRPC(T4CTTIfun.java:227)
	at oracle.jdbc.driver.T4C8Oall.doOALL(T4C8Oall.java:531)
	at oracle.jdbc.driver.T4CPreparedStatement.doOall8(T4CPreparedStatement.java:208)
	at oracle.jdbc.driver.T4CPreparedStatement.executeForRows(T4CPreparedStatement.java:1046)
	at oracle.jdbc.driver.OracleStatement.doExecuteWithTimeout(OracleStatement.java:1336)
	at oracle.jdbc.driver.OracleStatement.doScrollExecuteCommon(OracleStatement.java:4709)
	at oracle.jdbc.driver.OraclePreparedStatement.doScrollPstmtExecuteUpdate(OraclePreparedStatement.java:10613)
	at oracle.jdbc.driver.OraclePreparedStatement.executeInternal(OraclePreparedStatement.java:3611)
	at oracle.jdbc.driver.OraclePreparedStatement.executeUpdate(OraclePreparedStatement.java:3694)
	at oracle.jdbc.driver.OraclePreparedStatementWrapper.executeUpdate(OraclePreparedStatementWrapper.java:1354)
	at com.mchange.v2.c3p0.impl.NewProxyPreparedStatement.executeUpdate(NewProxyPreparedStatement.java:105)
	at sun.reflect.GeneratedMethodAccessor33.invoke(Unknown Source)
	at sun.reflect.DelegatingMethodAccessorImpl.invoke(Unknown Source)
	at java.lang.reflect.Method.invoke(Unknown Source)
	at org.compiere.db.StatementProxy.invoke(StatementProxy.java:100)
	at com.sun.proxy.$Proxy3.executeUpdate(Unknown Source)
	at org.compiere.util.DB.executeUpdate(DB.java:1046)
	at org.compiere.util.DB.executeUpdate(DB.java:908)
	at org.compiere.util.DB.executeUpdate(DB.java:895)
	at org.compiere.model.PO.saveNew(PO.java:2865)
	at org.compiere.model.PO.save(PO.java:2195)

===========> DB.saveError: DBExecuteError - ORA-01400: cannot insert NULL into ("CARSDEV"."AD_TREE_FAVORITE"."AD_USER_ID")
 [70]
-----------> MTreeFavorite.saveNew: [POSave_59f4f001-add8-4977-9153-0d9d5c02df29]Not inserted - AD_Tree_Favorite [70]
-----------> DefaultDesktop.createHomeTab: Failed to create components. zul=/zul/userfavorites.zul [70]
org.adempiere.exceptions.AdempiereException: Could not create Tree.
	at org.adempiere.webui.dashboard.DPUserFavorites.createFavouritesPanel(DPUserFavorites.java:119)
	at org.adempiere.webui.dashboard.DPUserFavorites.<init>(DPUserFavorites.java:63)
	at sun.reflect.NativeConstructorAccessorImpl.newInstance0(Native Method)
	at sun.reflect.NativeConstructorAccessorImpl.newInstance(Unknown Source)
	at sun.reflect.DelegatingConstructorAccessorImpl.newInstance(Unknown Source)
	at java.lang.reflect.Constructor.newInstance(Unknown Source)
	at java.lang.Class.newInstance(Unknown Source)
	at org.zkoss.zk.ui.metainfo.impl.ComponentDefinitionImpl.newInstance(ComponentDefinitionImpl.java:308)
	at org.zkoss.zk.ui.metainfo.impl.ComponentDefinitionImpl.newInstance(ComponentDefinitionImpl.java:296)
	at org.zkoss.zk.ui.metainfo.ComponentInfo.newInstance(ComponentInfo.java:664)
	at org.zkoss.zk.ui.impl.AbstractUiFactory.newComponent(AbstractUiFactory.java:90)
	at org.zkoss.zk.ui.impl.UiEngineImpl.execCreateChild0(UiEngineImpl.java:616)
	at org.zkoss.zk.ui.impl.UiEngineImpl.execCreateChild(UiEngineImpl.java:587)
	at org.zkoss.zk.ui.impl.UiEngineImpl.execCreate0(UiEngineImpl.java:531)
	at org.zkoss.zk.ui.impl.UiEngineImpl.execCreate(UiEngineImpl.java:498)
	at org.zkoss.zk.ui.impl.UiEngineImpl.createComponents(UiEngineImpl.java:819)
	at org.zkoss.zk.ui.impl.AbstractExecution.createComponents(AbstractExecution.java:189)
	at org.zkoss.zk.ui.Executions.createComponents(Executions.java:177)
	at org.adempiere.webui.desktop.DefaultDesktop.createHomeTab(DefaultDesktop.java:380)
	at org.adempiere.webui.desktop.DefaultDesktop.doCreatePart(DefaultDesktop.java:162)
	at org.adempiere.webui.part.AbstractUIPart.createPart(AbstractUIPart.java:41)

-----------> MRecentItem.addMenuOption: AD_User_ID is mandatory. [70]
-----------> MRecentItem.addWindowChange: AD_User_ID is mandatory. [70]
-----------> MRecentItem.addWindowChange: AD_User_ID is mandatory. [70]
===========> DB.getSQLValueBD: SELECT COALESCE(SUM(currencyBase(invoiceOpen(C_Invoice_ID, C_InvoicePaySchedule_ID),C_Currency_ID, DateAcct, AD_Client_ID, AD_Org_ID)),0)
FROM C_Invoice_v C_Invoice WHERE IsSOTrx='Y' AND Processed='Y' AND C_Invoice.AD_Client_ID IN(0,11) AND C_Invoice.AD_Org_ID IN(0,11,12,50000,50002,50001,50004,50006,50005,50007) [70]
java.sql.SQLException: ORA-04063: view "CARSDEV.C_INVOICE_V" has errors
; State=72000; ErrorCode=4063
	at oracle.jdbc.driver.T4CTTIoer.processError(T4CTTIoer.java:447)
	at oracle.jdbc.driver.T4CTTIoer.processError(T4CTTIoer.java:396)
	at oracle.jdbc.driver.T4C8Oall.processError(T4C8Oall.java:951)
	at oracle.jdbc.driver.T4CTTIfun.receive(T4CTTIfun.java:513)
	at oracle.jdbc.driver.T4CTTIfun.doRPC(T4CTTIfun.java:227)
	at oracle.jdbc.driver.T4C8Oall.doOALL(T4C8Oall.java:531)
	at oracle.jdbc.driver.T4CPreparedStatement.doOall8(T4CPreparedStatement.java:208)
	at oracle.jdbc.driver.T4CPreparedStatement.executeForDescribe(T4CPreparedStatement.java:886)
	at oracle.jdbc.driver.OracleStatement.executeMaybeDescribe(OracleStatement.java:1175)
	at oracle.jdbc.driver.OracleStatement.doExecuteWithTimeout(OracleStatement.java:1296)
	at oracle.jdbc.driver.OraclePreparedStatement.executeInternal(OraclePreparedStatement.java:3613)
	at oracle.jdbc.driver.OraclePreparedStatement.executeQuery(OraclePreparedStatement.java:3657)
	at oracle.jdbc.driver.OraclePreparedStatementWrapper.executeQuery(OraclePreparedStatementWrapper.java:1495)
	at com.mchange.v2.c3p0.impl.NewProxyPreparedStatement.executeQuery(NewProxyPreparedStatement.java:76)
	at sun.reflect.GeneratedMethodAccessor21.invoke(Unknown Source)
	at sun.reflect.DelegatingMethodAccessorImpl.invoke(Unknown Source)
	at java.lang.reflect.Method.invoke(Unknown Source)
	at org.compiere.db.StatementProxy.invoke(StatementProxy.java:100)
	at com.sun.proxy.$Proxy3.executeQuery(Unknown Source)
	at org.compiere.util.DB.getSQLValueBDEx(DB.java:1457)
	at org.compiere.util.DB.getSQLValueBD(DB.java:1501)
	at org.compiere.model.MMeasure.updateCalculatedGoals(MMeasure.java:473)
	at org.compiere.model.MMeasure.updateGoals(MMeasure.java:360)
	at org.compiere.model.MGoal.updateGoal(MGoal.java:379)
	at org.compiere.model.MGoal.getUserGoals(MGoal.java:84)

-----------> AbstractADWindowPanel.onNew: Insert Record disabled for Tab [70]
-----------> MIssue.set_Value: SourceClassName - Value too long - truncated to length=60 [47]
===========> DB.executeUpdate: INSERT INTO AD_Tree_Favorite (AD_Client_ID,AD_Org_ID,AD_Role_ID,AD_Tree_Favorite_ID,Created,CreatedBy,IsActive,Updated,UpdatedBy) VALUES (0,0,0,1000040,TO_DATE('2017-11-21 13:04:54','YYYY-MM-DD HH24:MI:SS'),0,'Y',TO_DATE('2017-11-21 13:04:54','YYYY-MM-DD HH24:MI:SS'),0) [POSave_e355f01e-f998-429c-a7fd-13f48c34d949] [47]
java.sql.SQLIntegrityConstraintViolationException: ORA-01400: cannot insert NULL into ("CARSDEV"."AD_TREE_FAVORITE"."AD_USER_ID")
; State=23000; ErrorCode=1400
	at oracle.jdbc.driver.T4CTTIoer.processError(T4CTTIoer.java:447)
	at oracle.jdbc.driver.T4CTTIoer.processError(T4CTTIoer.java:396)
	at oracle.jdbc.driver.T4C8Oall.processError(T4C8Oall.java:951)
	at oracle.jdbc.driver.T4CTTIfun.receive(T4CTTIfun.java:513)
	at oracle.jdbc.driver.T4CTTIfun.doRPC(T4CTTIfun.java:227)
	at oracle.jdbc.driver.T4C8Oall.doOALL(T4C8Oall.java:531)
	at oracle.jdbc.driver.T4CPreparedStatement.doOall8(T4CPreparedStatement.java:208)
	at oracle.jdbc.driver.T4CPreparedStatement.executeForRows(T4CPreparedStatement.java:1046)
	at oracle.jdbc.driver.OracleStatement.doExecuteWithTimeout(OracleStatement.java:1336)
	at oracle.jdbc.driver.OracleStatement.doScrollExecuteCommon(OracleStatement.java:4709)
	at oracle.jdbc.driver.OraclePreparedStatement.doScrollPstmtExecuteUpdate(OraclePreparedStatement.java:10613)
	at oracle.jdbc.driver.OraclePreparedStatement.executeInternal(OraclePreparedStatement.java:3611)
	at oracle.jdbc.driver.OraclePreparedStatement.executeUpdate(OraclePreparedStatement.java:3694)
	at oracle.jdbc.driver.OraclePreparedStatementWrapper.executeUpdate(OraclePreparedStatementWrapper.java:1354)
	at com.mchange.v2.c3p0.impl.NewProxyPreparedStatement.executeUpdate(NewProxyPreparedStatement.java:105)
	at sun.reflect.GeneratedMethodAccessor33.invoke(Unknown Source)
	at sun.reflect.DelegatingMethodAccessorImpl.invoke(Unknown Source)
	at java.lang.reflect.Method.invoke(Unknown Source)
	at org.compiere.db.StatementProxy.invoke(StatementProxy.java:100)
	at com.sun.proxy.$Proxy3.executeUpdate(Unknown Source)
	at org.compiere.util.DB.executeUpdate(DB.java:1046)
	at org.compiere.util.DB.executeUpdate(DB.java:908)
	at org.compiere.util.DB.executeUpdate(DB.java:895)
	at org.compiere.model.PO.saveNew(PO.java:2865)
	at org.compiere.model.PO.save(PO.java:2195)

===========> DB.saveError: DBExecuteError - ORA-01400: cannot insert NULL into ("CARSDEV"."AD_TREE_FAVORITE"."AD_USER_ID")
 [47]
-----------> MTreeFavorite.saveNew: [POSave_e355f01e-f998-429c-a7fd-13f48c34d949]Not inserted - AD_Tree_Favorite [47]
-----------> DefaultDesktop.createHomeTab: Failed to create components. zul=/zul/userfavorites.zul [47]
org.adempiere.exceptions.AdempiereException: Could not create Tree.
	at org.adempiere.webui.dashboard.DPUserFavorites.createFavouritesPanel(DPUserFavorites.java:119)
	at org.adempiere.webui.dashboard.DPUserFavorites.<init>(DPUserFavorites.java:63)
	at sun.reflect.NativeConstructorAccessorImpl.newInstance0(Native Method)
	at sun.reflect.NativeConstructorAccessorImpl.newInstance(Unknown Source)
	at sun.reflect.DelegatingConstructorAccessorImpl.newInstance(Unknown Source)
	at java.lang.reflect.Constructor.newInstance(Unknown Source)
	at java.lang.Class.newInstance(Unknown Source)
	at org.zkoss.zk.ui.metainfo.impl.ComponentDefinitionImpl.newInstance(ComponentDefinitionImpl.java:308)
	at org.zkoss.zk.ui.metainfo.impl.ComponentDefinitionImpl.newInstance(ComponentDefinitionImpl.java:296)
	at org.zkoss.zk.ui.metainfo.ComponentInfo.newInstance(ComponentInfo.java:664)
	at org.zkoss.zk.ui.impl.AbstractUiFactory.newComponent(AbstractUiFactory.java:90)
	at org.zkoss.zk.ui.impl.UiEngineImpl.execCreateChild0(UiEngineImpl.java:616)
	at org.zkoss.zk.ui.impl.UiEngineImpl.execCreateChild(UiEngineImpl.java:587)
	at org.zkoss.zk.ui.impl.UiEngineImpl.execCreate0(UiEngineImpl.java:531)
	at org.zkoss.zk.ui.impl.UiEngineImpl.execCreate(UiEngineImpl.java:498)
	at org.zkoss.zk.ui.impl.UiEngineImpl.createComponents(UiEngineImpl.java:819)
	at org.zkoss.zk.ui.impl.AbstractExecution.createComponents(AbstractExecution.java:189)
	at org.zkoss.zk.ui.Executions.createComponents(Executions.java:177)
	at org.adempiere.webui.desktop.DefaultDesktop.createHomeTab(DefaultDesktop.java:380)
	at org.adempiere.webui.desktop.DefaultDesktop.doCreatePart(DefaultDesktop.java:162)
	at org.adempiere.webui.part.AbstractUIPart.createPart(AbstractUIPart.java:41)

-----------> MRecentItem.addMenuOption: AD_User_ID is mandatory. [47]
-----------> MRecentItem.addWindowChange: AD_User_ID is mandatory. [47]
-----------> MRecentItem.addWindowChange: AD_User_ID is mandatory. [47]
-----------> MRecentItem.addMenuOption: AD_User_ID is mandatory. [70]
-----------> MRecentItem.addMenuOption: AD_User_ID is mandatory. [70]
