*** 2017-11-21 16:24:04.081 Adempiere Log (CLogFile) ***
16:24:04.081 Adempiere.startup: ADempiere(r) Release 3.9.0_2017-08-01 -Smart Suite ERP,CRM and SCM- (c) 1999-2017 ADempiere(r); Implementation: ADempiere - Supported by ADempiere community [13]
16:24:04.096 Ini.loadProperties: C:\Users\AYAZ\Adempiere.properties #37 [13]
===========> DB.getSQLValue: SELECT COUNT(*) FROM COL_LOANACCOUNTACTION WHERE (COL_LOANACCOUNT_ID IN (SELECT COL_LOANACCOUNT_ID FROM COL_LOANACCOUNT L WHERE L.APPLICATION_NO IN (SELECT APPLICATION_NO FROM COL_LOANACCOUNTASSIGNED A WHERE A.AD_USER_ID=101 AND A.ISACTIVE='Y' AND A.PERIOD=(SELECT MAX(PERIOD) FROM COL_LOANACCOUNTASSIGNED)UNION SELECT A.APPLICATION_NO FROM COL_LOANACCOUNTASSIGNED A WHERE A.AD_USER_ID IN (SELECT U.AD_USER_ID FROM AD_USER U START WITH U.SUPERVISOR_ID =101 CONNECT BY PRIOR AD_USER_ID = SUPERVISOR_ID) AND A.ISACTIVE='Y' AND A.PERIOD=(SELECT MAX(PERIOD) FROM COL_LOANACCOUNTASSIGNED))) AND ACTIONMODE='Contact' AND STATUS='Inprogress' AND (TO_CHAR(DUEDATE,'YYYYMMDD') || TO_CHAR(DUETIME,'HHMI'))<=TO_CHAR(SYSDATE,'YYYYMMDDHHMI')) [47]
java.sql.SQLSyntaxErrorException: ORA-00942: table or view does not exist
; State=42000; ErrorCode=942
	at oracle.jdbc.driver.T4CTTIoer.processError(T4CTTIoer.java:447)
	at oracle.jdbc.driver.T4CTTIoer.processError(T4CTTIoer.java:396)
	at oracle.jdbc.driver.T4C8Oall.processError(T4C8Oall.java:951)
	at oracle.jdbc.driver.T4CTTIfun.receive(T4CTTIfun.java:513)
	at oracle.jdbc.driver.T4CTTIfun.doRPC(T4CTTIfun.java:227)
	at oracle.jdbc.driver.T4C8Oall.doOALL(T4C8Oall.java:531)
	at oracle.jdbc.driver.T4CPreparedStatement.doOall8(T4CPreparedStatement.java:208)
	at oracle.jdbc.driver.T4CPreparedStatement.executeForDescribe(T4CPreparedStatement.java:886)
	at oracle.jdbc.driver.OracleStatement.executeMaybeDescribe(OracleStatement.java:1175)
	at oracle.jdbc.driver.OracleStatement.doExecuteWithTimeout(OracleStatement.java:1296)
	at oracle.jdbc.driver.OraclePreparedStatement.executeInternal(OraclePreparedStatement.java:3613)
	at oracle.jdbc.driver.OraclePreparedStatement.executeQuery(OraclePreparedStatement.java:3657)
	at oracle.jdbc.driver.OraclePreparedStatementWrapper.executeQuery(OraclePreparedStatementWrapper.java:1495)
	at com.mchange.v2.c3p0.impl.NewProxyPreparedStatement.executeQuery(NewProxyPreparedStatement.java:76)
	at sun.reflect.GeneratedMethodAccessor21.invoke(Unknown Source)
	at sun.reflect.DelegatingMethodAccessorImpl.invoke(Unknown Source)
	at java.lang.reflect.Method.invoke(Unknown Source)
	at org.compiere.db.StatementProxy.invoke(StatementProxy.java:100)
	at com.sun.proxy.$Proxy3.executeQuery(Unknown Source)
	at org.compiere.util.DB.getSQLValueEx(DB.java:1295)
	at org.compiere.util.DB.getSQLValue(DB.java:1338)
	at org.compiere.util.DB.getSQLValue(DB.java:2179)

-----------> AccessSqlParser.getTableInfo: More than one FROM clause - SELECT APPLICATION_NO FROM COL_LOANACCOUNTASSIGNED A WHERE A.AD_USER_ID=101 AND A.ISACTIVE='Y' AND A.PERIOD=(##)UNION SELECT A.APPLICATION_NO FROM COL_LOANACCOUNTASSIGNED A WHERE A.AD_USER_ID IN (##) AND A.ISACTIVE='Y' AND A.PERIOD=(##) [47]
-----------> AccessSqlParser.getTableInfo: More than one FROM clause - SELECT APPLICATION_NO FROM COL_LOANACCOUNTASSIGNED A WHERE A.AD_USER_ID=101 AND A.ISACTIVE='Y' AND A.PERIOD=(##)UNION SELECT A.APPLICATION_NO FROM COL_LOANACCOUNTASSIGNED A WHERE A.AD_USER_ID IN (##) AND A.ISACTIVE='Y' AND A.PERIOD=(##) [47]
===========> GridTable.open: Count SQL=SELECT COUNT(*) FROM COL_LOANACCOUNTACTION WHERE (COL_LOANACCOUNT_ID IN (SELECT COL_LOANACCOUNT_ID FROM COL_LOANACCOUNT L WHERE L.APPLICATION_NO IN (SELECT APPLICATION_NO FROM COL_LOANACCOUNTASSIGNED A WHERE A.AD_USER_ID=101 AND A.ISACTIVE='Y' AND A.PERIOD=(SELECT MAX(PERIOD) FROM COL_LOANACCOUNTASSIGNED)UNION SELECT A.APPLICATION_NO FROM COL_LOANACCOUNTASSIGNED A WHERE A.AD_USER_ID IN (SELECT U.AD_USER_ID FROM AD_USER U START WITH U.SUPERVISOR_ID =101 CONNECT BY PRIOR AD_USER_ID = SUPERVISOR_ID) AND A.ISACTIVE='Y' AND A.PERIOD=(SELECT MAX(PERIOD) FROM COL_LOANACCOUNTASSIGNED))) AND ACTIONMODE='Contact' AND STATUS='Inprogress' AND (TO_CHAR(DUEDATE,'YYYYMMDD') || TO_CHAR(DUETIME,'HHMI'))<=TO_CHAR(SYSDATE,'YYYYMMDDHHMI')) AND COL_LOANACCOUNTACTION.AD_Client_ID IN(0,11) AND COL_LOANACCOUNTACTION.AD_Org_ID IN(0,11,12,50000,50002,50001,50004,50006,50005,50007) AND (COL_LOANACCOUNTACTION.COL_LOANACCOUNTACTION_ID IS NULL OR COL_LOANACCOUNTACTION.COL_LOANACCOUNTACTION_ID NOT IN ( SELECT Record_ID FROM AD_Private_Access WHERE AD_Table_ID = 1000045 AND AD_User_ID <> 101 AND IsActive = 'Y' )) [47]
java.sql.SQLSyntaxErrorException: ORA-00942: table or view does not exist
; State=42000; ErrorCode=942
	at oracle.jdbc.driver.T4CTTIoer.processError(T4CTTIoer.java:447)
	at oracle.jdbc.driver.T4CTTIoer.processError(T4CTTIoer.java:396)
	at oracle.jdbc.driver.T4C8Oall.processError(T4C8Oall.java:951)
	at oracle.jdbc.driver.T4CTTIfun.receive(T4CTTIfun.java:513)
	at oracle.jdbc.driver.T4CTTIfun.doRPC(T4CTTIfun.java:227)
	at oracle.jdbc.driver.T4C8Oall.doOALL(T4C8Oall.java:531)
	at oracle.jdbc.driver.T4CPreparedStatement.doOall8(T4CPreparedStatement.java:208)
	at oracle.jdbc.driver.T4CPreparedStatement.executeForDescribe(T4CPreparedStatement.java:886)
	at oracle.jdbc.driver.OracleStatement.executeMaybeDescribe(OracleStatement.java:1175)
	at oracle.jdbc.driver.OracleStatement.doExecuteWithTimeout(OracleStatement.java:1296)
	at oracle.jdbc.driver.OraclePreparedStatement.executeInternal(OraclePreparedStatement.java:3613)
	at oracle.jdbc.driver.OraclePreparedStatement.executeQuery(OraclePreparedStatement.java:3657)
	at oracle.jdbc.driver.OraclePreparedStatementWrapper.executeQuery(OraclePreparedStatementWrapper.java:1495)
	at com.mchange.v2.c3p0.impl.NewProxyPreparedStatement.executeQuery(NewProxyPreparedStatement.java:76)
	at sun.reflect.GeneratedMethodAccessor21.invoke(Unknown Source)
	at sun.reflect.DelegatingMethodAccessorImpl.invoke(Unknown Source)
	at java.lang.reflect.Method.invoke(Unknown Source)
	at org.compiere.db.StatementProxy.invoke(StatementProxy.java:100)
	at com.sun.proxy.$Proxy3.executeQuery(Unknown Source)
	at org.compiere.model.GridTable$Loader.open(GridTable.java:3333)
	at org.compiere.model.GridTable.open(GridTable.java:605)
	at org.compiere.model.GridTab.query(GridTab.java:734)

-----------> AbstractADWindowPanel.onNew: Insert Record disabled for Tab [47]
-----------> Msg.getMsg: NOT found: Please save changes before closing [47]
