*** 2017-11-21 13:19:33.66 Adempiere Log (CLogFile) ***
13:19:33.660 Adempiere.startup: ADempiere(r) Release 3.9.0_2017-08-01 -Smart Suite ERP,CRM and SCM- (c) 1999-2017 ADempiere(r); Implementation: ADempiere - Supported by ADempiere community [13]
13:19:33.660 Ini.loadProperties: C:\Users\AYAZ\Adempiere.properties #37 [13]
===========> ADForm.openForm: Class=org.adempiere.webui.apps.form.WSampleWebUIWindow, AD_Form_ID=1000001 [47]
org.zkoss.zk.ui.UiException: <Tab zk_comp_2691> doesn't allow any child, <Panel null>
	at org.zkoss.zk.ui.AbstractComponent.checkParentChild(AbstractComponent.java:940)
	at org.zkoss.zk.ui.AbstractComponent.insertBefore(AbstractComponent.java:959)
	at org.zkoss.zk.ui.AbstractComponent.appendChild(AbstractComponent.java:1043)
	at org.adempiere.webui.apps.form.WSampleWebUIWindow.zkInit(WSampleWebUIWindow.java:132)
	at org.adempiere.webui.apps.form.WSampleWebUIWindow.initForm(WSampleWebUIWindow.java:62)
	at org.adempiere.webui.panel.ADForm.init(ADForm.java:115)
	at org.adempiere.webui.panel.ADForm.openForm(ADForm.java:343)
	at org.adempiere.webui.desktop.TabbedDesktop.openForm(TabbedDesktop.java:84)
	at org.adempiere.webui.desktop.AbstractDesktop.onMenuSelected(AbstractDesktop.java:75)
	at org.adempiere.webui.panel.MenuPanel.fireMenuSelectedEvent(MenuPanel.java:231)
	at org.adempiere.webui.panel.MenuPanel.onEvent(MenuPanel.java:203)
	at org.zkoss.zk.ui.impl.EventProcessor.process0(EventProcessor.java:197)
	at org.zkoss.zk.ui.impl.EventProcessor.process(EventProcessor.java:141)
	at org.zkoss.zk.ui.impl.EventProcessingThreadImpl.process0(EventProcessingThreadImpl.java:519)
	at org.zkoss.zk.ui.impl.EventProcessingThreadImpl.run(EventProcessingThreadImpl.java:446)

===========> zkoss.handleError:1130: >>org.adempiere.webui.exception.ApplicationException: The web user interface custom form 'org.adempiere.webui.apps.form.WSampleWebUIWindow' failed to initialise:org.zkoss.zk.ui.UiException: <Tab zk_comp_2691> doesn't allow any child, <Panel null>
>>org.adempiere.webui.exception.ApplicationException: The web user interface custom form 'org.adempiere.webui.apps.form.WSampleWebUIWindow' failed to initialise:org.zkoss.zk.ui.UiException: <Tab zk_comp_2691> doesn't allow any child, <Panel null>
>>	at org.adempiere.webui.panel.ADForm.openForm(ADForm.java:372)
>>	at org.adempiere.webui.desktop.TabbedDesktop.openForm(TabbedDesktop.java:84)
>>	at org.adempiere.webui.desktop.AbstractDesktop.onMenuSelected(AbstractDesktop.java:75)
>>	at org.adempiere.webui.panel.MenuPanel.fireMenuSelectedEvent(MenuPanel.java:231)
>>	at org.adempiere.webui.panel.MenuPanel.onEvent(MenuPanel.java:203)
>>... [23]
