*** 2017-09-25 14:11:55.123 Adempiere Log (CLogFile) ***
14:11:55.123 Adempiere.startup: ADempiere(r) Release 3.9.0_2017-08-01 -Smart Suite ERP,CRM and SCM- (c) 1999-2017 ADempiere(r); Implementation: ADempiere - Supported by ADempiere community [13]
14:11:55.123 Ini.loadProperties: C:\Users\AYAZ\Adempiere.properties #37 [13]
===========> zkoss.handleError:1130: >>java.lang.LinkageError: loader constraint violation: when resolving method "org.compiere.util.Env.verifyLanguage(Ljava/util/Properties;Lorg/compiere/util/Language;)V" the class loader (instance of org/apache/catalina/loader/WebappClassLoader) of the current class, org/adempiere/webui/AdempiereWebUI, and the class loader (instance of sun/misc/Launcher$AppClassLoader) for the method's defining class, org/compiere/util/Env, have different Class objects for the type org/compiere/util/Language used in the signature
>>	at org.adempiere.webui.AdempiereWebUI.loginCompleted(AdempiereWebUI.java:209)
>>	at org.adempiere.webui.window.LoginWindow.loginCompleted(LoginWindow.java:91)
>>	at org.adempiere.webui.panel.RolePanel.validateRoles(RolePanel.java:460)
>>	at org.adempiere.webui.window.LoginWindow.onEvent(LoginWindow.java:115)
>>	at org.zkoss.zk.ui.impl.EventProcessor.process0(EventProcessor.java:197)
>>	at org.zkoss.zk.ui.impl.EventProcessor.process(EventProcessor.java:141)
>>... [20]
-----------> MIssue.set_Value: LoggerName - Value too long - truncated to length=60 [21]
===========> [zkLoader].invoke: Servlet.service() for servlet [zkLoader] in context with path [/webui] threw exception [Servlet execution threw an exception] with root cause [21]
java.lang.LinkageError: loader constraint violation: when resolving method "org.compiere.util.Env.verifyLanguage(Ljava/util/Properties;Lorg/compiere/util/Language;)V" the class loader (instance of org/apache/catalina/loader/WebappClassLoader) of the current class, org/adempiere/webui/AdempiereWebUI, and the class loader (instance of sun/misc/Launcher$AppClassLoader) for the method's defining class, org/compiere/util/Env, have different Class objects for the type org/compiere/util/Language used in the signature
	at org.adempiere.webui.AdempiereWebUI.loginCompleted(AdempiereWebUI.java:209)
	at org.adempiere.webui.AdempiereWebUI.onCreate(AdempiereWebUI.java:150)
	at sun.reflect.NativeMethodAccessorImpl.invoke0(Native Method)
	at sun.reflect.NativeMethodAccessorImpl.invoke(Unknown Source)
	at sun.reflect.DelegatingMethodAccessorImpl.invoke(Unknown Source)
	at java.lang.reflect.Method.invoke(Unknown Source)
	at org.zkoss.zk.ui.impl.EventProcessor.process0(EventProcessor.java:209)
	at org.zkoss.zk.ui.impl.EventProcessor.process(EventProcessor.java:141)
	at org.zkoss.zk.ui.impl.EventProcessingThreadImpl.process0(EventProcessingThreadImpl.java:519)
	at org.zkoss.zk.ui.impl.EventProcessingThreadImpl.run(EventProcessingThreadImpl.java:446)

