*** 2017-11-21 14:29:47.485 Adempiere Log (CLogFile) ***
14:29:47.485 Adempiere.startup: ADempiere(r) Release 3.9.0_2017-08-01 -Smart Suite ERP,CRM and SCM- (c) 1999-2017 ADempiere(r); Implementation: ADempiere - Supported by ADempiere community [13]
14:29:47.485 Ini.loadProperties: C:\Users\AYAZ\Adempiere.properties #37 [13]
-----------> AccessSqlParser.getTableInfo: More than one FROM clause - SELECT LA.APPLICATION_NO FROM COL_LOANACCOUNTASSIGNED LA WHERE LA.AD_USER_ID=101 AND LA.ISACTIVE='Y' AND LA.PERIOD=(##) UNION SELECT LA.APPLICATION_NO FROM COL_LOANACCOUNTASSIGNED LA WHERE LA.AD_USER_ID IN (##) AND LA.ISACTIVE='Y' AND LA.PERIOD=(##) [47]
===========> FindWindow.getNoOfRecords: SELECT COUNT(*) FROM COL_LOANACCOUNT WHERE (APPLICATION_NO IN (SELECT LA.APPLICATION_NO FROM COL_LOANACCOUNTASSIGNED LA WHERE LA.AD_USER_ID=101 AND LA.ISACTIVE='Y' AND LA.PERIOD=(SELECT MAX(PERIOD) FROM COL_LOANACCOUNTASSIGNED) UNION SELECT LA.APPLICATION_NO FROM COL_LOANACCOUNTASSIGNED LA WHERE LA.AD_USER_ID IN (SELECT U.AD_USER_ID FROM AD_USER U START WITH U.SUPERVISOR_ID = 101 CONNECT BY PRIOR AD_USER_ID = SUPERVISOR_ID) AND LA.ISACTIVE='Y' AND LA.PERIOD=(SELECT MAX(PERIOD) FROM COL_LOANACCOUNTASSIGNED))) AND AD_Client_ID IN(0,11) AND AD_Org_ID IN(0,11,12,50000,50002,50001,50004,50006,50005,50007) AND (COL_LOANACCOUNT_ID IS NULL OR COL_LOANACCOUNT_ID NOT IN ( SELECT Record_ID FROM AD_Private_Access WHERE AD_Table_ID = 1000034 AND AD_User_ID <> 101 AND IsActive = 'Y' )) [47]
java.sql.SQLSyntaxErrorException: ORA-00942: table or view does not exist
; State=42000; ErrorCode=942
	at oracle.jdbc.driver.T4CTTIoer.processError(T4CTTIoer.java:447)
	at oracle.jdbc.driver.T4CTTIoer.processError(T4CTTIoer.java:396)
	at oracle.jdbc.driver.T4C8Oall.processError(T4C8Oall.java:951)
	at oracle.jdbc.driver.T4CTTIfun.receive(T4CTTIfun.java:513)
	at oracle.jdbc.driver.T4CTTIfun.doRPC(T4CTTIfun.java:227)
	at oracle.jdbc.driver.T4C8Oall.doOALL(T4C8Oall.java:531)
	at oracle.jdbc.driver.T4CStatement.doOall8(T4CStatement.java:195)
	at oracle.jdbc.driver.T4CStatement.executeForDescribe(T4CStatement.java:876)
	at oracle.jdbc.driver.OracleStatement.executeMaybeDescribe(OracleStatement.java:1175)
	at oracle.jdbc.driver.OracleStatement.doExecuteWithTimeout(OracleStatement.java:1296)
	at oracle.jdbc.driver.OracleStatement.executeQuery(OracleStatement.java:1498)
	at oracle.jdbc.driver.OracleStatementWrapper.executeQuery(OracleStatementWrapper.java:406)
	at com.mchange.v2.c3p0.impl.NewProxyStatement.executeQuery(NewProxyStatement.java:35)
	at sun.reflect.NativeMethodAccessorImpl.invoke0(Native Method)
	at sun.reflect.NativeMethodAccessorImpl.invoke(Unknown Source)
	at sun.reflect.DelegatingMethodAccessorImpl.invoke(Unknown Source)
	at java.lang.reflect.Method.invoke(Unknown Source)
	at org.compiere.db.StatementProxy.invoke(StatementProxy.java:100)
	at com.sun.proxy.$Proxy4.executeQuery(Unknown Source)
	at org.adempiere.webui.window.FindWindow.getNoOfRecords(FindWindow.java:1949)
	at org.adempiere.webui.window.FindWindow.initFind(FindWindow.java:665)

===========> ADForm.openForm: Class=org.adempiere.webui.apps.form.WSampleWebUIWindow, AD_Form_ID=1000001 [59]
org.zkoss.zk.ui.UiException: <Tab zk_comp_2912> doesn't allow any child, <Borderlayout null>
	at org.zkoss.zk.ui.AbstractComponent.checkParentChild(AbstractComponent.java:940)
	at org.zkoss.zk.ui.AbstractComponent.insertBefore(AbstractComponent.java:959)
	at org.zkoss.zk.ui.AbstractComponent.appendChild(AbstractComponent.java:1043)
	at org.adempiere.webui.apps.form.WSampleWebUIWindow.zkInit(WSampleWebUIWindow.java:78)
	at org.adempiere.webui.apps.form.WSampleWebUIWindow.initForm(WSampleWebUIWindow.java:62)
	at org.adempiere.webui.panel.ADForm.init(ADForm.java:115)
	at org.adempiere.webui.panel.ADForm.openForm(ADForm.java:343)
	at org.adempiere.webui.desktop.TabbedDesktop.openForm(TabbedDesktop.java:84)
	at org.adempiere.webui.desktop.AbstractDesktop.onMenuSelected(AbstractDesktop.java:75)
	at org.adempiere.webui.panel.MenuPanel.fireMenuSelectedEvent(MenuPanel.java:231)
	at org.adempiere.webui.panel.MenuPanel.onEvent(MenuPanel.java:203)
	at org.zkoss.zk.ui.impl.EventProcessor.process0(EventProcessor.java:197)
	at org.zkoss.zk.ui.impl.EventProcessor.process(EventProcessor.java:141)
	at org.zkoss.zk.ui.impl.EventProcessingThreadImpl.process0(EventProcessingThreadImpl.java:519)
	at org.zkoss.zk.ui.impl.EventProcessingThreadImpl.run(EventProcessingThreadImpl.java:446)

===========> zkoss.handleError:1130: >>org.adempiere.webui.exception.ApplicationException: The web user interface custom form 'org.adempiere.webui.apps.form.WSampleWebUIWindow' failed to initialise:org.zkoss.zk.ui.UiException: <Tab zk_comp_2912> doesn't allow any child, <Borderlayout null>
>>org.adempiere.webui.exception.ApplicationException: The web user interface custom form 'org.adempiere.webui.apps.form.WSampleWebUIWindow' failed to initialise:org.zkoss.zk.ui.UiException: <Tab zk_comp_2912> doesn't allow any child, <Borderlayout null>
>>	at org.adempiere.webui.panel.ADForm.openForm(ADForm.java:372)
>>	at org.adempiere.webui.desktop.TabbedDesktop.openForm(TabbedDesktop.java:84)
>>	at org.adempiere.webui.desktop.AbstractDesktop.onMenuSelected(AbstractDesktop.java:75)
>>	at org.adempiere.webui.panel.MenuPanel.fireMenuSelectedEvent(MenuPanel.java:231)
>>	at org.adempiere.webui.panel.MenuPanel.onEvent(MenuPanel.java:203)
>>... [24]
