*** 2017-09-25 13:35:07.32 Adempiere Log (CLogFile) ***
13:35:07.320 Adempiere.startup: ADempiere(r) Release 3.9.0_2017-08-01 -Smart Suite ERP,CRM and SCM- (c) 1999-2017 ADempiere(r); Implementation: ADempiere - Supported by ADempiere community [13]
13:35:07.320 Ini.loadProperties: C:\Users\AYAZ\Adempiere.properties #37 [13]
===========> DB.getSQLValueBD: SELECT COALESCE(SUM(currencyBase(invoiceOpen(C_Invoice_ID, C_InvoicePaySchedule_ID),C_Currency_ID, DateAcct, AD_Client_ID, AD_Org_ID)),0)
FROM C_Invoice_v C_Invoice WHERE IsSOTrx='Y' AND Processed='Y' AND C_Invoice.AD_Client_ID IN(0,11) AND C_Invoice.AD_Org_ID IN(0,11,12,50000,50002,50001,50004,50006,50005,50007) [47]
java.sql.SQLException: ORA-04063: view "CARSDEV.C_INVOICE_V" has errors
; State=72000; ErrorCode=4063
	at oracle.jdbc.driver.T4CTTIoer.processError(T4CTTIoer.java:447)
	at oracle.jdbc.driver.T4CTTIoer.processError(T4CTTIoer.java:396)
	at oracle.jdbc.driver.T4C8Oall.processError(T4C8Oall.java:951)
	at oracle.jdbc.driver.T4CTTIfun.receive(T4CTTIfun.java:513)
	at oracle.jdbc.driver.T4CTTIfun.doRPC(T4CTTIfun.java:227)
	at oracle.jdbc.driver.T4C8Oall.doOALL(T4C8Oall.java:531)
	at oracle.jdbc.driver.T4CPreparedStatement.doOall8(T4CPreparedStatement.java:208)
	at oracle.jdbc.driver.T4CPreparedStatement.executeForDescribe(T4CPreparedStatement.java:886)
	at oracle.jdbc.driver.OracleStatement.executeMaybeDescribe(OracleStatement.java:1175)
	at oracle.jdbc.driver.OracleStatement.doExecuteWithTimeout(OracleStatement.java:1296)
	at oracle.jdbc.driver.OraclePreparedStatement.executeInternal(OraclePreparedStatement.java:3613)
	at oracle.jdbc.driver.OraclePreparedStatement.executeQuery(OraclePreparedStatement.java:3657)
	at oracle.jdbc.driver.OraclePreparedStatementWrapper.executeQuery(OraclePreparedStatementWrapper.java:1495)
	at com.mchange.v2.c3p0.impl.NewProxyPreparedStatement.executeQuery(NewProxyPreparedStatement.java:76)
	at sun.reflect.GeneratedMethodAccessor32.invoke(Unknown Source)
	at sun.reflect.DelegatingMethodAccessorImpl.invoke(Unknown Source)
	at java.lang.reflect.Method.invoke(Unknown Source)
	at org.compiere.db.StatementProxy.invoke(StatementProxy.java:100)
	at com.sun.proxy.$Proxy3.executeQuery(Unknown Source)
	at org.compiere.util.DB.getSQLValueBDEx(DB.java:1457)
	at org.compiere.util.DB.getSQLValueBD(DB.java:1501)
	at org.compiere.model.MMeasure.updateCalculatedGoals(MMeasure.java:473)
	at org.compiere.model.MMeasure.updateGoals(MMeasure.java:360)
	at org.compiere.model.MGoal.updateGoal(MGoal.java:379)
	at org.compiere.model.MGoal.getUserGoals(MGoal.java:84)

-----------> Msg.translate: NOT found: Assignment [47]
===========> MProductPricing.calculatePriceBasedOnPriceList: SELECT bomPriceStd(p.M_Product_ID,pv.M_PriceList_Version_ID) AS PriceStd, bomPriceList(p.M_Product_ID,pv.M_PriceList_Version_ID) AS PriceList, bomPriceLimit(p.M_Product_ID,pv.M_PriceList_Version_ID) AS PriceLimit, p.C_UOM_ID,pv.ValidFrom,pl.C_Currency_ID,p.M_Product_Category_ID,pl.EnforcePriceLimit FROM M_Product p INNER JOIN M_ProductPrice pp ON (p.M_Product_ID=pp.M_Product_ID) INNER JOIN  M_PriceList_Version pv ON (pp.M_PriceList_Version_ID=pv.M_PriceList_Version_ID) INNER JOIN M_Pricelist pl ON (pv.M_PriceList_ID=pl.M_PriceList_ID) WHERE pv.IsActive='Y' AND pp.IsActive='Y' AND p.M_Product_ID=? AND pv.M_PriceList_ID=? ORDER BY pv.ValidFrom DESC [47]
java.sql.SQLException: ORA-06575: Package or function BOMPRICELIMIT is in an invalid state
; State=65000; ErrorCode=6575
	at oracle.jdbc.driver.T4CTTIoer.processError(T4CTTIoer.java:447)
	at oracle.jdbc.driver.T4CTTIoer.processError(T4CTTIoer.java:396)
	at oracle.jdbc.driver.T4C8Oall.processError(T4C8Oall.java:951)
	at oracle.jdbc.driver.T4CTTIfun.receive(T4CTTIfun.java:513)
	at oracle.jdbc.driver.T4CTTIfun.doRPC(T4CTTIfun.java:227)
	at oracle.jdbc.driver.T4C8Oall.doOALL(T4C8Oall.java:531)
	at oracle.jdbc.driver.T4CPreparedStatement.doOall8(T4CPreparedStatement.java:208)
	at oracle.jdbc.driver.T4CPreparedStatement.executeForDescribe(T4CPreparedStatement.java:886)
	at oracle.jdbc.driver.OracleStatement.executeMaybeDescribe(OracleStatement.java:1175)
	at oracle.jdbc.driver.OracleStatement.doExecuteWithTimeout(OracleStatement.java:1296)
	at oracle.jdbc.driver.OraclePreparedStatement.executeInternal(OraclePreparedStatement.java:3613)
	at oracle.jdbc.driver.OraclePreparedStatement.executeQuery(OraclePreparedStatement.java:3657)
	at oracle.jdbc.driver.OraclePreparedStatementWrapper.executeQuery(OraclePreparedStatementWrapper.java:1495)
	at com.mchange.v2.c3p0.impl.NewProxyPreparedStatement.executeQuery(NewProxyPreparedStatement.java:76)
	at sun.reflect.GeneratedMethodAccessor32.invoke(Unknown Source)
	at sun.reflect.DelegatingMethodAccessorImpl.invoke(Unknown Source)
	at java.lang.reflect.Method.invoke(Unknown Source)
	at org.compiere.db.StatementProxy.invoke(StatementProxy.java:100)
	at com.sun.proxy.$Proxy3.executeQuery(Unknown Source)
	at org.compiere.model.MProductPricing.calculatePriceBasedOnPriceList(MProductPricing.java:264)
	at org.compiere.model.MProductPricing.calculatePrice(MProductPricing.java:140)

===========> MProductPricing.calculatePriceBasedOnBasePriceList: SELECT bomPriceStd(p.M_Product_ID,pv.M_PriceList_Version_ID) AS PriceStd, bomPriceList(p.M_Product_ID,pv.M_PriceList_Version_ID) AS PriceList, bomPriceLimit(p.M_Product_ID,pv.M_PriceList_Version_ID) AS PriceLimit, p.C_UOM_ID,pv.ValidFrom,pl.C_Currency_ID,p.M_Product_Category_ID, pl.EnforcePriceLimit, pl.IsTaxIncluded FROM M_Product p INNER JOIN M_ProductPrice pp ON (p.M_Product_ID=pp.M_Product_ID) INNER JOIN M_PriceList_Version pv ON (pp.M_PriceList_Version_ID=pv.M_PriceList_Version_ID) INNER JOIN M_PriceList pl ON (pv.M_PriceList_ID=pl.M_PriceList_ID)WHERE pv.IsActive='Y' AND pp.IsActive='Y' AND p.M_Product_ID=? AND EXISTS (SELECT 1 FROM M_PriceList_Version plv WHERE plv.IsActive='Y'  AND plv.M_PriceList_ID=? AND pp.M_PriceList_Version_ID=plv.M_PriceList_Version_Base_ID) ORDER BY pv.ValidFrom DESC [47]
java.sql.SQLException: ORA-06575: Package or function BOMPRICELIMIT is in an invalid state
; State=65000; ErrorCode=6575
	at oracle.jdbc.driver.T4CTTIoer.processError(T4CTTIoer.java:447)
	at oracle.jdbc.driver.T4CTTIoer.processError(T4CTTIoer.java:396)
	at oracle.jdbc.driver.T4C8Oall.processError(T4C8Oall.java:951)
	at oracle.jdbc.driver.T4CTTIfun.receive(T4CTTIfun.java:513)
	at oracle.jdbc.driver.T4CTTIfun.doRPC(T4CTTIfun.java:227)
	at oracle.jdbc.driver.T4C8Oall.doOALL(T4C8Oall.java:531)
	at oracle.jdbc.driver.T4CPreparedStatement.doOall8(T4CPreparedStatement.java:208)
	at oracle.jdbc.driver.T4CPreparedStatement.executeForDescribe(T4CPreparedStatement.java:886)
	at oracle.jdbc.driver.OracleStatement.executeMaybeDescribe(OracleStatement.java:1175)
	at oracle.jdbc.driver.OracleStatement.doExecuteWithTimeout(OracleStatement.java:1296)
	at oracle.jdbc.driver.OraclePreparedStatement.executeInternal(OraclePreparedStatement.java:3613)
	at oracle.jdbc.driver.OraclePreparedStatement.executeQuery(OraclePreparedStatement.java:3657)
	at oracle.jdbc.driver.OraclePreparedStatementWrapper.executeQuery(OraclePreparedStatementWrapper.java:1495)
	at com.mchange.v2.c3p0.impl.NewProxyPreparedStatement.executeQuery(NewProxyPreparedStatement.java:76)
	at sun.reflect.GeneratedMethodAccessor32.invoke(Unknown Source)
	at sun.reflect.DelegatingMethodAccessorImpl.invoke(Unknown Source)
	at java.lang.reflect.Method.invoke(Unknown Source)
	at org.compiere.db.StatementProxy.invoke(StatementProxy.java:100)
	at com.sun.proxy.$Proxy3.executeQuery(Unknown Source)
	at org.compiere.model.MProductPricing.calculatePriceBasedOnBasePriceList(MProductPricing.java:345)
	at org.compiere.model.MProductPricing.calculatePrice(MProductPricing.java:143)

===========> MProductPricing.calculatePriceBasedOnPriceList: SELECT bomPriceStd(p.M_Product_ID,pv.M_PriceList_Version_ID) AS PriceStd, bomPriceList(p.M_Product_ID,pv.M_PriceList_Version_ID) AS PriceList, bomPriceLimit(p.M_Product_ID,pv.M_PriceList_Version_ID) AS PriceLimit, p.C_UOM_ID,pv.ValidFrom,pl.C_Currency_ID,p.M_Product_Category_ID,pl.EnforcePriceLimit FROM M_Product p INNER JOIN M_ProductPrice pp ON (p.M_Product_ID=pp.M_Product_ID) INNER JOIN  M_PriceList_Version pv ON (pp.M_PriceList_Version_ID=pv.M_PriceList_Version_ID) INNER JOIN M_Pricelist pl ON (pv.M_PriceList_ID=pl.M_PriceList_ID) WHERE pv.IsActive='Y' AND pp.IsActive='Y' AND p.M_Product_ID=? AND pv.M_PriceList_ID=? ORDER BY pv.ValidFrom DESC [47]
java.sql.SQLException: ORA-06575: Package or function BOMPRICELIMIT is in an invalid state
; State=65000; ErrorCode=6575
	at oracle.jdbc.driver.T4CTTIoer.processError(T4CTTIoer.java:447)
	at oracle.jdbc.driver.T4CTTIoer.processError(T4CTTIoer.java:396)
	at oracle.jdbc.driver.T4C8Oall.processError(T4C8Oall.java:951)
	at oracle.jdbc.driver.T4CTTIfun.receive(T4CTTIfun.java:513)
	at oracle.jdbc.driver.T4CTTIfun.doRPC(T4CTTIfun.java:227)
	at oracle.jdbc.driver.T4C8Oall.doOALL(T4C8Oall.java:531)
	at oracle.jdbc.driver.T4CPreparedStatement.doOall8(T4CPreparedStatement.java:208)
	at oracle.jdbc.driver.T4CPreparedStatement.executeForDescribe(T4CPreparedStatement.java:886)
	at oracle.jdbc.driver.OracleStatement.executeMaybeDescribe(OracleStatement.java:1175)
	at oracle.jdbc.driver.OracleStatement.doExecuteWithTimeout(OracleStatement.java:1296)
	at oracle.jdbc.driver.OraclePreparedStatement.executeInternal(OraclePreparedStatement.java:3613)
	at oracle.jdbc.driver.OraclePreparedStatement.executeQuery(OraclePreparedStatement.java:3657)
	at oracle.jdbc.driver.OraclePreparedStatementWrapper.executeQuery(OraclePreparedStatementWrapper.java:1495)
	at com.mchange.v2.c3p0.impl.NewProxyPreparedStatement.executeQuery(NewProxyPreparedStatement.java:76)
	at sun.reflect.GeneratedMethodAccessor32.invoke(Unknown Source)
	at sun.reflect.DelegatingMethodAccessorImpl.invoke(Unknown Source)
	at java.lang.reflect.Method.invoke(Unknown Source)
	at org.compiere.db.StatementProxy.invoke(StatementProxy.java:100)
	at com.sun.proxy.$Proxy3.executeQuery(Unknown Source)
	at org.compiere.model.MProductPricing.calculatePriceBasedOnPriceList(MProductPricing.java:264)
	at org.compiere.model.MProductPricing.calculatePrice(MProductPricing.java:140)

===========> MProductPricing.calculatePriceBasedOnBasePriceList: SELECT bomPriceStd(p.M_Product_ID,pv.M_PriceList_Version_ID) AS PriceStd, bomPriceList(p.M_Product_ID,pv.M_PriceList_Version_ID) AS PriceList, bomPriceLimit(p.M_Product_ID,pv.M_PriceList_Version_ID) AS PriceLimit, p.C_UOM_ID,pv.ValidFrom,pl.C_Currency_ID,p.M_Product_Category_ID, pl.EnforcePriceLimit, pl.IsTaxIncluded FROM M_Product p INNER JOIN M_ProductPrice pp ON (p.M_Product_ID=pp.M_Product_ID) INNER JOIN M_PriceList_Version pv ON (pp.M_PriceList_Version_ID=pv.M_PriceList_Version_ID) INNER JOIN M_PriceList pl ON (pv.M_PriceList_ID=pl.M_PriceList_ID)WHERE pv.IsActive='Y' AND pp.IsActive='Y' AND p.M_Product_ID=? AND EXISTS (SELECT 1 FROM M_PriceList_Version plv WHERE plv.IsActive='Y'  AND plv.M_PriceList_ID=? AND pp.M_PriceList_Version_ID=plv.M_PriceList_Version_Base_ID) ORDER BY pv.ValidFrom DESC [47]
java.sql.SQLException: ORA-06575: Package or function BOMPRICELIMIT is in an invalid state
; State=65000; ErrorCode=6575
	at oracle.jdbc.driver.T4CTTIoer.processError(T4CTTIoer.java:447)
	at oracle.jdbc.driver.T4CTTIoer.processError(T4CTTIoer.java:396)
	at oracle.jdbc.driver.T4C8Oall.processError(T4C8Oall.java:951)
	at oracle.jdbc.driver.T4CTTIfun.receive(T4CTTIfun.java:513)
	at oracle.jdbc.driver.T4CTTIfun.doRPC(T4CTTIfun.java:227)
	at oracle.jdbc.driver.T4C8Oall.doOALL(T4C8Oall.java:531)
	at oracle.jdbc.driver.T4CPreparedStatement.doOall8(T4CPreparedStatement.java:208)
	at oracle.jdbc.driver.T4CPreparedStatement.executeForDescribe(T4CPreparedStatement.java:886)
	at oracle.jdbc.driver.OracleStatement.executeMaybeDescribe(OracleStatement.java:1175)
	at oracle.jdbc.driver.OracleStatement.doExecuteWithTimeout(OracleStatement.java:1296)
	at oracle.jdbc.driver.OraclePreparedStatement.executeInternal(OraclePreparedStatement.java:3613)
	at oracle.jdbc.driver.OraclePreparedStatement.executeQuery(OraclePreparedStatement.java:3657)
	at oracle.jdbc.driver.OraclePreparedStatementWrapper.executeQuery(OraclePreparedStatementWrapper.java:1495)
	at com.mchange.v2.c3p0.impl.NewProxyPreparedStatement.executeQuery(NewProxyPreparedStatement.java:76)
	at sun.reflect.GeneratedMethodAccessor32.invoke(Unknown Source)
	at sun.reflect.DelegatingMethodAccessorImpl.invoke(Unknown Source)
	at java.lang.reflect.Method.invoke(Unknown Source)
	at org.compiere.db.StatementProxy.invoke(StatementProxy.java:100)
	at com.sun.proxy.$Proxy3.executeQuery(Unknown Source)
	at org.compiere.model.MProductPricing.calculatePriceBasedOnBasePriceList(MProductPricing.java:345)
	at org.compiere.model.MProductPricing.calculatePrice(MProductPricing.java:143)

-----------> GridField.getDefault: (C_BPartner_ID) - Default SQL variable parse failed: @SQL=SELECT C_BPartner_ID AS DefaultValue FROM C_Order WHERE C_Order_ID=@C_Order_ID@ [47]
-----------> GridField.getDefault: (Line) - Default SQL variable parse failed: @SQL=SELECT COALESCE(MAX(Line),0)+10 AS DefaultValue FROM C_OrderLine WHERE C_Order_ID=@C_Order_ID@ [47]
===========> MProductPricing.calculatePriceBasedOnPriceList: SELECT bomPriceStd(p.M_Product_ID,pv.M_PriceList_Version_ID) AS PriceStd, bomPriceList(p.M_Product_ID,pv.M_PriceList_Version_ID) AS PriceList, bomPriceLimit(p.M_Product_ID,pv.M_PriceList_Version_ID) AS PriceLimit, p.C_UOM_ID,pv.ValidFrom,pl.C_Currency_ID,p.M_Product_Category_ID,pl.EnforcePriceLimit FROM M_Product p INNER JOIN M_ProductPrice pp ON (p.M_Product_ID=pp.M_Product_ID) INNER JOIN  M_PriceList_Version pv ON (pp.M_PriceList_Version_ID=pv.M_PriceList_Version_ID) INNER JOIN M_Pricelist pl ON (pv.M_PriceList_ID=pl.M_PriceList_ID) WHERE pv.IsActive='Y' AND pp.IsActive='Y' AND p.M_Product_ID=? AND pv.M_PriceList_ID=? ORDER BY pv.ValidFrom DESC [47]
java.sql.SQLException: ORA-06575: Package or function BOMPRICELIMIT is in an invalid state
; State=65000; ErrorCode=6575
	at oracle.jdbc.driver.T4CTTIoer.processError(T4CTTIoer.java:447)
	at oracle.jdbc.driver.T4CTTIoer.processError(T4CTTIoer.java:396)
	at oracle.jdbc.driver.T4C8Oall.processError(T4C8Oall.java:951)
	at oracle.jdbc.driver.T4CTTIfun.receive(T4CTTIfun.java:513)
	at oracle.jdbc.driver.T4CTTIfun.doRPC(T4CTTIfun.java:227)
	at oracle.jdbc.driver.T4C8Oall.doOALL(T4C8Oall.java:531)
	at oracle.jdbc.driver.T4CPreparedStatement.doOall8(T4CPreparedStatement.java:208)
	at oracle.jdbc.driver.T4CPreparedStatement.executeForDescribe(T4CPreparedStatement.java:886)
	at oracle.jdbc.driver.OracleStatement.executeMaybeDescribe(OracleStatement.java:1175)
	at oracle.jdbc.driver.OracleStatement.doExecuteWithTimeout(OracleStatement.java:1296)
	at oracle.jdbc.driver.OraclePreparedStatement.executeInternal(OraclePreparedStatement.java:3613)
	at oracle.jdbc.driver.OraclePreparedStatement.executeQuery(OraclePreparedStatement.java:3657)
	at oracle.jdbc.driver.OraclePreparedStatementWrapper.executeQuery(OraclePreparedStatementWrapper.java:1495)
	at com.mchange.v2.c3p0.impl.NewProxyPreparedStatement.executeQuery(NewProxyPreparedStatement.java:76)
	at sun.reflect.GeneratedMethodAccessor32.invoke(Unknown Source)
	at sun.reflect.DelegatingMethodAccessorImpl.invoke(Unknown Source)
	at java.lang.reflect.Method.invoke(Unknown Source)
	at org.compiere.db.StatementProxy.invoke(StatementProxy.java:100)
	at com.sun.proxy.$Proxy3.executeQuery(Unknown Source)
	at org.compiere.model.MProductPricing.calculatePriceBasedOnPriceList(MProductPricing.java:264)
	at org.compiere.model.MProductPricing.calculatePrice(MProductPricing.java:140)
	at org.compiere.model.MOrderLine.getProductPricing(MOrderLine.java:340)
	at org.compiere.model.MOrderLine.setPrice(MOrderLine.java:308)
	at org.compiere.model.MOrderLine.setPrice(MOrderLine.java:295)

===========> MProductPricing.calculatePriceBasedOnBasePriceList: SELECT bomPriceStd(p.M_Product_ID,pv.M_PriceList_Version_ID) AS PriceStd, bomPriceList(p.M_Product_ID,pv.M_PriceList_Version_ID) AS PriceList, bomPriceLimit(p.M_Product_ID,pv.M_PriceList_Version_ID) AS PriceLimit, p.C_UOM_ID,pv.ValidFrom,pl.C_Currency_ID,p.M_Product_Category_ID, pl.EnforcePriceLimit, pl.IsTaxIncluded FROM M_Product p INNER JOIN M_ProductPrice pp ON (p.M_Product_ID=pp.M_Product_ID) INNER JOIN M_PriceList_Version pv ON (pp.M_PriceList_Version_ID=pv.M_PriceList_Version_ID) INNER JOIN M_PriceList pl ON (pv.M_PriceList_ID=pl.M_PriceList_ID)WHERE pv.IsActive='Y' AND pp.IsActive='Y' AND p.M_Product_ID=? AND EXISTS (SELECT 1 FROM M_PriceList_Version plv WHERE plv.IsActive='Y'  AND plv.M_PriceList_ID=? AND pp.M_PriceList_Version_ID=plv.M_PriceList_Version_Base_ID) ORDER BY pv.ValidFrom DESC [47]
java.sql.SQLException: ORA-06575: Package or function BOMPRICELIMIT is in an invalid state
; State=65000; ErrorCode=6575
	at oracle.jdbc.driver.T4CTTIoer.processError(T4CTTIoer.java:447)
	at oracle.jdbc.driver.T4CTTIoer.processError(T4CTTIoer.java:396)
	at oracle.jdbc.driver.T4C8Oall.processError(T4C8Oall.java:951)
	at oracle.jdbc.driver.T4CTTIfun.receive(T4CTTIfun.java:513)
	at oracle.jdbc.driver.T4CTTIfun.doRPC(T4CTTIfun.java:227)
	at oracle.jdbc.driver.T4C8Oall.doOALL(T4C8Oall.java:531)
	at oracle.jdbc.driver.T4CPreparedStatement.doOall8(T4CPreparedStatement.java:208)
	at oracle.jdbc.driver.T4CPreparedStatement.executeForDescribe(T4CPreparedStatement.java:886)
	at oracle.jdbc.driver.OracleStatement.executeMaybeDescribe(OracleStatement.java:1175)
	at oracle.jdbc.driver.OracleStatement.doExecuteWithTimeout(OracleStatement.java:1296)
	at oracle.jdbc.driver.OraclePreparedStatement.executeInternal(OraclePreparedStatement.java:3613)
	at oracle.jdbc.driver.OraclePreparedStatement.executeQuery(OraclePreparedStatement.java:3657)
	at oracle.jdbc.driver.OraclePreparedStatementWrapper.executeQuery(OraclePreparedStatementWrapper.java:1495)
	at com.mchange.v2.c3p0.impl.NewProxyPreparedStatement.executeQuery(NewProxyPreparedStatement.java:76)
	at sun.reflect.GeneratedMethodAccessor32.invoke(Unknown Source)
	at sun.reflect.DelegatingMethodAccessorImpl.invoke(Unknown Source)
	at java.lang.reflect.Method.invoke(Unknown Source)
	at org.compiere.db.StatementProxy.invoke(StatementProxy.java:100)
	at com.sun.proxy.$Proxy3.executeQuery(Unknown Source)
	at org.compiere.model.MProductPricing.calculatePriceBasedOnBasePriceList(MProductPricing.java:345)
	at org.compiere.model.MProductPricing.calculatePrice(MProductPricing.java:143)
	at org.compiere.model.MOrderLine.getProductPricing(MOrderLine.java:340)
	at org.compiere.model.MOrderLine.setPrice(MOrderLine.java:308)
	at org.compiere.model.MOrderLine.setPrice(MOrderLine.java:295)

-----------> MOrderLine.save: beforeSave - MOrderLine[0, Line=0, Ordered=1, Delivered=0, Invoiced=0, Reserved=0, LineNet=0] [47]
org.adempiere.exceptions.ProductNotOnPriceListException: Product is not on PriceList - Product:Azalea Bush, Price List:Standard, Date:09/25/2017
	at org.compiere.model.MOrderLine.beforeSave(MOrderLine.java:782)
	at org.compiere.model.PO.save(PO.java:2134)
	at org.compiere.model.PO.saveEx(PO.java:2279)
	at org.adempiere.pos.service.CPOS.addOrUpdateLine(CPOS.java:1009)
	at org.adempiere.pos.service.CPOS.addOrUpdate(CPOS.java:1032)
	at org.adempiere.pos.WPOS.addOrUpdateLine(WPOS.java:458)
	at org.adempiere.pos.WPOSDocumentPanel.keyReturned(WPOSDocumentPanel.java:309)
	at org.adempiere.pos.WPOSKeyPanel.onEvent(WPOSKeyPanel.java:420)
	at org.zkoss.zk.ui.impl.EventProcessor.process0(EventProcessor.java:197)
	at org.zkoss.zk.ui.impl.EventProcessor.process(EventProcessor.java:141)
	at org.zkoss.zk.ui.impl.EventProcessingThreadImpl.process0(EventProcessingThreadImpl.java:519)
	at org.zkoss.zk.ui.impl.EventProcessingThreadImpl.run(EventProcessingThreadImpl.java:446)

-----------> WPOS.addOrUpdateLine: POS Error Product is not on PriceList - Product:Azalea Bush, Price List:Standard, Date:09/25/2017 [47]
-----------> Msg.getMsg: NOT found: Product is not on PriceList - Product:Azalea Bush, Price List:Standard, Date:09/25/2017 [47]
===========> MProductPricing.calculatePriceBasedOnPriceList: SELECT bomPriceStd(p.M_Product_ID,pv.M_PriceList_Version_ID) AS PriceStd, bomPriceList(p.M_Product_ID,pv.M_PriceList_Version_ID) AS PriceList, bomPriceLimit(p.M_Product_ID,pv.M_PriceList_Version_ID) AS PriceLimit, p.C_UOM_ID,pv.ValidFrom,pl.C_Currency_ID,p.M_Product_Category_ID,pl.EnforcePriceLimit FROM M_Product p INNER JOIN M_ProductPrice pp ON (p.M_Product_ID=pp.M_Product_ID) INNER JOIN  M_PriceList_Version pv ON (pp.M_PriceList_Version_ID=pv.M_PriceList_Version_ID) INNER JOIN M_Pricelist pl ON (pv.M_PriceList_ID=pl.M_PriceList_ID) WHERE pv.IsActive='Y' AND pp.IsActive='Y' AND p.M_Product_ID=? AND pv.M_PriceList_ID=? ORDER BY pv.ValidFrom DESC [47]
java.sql.SQLException: ORA-06575: Package or function BOMPRICELIMIT is in an invalid state
; State=65000; ErrorCode=6575
	at oracle.jdbc.driver.T4CTTIoer.processError(T4CTTIoer.java:447)
	at oracle.jdbc.driver.T4CTTIoer.processError(T4CTTIoer.java:396)
	at oracle.jdbc.driver.T4C8Oall.processError(T4C8Oall.java:951)
	at oracle.jdbc.driver.T4CTTIfun.receive(T4CTTIfun.java:513)
	at oracle.jdbc.driver.T4CTTIfun.doRPC(T4CTTIfun.java:227)
	at oracle.jdbc.driver.T4C8Oall.doOALL(T4C8Oall.java:531)
	at oracle.jdbc.driver.T4CPreparedStatement.doOall8(T4CPreparedStatement.java:208)
	at oracle.jdbc.driver.T4CPreparedStatement.executeForDescribe(T4CPreparedStatement.java:886)
	at oracle.jdbc.driver.OracleStatement.executeMaybeDescribe(OracleStatement.java:1175)
	at oracle.jdbc.driver.OracleStatement.doExecuteWithTimeout(OracleStatement.java:1296)
	at oracle.jdbc.driver.OraclePreparedStatement.executeInternal(OraclePreparedStatement.java:3613)
	at oracle.jdbc.driver.OraclePreparedStatement.executeQuery(OraclePreparedStatement.java:3657)
	at oracle.jdbc.driver.OraclePreparedStatementWrapper.executeQuery(OraclePreparedStatementWrapper.java:1495)
	at com.mchange.v2.c3p0.impl.NewProxyPreparedStatement.executeQuery(NewProxyPreparedStatement.java:76)
	at sun.reflect.GeneratedMethodAccessor32.invoke(Unknown Source)
	at sun.reflect.DelegatingMethodAccessorImpl.invoke(Unknown Source)
	at java.lang.reflect.Method.invoke(Unknown Source)
	at org.compiere.db.StatementProxy.invoke(StatementProxy.java:100)
	at com.sun.proxy.$Proxy3.executeQuery(Unknown Source)
	at org.compiere.model.MProductPricing.calculatePriceBasedOnPriceList(MProductPricing.java:264)
	at org.compiere.model.MProductPricing.calculatePrice(MProductPricing.java:140)

===========> MProductPricing.calculatePriceBasedOnBasePriceList: SELECT bomPriceStd(p.M_Product_ID,pv.M_PriceList_Version_ID) AS PriceStd, bomPriceList(p.M_Product_ID,pv.M_PriceList_Version_ID) AS PriceList, bomPriceLimit(p.M_Product_ID,pv.M_PriceList_Version_ID) AS PriceLimit, p.C_UOM_ID,pv.ValidFrom,pl.C_Currency_ID,p.M_Product_Category_ID, pl.EnforcePriceLimit, pl.IsTaxIncluded FROM M_Product p INNER JOIN M_ProductPrice pp ON (p.M_Product_ID=pp.M_Product_ID) INNER JOIN M_PriceList_Version pv ON (pp.M_PriceList_Version_ID=pv.M_PriceList_Version_ID) INNER JOIN M_PriceList pl ON (pv.M_PriceList_ID=pl.M_PriceList_ID)WHERE pv.IsActive='Y' AND pp.IsActive='Y' AND p.M_Product_ID=? AND EXISTS (SELECT 1 FROM M_PriceList_Version plv WHERE plv.IsActive='Y'  AND plv.M_PriceList_ID=? AND pp.M_PriceList_Version_ID=plv.M_PriceList_Version_Base_ID) ORDER BY pv.ValidFrom DESC [47]
java.sql.SQLException: ORA-06575: Package or function BOMPRICELIMIT is in an invalid state
; State=65000; ErrorCode=6575
	at oracle.jdbc.driver.T4CTTIoer.processError(T4CTTIoer.java:447)
	at oracle.jdbc.driver.T4CTTIoer.processError(T4CTTIoer.java:396)
	at oracle.jdbc.driver.T4C8Oall.processError(T4C8Oall.java:951)
	at oracle.jdbc.driver.T4CTTIfun.receive(T4CTTIfun.java:513)
	at oracle.jdbc.driver.T4CTTIfun.doRPC(T4CTTIfun.java:227)
	at oracle.jdbc.driver.T4C8Oall.doOALL(T4C8Oall.java:531)
	at oracle.jdbc.driver.T4CPreparedStatement.doOall8(T4CPreparedStatement.java:208)
	at oracle.jdbc.driver.T4CPreparedStatement.executeForDescribe(T4CPreparedStatement.java:886)
	at oracle.jdbc.driver.OracleStatement.executeMaybeDescribe(OracleStatement.java:1175)
	at oracle.jdbc.driver.OracleStatement.doExecuteWithTimeout(OracleStatement.java:1296)
	at oracle.jdbc.driver.OraclePreparedStatement.executeInternal(OraclePreparedStatement.java:3613)
	at oracle.jdbc.driver.OraclePreparedStatement.executeQuery(OraclePreparedStatement.java:3657)
	at oracle.jdbc.driver.OraclePreparedStatementWrapper.executeQuery(OraclePreparedStatementWrapper.java:1495)
	at com.mchange.v2.c3p0.impl.NewProxyPreparedStatement.executeQuery(NewProxyPreparedStatement.java:76)
	at sun.reflect.GeneratedMethodAccessor32.invoke(Unknown Source)
	at sun.reflect.DelegatingMethodAccessorImpl.invoke(Unknown Source)
	at java.lang.reflect.Method.invoke(Unknown Source)
	at org.compiere.db.StatementProxy.invoke(StatementProxy.java:100)
	at com.sun.proxy.$Proxy3.executeQuery(Unknown Source)
	at org.compiere.model.MProductPricing.calculatePriceBasedOnBasePriceList(MProductPricing.java:345)
	at org.compiere.model.MProductPricing.calculatePrice(MProductPricing.java:143)

-----------> AccessSqlParser.getTableInfo: More than one FROM clause - SELECT LA.APPLICATION_NO FROM COL_LOANACCOUNTASSIGNED LA WHERE LA.AD_USER_ID=101 AND LA.ISACTIVE='Y' AND LA.PERIOD=(##) UNION SELECT LA.APPLICATION_NO FROM COL_LOANACCOUNTASSIGNED LA WHERE LA.AD_USER_ID IN (##) AND LA.ISACTIVE='Y' AND LA.PERIOD=(##) [47]
===========> FindWindow.getNoOfRecords: SELECT COUNT(*) FROM COL_LOANACCOUNT WHERE (APPLICATION_NO IN (SELECT LA.APPLICATION_NO FROM COL_LOANACCOUNTASSIGNED LA WHERE LA.AD_USER_ID=101 AND LA.ISACTIVE='Y' AND LA.PERIOD=(SELECT MAX(PERIOD) FROM COL_LOANACCOUNTASSIGNED) UNION SELECT LA.APPLICATION_NO FROM COL_LOANACCOUNTASSIGNED LA WHERE LA.AD_USER_ID IN (SELECT U.AD_USER_ID FROM AD_USER U START WITH U.SUPERVISOR_ID = 101 CONNECT BY PRIOR AD_USER_ID = SUPERVISOR_ID) AND LA.ISACTIVE='Y' AND LA.PERIOD=(SELECT MAX(PERIOD) FROM COL_LOANACCOUNTASSIGNED))) AND AD_Client_ID IN(0,11) AND AD_Org_ID IN(0,11,12,50000,50002,50001,50004,50006,50005,50007) AND (COL_LOANACCOUNT_ID IS NULL OR COL_LOANACCOUNT_ID NOT IN ( SELECT Record_ID FROM AD_Private_Access WHERE AD_Table_ID = 1000034 AND AD_User_ID <> 101 AND IsActive = 'Y' )) [47]
java.sql.SQLSyntaxErrorException: ORA-00942: table or view does not exist
; State=42000; ErrorCode=942
	at oracle.jdbc.driver.T4CTTIoer.processError(T4CTTIoer.java:447)
	at oracle.jdbc.driver.T4CTTIoer.processError(T4CTTIoer.java:396)
	at oracle.jdbc.driver.T4C8Oall.processError(T4C8Oall.java:951)
	at oracle.jdbc.driver.T4CTTIfun.receive(T4CTTIfun.java:513)
	at oracle.jdbc.driver.T4CTTIfun.doRPC(T4CTTIfun.java:227)
	at oracle.jdbc.driver.T4C8Oall.doOALL(T4C8Oall.java:531)
	at oracle.jdbc.driver.T4CStatement.doOall8(T4CStatement.java:195)
	at oracle.jdbc.driver.T4CStatement.executeForDescribe(T4CStatement.java:876)
	at oracle.jdbc.driver.OracleStatement.executeMaybeDescribe(OracleStatement.java:1175)
	at oracle.jdbc.driver.OracleStatement.doExecuteWithTimeout(OracleStatement.java:1296)
	at oracle.jdbc.driver.OracleStatement.executeQuery(OracleStatement.java:1498)
	at oracle.jdbc.driver.OracleStatementWrapper.executeQuery(OracleStatementWrapper.java:406)
	at com.mchange.v2.c3p0.impl.NewProxyStatement.executeQuery(NewProxyStatement.java:35)
	at sun.reflect.NativeMethodAccessorImpl.invoke0(Native Method)
	at sun.reflect.NativeMethodAccessorImpl.invoke(Unknown Source)
	at sun.reflect.DelegatingMethodAccessorImpl.invoke(Unknown Source)
	at java.lang.reflect.Method.invoke(Unknown Source)
	at org.compiere.db.StatementProxy.invoke(StatementProxy.java:100)
	at com.sun.proxy.$Proxy4.executeQuery(Unknown Source)
	at org.adempiere.webui.window.FindWindow.getNoOfRecords(FindWindow.java:1949)
	at org.adempiere.webui.window.FindWindow.initFind(FindWindow.java:665)

-----------> AccessSqlParser.getTableInfo: More than one FROM clause - SELECT LA.APPLICATION_NO FROM COL_LOANACCOUNTASSIGNED LA WHERE LA.AD_USER_ID=101 AND LA.ISACTIVE='Y' AND LA.PERIOD=(##) UNION SELECT LA.APPLICATION_NO FROM COL_LOANACCOUNTASSIGNED LA WHERE LA.AD_USER_ID IN (##) AND LA.ISACTIVE='Y' AND LA.PERIOD=(##) [61]
===========> FindWindow.getNoOfRecords: SELECT COUNT(*) FROM COL_LOANACCOUNT WHERE (APPLICATION_NO IN (SELECT LA.APPLICATION_NO FROM COL_LOANACCOUNTASSIGNED LA WHERE LA.AD_USER_ID=101 AND LA.ISACTIVE='Y' AND LA.PERIOD=(SELECT MAX(PERIOD) FROM COL_LOANACCOUNTASSIGNED) UNION SELECT LA.APPLICATION_NO FROM COL_LOANACCOUNTASSIGNED LA WHERE LA.AD_USER_ID IN (SELECT U.AD_USER_ID FROM AD_USER U START WITH U.SUPERVISOR_ID = 101 CONNECT BY PRIOR AD_USER_ID = SUPERVISOR_ID) AND LA.ISACTIVE='Y' AND LA.PERIOD=(SELECT MAX(PERIOD) FROM COL_LOANACCOUNTASSIGNED))) AND AD_Client_ID IN(0,11) AND AD_Org_ID IN(0,11,12,50000,50002,50001,50004,50006,50005,50007) AND (COL_LOANACCOUNT_ID IS NULL OR COL_LOANACCOUNT_ID NOT IN ( SELECT Record_ID FROM AD_Private_Access WHERE AD_Table_ID = 1000034 AND AD_User_ID <> 101 AND IsActive = 'Y' )) [61]
java.sql.SQLSyntaxErrorException: ORA-00942: table or view does not exist
; State=42000; ErrorCode=942
	at oracle.jdbc.driver.T4CTTIoer.processError(T4CTTIoer.java:447)
	at oracle.jdbc.driver.T4CTTIoer.processError(T4CTTIoer.java:396)
	at oracle.jdbc.driver.T4C8Oall.processError(T4C8Oall.java:951)
	at oracle.jdbc.driver.T4CTTIfun.receive(T4CTTIfun.java:513)
	at oracle.jdbc.driver.T4CTTIfun.doRPC(T4CTTIfun.java:227)
	at oracle.jdbc.driver.T4C8Oall.doOALL(T4C8Oall.java:531)
	at oracle.jdbc.driver.T4CStatement.doOall8(T4CStatement.java:195)
	at oracle.jdbc.driver.T4CStatement.executeForDescribe(T4CStatement.java:876)
	at oracle.jdbc.driver.OracleStatement.executeMaybeDescribe(OracleStatement.java:1175)
	at oracle.jdbc.driver.OracleStatement.doExecuteWithTimeout(OracleStatement.java:1296)
	at oracle.jdbc.driver.OracleStatement.executeQuery(OracleStatement.java:1498)
	at oracle.jdbc.driver.OracleStatementWrapper.executeQuery(OracleStatementWrapper.java:406)
	at com.mchange.v2.c3p0.impl.NewProxyStatement.executeQuery(NewProxyStatement.java:35)
	at sun.reflect.NativeMethodAccessorImpl.invoke0(Native Method)
	at sun.reflect.NativeMethodAccessorImpl.invoke(Unknown Source)
	at sun.reflect.DelegatingMethodAccessorImpl.invoke(Unknown Source)
	at java.lang.reflect.Method.invoke(Unknown Source)
	at org.compiere.db.StatementProxy.invoke(StatementProxy.java:100)
	at com.sun.proxy.$Proxy4.executeQuery(Unknown Source)
	at org.adempiere.webui.window.FindWindow.getNoOfRecords(FindWindow.java:1949)
	at org.adempiere.webui.window.FindWindow.cmd_ok_Simple(FindWindow.java:1873)

-----------> AccessSqlParser.getTableInfo: More than one FROM clause - SELECT LA.APPLICATION_NO FROM COL_LOANACCOUNTASSIGNED LA WHERE LA.AD_USER_ID=101 AND LA.ISACTIVE='Y' AND LA.PERIOD=(##) UNION SELECT LA.APPLICATION_NO FROM COL_LOANACCOUNTASSIGNED LA WHERE LA.AD_USER_ID IN (##) AND LA.ISACTIVE='Y' AND LA.PERIOD=(##) [47]
-----------> AccessSqlParser.getTableInfo: More than one FROM clause - SELECT LA.APPLICATION_NO FROM COL_LOANACCOUNTASSIGNED LA WHERE LA.AD_USER_ID=101 AND LA.ISACTIVE='Y' AND LA.PERIOD=(##) UNION SELECT LA.APPLICATION_NO FROM COL_LOANACCOUNTASSIGNED LA WHERE LA.AD_USER_ID IN (##) AND LA.ISACTIVE='Y' AND LA.PERIOD=(##) [47]
===========> GridTable.open: Count SQL=SELECT COUNT(*) FROM COL_LOANACCOUNT WHERE (APPLICATION_NO IN (SELECT LA.APPLICATION_NO FROM COL_LOANACCOUNTASSIGNED LA WHERE LA.AD_USER_ID=101 AND LA.ISACTIVE='Y' AND LA.PERIOD=(SELECT MAX(PERIOD) FROM COL_LOANACCOUNTASSIGNED) UNION SELECT LA.APPLICATION_NO FROM COL_LOANACCOUNTASSIGNED LA WHERE LA.AD_USER_ID IN (SELECT U.AD_USER_ID FROM AD_USER U START WITH U.SUPERVISOR_ID = 101 CONNECT BY PRIOR AD_USER_ID = SUPERVISOR_ID) AND LA.ISACTIVE='Y' AND LA.PERIOD=(SELECT MAX(PERIOD) FROM COL_LOANACCOUNTASSIGNED))) AND COL_LOANACCOUNT.AD_Client_ID IN(0,11) AND COL_LOANACCOUNT.AD_Org_ID IN(0,11,12,50000,50002,50001,50004,50006,50005,50007) AND (COL_LOANACCOUNT.COL_LOANACCOUNT_ID IS NULL OR COL_LOANACCOUNT.COL_LOANACCOUNT_ID NOT IN ( SELECT Record_ID FROM AD_Private_Access WHERE AD_Table_ID = 1000034 AND AD_User_ID <> 101 AND IsActive = 'Y' )) [47]
java.sql.SQLSyntaxErrorException: ORA-00942: table or view does not exist
; State=42000; ErrorCode=942
	at oracle.jdbc.driver.T4CTTIoer.processError(T4CTTIoer.java:447)
	at oracle.jdbc.driver.T4CTTIoer.processError(T4CTTIoer.java:396)
	at oracle.jdbc.driver.T4C8Oall.processError(T4C8Oall.java:951)
	at oracle.jdbc.driver.T4CTTIfun.receive(T4CTTIfun.java:513)
	at oracle.jdbc.driver.T4CTTIfun.doRPC(T4CTTIfun.java:227)
	at oracle.jdbc.driver.T4C8Oall.doOALL(T4C8Oall.java:531)
	at oracle.jdbc.driver.T4CPreparedStatement.doOall8(T4CPreparedStatement.java:208)
	at oracle.jdbc.driver.T4CPreparedStatement.executeForDescribe(T4CPreparedStatement.java:886)
	at oracle.jdbc.driver.OracleStatement.executeMaybeDescribe(OracleStatement.java:1175)
	at oracle.jdbc.driver.OracleStatement.doExecuteWithTimeout(OracleStatement.java:1296)
	at oracle.jdbc.driver.OraclePreparedStatement.executeInternal(OraclePreparedStatement.java:3613)
	at oracle.jdbc.driver.OraclePreparedStatement.executeQuery(OraclePreparedStatement.java:3657)
	at oracle.jdbc.driver.OraclePreparedStatementWrapper.executeQuery(OraclePreparedStatementWrapper.java:1495)
	at com.mchange.v2.c3p0.impl.NewProxyPreparedStatement.executeQuery(NewProxyPreparedStatement.java:76)
	at sun.reflect.GeneratedMethodAccessor32.invoke(Unknown Source)
	at sun.reflect.DelegatingMethodAccessorImpl.invoke(Unknown Source)
	at java.lang.reflect.Method.invoke(Unknown Source)
	at org.compiere.db.StatementProxy.invoke(StatementProxy.java:100)
	at com.sun.proxy.$Proxy3.executeQuery(Unknown Source)
	at org.compiere.model.GridTable$Loader.open(GridTable.java:3333)
	at org.compiere.model.GridTable.open(GridTable.java:605)
	at org.compiere.model.GridTab.query(GridTab.java:734)

-----------> Msg.translate: NOT found: Assignment [61]
===========> MLookup.run: C_MOMSTATUS.C_MOMSTATUS_ID, 1000071 : Loader - SELECT C_MOMSTATUS.C_MOMSTATUS_ID,NULL,NVL(C_MOMSTATUS.Name,'-1'),C_MOMSTATUS.IsActive FROM C_MOMSTATUS WHERE C_MOMSTATUS.AD_Client_ID IN(0,11) AND C_MOMSTATUS.AD_Org_ID IN(0,11,12,50000,50002,50001,50004,50006,50005,50007) AND (C_MOMSTATUS.C_MOMSTATUS_ID IS NULL OR C_MOMSTATUS.C_MOMSTATUS_ID NOT IN ( SELECT Record_ID FROM AD_Private_Access WHERE AD_Table_ID = 1000004 AND AD_User_ID <> 101 AND IsActive = 'Y' )) AND C_PaySelection.C_BankAccount_ID IS NOT NULL ORDER BY C_MOMSTATUS.NAME [152]
java.sql.SQLSyntaxErrorException: ORA-00904: "C_PAYSELECTION"."C_BANKACCOUNT_ID": invalid identifier
; State=42000; ErrorCode=904
	at oracle.jdbc.driver.T4CTTIoer.processError(T4CTTIoer.java:447)
	at oracle.jdbc.driver.T4CTTIoer.processError(T4CTTIoer.java:396)
	at oracle.jdbc.driver.T4C8Oall.processError(T4C8Oall.java:951)
	at oracle.jdbc.driver.T4CTTIfun.receive(T4CTTIfun.java:513)
	at oracle.jdbc.driver.T4CTTIfun.doRPC(T4CTTIfun.java:227)
	at oracle.jdbc.driver.T4C8Oall.doOALL(T4C8Oall.java:531)
	at oracle.jdbc.driver.T4CPreparedStatement.doOall8(T4CPreparedStatement.java:208)
	at oracle.jdbc.driver.T4CPreparedStatement.executeForDescribe(T4CPreparedStatement.java:886)
	at oracle.jdbc.driver.OracleStatement.executeMaybeDescribe(OracleStatement.java:1175)
	at oracle.jdbc.driver.OracleStatement.doExecuteWithTimeout(OracleStatement.java:1296)
	at oracle.jdbc.driver.OraclePreparedStatement.executeInternal(OraclePreparedStatement.java:3613)
	at oracle.jdbc.driver.OraclePreparedStatement.executeQuery(OraclePreparedStatement.java:3657)
	at oracle.jdbc.driver.OraclePreparedStatementWrapper.executeQuery(OraclePreparedStatementWrapper.java:1495)
	at com.mchange.v2.c3p0.impl.NewProxyPreparedStatement.executeQuery(NewProxyPreparedStatement.java:76)
	at sun.reflect.GeneratedMethodAccessor32.invoke(Unknown Source)
	at sun.reflect.DelegatingMethodAccessorImpl.invoke(Unknown Source)
	at java.lang.reflect.Method.invoke(Unknown Source)
	at org.compiere.db.StatementProxy.invoke(StatementProxy.java:100)
	at com.sun.proxy.$Proxy3.executeQuery(Unknown Source)
	at org.compiere.model.MLookup$MLoader.run(MLookup.java:747)

===========> GridTab.processCallout: class [47]
java.lang.ClassNotFoundException: org.compiere.model.CalloutMom
	at java.net.URLClassLoader.findClass(Unknown Source)
	at java.lang.ClassLoader.loadClass(Unknown Source)
	at sun.misc.Launcher$AppClassLoader.loadClass(Unknown Source)
	at java.lang.ClassLoader.loadClass(Unknown Source)
	at java.lang.Class.forName0(Native Method)
	at java.lang.Class.forName(Unknown Source)
	at org.compiere.model.GridTab.processCallout(GridTab.java:2850)
	at org.compiere.model.GridTab.processFieldChange(GridTab.java:2682)
	at org.adempiere.webui.panel.ADTabPanel.dataStatusChanged(ADTabPanel.java:1101)
	at org.compiere.model.GridTab.fireDataStatusChanged(GridTab.java:2297)
	at org.compiere.model.GridTab.dataStatusChanged(GridTab.java:2270)
	at org.compiere.model.GridTable.fireDataStatusChanged(GridTable.java:3193)
	at org.compiere.model.GridTable.setValueAt(GridTable.java:1241)
	at org.compiere.model.GridTable.setValueAt(GridTable.java:1166)
	at org.adempiere.webui.util.GridTabDataBinder.valueChange(GridTabDataBinder.java:95)
	at org.adempiere.webui.editor.WEditor.fireValueChange(WEditor.java:472)
	at org.adempiere.webui.editor.WTableDirEditor.setValue(WTableDirEditor.java:209)
	at org.adempiere.webui.editor.WTableDirEditor.propertyChange(WTableDirEditor.java:420)
	at java.beans.PropertyChangeSupport.fire(Unknown Source)
	at java.beans.PropertyChangeSupport.firePropertyChange(Unknown Source)
	at java.beans.PropertyChangeSupport.firePropertyChange(Unknown Source)
	at org.compiere.model.GridField.setValue(GridField.java:1490)
	at org.compiere.model.GridTable.dataNew(GridTable.java:2528)
	at org.compiere.model.GridTab.dataNew(GridTab.java:1149)

-----------> Msg.getMsg: NOT found: Callout Invalid: org.compiere.model.CalloutMom.getNextItemNbr (java.lang.ClassNotFoundException: org.compiere.model.CalloutMom) [47]
===========> MLookup.run: C_MOMSTATUS.C_MOMSTATUS_ID, 1000071 : Loader - SELECT C_MOMSTATUS.C_MOMSTATUS_ID,NULL,NVL(C_MOMSTATUS.Name,'-1'),C_MOMSTATUS.IsActive FROM C_MOMSTATUS WHERE C_MOMSTATUS.AD_Client_ID IN(0,11) AND C_MOMSTATUS.AD_Org_ID IN(0,11,12,50000,50002,50001,50004,50006,50005,50007) AND (C_MOMSTATUS.C_MOMSTATUS_ID IS NULL OR C_MOMSTATUS.C_MOMSTATUS_ID NOT IN ( SELECT Record_ID FROM AD_Private_Access WHERE AD_Table_ID = 1000004 AND AD_User_ID <> 101 AND IsActive = 'Y' )) AND C_PaySelection.C_BankAccount_ID IS NOT NULL ORDER BY C_MOMSTATUS.NAME [153]
java.sql.SQLSyntaxErrorException: ORA-00904: "C_PAYSELECTION"."C_BANKACCOUNT_ID": invalid identifier
; State=42000; ErrorCode=904
	at oracle.jdbc.driver.T4CTTIoer.processError(T4CTTIoer.java:447)
	at oracle.jdbc.driver.T4CTTIoer.processError(T4CTTIoer.java:396)
	at oracle.jdbc.driver.T4C8Oall.processError(T4C8Oall.java:951)
	at oracle.jdbc.driver.T4CTTIfun.receive(T4CTTIfun.java:513)
	at oracle.jdbc.driver.T4CTTIfun.doRPC(T4CTTIfun.java:227)
	at oracle.jdbc.driver.T4C8Oall.doOALL(T4C8Oall.java:531)
	at oracle.jdbc.driver.T4CPreparedStatement.doOall8(T4CPreparedStatement.java:208)
	at oracle.jdbc.driver.T4CPreparedStatement.executeForDescribe(T4CPreparedStatement.java:886)
	at oracle.jdbc.driver.OracleStatement.executeMaybeDescribe(OracleStatement.java:1175)
	at oracle.jdbc.driver.OracleStatement.doExecuteWithTimeout(OracleStatement.java:1296)
	at oracle.jdbc.driver.OraclePreparedStatement.executeInternal(OraclePreparedStatement.java:3613)
	at oracle.jdbc.driver.OraclePreparedStatement.executeQuery(OraclePreparedStatement.java:3657)
	at oracle.jdbc.driver.OraclePreparedStatementWrapper.executeQuery(OraclePreparedStatementWrapper.java:1495)
	at com.mchange.v2.c3p0.impl.NewProxyPreparedStatement.executeQuery(NewProxyPreparedStatement.java:76)
	at sun.reflect.GeneratedMethodAccessor32.invoke(Unknown Source)
	at sun.reflect.DelegatingMethodAccessorImpl.invoke(Unknown Source)
	at java.lang.reflect.Method.invoke(Unknown Source)
	at org.compiere.db.StatementProxy.invoke(StatementProxy.java:100)
	at com.sun.proxy.$Proxy3.executeQuery(Unknown Source)
	at org.compiere.model.MLookup$MLoader.run(MLookup.java:747)

===========> GridTab.processCallout: class [47]
java.lang.ClassNotFoundException: org.compiere.model.CalloutMom
	at java.net.URLClassLoader.findClass(Unknown Source)
	at java.lang.ClassLoader.loadClass(Unknown Source)
	at sun.misc.Launcher$AppClassLoader.loadClass(Unknown Source)
	at java.lang.ClassLoader.loadClass(Unknown Source)
	at java.lang.Class.forName0(Native Method)
	at java.lang.Class.forName(Unknown Source)
	at org.compiere.model.GridTab.processCallout(GridTab.java:2850)
	at org.compiere.model.GridTab.lambda$1(GridTab.java:1163)
	at java.util.Spliterators$ArraySpliterator.forEachRemaining(Unknown Source)
	at java.util.stream.ReferencePipeline$Head.forEach(Unknown Source)
	at org.compiere.model.GridTab.dataNew(GridTab.java:1163)
	at org.adempiere.webui.panel.AbstractADWindowPanel.onNew(AbstractADWindowPanel.java:1484)
	at org.adempiere.webui.panel.AbstractADWindowPanel.setActiveTab(AbstractADWindowPanel.java:1139)
	at org.adempiere.webui.panel.AbstractADWindowPanel.onEvent(AbstractADWindowPanel.java:1006)
	at org.adempiere.webui.panel.ADWindowPanel.onEvent(ADWindowPanel.java:283)
	at org.adempiere.webui.component.ADButtonTabList.onEvent(ADButtonTabList.java:175)
	at org.zkoss.zk.ui.impl.EventProcessor.process0(EventProcessor.java:197)
	at org.zkoss.zk.ui.impl.EventProcessor.process(EventProcessor.java:141)
	at org.zkoss.zk.ui.impl.EventProcessingThreadImpl.process0(EventProcessingThreadImpl.java:519)
	at org.zkoss.zk.ui.impl.EventProcessingThreadImpl.run(EventProcessingThreadImpl.java:446)

===========> MLookup.run: C_MOMSTATUS.C_MOMSTATUS_ID, 1000071 : Loader - SELECT C_MOMSTATUS.C_MOMSTATUS_ID,NULL,NVL(C_MOMSTATUS.Name,'-1'),C_MOMSTATUS.IsActive FROM C_MOMSTATUS WHERE C_MOMSTATUS.AD_Client_ID IN(0,11) AND C_MOMSTATUS.AD_Org_ID IN(0,11,12,50000,50002,50001,50004,50006,50005,50007) AND (C_MOMSTATUS.C_MOMSTATUS_ID IS NULL OR C_MOMSTATUS.C_MOMSTATUS_ID NOT IN ( SELECT Record_ID FROM AD_Private_Access WHERE AD_Table_ID = 1000004 AND AD_User_ID <> 101 AND IsActive = 'Y' )) AND C_PaySelection.C_BankAccount_ID IS NOT NULL ORDER BY C_MOMSTATUS.NAME [155]
java.sql.SQLSyntaxErrorException: ORA-00904: "C_PAYSELECTION"."C_BANKACCOUNT_ID": invalid identifier
; State=42000; ErrorCode=904
	at oracle.jdbc.driver.T4CTTIoer.processError(T4CTTIoer.java:447)
	at oracle.jdbc.driver.T4CTTIoer.processError(T4CTTIoer.java:396)
	at oracle.jdbc.driver.T4C8Oall.processError(T4C8Oall.java:951)
	at oracle.jdbc.driver.T4CTTIfun.receive(T4CTTIfun.java:513)
	at oracle.jdbc.driver.T4CTTIfun.doRPC(T4CTTIfun.java:227)
	at oracle.jdbc.driver.T4C8Oall.doOALL(T4C8Oall.java:531)
	at oracle.jdbc.driver.T4CPreparedStatement.doOall8(T4CPreparedStatement.java:208)
	at oracle.jdbc.driver.T4CPreparedStatement.executeForDescribe(T4CPreparedStatement.java:886)
	at oracle.jdbc.driver.OracleStatement.executeMaybeDescribe(OracleStatement.java:1175)
	at oracle.jdbc.driver.OracleStatement.doExecuteWithTimeout(OracleStatement.java:1296)
	at oracle.jdbc.driver.OraclePreparedStatement.executeInternal(OraclePreparedStatement.java:3613)
	at oracle.jdbc.driver.OraclePreparedStatement.executeQuery(OraclePreparedStatement.java:3657)
	at oracle.jdbc.driver.OraclePreparedStatementWrapper.executeQuery(OraclePreparedStatementWrapper.java:1495)
	at com.mchange.v2.c3p0.impl.NewProxyPreparedStatement.executeQuery(NewProxyPreparedStatement.java:76)
	at sun.reflect.GeneratedMethodAccessor32.invoke(Unknown Source)
	at sun.reflect.DelegatingMethodAccessorImpl.invoke(Unknown Source)
	at java.lang.reflect.Method.invoke(Unknown Source)
	at org.compiere.db.StatementProxy.invoke(StatementProxy.java:100)
	at com.sun.proxy.$Proxy3.executeQuery(Unknown Source)
	at org.compiere.model.MLookup$MLoader.run(MLookup.java:747)

-----------> AbstractADWindowPanel.onNew: Insert Record disabled for Tab [47]
===========> GridTab.processCallout: class [47]
java.lang.ClassNotFoundException: org.compiere.model.CalloutMom
	at java.net.URLClassLoader.findClass(Unknown Source)
	at java.lang.ClassLoader.loadClass(Unknown Source)
	at sun.misc.Launcher$AppClassLoader.loadClass(Unknown Source)
	at java.lang.ClassLoader.loadClass(Unknown Source)
	at java.lang.Class.forName0(Native Method)
	at java.lang.Class.forName(Unknown Source)
	at org.compiere.model.GridTab.processCallout(GridTab.java:2850)
	at org.compiere.model.GridTab.processFieldChange(GridTab.java:2682)
	at org.adempiere.webui.panel.ADTabPanel.dataStatusChanged(ADTabPanel.java:1101)
	at org.compiere.model.GridTab.fireDataStatusChanged(GridTab.java:2297)
	at org.compiere.model.GridTab.dataStatusChanged(GridTab.java:2270)
	at org.compiere.model.GridTable.fireDataStatusChanged(GridTable.java:3193)
	at org.compiere.model.GridTable.setValueAt(GridTable.java:1241)
	at org.compiere.model.GridTable.setValueAt(GridTable.java:1166)
	at org.adempiere.webui.util.GridTabDataBinder.valueChange(GridTabDataBinder.java:95)
	at org.adempiere.webui.editor.WEditor.fireValueChange(WEditor.java:472)
	at org.adempiere.webui.editor.WTableDirEditor.setValue(WTableDirEditor.java:209)
	at org.adempiere.webui.editor.WTableDirEditor.propertyChange(WTableDirEditor.java:420)
	at java.beans.PropertyChangeSupport.fire(Unknown Source)
	at java.beans.PropertyChangeSupport.firePropertyChange(Unknown Source)
	at java.beans.PropertyChangeSupport.firePropertyChange(Unknown Source)
	at org.compiere.model.GridField.setValue(GridField.java:1490)
	at org.compiere.model.GridTable.dataNew(GridTable.java:2528)
	at org.compiere.model.GridTab.dataNew(GridTab.java:1149)

-----------> Msg.getMsg: NOT found: Callout Invalid: org.compiere.model.CalloutMom.getNextItemNbr (java.lang.ClassNotFoundException: org.compiere.model.CalloutMom) [47]
===========> MLookup.run: C_MOMSTATUS.C_MOMSTATUS_ID, 1000071 : Loader - SELECT C_MOMSTATUS.C_MOMSTATUS_ID,NULL,NVL(C_MOMSTATUS.Name,'-1'),C_MOMSTATUS.IsActive FROM C_MOMSTATUS WHERE C_MOMSTATUS.AD_Client_ID IN(0,11) AND C_MOMSTATUS.AD_Org_ID IN(0,11,12,50000,50002,50001,50004,50006,50005,50007) AND (C_MOMSTATUS.C_MOMSTATUS_ID IS NULL OR C_MOMSTATUS.C_MOMSTATUS_ID NOT IN ( SELECT Record_ID FROM AD_Private_Access WHERE AD_Table_ID = 1000004 AND AD_User_ID <> 101 AND IsActive = 'Y' )) AND C_PaySelection.C_BankAccount_ID IS NOT NULL ORDER BY C_MOMSTATUS.NAME [156]
java.sql.SQLSyntaxErrorException: ORA-00904: "C_PAYSELECTION"."C_BANKACCOUNT_ID": invalid identifier
; State=42000; ErrorCode=904
	at oracle.jdbc.driver.T4CTTIoer.processError(T4CTTIoer.java:447)
	at oracle.jdbc.driver.T4CTTIoer.processError(T4CTTIoer.java:396)
	at oracle.jdbc.driver.T4C8Oall.processError(T4C8Oall.java:951)
	at oracle.jdbc.driver.T4CTTIfun.receive(T4CTTIfun.java:513)
	at oracle.jdbc.driver.T4CTTIfun.doRPC(T4CTTIfun.java:227)
	at oracle.jdbc.driver.T4C8Oall.doOALL(T4C8Oall.java:531)
	at oracle.jdbc.driver.T4CPreparedStatement.doOall8(T4CPreparedStatement.java:208)
	at oracle.jdbc.driver.T4CPreparedStatement.executeForDescribe(T4CPreparedStatement.java:886)
	at oracle.jdbc.driver.OracleStatement.executeMaybeDescribe(OracleStatement.java:1175)
	at oracle.jdbc.driver.OracleStatement.doExecuteWithTimeout(OracleStatement.java:1296)
	at oracle.jdbc.driver.OraclePreparedStatement.executeInternal(OraclePreparedStatement.java:3613)
	at oracle.jdbc.driver.OraclePreparedStatement.executeQuery(OraclePreparedStatement.java:3657)
	at oracle.jdbc.driver.OraclePreparedStatementWrapper.executeQuery(OraclePreparedStatementWrapper.java:1495)
	at com.mchange.v2.c3p0.impl.NewProxyPreparedStatement.executeQuery(NewProxyPreparedStatement.java:76)
	at sun.reflect.GeneratedMethodAccessor32.invoke(Unknown Source)
	at sun.reflect.DelegatingMethodAccessorImpl.invoke(Unknown Source)
	at java.lang.reflect.Method.invoke(Unknown Source)
	at org.compiere.db.StatementProxy.invoke(StatementProxy.java:100)
	at com.sun.proxy.$Proxy3.executeQuery(Unknown Source)
	at org.compiere.model.MLookup$MLoader.run(MLookup.java:747)

===========> GridTab.processCallout: class [47]
java.lang.ClassNotFoundException: org.compiere.model.CalloutMom
	at java.net.URLClassLoader.findClass(Unknown Source)
	at java.lang.ClassLoader.loadClass(Unknown Source)
	at sun.misc.Launcher$AppClassLoader.loadClass(Unknown Source)
	at java.lang.ClassLoader.loadClass(Unknown Source)
	at java.lang.Class.forName0(Native Method)
	at java.lang.Class.forName(Unknown Source)
	at org.compiere.model.GridTab.processCallout(GridTab.java:2850)
	at org.compiere.model.GridTab.lambda$1(GridTab.java:1163)
	at java.util.Spliterators$ArraySpliterator.forEachRemaining(Unknown Source)
	at java.util.stream.ReferencePipeline$Head.forEach(Unknown Source)
	at org.compiere.model.GridTab.dataNew(GridTab.java:1163)
	at org.adempiere.webui.panel.AbstractADWindowPanel.onNew(AbstractADWindowPanel.java:1484)
	at org.adempiere.webui.panel.AbstractADWindowPanel.setActiveTab(AbstractADWindowPanel.java:1139)
	at org.adempiere.webui.panel.AbstractADWindowPanel.onEvent(AbstractADWindowPanel.java:1006)
	at org.adempiere.webui.panel.ADWindowPanel.onEvent(ADWindowPanel.java:283)
	at org.adempiere.webui.component.ADButtonTabList.onEvent(ADButtonTabList.java:175)
	at org.zkoss.zk.ui.impl.EventProcessor.process0(EventProcessor.java:197)
	at org.zkoss.zk.ui.impl.EventProcessor.process(EventProcessor.java:141)
	at org.zkoss.zk.ui.impl.EventProcessingThreadImpl.process0(EventProcessingThreadImpl.java:519)
	at org.zkoss.zk.ui.impl.EventProcessingThreadImpl.run(EventProcessingThreadImpl.java:446)

-----------> AbstractADWindowPanel.onNew: Insert Record disabled for Tab [47]
-----------> WebappClassLoaderBase.clearReferencesThreads: The web application [webui] appears to have started a thread named [Thread-3] but has failed to stop it. This is very likely to create a memory leak. Stack trace of thread:
 java.lang.Thread.sleep(Native Method)
 org.zkoss.io.FileWatchdog.run(FileWatchdog.java:128) [161]
-----------> WebappClassLoaderBase.clearReferencesThreads: The web application [webui] appears to have started a thread named [Timer-0] but has failed to stop it. This is very likely to create a memory leak. Stack trace of thread:
 java.lang.Object.wait(Native Method)
 java.util.TimerThread.mainLoop(Unknown Source)
 java.util.TimerThread.run(Unknown Source) [161]
-----------> WebappClassLoaderBase.clearReferencesThreads: The web application [webui] appears to have started a thread named [com.mchange.v2.async.ThreadPoolAsynchronousRunner$PoolThread-#0] but has failed to stop it. This is very likely to create a memory leak. Stack trace of thread:
 java.lang.Object.wait(Native Method)
 com.mchange.v2.async.ThreadPoolAsynchronousRunner$PoolThread.run(ThreadPoolAsynchronousRunner.java:534) [161]
-----------> WebappClassLoaderBase.clearReferencesThreads: The web application [webui] appears to have started a thread named [com.mchange.v2.async.ThreadPoolAsynchronousRunner$PoolThread-#1] but has failed to stop it. This is very likely to create a memory leak. Stack trace of thread:
 java.lang.Object.wait(Native Method)
 com.mchange.v2.async.ThreadPoolAsynchronousRunner$PoolThread.run(ThreadPoolAsynchronousRunner.java:534) [161]
-----------> WebappClassLoaderBase.clearReferencesThreads: The web application [webui] appears to have started a thread named [com.mchange.v2.async.ThreadPoolAsynchronousRunner$PoolThread-#2] but has failed to stop it. This is very likely to create a memory leak. Stack trace of thread:
 java.lang.Object.wait(Native Method)
 com.mchange.v2.async.ThreadPoolAsynchronousRunner$PoolThread.run(ThreadPoolAsynchronousRunner.java:534) [161]
-----------> WebappClassLoaderBase.clearReferencesThreads: The web application [webui] is still processing a request that has yet to finish. This is very likely to create a memory leak. You can control the time allowed for requests to finish by using the unloadDelay attribute of the standard Context implementation. Stack trace of request processing thread:
 java.lang.Object.wait(Native Method)
 java.lang.Object.wait(Unknown Source)
 org.zkoss.zkmax.ui.comet.CometServerPush.process(CometServerPush.java:224)
 org.zkoss.zkmax.ui.comet.CometProcessor.process0(CometProcessor.java:127)
 org.zkoss.zkmax.ui.comet.CometProcessor.process(CometProcessor.java:79)
 org.zkoss.zk.au.http.DHtmlUpdateServlet.doGet(DHtmlUpdateServlet.java:377)
 org.zkoss.zk.au.http.DHtmlUpdateServlet.doPost(DHtmlUpdateServlet.java:394)
 javax.servlet.http.HttpServlet.service(HttpServlet.java:648)
 javax.servlet.http.HttpServlet.service(HttpServlet.java:729)
 org.apache.catalina.core.ApplicationFilterChain.internalDoFilter(ApplicationFilterChain.java:292)
 org.apache.catalina.core.ApplicationFilterChain.doFilter(ApplicationFilterChain.java:207)
 org.apache.tomcat.websocket.server.WsFilter.doFilter(WsFilter.java:52)
 org.apache.catalina.core.ApplicationFilterChain.internalDoFilter(ApplicationFilterChain.java:240)
 org.apache.catalina.core.ApplicationFilterChain.doFilter(ApplicationFilterChain.java:207)
 org.apache.catalina.core.StandardWrapperValve.invoke(StandardWrapperValve.java:212)
 org.apache.catalina.core.StandardContextValve.invoke(StandardContextValve.java:94)
 org.apache.catalina.authenticator.AuthenticatorBase.invoke(AuthenticatorBase.java:504)
 org.apache.catalina.core.StandardHostValve.invoke(StandardHostValve.java:141)
 org.apache.catalina.valves.ErrorReportValve.invoke(ErrorReportValve.java:79)
 org.apache.catalina.valves.AbstractAccessLogValve.invoke(AbstractAccessLogValve.java:620)
 org.apache.catalina.core.StandardEngineValve.invoke(StandardEngineValve.java:88)
 org.apache.catalina.connector.CoyoteAdapter.service(CoyoteAdapter.java:502)
 org.apache.coyote.http11.AbstractHttp11Processor.process(AbstractHttp11Processor.java:1132)
 org.apache.coyote.AbstractProtocol$AbstractConnectionHandler.process(AbstractProtocol.java:684)
 org.apache.tomcat.util.net.NioEndpoint$SocketProcessor.doRun(NioEndpoint.java:1533)
 org.apache.tomcat.util.net.NioEndpoint$SocketProcessor.run(NioEndpoint.java:1489)
 java.util.concurrent.ThreadPoolExecutor.runWorker(Unknown Source)
 java.util.concurrent.ThreadPoolExecutor$Worker.run(Unknown Source)
 org.apache.tomcat.util.threads.TaskThread$WrappingRunnable.run(TaskThread.java:61)
 java.lang.Thread.run(Unknown Source) [161]
-----------> WebappClassLoaderBase.clearReferencesThreads: The web application [webui] appears to have started a thread named [Timer-1] but has failed to stop it. This is very likely to create a memory leak. Stack trace of thread:
 java.lang.Object.wait(Native Method)
 java.lang.Object.wait(Unknown Source)
 java.util.TimerThread.mainLoop(Unknown Source)
 java.util.TimerThread.run(Unknown Source) [161]
-----------> WebappClassLoaderBase.clearReferencesThreads: The web application [webui] appears to have started a thread named [OracleTimeoutPollingThread] but has failed to stop it. This is very likely to create a memory leak. Stack trace of thread:
 java.lang.Thread.sleep(Native Method)
 oracle.jdbc.driver.OracleTimeoutPollingThread.run(OracleTimeoutPollingThread.java:150) [161]
-----------> WebappClassLoaderBase.clearReferencesThreads: The web application [webui] appears to have started a thread named [Thread-13] but has failed to stop it. This is very likely to create a memory leak. Stack trace of thread:
 java.net.DualStackPlainSocketImpl.accept0(Native Method)
 java.net.DualStackPlainSocketImpl.socketAccept(Unknown Source)
 java.net.AbstractPlainSocketImpl.accept(Unknown Source)
 java.net.PlainSocketImpl.accept(Unknown Source)
 java.net.ServerSocket.implAccept(Unknown Source)
 java.net.ServerSocket.accept(Unknown Source)
 org.adempiere.pos.test.SideServer.openServerSocket(SideServer.java:160)
 org.adempiere.pos.test.SideServer.run(SideServer.java:61)
 java.lang.Thread.run(Unknown Source) [161]
-----------> WebappClassLoaderBase.clearReferencesThreads: The web application [webui] appears to have started a thread named [Thread-15] but has failed to stop it. This is very likely to create a memory leak. Stack trace of thread:
 java.net.PlainSocketImpl.accept(Unknown Source)
 java.net.ServerSocket.implAccept(Unknown Source)
 java.net.ServerSocket.accept(Unknown Source)
 org.adempiere.pos.test.SideServer.openServerSocket(SideServer.java:160)
 org.adempiere.pos.test.SideServer.run(SideServer.java:61)
 java.lang.Thread.run(Unknown Source) [161]
-----------> MIssue.set_Value: LoggerName - Value too long - truncated to length=60 [25]
===========> [localhost].invoke: Exception Processing /webui/zkau/comet;jsessionid=EA191B57E415784BD4A28CC00BD79848 [25]
java.lang.NullPointerException
	at org.apache.catalina.core.StandardWrapperValve.invoke(StandardWrapperValve.java:259)
	at org.apache.catalina.core.StandardContextValve.invoke(StandardContextValve.java:94)
	at org.apache.catalina.authenticator.AuthenticatorBase.invoke(AuthenticatorBase.java:504)
	at org.apache.catalina.core.StandardHostValve.invoke(StandardHostValve.java:141)
	at org.apache.catalina.valves.ErrorReportValve.invoke(ErrorReportValve.java:79)
	at org.apache.catalina.valves.AbstractAccessLogValve.invoke(AbstractAccessLogValve.java:620)
	at org.apache.catalina.core.StandardEngineValve.invoke(StandardEngineValve.java:88)
	at org.apache.catalina.connector.CoyoteAdapter.service(CoyoteAdapter.java:502)
	at org.apache.coyote.http11.AbstractHttp11Processor.process(AbstractHttp11Processor.java:1132)
	at org.apache.coyote.AbstractProtocol$AbstractConnectionHandler.process(AbstractProtocol.java:684)
	at org.apache.tomcat.util.net.NioEndpoint$SocketProcessor.doRun(NioEndpoint.java:1533)
	at org.apache.tomcat.util.net.NioEndpoint$SocketProcessor.run(NioEndpoint.java:1489)
	at java.util.concurrent.ThreadPoolExecutor.runWorker(Unknown Source)
	at java.util.concurrent.ThreadPoolExecutor$Worker.run(Unknown Source)
	at org.apache.tomcat.util.threads.TaskThread$WrappingRunnable.run(TaskThread.java:61)
	at java.lang.Thread.run(Unknown Source)


*** 2017-09-25 13:52:48.544 Adempiere Log (CLogFile) ***
