*** 2017-09-25 15:50:03.805 Adempiere Log (CLogFile) ***
15:50:03.790 Adempiere.startup: ADempiere(r) Release 3.9.0_2017-08-01 -Smart Suite ERP,CRM and SCM- (c) 1999-2017 ADempiere(r); Implementation: ADempiere - Supported by ADempiere community [13]
15:50:03.823 Ini.loadProperties: C:\Users\AYAZ\Adempiere.properties #37 [13]
===========> DB.getSQLValueBD: SELECT COALESCE(SUM(currencyBase(invoiceOpen(C_Invoice_ID, C_InvoicePaySchedule_ID),C_Currency_ID, DateAcct, AD_Client_ID, AD_Org_ID)),0)
FROM C_Invoice_v C_Invoice WHERE IsSOTrx='Y' AND Processed='Y' AND C_Invoice.AD_Client_ID IN(0,11) AND C_Invoice.AD_Org_ID IN(0,11,12,50000,50002,50001,50004,50006,50005,50007) [47]
java.sql.SQLException: ORA-04063: view "CARSDEV.C_INVOICE_V" has errors
; State=72000; ErrorCode=4063
	at oracle.jdbc.driver.T4CTTIoer.processError(T4CTTIoer.java:447)
	at oracle.jdbc.driver.T4CTTIoer.processError(T4CTTIoer.java:396)
	at oracle.jdbc.driver.T4C8Oall.processError(T4C8Oall.java:951)
	at oracle.jdbc.driver.T4CTTIfun.receive(T4CTTIfun.java:513)
	at oracle.jdbc.driver.T4CTTIfun.doRPC(T4CTTIfun.java:227)
	at oracle.jdbc.driver.T4C8Oall.doOALL(T4C8Oall.java:531)
	at oracle.jdbc.driver.T4CPreparedStatement.doOall8(T4CPreparedStatement.java:208)
	at oracle.jdbc.driver.T4CPreparedStatement.executeForDescribe(T4CPreparedStatement.java:886)
	at oracle.jdbc.driver.OracleStatement.executeMaybeDescribe(OracleStatement.java:1175)
	at oracle.jdbc.driver.OracleStatement.doExecuteWithTimeout(OracleStatement.java:1296)
	at oracle.jdbc.driver.OraclePreparedStatement.executeInternal(OraclePreparedStatement.java:3613)
	at oracle.jdbc.driver.OraclePreparedStatement.executeQuery(OraclePreparedStatement.java:3657)
	at oracle.jdbc.driver.OraclePreparedStatementWrapper.executeQuery(OraclePreparedStatementWrapper.java:1495)
	at com.mchange.v2.c3p0.impl.NewProxyPreparedStatement.executeQuery(NewProxyPreparedStatement.java:76)
	at sun.reflect.GeneratedMethodAccessor21.invoke(Unknown Source)
	at sun.reflect.DelegatingMethodAccessorImpl.invoke(Unknown Source)
	at java.lang.reflect.Method.invoke(Unknown Source)
	at org.compiere.db.StatementProxy.invoke(StatementProxy.java:100)
	at com.sun.proxy.$Proxy3.executeQuery(Unknown Source)
	at org.compiere.util.DB.getSQLValueBDEx(DB.java:1457)
	at org.compiere.util.DB.getSQLValueBD(DB.java:1501)
	at org.compiere.model.MMeasure.updateCalculatedGoals(MMeasure.java:473)
	at org.compiere.model.MMeasure.updateGoals(MMeasure.java:360)
	at org.compiere.model.MGoal.updateGoal(MGoal.java:379)
	at org.compiere.model.MGoal.getUserGoals(MGoal.java:84)

-----------> Msg.translate: NOT found: Assignment [47]
===========> MLookup.run: C_MOMSTATUS.C_MOMSTATUS_ID, 1000071 : Loader - SELECT C_MOMSTATUS.C_MOMSTATUS_ID,NULL,NVL(C_MOMSTATUS.Name,'-1'),C_MOMSTATUS.IsActive FROM C_MOMSTATUS WHERE C_MOMSTATUS.AD_Client_ID IN(0,11) AND C_MOMSTATUS.AD_Org_ID IN(0,11,12,50000,50002,50001,50004,50006,50005,50007) AND (C_MOMSTATUS.C_MOMSTATUS_ID IS NULL OR C_MOMSTATUS.C_MOMSTATUS_ID NOT IN ( SELECT Record_ID FROM AD_Private_Access WHERE AD_Table_ID = 1000004 AND AD_User_ID <> 101 AND IsActive = 'Y' )) AND C_PaySelection.C_BankAccount_ID IS NOT NULL ORDER BY C_MOMSTATUS.NAME [64]
java.sql.SQLSyntaxErrorException: ORA-00904: "C_PAYSELECTION"."C_BANKACCOUNT_ID": invalid identifier
; State=42000; ErrorCode=904
	at oracle.jdbc.driver.T4CTTIoer.processError(T4CTTIoer.java:447)
	at oracle.jdbc.driver.T4CTTIoer.processError(T4CTTIoer.java:396)
	at oracle.jdbc.driver.T4C8Oall.processError(T4C8Oall.java:951)
	at oracle.jdbc.driver.T4CTTIfun.receive(T4CTTIfun.java:513)
	at oracle.jdbc.driver.T4CTTIfun.doRPC(T4CTTIfun.java:227)
	at oracle.jdbc.driver.T4C8Oall.doOALL(T4C8Oall.java:531)
	at oracle.jdbc.driver.T4CPreparedStatement.doOall8(T4CPreparedStatement.java:208)
	at oracle.jdbc.driver.T4CPreparedStatement.executeForDescribe(T4CPreparedStatement.java:886)
	at oracle.jdbc.driver.OracleStatement.executeMaybeDescribe(OracleStatement.java:1175)
	at oracle.jdbc.driver.OracleStatement.doExecuteWithTimeout(OracleStatement.java:1296)
	at oracle.jdbc.driver.OraclePreparedStatement.executeInternal(OraclePreparedStatement.java:3613)
	at oracle.jdbc.driver.OraclePreparedStatement.executeQuery(OraclePreparedStatement.java:3657)
	at oracle.jdbc.driver.OraclePreparedStatementWrapper.executeQuery(OraclePreparedStatementWrapper.java:1495)
	at com.mchange.v2.c3p0.impl.NewProxyPreparedStatement.executeQuery(NewProxyPreparedStatement.java:76)
	at sun.reflect.GeneratedMethodAccessor21.invoke(Unknown Source)
	at sun.reflect.DelegatingMethodAccessorImpl.invoke(Unknown Source)
	at java.lang.reflect.Method.invoke(Unknown Source)
	at org.compiere.db.StatementProxy.invoke(StatementProxy.java:100)
	at com.sun.proxy.$Proxy3.executeQuery(Unknown Source)
	at org.compiere.model.MLookup$MLoader.run(MLookup.java:747)

===========> CalloutMom.start: start: getNextItemNbr [47]
java.lang.NullPointerException
	at org.compiere.model.CalloutMom.getNextItemNbr(CalloutMom.java:43)
	at sun.reflect.NativeMethodAccessorImpl.invoke0(Native Method)
	at sun.reflect.NativeMethodAccessorImpl.invoke(Unknown Source)
	at sun.reflect.DelegatingMethodAccessorImpl.invoke(Unknown Source)
	at java.lang.reflect.Method.invoke(Unknown Source)
	at org.compiere.model.CalloutEngine.start(CalloutEngine.java:108)
	at org.compiere.model.GridTab.processCallout(GridTab.java:2868)
	at org.compiere.model.GridTab.processFieldChange(GridTab.java:2682)
	at org.adempiere.webui.panel.ADTabPanel.dataStatusChanged(ADTabPanel.java:1101)
	at org.compiere.model.GridTab.fireDataStatusChanged(GridTab.java:2297)
	at org.compiere.model.GridTab.dataStatusChanged(GridTab.java:2270)
	at org.compiere.model.GridTable.fireDataStatusChanged(GridTable.java:3193)
	at org.compiere.model.GridTable.setValueAt(GridTable.java:1241)
	at org.compiere.model.GridTable.setValueAt(GridTable.java:1166)

===========> GridTab.processCallout: java.lang.NullPointerException [47]
-----------> Msg.getMsg: NOT found: java.lang.NullPointerException [47]
===========> MLookup.run: C_MOMSTATUS.C_MOMSTATUS_ID, 1000071 : Loader - SELECT C_MOMSTATUS.C_MOMSTATUS_ID,NULL,NVL(C_MOMSTATUS.Name,'-1'),C_MOMSTATUS.IsActive FROM C_MOMSTATUS WHERE C_MOMSTATUS.AD_Client_ID IN(0,11) AND C_MOMSTATUS.AD_Org_ID IN(0,11,12,50000,50002,50001,50004,50006,50005,50007) AND (C_MOMSTATUS.C_MOMSTATUS_ID IS NULL OR C_MOMSTATUS.C_MOMSTATUS_ID NOT IN ( SELECT Record_ID FROM AD_Private_Access WHERE AD_Table_ID = 1000004 AND AD_User_ID <> 101 AND IsActive = 'Y' )) AND C_PaySelection.C_BankAccount_ID IS NOT NULL ORDER BY C_MOMSTATUS.NAME [66]
java.sql.SQLSyntaxErrorException: ORA-00904: "C_PAYSELECTION"."C_BANKACCOUNT_ID": invalid identifier
; State=42000; ErrorCode=904
	at oracle.jdbc.driver.T4CTTIoer.processError(T4CTTIoer.java:447)
	at oracle.jdbc.driver.T4CTTIoer.processError(T4CTTIoer.java:396)
	at oracle.jdbc.driver.T4C8Oall.processError(T4C8Oall.java:951)
	at oracle.jdbc.driver.T4CTTIfun.receive(T4CTTIfun.java:513)
	at oracle.jdbc.driver.T4CTTIfun.doRPC(T4CTTIfun.java:227)
	at oracle.jdbc.driver.T4C8Oall.doOALL(T4C8Oall.java:531)
	at oracle.jdbc.driver.T4CPreparedStatement.doOall8(T4CPreparedStatement.java:208)
	at oracle.jdbc.driver.T4CPreparedStatement.executeForDescribe(T4CPreparedStatement.java:886)
	at oracle.jdbc.driver.OracleStatement.executeMaybeDescribe(OracleStatement.java:1175)
	at oracle.jdbc.driver.OracleStatement.doExecuteWithTimeout(OracleStatement.java:1296)
	at oracle.jdbc.driver.OraclePreparedStatement.executeInternal(OraclePreparedStatement.java:3613)
	at oracle.jdbc.driver.OraclePreparedStatement.executeQuery(OraclePreparedStatement.java:3657)
	at oracle.jdbc.driver.OraclePreparedStatementWrapper.executeQuery(OraclePreparedStatementWrapper.java:1495)
	at com.mchange.v2.c3p0.impl.NewProxyPreparedStatement.executeQuery(NewProxyPreparedStatement.java:76)
	at sun.reflect.GeneratedMethodAccessor21.invoke(Unknown Source)
	at sun.reflect.DelegatingMethodAccessorImpl.invoke(Unknown Source)
	at java.lang.reflect.Method.invoke(Unknown Source)
	at org.compiere.db.StatementProxy.invoke(StatementProxy.java:100)
	at com.sun.proxy.$Proxy3.executeQuery(Unknown Source)
	at org.compiere.model.MLookup$MLoader.run(MLookup.java:747)

===========> CalloutMom.start: start: getNextItemNbr [47]
java.lang.NullPointerException
	at org.compiere.model.CalloutMom.getNextItemNbr(CalloutMom.java:43)
	at sun.reflect.NativeMethodAccessorImpl.invoke0(Native Method)
	at sun.reflect.NativeMethodAccessorImpl.invoke(Unknown Source)
	at sun.reflect.DelegatingMethodAccessorImpl.invoke(Unknown Source)
	at java.lang.reflect.Method.invoke(Unknown Source)
	at org.compiere.model.CalloutEngine.start(CalloutEngine.java:108)
	at org.compiere.model.GridTab.processCallout(GridTab.java:2868)
	at org.compiere.model.GridTab.lambda$1(GridTab.java:1163)
	at java.util.Spliterators$ArraySpliterator.forEachRemaining(Unknown Source)
	at java.util.stream.ReferencePipeline$Head.forEach(Unknown Source)
	at org.compiere.model.GridTab.dataNew(GridTab.java:1163)
	at org.adempiere.webui.panel.AbstractADWindowPanel.onNew(AbstractADWindowPanel.java:1484)
	at org.adempiere.webui.panel.AbstractADWindowPanel.setActiveTab(AbstractADWindowPanel.java:1139)
	at org.adempiere.webui.panel.AbstractADWindowPanel.onEvent(AbstractADWindowPanel.java:1006)
	at org.adempiere.webui.panel.ADWindowPanel.onEvent(ADWindowPanel.java:283)
	at org.adempiere.webui.component.ADButtonTabList.onEvent(ADButtonTabList.java:175)
	at org.zkoss.zk.ui.impl.EventProcessor.process0(EventProcessor.java:197)
	at org.zkoss.zk.ui.impl.EventProcessor.process(EventProcessor.java:141)
	at org.zkoss.zk.ui.impl.EventProcessingThreadImpl.process0(EventProcessingThreadImpl.java:519)
	at org.zkoss.zk.ui.impl.EventProcessingThreadImpl.run(EventProcessingThreadImpl.java:446)

===========> GridTab.processCallout: java.lang.NullPointerException [47]
===========> MLookup.run: C_MOMSTATUS.C_MOMSTATUS_ID, 1000071 : Loader - SELECT C_MOMSTATUS.C_MOMSTATUS_ID,NULL,NVL(C_MOMSTATUS.Name,'-1'),C_MOMSTATUS.IsActive FROM C_MOMSTATUS WHERE C_MOMSTATUS.AD_Client_ID IN(0,11) AND C_MOMSTATUS.AD_Org_ID IN(0,11,12,50000,50002,50001,50004,50006,50005,50007) AND (C_MOMSTATUS.C_MOMSTATUS_ID IS NULL OR C_MOMSTATUS.C_MOMSTATUS_ID NOT IN ( SELECT Record_ID FROM AD_Private_Access WHERE AD_Table_ID = 1000004 AND AD_User_ID <> 101 AND IsActive = 'Y' )) AND C_PaySelection.C_BankAccount_ID IS NOT NULL ORDER BY C_MOMSTATUS.NAME [68]
java.sql.SQLSyntaxErrorException: ORA-00904: "C_PAYSELECTION"."C_BANKACCOUNT_ID": invalid identifier
; State=42000; ErrorCode=904
	at oracle.jdbc.driver.T4CTTIoer.processError(T4CTTIoer.java:447)
	at oracle.jdbc.driver.T4CTTIoer.processError(T4CTTIoer.java:396)
	at oracle.jdbc.driver.T4C8Oall.processError(T4C8Oall.java:951)
	at oracle.jdbc.driver.T4CTTIfun.receive(T4CTTIfun.java:513)
	at oracle.jdbc.driver.T4CTTIfun.doRPC(T4CTTIfun.java:227)
	at oracle.jdbc.driver.T4C8Oall.doOALL(T4C8Oall.java:531)
	at oracle.jdbc.driver.T4CPreparedStatement.doOall8(T4CPreparedStatement.java:208)
	at oracle.jdbc.driver.T4CPreparedStatement.executeForDescribe(T4CPreparedStatement.java:886)
	at oracle.jdbc.driver.OracleStatement.executeMaybeDescribe(OracleStatement.java:1175)
	at oracle.jdbc.driver.OracleStatement.doExecuteWithTimeout(OracleStatement.java:1296)
	at oracle.jdbc.driver.OraclePreparedStatement.executeInternal(OraclePreparedStatement.java:3613)
	at oracle.jdbc.driver.OraclePreparedStatement.executeQuery(OraclePreparedStatement.java:3657)
	at oracle.jdbc.driver.OraclePreparedStatementWrapper.executeQuery(OraclePreparedStatementWrapper.java:1495)
	at com.mchange.v2.c3p0.impl.NewProxyPreparedStatement.executeQuery(NewProxyPreparedStatement.java:76)
	at sun.reflect.GeneratedMethodAccessor21.invoke(Unknown Source)
	at sun.reflect.DelegatingMethodAccessorImpl.invoke(Unknown Source)
	at java.lang.reflect.Method.invoke(Unknown Source)
	at org.compiere.db.StatementProxy.invoke(StatementProxy.java:100)
	at com.sun.proxy.$Proxy3.executeQuery(Unknown Source)
	at org.compiere.model.MLookup$MLoader.run(MLookup.java:747)

-----------> AbstractADWindowPanel.onNew: Insert Record disabled for Tab [47]
-----------> Msg.translate: NOT found: Assignment [65]
===========> MProductPricing.calculatePriceBasedOnPriceList: SELECT bomPriceStd(p.M_Product_ID,pv.M_PriceList_Version_ID) AS PriceStd, bomPriceList(p.M_Product_ID,pv.M_PriceList_Version_ID) AS PriceList, bomPriceLimit(p.M_Product_ID,pv.M_PriceList_Version_ID) AS PriceLimit, p.C_UOM_ID,pv.ValidFrom,pl.C_Currency_ID,p.M_Product_Category_ID,pl.EnforcePriceLimit FROM M_Product p INNER JOIN M_ProductPrice pp ON (p.M_Product_ID=pp.M_Product_ID) INNER JOIN  M_PriceList_Version pv ON (pp.M_PriceList_Version_ID=pv.M_PriceList_Version_ID) INNER JOIN M_Pricelist pl ON (pv.M_PriceList_ID=pl.M_PriceList_ID) WHERE pv.IsActive='Y' AND pp.IsActive='Y' AND p.M_Product_ID=? AND pv.M_PriceList_ID=? ORDER BY pv.ValidFrom DESC [65]
java.sql.SQLException: ORA-06575: Package or function BOMPRICELIMIT is in an invalid state
; State=65000; ErrorCode=6575
	at oracle.jdbc.driver.T4CTTIoer.processError(T4CTTIoer.java:447)
	at oracle.jdbc.driver.T4CTTIoer.processError(T4CTTIoer.java:396)
	at oracle.jdbc.driver.T4C8Oall.processError(T4C8Oall.java:951)
	at oracle.jdbc.driver.T4CTTIfun.receive(T4CTTIfun.java:513)
	at oracle.jdbc.driver.T4CTTIfun.doRPC(T4CTTIfun.java:227)
	at oracle.jdbc.driver.T4C8Oall.doOALL(T4C8Oall.java:531)
	at oracle.jdbc.driver.T4CPreparedStatement.doOall8(T4CPreparedStatement.java:208)
	at oracle.jdbc.driver.T4CPreparedStatement.executeForDescribe(T4CPreparedStatement.java:886)
	at oracle.jdbc.driver.OracleStatement.executeMaybeDescribe(OracleStatement.java:1175)
	at oracle.jdbc.driver.OracleStatement.doExecuteWithTimeout(OracleStatement.java:1296)
	at oracle.jdbc.driver.OraclePreparedStatement.executeInternal(OraclePreparedStatement.java:3613)
	at oracle.jdbc.driver.OraclePreparedStatement.executeQuery(OraclePreparedStatement.java:3657)
	at oracle.jdbc.driver.OraclePreparedStatementWrapper.executeQuery(OraclePreparedStatementWrapper.java:1495)
	at com.mchange.v2.c3p0.impl.NewProxyPreparedStatement.executeQuery(NewProxyPreparedStatement.java:76)
	at sun.reflect.GeneratedMethodAccessor21.invoke(Unknown Source)
	at sun.reflect.DelegatingMethodAccessorImpl.invoke(Unknown Source)
	at java.lang.reflect.Method.invoke(Unknown Source)
	at org.compiere.db.StatementProxy.invoke(StatementProxy.java:100)
	at com.sun.proxy.$Proxy3.executeQuery(Unknown Source)
	at org.compiere.model.MProductPricing.calculatePriceBasedOnPriceList(MProductPricing.java:264)
	at org.compiere.model.MProductPricing.calculatePrice(MProductPricing.java:140)

===========> MProductPricing.calculatePriceBasedOnBasePriceList: SELECT bomPriceStd(p.M_Product_ID,pv.M_PriceList_Version_ID) AS PriceStd, bomPriceList(p.M_Product_ID,pv.M_PriceList_Version_ID) AS PriceList, bomPriceLimit(p.M_Product_ID,pv.M_PriceList_Version_ID) AS PriceLimit, p.C_UOM_ID,pv.ValidFrom,pl.C_Currency_ID,p.M_Product_Category_ID, pl.EnforcePriceLimit, pl.IsTaxIncluded FROM M_Product p INNER JOIN M_ProductPrice pp ON (p.M_Product_ID=pp.M_Product_ID) INNER JOIN M_PriceList_Version pv ON (pp.M_PriceList_Version_ID=pv.M_PriceList_Version_ID) INNER JOIN M_PriceList pl ON (pv.M_PriceList_ID=pl.M_PriceList_ID)WHERE pv.IsActive='Y' AND pp.IsActive='Y' AND p.M_Product_ID=? AND EXISTS (SELECT 1 FROM M_PriceList_Version plv WHERE plv.IsActive='Y'  AND plv.M_PriceList_ID=? AND pp.M_PriceList_Version_ID=plv.M_PriceList_Version_Base_ID) ORDER BY pv.ValidFrom DESC [65]
java.sql.SQLException: ORA-06575: Package or function BOMPRICELIMIT is in an invalid state
; State=65000; ErrorCode=6575
	at oracle.jdbc.driver.T4CTTIoer.processError(T4CTTIoer.java:447)
	at oracle.jdbc.driver.T4CTTIoer.processError(T4CTTIoer.java:396)
	at oracle.jdbc.driver.T4C8Oall.processError(T4C8Oall.java:951)
	at oracle.jdbc.driver.T4CTTIfun.receive(T4CTTIfun.java:513)
	at oracle.jdbc.driver.T4CTTIfun.doRPC(T4CTTIfun.java:227)
	at oracle.jdbc.driver.T4C8Oall.doOALL(T4C8Oall.java:531)
	at oracle.jdbc.driver.T4CPreparedStatement.doOall8(T4CPreparedStatement.java:208)
	at oracle.jdbc.driver.T4CPreparedStatement.executeForDescribe(T4CPreparedStatement.java:886)
	at oracle.jdbc.driver.OracleStatement.executeMaybeDescribe(OracleStatement.java:1175)
	at oracle.jdbc.driver.OracleStatement.doExecuteWithTimeout(OracleStatement.java:1296)
	at oracle.jdbc.driver.OraclePreparedStatement.executeInternal(OraclePreparedStatement.java:3613)
	at oracle.jdbc.driver.OraclePreparedStatement.executeQuery(OraclePreparedStatement.java:3657)
	at oracle.jdbc.driver.OraclePreparedStatementWrapper.executeQuery(OraclePreparedStatementWrapper.java:1495)
	at com.mchange.v2.c3p0.impl.NewProxyPreparedStatement.executeQuery(NewProxyPreparedStatement.java:76)
	at sun.reflect.GeneratedMethodAccessor21.invoke(Unknown Source)
	at sun.reflect.DelegatingMethodAccessorImpl.invoke(Unknown Source)
	at java.lang.reflect.Method.invoke(Unknown Source)
	at org.compiere.db.StatementProxy.invoke(StatementProxy.java:100)
	at com.sun.proxy.$Proxy3.executeQuery(Unknown Source)
	at org.compiere.model.MProductPricing.calculatePriceBasedOnBasePriceList(MProductPricing.java:345)
	at org.compiere.model.MProductPricing.calculatePrice(MProductPricing.java:143)

===========> MProductPricing.calculatePriceBasedOnPriceList: SELECT bomPriceStd(p.M_Product_ID,pv.M_PriceList_Version_ID) AS PriceStd, bomPriceList(p.M_Product_ID,pv.M_PriceList_Version_ID) AS PriceList, bomPriceLimit(p.M_Product_ID,pv.M_PriceList_Version_ID) AS PriceLimit, p.C_UOM_ID,pv.ValidFrom,pl.C_Currency_ID,p.M_Product_Category_ID,pl.EnforcePriceLimit FROM M_Product p INNER JOIN M_ProductPrice pp ON (p.M_Product_ID=pp.M_Product_ID) INNER JOIN  M_PriceList_Version pv ON (pp.M_PriceList_Version_ID=pv.M_PriceList_Version_ID) INNER JOIN M_Pricelist pl ON (pv.M_PriceList_ID=pl.M_PriceList_ID) WHERE pv.IsActive='Y' AND pp.IsActive='Y' AND p.M_Product_ID=? AND pv.M_PriceList_ID=? ORDER BY pv.ValidFrom DESC [65]
java.sql.SQLException: ORA-06575: Package or function BOMPRICELIMIT is in an invalid state
; State=65000; ErrorCode=6575
	at oracle.jdbc.driver.T4CTTIoer.processError(T4CTTIoer.java:447)
	at oracle.jdbc.driver.T4CTTIoer.processError(T4CTTIoer.java:396)
	at oracle.jdbc.driver.T4C8Oall.processError(T4C8Oall.java:951)
	at oracle.jdbc.driver.T4CTTIfun.receive(T4CTTIfun.java:513)
	at oracle.jdbc.driver.T4CTTIfun.doRPC(T4CTTIfun.java:227)
	at oracle.jdbc.driver.T4C8Oall.doOALL(T4C8Oall.java:531)
	at oracle.jdbc.driver.T4CPreparedStatement.doOall8(T4CPreparedStatement.java:208)
	at oracle.jdbc.driver.T4CPreparedStatement.executeForDescribe(T4CPreparedStatement.java:886)
	at oracle.jdbc.driver.OracleStatement.executeMaybeDescribe(OracleStatement.java:1175)
	at oracle.jdbc.driver.OracleStatement.doExecuteWithTimeout(OracleStatement.java:1296)
	at oracle.jdbc.driver.OraclePreparedStatement.executeInternal(OraclePreparedStatement.java:3613)
	at oracle.jdbc.driver.OraclePreparedStatement.executeQuery(OraclePreparedStatement.java:3657)
	at oracle.jdbc.driver.OraclePreparedStatementWrapper.executeQuery(OraclePreparedStatementWrapper.java:1495)
	at com.mchange.v2.c3p0.impl.NewProxyPreparedStatement.executeQuery(NewProxyPreparedStatement.java:76)
	at sun.reflect.GeneratedMethodAccessor21.invoke(Unknown Source)
	at sun.reflect.DelegatingMethodAccessorImpl.invoke(Unknown Source)
	at java.lang.reflect.Method.invoke(Unknown Source)
	at org.compiere.db.StatementProxy.invoke(StatementProxy.java:100)
	at com.sun.proxy.$Proxy3.executeQuery(Unknown Source)
	at org.compiere.model.MProductPricing.calculatePriceBasedOnPriceList(MProductPricing.java:264)
	at org.compiere.model.MProductPricing.calculatePrice(MProductPricing.java:140)

===========> MProductPricing.calculatePriceBasedOnBasePriceList: SELECT bomPriceStd(p.M_Product_ID,pv.M_PriceList_Version_ID) AS PriceStd, bomPriceList(p.M_Product_ID,pv.M_PriceList_Version_ID) AS PriceList, bomPriceLimit(p.M_Product_ID,pv.M_PriceList_Version_ID) AS PriceLimit, p.C_UOM_ID,pv.ValidFrom,pl.C_Currency_ID,p.M_Product_Category_ID, pl.EnforcePriceLimit, pl.IsTaxIncluded FROM M_Product p INNER JOIN M_ProductPrice pp ON (p.M_Product_ID=pp.M_Product_ID) INNER JOIN M_PriceList_Version pv ON (pp.M_PriceList_Version_ID=pv.M_PriceList_Version_ID) INNER JOIN M_PriceList pl ON (pv.M_PriceList_ID=pl.M_PriceList_ID)WHERE pv.IsActive='Y' AND pp.IsActive='Y' AND p.M_Product_ID=? AND EXISTS (SELECT 1 FROM M_PriceList_Version plv WHERE plv.IsActive='Y'  AND plv.M_PriceList_ID=? AND pp.M_PriceList_Version_ID=plv.M_PriceList_Version_Base_ID) ORDER BY pv.ValidFrom DESC [65]
java.sql.SQLException: ORA-06575: Package or function BOMPRICELIMIT is in an invalid state
; State=65000; ErrorCode=6575
	at oracle.jdbc.driver.T4CTTIoer.processError(T4CTTIoer.java:447)
	at oracle.jdbc.driver.T4CTTIoer.processError(T4CTTIoer.java:396)
	at oracle.jdbc.driver.T4C8Oall.processError(T4C8Oall.java:951)
	at oracle.jdbc.driver.T4CTTIfun.receive(T4CTTIfun.java:513)
	at oracle.jdbc.driver.T4CTTIfun.doRPC(T4CTTIfun.java:227)
	at oracle.jdbc.driver.T4C8Oall.doOALL(T4C8Oall.java:531)
	at oracle.jdbc.driver.T4CPreparedStatement.doOall8(T4CPreparedStatement.java:208)
	at oracle.jdbc.driver.T4CPreparedStatement.executeForDescribe(T4CPreparedStatement.java:886)
	at oracle.jdbc.driver.OracleStatement.executeMaybeDescribe(OracleStatement.java:1175)
	at oracle.jdbc.driver.OracleStatement.doExecuteWithTimeout(OracleStatement.java:1296)
	at oracle.jdbc.driver.OraclePreparedStatement.executeInternal(OraclePreparedStatement.java:3613)
	at oracle.jdbc.driver.OraclePreparedStatement.executeQuery(OraclePreparedStatement.java:3657)
	at oracle.jdbc.driver.OraclePreparedStatementWrapper.executeQuery(OraclePreparedStatementWrapper.java:1495)
	at com.mchange.v2.c3p0.impl.NewProxyPreparedStatement.executeQuery(NewProxyPreparedStatement.java:76)
	at sun.reflect.GeneratedMethodAccessor21.invoke(Unknown Source)
	at sun.reflect.DelegatingMethodAccessorImpl.invoke(Unknown Source)
	at java.lang.reflect.Method.invoke(Unknown Source)
	at org.compiere.db.StatementProxy.invoke(StatementProxy.java:100)
	at com.sun.proxy.$Proxy3.executeQuery(Unknown Source)
	at org.compiere.model.MProductPricing.calculatePriceBasedOnBasePriceList(MProductPricing.java:345)
	at org.compiere.model.MProductPricing.calculatePrice(MProductPricing.java:143)

-----------> GridField.getDefault: (C_BPartner_ID) - Default SQL variable parse failed: @SQL=SELECT C_BPartner_ID AS DefaultValue FROM C_Order WHERE C_Order_ID=@C_Order_ID@ [65]
-----------> GridField.getDefault: (Line) - Default SQL variable parse failed: @SQL=SELECT COALESCE(MAX(Line),0)+10 AS DefaultValue FROM C_OrderLine WHERE C_Order_ID=@C_Order_ID@ [65]
===========> MProductPricing.calculatePriceBasedOnPriceList: SELECT bomPriceStd(p.M_Product_ID,pv.M_PriceList_Version_ID) AS PriceStd, bomPriceList(p.M_Product_ID,pv.M_PriceList_Version_ID) AS PriceList, bomPriceLimit(p.M_Product_ID,pv.M_PriceList_Version_ID) AS PriceLimit, p.C_UOM_ID,pv.ValidFrom,pl.C_Currency_ID,p.M_Product_Category_ID,pl.EnforcePriceLimit FROM M_Product p INNER JOIN M_ProductPrice pp ON (p.M_Product_ID=pp.M_Product_ID) INNER JOIN  M_PriceList_Version pv ON (pp.M_PriceList_Version_ID=pv.M_PriceList_Version_ID) INNER JOIN M_Pricelist pl ON (pv.M_PriceList_ID=pl.M_PriceList_ID) WHERE pv.IsActive='Y' AND pp.IsActive='Y' AND p.M_Product_ID=? AND pv.M_PriceList_ID=? ORDER BY pv.ValidFrom DESC [65]
java.sql.SQLException: ORA-06575: Package or function BOMPRICELIMIT is in an invalid state
; State=65000; ErrorCode=6575
	at oracle.jdbc.driver.T4CTTIoer.processError(T4CTTIoer.java:447)
	at oracle.jdbc.driver.T4CTTIoer.processError(T4CTTIoer.java:396)
	at oracle.jdbc.driver.T4C8Oall.processError(T4C8Oall.java:951)
	at oracle.jdbc.driver.T4CTTIfun.receive(T4CTTIfun.java:513)
	at oracle.jdbc.driver.T4CTTIfun.doRPC(T4CTTIfun.java:227)
	at oracle.jdbc.driver.T4C8Oall.doOALL(T4C8Oall.java:531)
	at oracle.jdbc.driver.T4CPreparedStatement.doOall8(T4CPreparedStatement.java:208)
	at oracle.jdbc.driver.T4CPreparedStatement.executeForDescribe(T4CPreparedStatement.java:886)
	at oracle.jdbc.driver.OracleStatement.executeMaybeDescribe(OracleStatement.java:1175)
	at oracle.jdbc.driver.OracleStatement.doExecuteWithTimeout(OracleStatement.java:1296)
	at oracle.jdbc.driver.OraclePreparedStatement.executeInternal(OraclePreparedStatement.java:3613)
	at oracle.jdbc.driver.OraclePreparedStatement.executeQuery(OraclePreparedStatement.java:3657)
	at oracle.jdbc.driver.OraclePreparedStatementWrapper.executeQuery(OraclePreparedStatementWrapper.java:1495)
	at com.mchange.v2.c3p0.impl.NewProxyPreparedStatement.executeQuery(NewProxyPreparedStatement.java:76)
	at sun.reflect.GeneratedMethodAccessor21.invoke(Unknown Source)
	at sun.reflect.DelegatingMethodAccessorImpl.invoke(Unknown Source)
	at java.lang.reflect.Method.invoke(Unknown Source)
	at org.compiere.db.StatementProxy.invoke(StatementProxy.java:100)
	at com.sun.proxy.$Proxy3.executeQuery(Unknown Source)
	at org.compiere.model.MProductPricing.calculatePriceBasedOnPriceList(MProductPricing.java:264)
	at org.compiere.model.MProductPricing.calculatePrice(MProductPricing.java:140)
	at org.compiere.model.MOrderLine.getProductPricing(MOrderLine.java:340)
	at org.compiere.model.MOrderLine.setPrice(MOrderLine.java:308)
	at org.compiere.model.MOrderLine.setPrice(MOrderLine.java:295)

===========> MProductPricing.calculatePriceBasedOnBasePriceList: SELECT bomPriceStd(p.M_Product_ID,pv.M_PriceList_Version_ID) AS PriceStd, bomPriceList(p.M_Product_ID,pv.M_PriceList_Version_ID) AS PriceList, bomPriceLimit(p.M_Product_ID,pv.M_PriceList_Version_ID) AS PriceLimit, p.C_UOM_ID,pv.ValidFrom,pl.C_Currency_ID,p.M_Product_Category_ID, pl.EnforcePriceLimit, pl.IsTaxIncluded FROM M_Product p INNER JOIN M_ProductPrice pp ON (p.M_Product_ID=pp.M_Product_ID) INNER JOIN M_PriceList_Version pv ON (pp.M_PriceList_Version_ID=pv.M_PriceList_Version_ID) INNER JOIN M_PriceList pl ON (pv.M_PriceList_ID=pl.M_PriceList_ID)WHERE pv.IsActive='Y' AND pp.IsActive='Y' AND p.M_Product_ID=? AND EXISTS (SELECT 1 FROM M_PriceList_Version plv WHERE plv.IsActive='Y'  AND plv.M_PriceList_ID=? AND pp.M_PriceList_Version_ID=plv.M_PriceList_Version_Base_ID) ORDER BY pv.ValidFrom DESC [65]
java.sql.SQLException: ORA-06575: Package or function BOMPRICELIMIT is in an invalid state
; State=65000; ErrorCode=6575
	at oracle.jdbc.driver.T4CTTIoer.processError(T4CTTIoer.java:447)
	at oracle.jdbc.driver.T4CTTIoer.processError(T4CTTIoer.java:396)
	at oracle.jdbc.driver.T4C8Oall.processError(T4C8Oall.java:951)
	at oracle.jdbc.driver.T4CTTIfun.receive(T4CTTIfun.java:513)
	at oracle.jdbc.driver.T4CTTIfun.doRPC(T4CTTIfun.java:227)
	at oracle.jdbc.driver.T4C8Oall.doOALL(T4C8Oall.java:531)
	at oracle.jdbc.driver.T4CPreparedStatement.doOall8(T4CPreparedStatement.java:208)
	at oracle.jdbc.driver.T4CPreparedStatement.executeForDescribe(T4CPreparedStatement.java:886)
	at oracle.jdbc.driver.OracleStatement.executeMaybeDescribe(OracleStatement.java:1175)
	at oracle.jdbc.driver.OracleStatement.doExecuteWithTimeout(OracleStatement.java:1296)
	at oracle.jdbc.driver.OraclePreparedStatement.executeInternal(OraclePreparedStatement.java:3613)
	at oracle.jdbc.driver.OraclePreparedStatement.executeQuery(OraclePreparedStatement.java:3657)
	at oracle.jdbc.driver.OraclePreparedStatementWrapper.executeQuery(OraclePreparedStatementWrapper.java:1495)
	at com.mchange.v2.c3p0.impl.NewProxyPreparedStatement.executeQuery(NewProxyPreparedStatement.java:76)
	at sun.reflect.GeneratedMethodAccessor21.invoke(Unknown Source)
	at sun.reflect.DelegatingMethodAccessorImpl.invoke(Unknown Source)
	at java.lang.reflect.Method.invoke(Unknown Source)
	at org.compiere.db.StatementProxy.invoke(StatementProxy.java:100)
	at com.sun.proxy.$Proxy3.executeQuery(Unknown Source)
	at org.compiere.model.MProductPricing.calculatePriceBasedOnBasePriceList(MProductPricing.java:345)
	at org.compiere.model.MProductPricing.calculatePrice(MProductPricing.java:143)
	at org.compiere.model.MOrderLine.getProductPricing(MOrderLine.java:340)
	at org.compiere.model.MOrderLine.setPrice(MOrderLine.java:308)
	at org.compiere.model.MOrderLine.setPrice(MOrderLine.java:295)

-----------> MOrderLine.save: beforeSave - MOrderLine[0, Line=0, Ordered=1, Delivered=0, Invoiced=0, Reserved=0, LineNet=0] [65]
org.adempiere.exceptions.ProductNotOnPriceListException: Product is not on PriceList - Product:Rose Bush, Price List:Standard, Date:09/25/2017
	at org.compiere.model.MOrderLine.beforeSave(MOrderLine.java:782)
	at org.compiere.model.PO.save(PO.java:2134)
	at org.compiere.model.PO.saveEx(PO.java:2279)
	at org.adempiere.pos.service.CPOS.addOrUpdateLine(CPOS.java:1009)
	at org.adempiere.pos.service.CPOS.addOrUpdate(CPOS.java:1032)
	at org.adempiere.pos.WPOS.addOrUpdateLine(WPOS.java:458)
	at org.adempiere.pos.WPOSDocumentPanel.keyReturned(WPOSDocumentPanel.java:309)
	at org.adempiere.pos.WPOSKeyPanel.onEvent(WPOSKeyPanel.java:420)
	at org.zkoss.zk.ui.impl.EventProcessor.process0(EventProcessor.java:197)
	at org.zkoss.zk.ui.impl.EventProcessor.process(EventProcessor.java:141)
	at org.zkoss.zk.ui.impl.EventProcessingThreadImpl.process0(EventProcessingThreadImpl.java:519)
	at org.zkoss.zk.ui.impl.EventProcessingThreadImpl.run(EventProcessingThreadImpl.java:446)

-----------> WPOS.addOrUpdateLine: POS Error Product is not on PriceList - Product:Rose Bush, Price List:Standard, Date:09/25/2017 [65]
-----------> Msg.getMsg: NOT found: Product is not on PriceList - Product:Rose Bush, Price List:Standard, Date:09/25/2017 [65]
===========> MProductPricing.calculatePriceBasedOnPriceList: SELECT bomPriceStd(p.M_Product_ID,pv.M_PriceList_Version_ID) AS PriceStd, bomPriceList(p.M_Product_ID,pv.M_PriceList_Version_ID) AS PriceList, bomPriceLimit(p.M_Product_ID,pv.M_PriceList_Version_ID) AS PriceLimit, p.C_UOM_ID,pv.ValidFrom,pl.C_Currency_ID,p.M_Product_Category_ID,pl.EnforcePriceLimit FROM M_Product p INNER JOIN M_ProductPrice pp ON (p.M_Product_ID=pp.M_Product_ID) INNER JOIN  M_PriceList_Version pv ON (pp.M_PriceList_Version_ID=pv.M_PriceList_Version_ID) INNER JOIN M_Pricelist pl ON (pv.M_PriceList_ID=pl.M_PriceList_ID) WHERE pv.IsActive='Y' AND pp.IsActive='Y' AND p.M_Product_ID=? AND pv.M_PriceList_ID=? ORDER BY pv.ValidFrom DESC [65]
java.sql.SQLException: ORA-06575: Package or function BOMPRICELIMIT is in an invalid state
; State=65000; ErrorCode=6575
	at oracle.jdbc.driver.T4CTTIoer.processError(T4CTTIoer.java:447)
	at oracle.jdbc.driver.T4CTTIoer.processError(T4CTTIoer.java:396)
	at oracle.jdbc.driver.T4C8Oall.processError(T4C8Oall.java:951)
	at oracle.jdbc.driver.T4CTTIfun.receive(T4CTTIfun.java:513)
	at oracle.jdbc.driver.T4CTTIfun.doRPC(T4CTTIfun.java:227)
	at oracle.jdbc.driver.T4C8Oall.doOALL(T4C8Oall.java:531)
	at oracle.jdbc.driver.T4CPreparedStatement.doOall8(T4CPreparedStatement.java:208)
	at oracle.jdbc.driver.T4CPreparedStatement.executeForDescribe(T4CPreparedStatement.java:886)
	at oracle.jdbc.driver.OracleStatement.executeMaybeDescribe(OracleStatement.java:1175)
	at oracle.jdbc.driver.OracleStatement.doExecuteWithTimeout(OracleStatement.java:1296)
	at oracle.jdbc.driver.OraclePreparedStatement.executeInternal(OraclePreparedStatement.java:3613)
	at oracle.jdbc.driver.OraclePreparedStatement.executeQuery(OraclePreparedStatement.java:3657)
	at oracle.jdbc.driver.OraclePreparedStatementWrapper.executeQuery(OraclePreparedStatementWrapper.java:1495)
	at com.mchange.v2.c3p0.impl.NewProxyPreparedStatement.executeQuery(NewProxyPreparedStatement.java:76)
	at sun.reflect.GeneratedMethodAccessor21.invoke(Unknown Source)
	at sun.reflect.DelegatingMethodAccessorImpl.invoke(Unknown Source)
	at java.lang.reflect.Method.invoke(Unknown Source)
	at org.compiere.db.StatementProxy.invoke(StatementProxy.java:100)
	at com.sun.proxy.$Proxy3.executeQuery(Unknown Source)
	at org.compiere.model.MProductPricing.calculatePriceBasedOnPriceList(MProductPricing.java:264)
	at org.compiere.model.MProductPricing.calculatePrice(MProductPricing.java:140)

===========> MProductPricing.calculatePriceBasedOnBasePriceList: SELECT bomPriceStd(p.M_Product_ID,pv.M_PriceList_Version_ID) AS PriceStd, bomPriceList(p.M_Product_ID,pv.M_PriceList_Version_ID) AS PriceList, bomPriceLimit(p.M_Product_ID,pv.M_PriceList_Version_ID) AS PriceLimit, p.C_UOM_ID,pv.ValidFrom,pl.C_Currency_ID,p.M_Product_Category_ID, pl.EnforcePriceLimit, pl.IsTaxIncluded FROM M_Product p INNER JOIN M_ProductPrice pp ON (p.M_Product_ID=pp.M_Product_ID) INNER JOIN M_PriceList_Version pv ON (pp.M_PriceList_Version_ID=pv.M_PriceList_Version_ID) INNER JOIN M_PriceList pl ON (pv.M_PriceList_ID=pl.M_PriceList_ID)WHERE pv.IsActive='Y' AND pp.IsActive='Y' AND p.M_Product_ID=? AND EXISTS (SELECT 1 FROM M_PriceList_Version plv WHERE plv.IsActive='Y'  AND plv.M_PriceList_ID=? AND pp.M_PriceList_Version_ID=plv.M_PriceList_Version_Base_ID) ORDER BY pv.ValidFrom DESC [65]
java.sql.SQLException: ORA-06575: Package or function BOMPRICELIMIT is in an invalid state
; State=65000; ErrorCode=6575
	at oracle.jdbc.driver.T4CTTIoer.processError(T4CTTIoer.java:447)
	at oracle.jdbc.driver.T4CTTIoer.processError(T4CTTIoer.java:396)
	at oracle.jdbc.driver.T4C8Oall.processError(T4C8Oall.java:951)
	at oracle.jdbc.driver.T4CTTIfun.receive(T4CTTIfun.java:513)
	at oracle.jdbc.driver.T4CTTIfun.doRPC(T4CTTIfun.java:227)
	at oracle.jdbc.driver.T4C8Oall.doOALL(T4C8Oall.java:531)
	at oracle.jdbc.driver.T4CPreparedStatement.doOall8(T4CPreparedStatement.java:208)
	at oracle.jdbc.driver.T4CPreparedStatement.executeForDescribe(T4CPreparedStatement.java:886)
	at oracle.jdbc.driver.OracleStatement.executeMaybeDescribe(OracleStatement.java:1175)
	at oracle.jdbc.driver.OracleStatement.doExecuteWithTimeout(OracleStatement.java:1296)
	at oracle.jdbc.driver.OraclePreparedStatement.executeInternal(OraclePreparedStatement.java:3613)
	at oracle.jdbc.driver.OraclePreparedStatement.executeQuery(OraclePreparedStatement.java:3657)
	at oracle.jdbc.driver.OraclePreparedStatementWrapper.executeQuery(OraclePreparedStatementWrapper.java:1495)
	at com.mchange.v2.c3p0.impl.NewProxyPreparedStatement.executeQuery(NewProxyPreparedStatement.java:76)
	at sun.reflect.GeneratedMethodAccessor21.invoke(Unknown Source)
	at sun.reflect.DelegatingMethodAccessorImpl.invoke(Unknown Source)
	at java.lang.reflect.Method.invoke(Unknown Source)
	at org.compiere.db.StatementProxy.invoke(StatementProxy.java:100)
	at com.sun.proxy.$Proxy3.executeQuery(Unknown Source)
	at org.compiere.model.MProductPricing.calculatePriceBasedOnBasePriceList(MProductPricing.java:345)
	at org.compiere.model.MProductPricing.calculatePrice(MProductPricing.java:143)

===========> MProductPricing.calculatePriceBasedOnPriceList: SELECT bomPriceStd(p.M_Product_ID,pv.M_PriceList_Version_ID) AS PriceStd, bomPriceList(p.M_Product_ID,pv.M_PriceList_Version_ID) AS PriceList, bomPriceLimit(p.M_Product_ID,pv.M_PriceList_Version_ID) AS PriceLimit, p.C_UOM_ID,pv.ValidFrom,pl.C_Currency_ID,p.M_Product_Category_ID,pl.EnforcePriceLimit FROM M_Product p INNER JOIN M_ProductPrice pp ON (p.M_Product_ID=pp.M_Product_ID) INNER JOIN  M_PriceList_Version pv ON (pp.M_PriceList_Version_ID=pv.M_PriceList_Version_ID) INNER JOIN M_Pricelist pl ON (pv.M_PriceList_ID=pl.M_PriceList_ID) WHERE pv.IsActive='Y' AND pp.IsActive='Y' AND p.M_Product_ID=? AND pv.M_PriceList_ID=? ORDER BY pv.ValidFrom DESC [65]
java.sql.SQLException: ORA-06575: Package or function BOMPRICELIMIT is in an invalid state
; State=65000; ErrorCode=6575
	at oracle.jdbc.driver.T4CTTIoer.processError(T4CTTIoer.java:447)
	at oracle.jdbc.driver.T4CTTIoer.processError(T4CTTIoer.java:396)
	at oracle.jdbc.driver.T4C8Oall.processError(T4C8Oall.java:951)
	at oracle.jdbc.driver.T4CTTIfun.receive(T4CTTIfun.java:513)
	at oracle.jdbc.driver.T4CTTIfun.doRPC(T4CTTIfun.java:227)
	at oracle.jdbc.driver.T4C8Oall.doOALL(T4C8Oall.java:531)
	at oracle.jdbc.driver.T4CPreparedStatement.doOall8(T4CPreparedStatement.java:208)
	at oracle.jdbc.driver.T4CPreparedStatement.executeForDescribe(T4CPreparedStatement.java:886)
	at oracle.jdbc.driver.OracleStatement.executeMaybeDescribe(OracleStatement.java:1175)
	at oracle.jdbc.driver.OracleStatement.doExecuteWithTimeout(OracleStatement.java:1296)
	at oracle.jdbc.driver.OraclePreparedStatement.executeInternal(OraclePreparedStatement.java:3613)
	at oracle.jdbc.driver.OraclePreparedStatement.executeQuery(OraclePreparedStatement.java:3657)
	at oracle.jdbc.driver.OraclePreparedStatementWrapper.executeQuery(OraclePreparedStatementWrapper.java:1495)
	at com.mchange.v2.c3p0.impl.NewProxyPreparedStatement.executeQuery(NewProxyPreparedStatement.java:76)
	at sun.reflect.GeneratedMethodAccessor21.invoke(Unknown Source)
	at sun.reflect.DelegatingMethodAccessorImpl.invoke(Unknown Source)
	at java.lang.reflect.Method.invoke(Unknown Source)
	at org.compiere.db.StatementProxy.invoke(StatementProxy.java:100)
	at com.sun.proxy.$Proxy3.executeQuery(Unknown Source)
	at org.compiere.model.MProductPricing.calculatePriceBasedOnPriceList(MProductPricing.java:264)
	at org.compiere.model.MProductPricing.calculatePrice(MProductPricing.java:140)

===========> MProductPricing.calculatePriceBasedOnBasePriceList: SELECT bomPriceStd(p.M_Product_ID,pv.M_PriceList_Version_ID) AS PriceStd, bomPriceList(p.M_Product_ID,pv.M_PriceList_Version_ID) AS PriceList, bomPriceLimit(p.M_Product_ID,pv.M_PriceList_Version_ID) AS PriceLimit, p.C_UOM_ID,pv.ValidFrom,pl.C_Currency_ID,p.M_Product_Category_ID, pl.EnforcePriceLimit, pl.IsTaxIncluded FROM M_Product p INNER JOIN M_ProductPrice pp ON (p.M_Product_ID=pp.M_Product_ID) INNER JOIN M_PriceList_Version pv ON (pp.M_PriceList_Version_ID=pv.M_PriceList_Version_ID) INNER JOIN M_PriceList pl ON (pv.M_PriceList_ID=pl.M_PriceList_ID)WHERE pv.IsActive='Y' AND pp.IsActive='Y' AND p.M_Product_ID=? AND EXISTS (SELECT 1 FROM M_PriceList_Version plv WHERE plv.IsActive='Y'  AND plv.M_PriceList_ID=? AND pp.M_PriceList_Version_ID=plv.M_PriceList_Version_Base_ID) ORDER BY pv.ValidFrom DESC [65]
java.sql.SQLException: ORA-06575: Package or function BOMPRICELIMIT is in an invalid state
; State=65000; ErrorCode=6575
	at oracle.jdbc.driver.T4CTTIoer.processError(T4CTTIoer.java:447)
	at oracle.jdbc.driver.T4CTTIoer.processError(T4CTTIoer.java:396)
	at oracle.jdbc.driver.T4C8Oall.processError(T4C8Oall.java:951)
	at oracle.jdbc.driver.T4CTTIfun.receive(T4CTTIfun.java:513)
	at oracle.jdbc.driver.T4CTTIfun.doRPC(T4CTTIfun.java:227)
	at oracle.jdbc.driver.T4C8Oall.doOALL(T4C8Oall.java:531)
	at oracle.jdbc.driver.T4CPreparedStatement.doOall8(T4CPreparedStatement.java:208)
	at oracle.jdbc.driver.T4CPreparedStatement.executeForDescribe(T4CPreparedStatement.java:886)
	at oracle.jdbc.driver.OracleStatement.executeMaybeDescribe(OracleStatement.java:1175)
	at oracle.jdbc.driver.OracleStatement.doExecuteWithTimeout(OracleStatement.java:1296)
	at oracle.jdbc.driver.OraclePreparedStatement.executeInternal(OraclePreparedStatement.java:3613)
	at oracle.jdbc.driver.OraclePreparedStatement.executeQuery(OraclePreparedStatement.java:3657)
	at oracle.jdbc.driver.OraclePreparedStatementWrapper.executeQuery(OraclePreparedStatementWrapper.java:1495)
	at com.mchange.v2.c3p0.impl.NewProxyPreparedStatement.executeQuery(NewProxyPreparedStatement.java:76)
	at sun.reflect.GeneratedMethodAccessor21.invoke(Unknown Source)
	at sun.reflect.DelegatingMethodAccessorImpl.invoke(Unknown Source)
	at java.lang.reflect.Method.invoke(Unknown Source)
	at org.compiere.db.StatementProxy.invoke(StatementProxy.java:100)
	at com.sun.proxy.$Proxy3.executeQuery(Unknown Source)
	at org.compiere.model.MProductPricing.calculatePriceBasedOnBasePriceList(MProductPricing.java:345)
	at org.compiere.model.MProductPricing.calculatePrice(MProductPricing.java:143)

===========> MProductPricing.calculatePriceBasedOnPriceList: SELECT bomPriceStd(p.M_Product_ID,pv.M_PriceList_Version_ID) AS PriceStd, bomPriceList(p.M_Product_ID,pv.M_PriceList_Version_ID) AS PriceList, bomPriceLimit(p.M_Product_ID,pv.M_PriceList_Version_ID) AS PriceLimit, p.C_UOM_ID,pv.ValidFrom,pl.C_Currency_ID,p.M_Product_Category_ID,pl.EnforcePriceLimit FROM M_Product p INNER JOIN M_ProductPrice pp ON (p.M_Product_ID=pp.M_Product_ID) INNER JOIN  M_PriceList_Version pv ON (pp.M_PriceList_Version_ID=pv.M_PriceList_Version_ID) INNER JOIN M_Pricelist pl ON (pv.M_PriceList_ID=pl.M_PriceList_ID) WHERE pv.IsActive='Y' AND pp.IsActive='Y' AND p.M_Product_ID=? AND pv.M_PriceList_ID=? ORDER BY pv.ValidFrom DESC [65]
java.sql.SQLException: ORA-06575: Package or function BOMPRICELIMIT is in an invalid state
; State=65000; ErrorCode=6575
	at oracle.jdbc.driver.T4CTTIoer.processError(T4CTTIoer.java:447)
	at oracle.jdbc.driver.T4CTTIoer.processError(T4CTTIoer.java:396)
	at oracle.jdbc.driver.T4C8Oall.processError(T4C8Oall.java:951)
	at oracle.jdbc.driver.T4CTTIfun.receive(T4CTTIfun.java:513)
	at oracle.jdbc.driver.T4CTTIfun.doRPC(T4CTTIfun.java:227)
	at oracle.jdbc.driver.T4C8Oall.doOALL(T4C8Oall.java:531)
	at oracle.jdbc.driver.T4CPreparedStatement.doOall8(T4CPreparedStatement.java:208)
	at oracle.jdbc.driver.T4CPreparedStatement.executeForDescribe(T4CPreparedStatement.java:886)
	at oracle.jdbc.driver.OracleStatement.executeMaybeDescribe(OracleStatement.java:1175)
	at oracle.jdbc.driver.OracleStatement.doExecuteWithTimeout(OracleStatement.java:1296)
	at oracle.jdbc.driver.OraclePreparedStatement.executeInternal(OraclePreparedStatement.java:3613)
	at oracle.jdbc.driver.OraclePreparedStatement.executeQuery(OraclePreparedStatement.java:3657)
	at oracle.jdbc.driver.OraclePreparedStatementWrapper.executeQuery(OraclePreparedStatementWrapper.java:1495)
	at com.mchange.v2.c3p0.impl.NewProxyPreparedStatement.executeQuery(NewProxyPreparedStatement.java:76)
	at sun.reflect.GeneratedMethodAccessor21.invoke(Unknown Source)
	at sun.reflect.DelegatingMethodAccessorImpl.invoke(Unknown Source)
	at java.lang.reflect.Method.invoke(Unknown Source)
	at org.compiere.db.StatementProxy.invoke(StatementProxy.java:100)
	at com.sun.proxy.$Proxy3.executeQuery(Unknown Source)
	at org.compiere.model.MProductPricing.calculatePriceBasedOnPriceList(MProductPricing.java:264)
	at org.compiere.model.MProductPricing.calculatePrice(MProductPricing.java:140)

===========> MProductPricing.calculatePriceBasedOnBasePriceList: SELECT bomPriceStd(p.M_Product_ID,pv.M_PriceList_Version_ID) AS PriceStd, bomPriceList(p.M_Product_ID,pv.M_PriceList_Version_ID) AS PriceList, bomPriceLimit(p.M_Product_ID,pv.M_PriceList_Version_ID) AS PriceLimit, p.C_UOM_ID,pv.ValidFrom,pl.C_Currency_ID,p.M_Product_Category_ID, pl.EnforcePriceLimit, pl.IsTaxIncluded FROM M_Product p INNER JOIN M_ProductPrice pp ON (p.M_Product_ID=pp.M_Product_ID) INNER JOIN M_PriceList_Version pv ON (pp.M_PriceList_Version_ID=pv.M_PriceList_Version_ID) INNER JOIN M_PriceList pl ON (pv.M_PriceList_ID=pl.M_PriceList_ID)WHERE pv.IsActive='Y' AND pp.IsActive='Y' AND p.M_Product_ID=? AND EXISTS (SELECT 1 FROM M_PriceList_Version plv WHERE plv.IsActive='Y'  AND plv.M_PriceList_ID=? AND pp.M_PriceList_Version_ID=plv.M_PriceList_Version_Base_ID) ORDER BY pv.ValidFrom DESC [65]
java.sql.SQLException: ORA-06575: Package or function BOMPRICELIMIT is in an invalid state
; State=65000; ErrorCode=6575
	at oracle.jdbc.driver.T4CTTIoer.processError(T4CTTIoer.java:447)
	at oracle.jdbc.driver.T4CTTIoer.processError(T4CTTIoer.java:396)
	at oracle.jdbc.driver.T4C8Oall.processError(T4C8Oall.java:951)
	at oracle.jdbc.driver.T4CTTIfun.receive(T4CTTIfun.java:513)
	at oracle.jdbc.driver.T4CTTIfun.doRPC(T4CTTIfun.java:227)
	at oracle.jdbc.driver.T4C8Oall.doOALL(T4C8Oall.java:531)
	at oracle.jdbc.driver.T4CPreparedStatement.doOall8(T4CPreparedStatement.java:208)
	at oracle.jdbc.driver.T4CPreparedStatement.executeForDescribe(T4CPreparedStatement.java:886)
	at oracle.jdbc.driver.OracleStatement.executeMaybeDescribe(OracleStatement.java:1175)
	at oracle.jdbc.driver.OracleStatement.doExecuteWithTimeout(OracleStatement.java:1296)
	at oracle.jdbc.driver.OraclePreparedStatement.executeInternal(OraclePreparedStatement.java:3613)
	at oracle.jdbc.driver.OraclePreparedStatement.executeQuery(OraclePreparedStatement.java:3657)
	at oracle.jdbc.driver.OraclePreparedStatementWrapper.executeQuery(OraclePreparedStatementWrapper.java:1495)
	at com.mchange.v2.c3p0.impl.NewProxyPreparedStatement.executeQuery(NewProxyPreparedStatement.java:76)
	at sun.reflect.GeneratedMethodAccessor21.invoke(Unknown Source)
	at sun.reflect.DelegatingMethodAccessorImpl.invoke(Unknown Source)
	at java.lang.reflect.Method.invoke(Unknown Source)
	at org.compiere.db.StatementProxy.invoke(StatementProxy.java:100)
	at com.sun.proxy.$Proxy3.executeQuery(Unknown Source)
	at org.compiere.model.MProductPricing.calculatePriceBasedOnBasePriceList(MProductPricing.java:345)
	at org.compiere.model.MProductPricing.calculatePrice(MProductPricing.java:143)

-----------> GridField.getDefault: (C_BPartner_ID) - Default SQL variable parse failed: @SQL=SELECT C_BPartner_ID AS DefaultValue FROM C_Order WHERE C_Order_ID=@C_Order_ID@ [65]
-----------> GridField.getDefault: (Line) - Default SQL variable parse failed: @SQL=SELECT COALESCE(MAX(Line),0)+10 AS DefaultValue FROM C_OrderLine WHERE C_Order_ID=@C_Order_ID@ [65]
===========> MProductPricing.calculatePriceBasedOnPriceList: SELECT bomPriceStd(p.M_Product_ID,pv.M_PriceList_Version_ID) AS PriceStd, bomPriceList(p.M_Product_ID,pv.M_PriceList_Version_ID) AS PriceList, bomPriceLimit(p.M_Product_ID,pv.M_PriceList_Version_ID) AS PriceLimit, p.C_UOM_ID,pv.ValidFrom,pl.C_Currency_ID,p.M_Product_Category_ID,pl.EnforcePriceLimit FROM M_Product p INNER JOIN M_ProductPrice pp ON (p.M_Product_ID=pp.M_Product_ID) INNER JOIN  M_PriceList_Version pv ON (pp.M_PriceList_Version_ID=pv.M_PriceList_Version_ID) INNER JOIN M_Pricelist pl ON (pv.M_PriceList_ID=pl.M_PriceList_ID) WHERE pv.IsActive='Y' AND pp.IsActive='Y' AND p.M_Product_ID=? AND pv.M_PriceList_ID=? ORDER BY pv.ValidFrom DESC [65]
java.sql.SQLException: ORA-06575: Package or function BOMPRICELIMIT is in an invalid state
; State=65000; ErrorCode=6575
	at oracle.jdbc.driver.T4CTTIoer.processError(T4CTTIoer.java:447)
	at oracle.jdbc.driver.T4CTTIoer.processError(T4CTTIoer.java:396)
	at oracle.jdbc.driver.T4C8Oall.processError(T4C8Oall.java:951)
	at oracle.jdbc.driver.T4CTTIfun.receive(T4CTTIfun.java:513)
	at oracle.jdbc.driver.T4CTTIfun.doRPC(T4CTTIfun.java:227)
	at oracle.jdbc.driver.T4C8Oall.doOALL(T4C8Oall.java:531)
	at oracle.jdbc.driver.T4CPreparedStatement.doOall8(T4CPreparedStatement.java:208)
	at oracle.jdbc.driver.T4CPreparedStatement.executeForDescribe(T4CPreparedStatement.java:886)
	at oracle.jdbc.driver.OracleStatement.executeMaybeDescribe(OracleStatement.java:1175)
	at oracle.jdbc.driver.OracleStatement.doExecuteWithTimeout(OracleStatement.java:1296)
	at oracle.jdbc.driver.OraclePreparedStatement.executeInternal(OraclePreparedStatement.java:3613)
	at oracle.jdbc.driver.OraclePreparedStatement.executeQuery(OraclePreparedStatement.java:3657)
	at oracle.jdbc.driver.OraclePreparedStatementWrapper.executeQuery(OraclePreparedStatementWrapper.java:1495)
	at com.mchange.v2.c3p0.impl.NewProxyPreparedStatement.executeQuery(NewProxyPreparedStatement.java:76)
	at sun.reflect.GeneratedMethodAccessor21.invoke(Unknown Source)
	at sun.reflect.DelegatingMethodAccessorImpl.invoke(Unknown Source)
	at java.lang.reflect.Method.invoke(Unknown Source)
	at org.compiere.db.StatementProxy.invoke(StatementProxy.java:100)
	at com.sun.proxy.$Proxy3.executeQuery(Unknown Source)
	at org.compiere.model.MProductPricing.calculatePriceBasedOnPriceList(MProductPricing.java:264)
	at org.compiere.model.MProductPricing.calculatePrice(MProductPricing.java:140)
	at org.compiere.model.MOrderLine.getProductPricing(MOrderLine.java:340)
	at org.compiere.model.MOrderLine.setPrice(MOrderLine.java:308)
	at org.compiere.model.MOrderLine.setPrice(MOrderLine.java:295)

===========> MProductPricing.calculatePriceBasedOnBasePriceList: SELECT bomPriceStd(p.M_Product_ID,pv.M_PriceList_Version_ID) AS PriceStd, bomPriceList(p.M_Product_ID,pv.M_PriceList_Version_ID) AS PriceList, bomPriceLimit(p.M_Product_ID,pv.M_PriceList_Version_ID) AS PriceLimit, p.C_UOM_ID,pv.ValidFrom,pl.C_Currency_ID,p.M_Product_Category_ID, pl.EnforcePriceLimit, pl.IsTaxIncluded FROM M_Product p INNER JOIN M_ProductPrice pp ON (p.M_Product_ID=pp.M_Product_ID) INNER JOIN M_PriceList_Version pv ON (pp.M_PriceList_Version_ID=pv.M_PriceList_Version_ID) INNER JOIN M_PriceList pl ON (pv.M_PriceList_ID=pl.M_PriceList_ID)WHERE pv.IsActive='Y' AND pp.IsActive='Y' AND p.M_Product_ID=? AND EXISTS (SELECT 1 FROM M_PriceList_Version plv WHERE plv.IsActive='Y'  AND plv.M_PriceList_ID=? AND pp.M_PriceList_Version_ID=plv.M_PriceList_Version_Base_ID) ORDER BY pv.ValidFrom DESC [65]
java.sql.SQLException: ORA-06575: Package or function BOMPRICELIMIT is in an invalid state
; State=65000; ErrorCode=6575
	at oracle.jdbc.driver.T4CTTIoer.processError(T4CTTIoer.java:447)
	at oracle.jdbc.driver.T4CTTIoer.processError(T4CTTIoer.java:396)
	at oracle.jdbc.driver.T4C8Oall.processError(T4C8Oall.java:951)
	at oracle.jdbc.driver.T4CTTIfun.receive(T4CTTIfun.java:513)
	at oracle.jdbc.driver.T4CTTIfun.doRPC(T4CTTIfun.java:227)
	at oracle.jdbc.driver.T4C8Oall.doOALL(T4C8Oall.java:531)
	at oracle.jdbc.driver.T4CPreparedStatement.doOall8(T4CPreparedStatement.java:208)
	at oracle.jdbc.driver.T4CPreparedStatement.executeForDescribe(T4CPreparedStatement.java:886)
	at oracle.jdbc.driver.OracleStatement.executeMaybeDescribe(OracleStatement.java:1175)
	at oracle.jdbc.driver.OracleStatement.doExecuteWithTimeout(OracleStatement.java:1296)
	at oracle.jdbc.driver.OraclePreparedStatement.executeInternal(OraclePreparedStatement.java:3613)
	at oracle.jdbc.driver.OraclePreparedStatement.executeQuery(OraclePreparedStatement.java:3657)
	at oracle.jdbc.driver.OraclePreparedStatementWrapper.executeQuery(OraclePreparedStatementWrapper.java:1495)
	at com.mchange.v2.c3p0.impl.NewProxyPreparedStatement.executeQuery(NewProxyPreparedStatement.java:76)
	at sun.reflect.GeneratedMethodAccessor21.invoke(Unknown Source)
	at sun.reflect.DelegatingMethodAccessorImpl.invoke(Unknown Source)
	at java.lang.reflect.Method.invoke(Unknown Source)
	at org.compiere.db.StatementProxy.invoke(StatementProxy.java:100)
	at com.sun.proxy.$Proxy3.executeQuery(Unknown Source)
	at org.compiere.model.MProductPricing.calculatePriceBasedOnBasePriceList(MProductPricing.java:345)
	at org.compiere.model.MProductPricing.calculatePrice(MProductPricing.java:143)
	at org.compiere.model.MOrderLine.getProductPricing(MOrderLine.java:340)
	at org.compiere.model.MOrderLine.setPrice(MOrderLine.java:308)
	at org.compiere.model.MOrderLine.setPrice(MOrderLine.java:295)

-----------> MOrderLine.save: beforeSave - MOrderLine[0, Line=0, Ordered=1, Delivered=0, Invoiced=0, Reserved=0, LineNet=0] [65]
org.adempiere.exceptions.ProductNotOnPriceListException: Product is not on PriceList - Product:Grass Seeder, Price List:Standard, Date:09/25/2017
	at org.compiere.model.MOrderLine.beforeSave(MOrderLine.java:782)
	at org.compiere.model.PO.save(PO.java:2134)
	at org.compiere.model.PO.saveEx(PO.java:2279)
	at org.adempiere.pos.service.CPOS.addOrUpdateLine(CPOS.java:1009)
	at org.adempiere.pos.service.CPOS.addOrUpdate(CPOS.java:1032)
	at org.adempiere.pos.WPOS.addOrUpdateLine(WPOS.java:458)
	at org.adempiere.pos.WPOSDocumentPanel.keyReturned(WPOSDocumentPanel.java:309)
	at org.adempiere.pos.WPOSKeyPanel.onEvent(WPOSKeyPanel.java:420)
	at org.zkoss.zk.ui.impl.EventProcessor.process0(EventProcessor.java:197)
	at org.zkoss.zk.ui.impl.EventProcessor.process(EventProcessor.java:141)
	at org.zkoss.zk.ui.impl.EventProcessingThreadImpl.process0(EventProcessingThreadImpl.java:519)
	at org.zkoss.zk.ui.impl.EventProcessingThreadImpl.run(EventProcessingThreadImpl.java:446)

-----------> WPOS.addOrUpdateLine: POS Error Product is not on PriceList - Product:Grass Seeder, Price List:Standard, Date:09/25/2017 [65]
-----------> Msg.getMsg: NOT found: Product is not on PriceList - Product:Grass Seeder, Price List:Standard, Date:09/25/2017 [65]
===========> MProductPricing.calculatePriceBasedOnPriceList: SELECT bomPriceStd(p.M_Product_ID,pv.M_PriceList_Version_ID) AS PriceStd, bomPriceList(p.M_Product_ID,pv.M_PriceList_Version_ID) AS PriceList, bomPriceLimit(p.M_Product_ID,pv.M_PriceList_Version_ID) AS PriceLimit, p.C_UOM_ID,pv.ValidFrom,pl.C_Currency_ID,p.M_Product_Category_ID,pl.EnforcePriceLimit FROM M_Product p INNER JOIN M_ProductPrice pp ON (p.M_Product_ID=pp.M_Product_ID) INNER JOIN  M_PriceList_Version pv ON (pp.M_PriceList_Version_ID=pv.M_PriceList_Version_ID) INNER JOIN M_Pricelist pl ON (pv.M_PriceList_ID=pl.M_PriceList_ID) WHERE pv.IsActive='Y' AND pp.IsActive='Y' AND p.M_Product_ID=? AND pv.M_PriceList_ID=? ORDER BY pv.ValidFrom DESC [65]
java.sql.SQLException: ORA-06575: Package or function BOMPRICELIMIT is in an invalid state
; State=65000; ErrorCode=6575
	at oracle.jdbc.driver.T4CTTIoer.processError(T4CTTIoer.java:447)
	at oracle.jdbc.driver.T4CTTIoer.processError(T4CTTIoer.java:396)
	at oracle.jdbc.driver.T4C8Oall.processError(T4C8Oall.java:951)
	at oracle.jdbc.driver.T4CTTIfun.receive(T4CTTIfun.java:513)
	at oracle.jdbc.driver.T4CTTIfun.doRPC(T4CTTIfun.java:227)
	at oracle.jdbc.driver.T4C8Oall.doOALL(T4C8Oall.java:531)
	at oracle.jdbc.driver.T4CPreparedStatement.doOall8(T4CPreparedStatement.java:208)
	at oracle.jdbc.driver.T4CPreparedStatement.executeForDescribe(T4CPreparedStatement.java:886)
	at oracle.jdbc.driver.OracleStatement.executeMaybeDescribe(OracleStatement.java:1175)
	at oracle.jdbc.driver.OracleStatement.doExecuteWithTimeout(OracleStatement.java:1296)
	at oracle.jdbc.driver.OraclePreparedStatement.executeInternal(OraclePreparedStatement.java:3613)
	at oracle.jdbc.driver.OraclePreparedStatement.executeQuery(OraclePreparedStatement.java:3657)
	at oracle.jdbc.driver.OraclePreparedStatementWrapper.executeQuery(OraclePreparedStatementWrapper.java:1495)
	at com.mchange.v2.c3p0.impl.NewProxyPreparedStatement.executeQuery(NewProxyPreparedStatement.java:76)
	at sun.reflect.GeneratedMethodAccessor21.invoke(Unknown Source)
	at sun.reflect.DelegatingMethodAccessorImpl.invoke(Unknown Source)
	at java.lang.reflect.Method.invoke(Unknown Source)
	at org.compiere.db.StatementProxy.invoke(StatementProxy.java:100)
	at com.sun.proxy.$Proxy3.executeQuery(Unknown Source)
	at org.compiere.model.MProductPricing.calculatePriceBasedOnPriceList(MProductPricing.java:264)
	at org.compiere.model.MProductPricing.calculatePrice(MProductPricing.java:140)

===========> MProductPricing.calculatePriceBasedOnBasePriceList: SELECT bomPriceStd(p.M_Product_ID,pv.M_PriceList_Version_ID) AS PriceStd, bomPriceList(p.M_Product_ID,pv.M_PriceList_Version_ID) AS PriceList, bomPriceLimit(p.M_Product_ID,pv.M_PriceList_Version_ID) AS PriceLimit, p.C_UOM_ID,pv.ValidFrom,pl.C_Currency_ID,p.M_Product_Category_ID, pl.EnforcePriceLimit, pl.IsTaxIncluded FROM M_Product p INNER JOIN M_ProductPrice pp ON (p.M_Product_ID=pp.M_Product_ID) INNER JOIN M_PriceList_Version pv ON (pp.M_PriceList_Version_ID=pv.M_PriceList_Version_ID) INNER JOIN M_PriceList pl ON (pv.M_PriceList_ID=pl.M_PriceList_ID)WHERE pv.IsActive='Y' AND pp.IsActive='Y' AND p.M_Product_ID=? AND EXISTS (SELECT 1 FROM M_PriceList_Version plv WHERE plv.IsActive='Y'  AND plv.M_PriceList_ID=? AND pp.M_PriceList_Version_ID=plv.M_PriceList_Version_Base_ID) ORDER BY pv.ValidFrom DESC [65]
java.sql.SQLException: ORA-06575: Package or function BOMPRICELIMIT is in an invalid state
; State=65000; ErrorCode=6575
	at oracle.jdbc.driver.T4CTTIoer.processError(T4CTTIoer.java:447)
	at oracle.jdbc.driver.T4CTTIoer.processError(T4CTTIoer.java:396)
	at oracle.jdbc.driver.T4C8Oall.processError(T4C8Oall.java:951)
	at oracle.jdbc.driver.T4CTTIfun.receive(T4CTTIfun.java:513)
	at oracle.jdbc.driver.T4CTTIfun.doRPC(T4CTTIfun.java:227)
	at oracle.jdbc.driver.T4C8Oall.doOALL(T4C8Oall.java:531)
	at oracle.jdbc.driver.T4CPreparedStatement.doOall8(T4CPreparedStatement.java:208)
	at oracle.jdbc.driver.T4CPreparedStatement.executeForDescribe(T4CPreparedStatement.java:886)
	at oracle.jdbc.driver.OracleStatement.executeMaybeDescribe(OracleStatement.java:1175)
	at oracle.jdbc.driver.OracleStatement.doExecuteWithTimeout(OracleStatement.java:1296)
	at oracle.jdbc.driver.OraclePreparedStatement.executeInternal(OraclePreparedStatement.java:3613)
	at oracle.jdbc.driver.OraclePreparedStatement.executeQuery(OraclePreparedStatement.java:3657)
	at oracle.jdbc.driver.OraclePreparedStatementWrapper.executeQuery(OraclePreparedStatementWrapper.java:1495)
	at com.mchange.v2.c3p0.impl.NewProxyPreparedStatement.executeQuery(NewProxyPreparedStatement.java:76)
	at sun.reflect.GeneratedMethodAccessor21.invoke(Unknown Source)
	at sun.reflect.DelegatingMethodAccessorImpl.invoke(Unknown Source)
	at java.lang.reflect.Method.invoke(Unknown Source)
	at org.compiere.db.StatementProxy.invoke(StatementProxy.java:100)
	at com.sun.proxy.$Proxy3.executeQuery(Unknown Source)
	at org.compiere.model.MProductPricing.calculatePriceBasedOnBasePriceList(MProductPricing.java:345)
	at org.compiere.model.MProductPricing.calculatePrice(MProductPricing.java:143)

-----------> GridTable.saveWarning: FillMandatory - Price List Schema
 [47]
-----------> MRecentItem.addWindowChange: null [47]
