*** 2017-09-25 14:16:47.498 Adempiere Log (CLogFile) ***
14:16:47.498 Adempiere.startup: ADempiere(r) Release 3.9.0_2017-08-01 -Smart Suite ERP,CRM and SCM- (c) 1999-2017 ADempiere(r); Implementation: ADempiere - Supported by ADempiere community [13]
14:16:47.498 Ini.loadProperties: C:\Users\AYAZ\Adempiere.properties #37 [13]
===========> MLookup.run: C_MOMSTATUS.C_MOMSTATUS_ID, 1000071 : Loader - SELECT C_MOMSTATUS.C_MOMSTATUS_ID,NULL,NVL(C_MOMSTATUS.Name,'-1'),C_MOMSTATUS.IsActive FROM C_MOMSTATUS WHERE C_MOMSTATUS.AD_Client_ID IN(0,11) AND C_MOMSTATUS.AD_Org_ID IN(0,11,12,50000,50002,50001,50004,50006,50005,50007) AND (C_MOMSTATUS.C_MOMSTATUS_ID IS NULL OR C_MOMSTATUS.C_MOMSTATUS_ID NOT IN ( SELECT Record_ID FROM AD_Private_Access WHERE AD_Table_ID = 1000004 AND AD_User_ID <> 101 AND IsActive = 'Y' )) AND C_PaySelection.C_BankAccount_ID IS NOT NULL ORDER BY C_MOMSTATUS.NAME [60]
java.sql.SQLSyntaxErrorException: ORA-00904: "C_PAYSELECTION"."C_BANKACCOUNT_ID": invalid identifier
; State=42000; ErrorCode=904
	at oracle.jdbc.driver.T4CTTIoer.processError(T4CTTIoer.java:447)
	at oracle.jdbc.driver.T4CTTIoer.processError(T4CTTIoer.java:396)
	at oracle.jdbc.driver.T4C8Oall.processError(T4C8Oall.java:951)
	at oracle.jdbc.driver.T4CTTIfun.receive(T4CTTIfun.java:513)
	at oracle.jdbc.driver.T4CTTIfun.doRPC(T4CTTIfun.java:227)
	at oracle.jdbc.driver.T4C8Oall.doOALL(T4C8Oall.java:531)
	at oracle.jdbc.driver.T4CPreparedStatement.doOall8(T4CPreparedStatement.java:208)
	at oracle.jdbc.driver.T4CPreparedStatement.executeForDescribe(T4CPreparedStatement.java:886)
	at oracle.jdbc.driver.OracleStatement.executeMaybeDescribe(OracleStatement.java:1175)
	at oracle.jdbc.driver.OracleStatement.doExecuteWithTimeout(OracleStatement.java:1296)
	at oracle.jdbc.driver.OraclePreparedStatement.executeInternal(OraclePreparedStatement.java:3613)
	at oracle.jdbc.driver.OraclePreparedStatement.executeQuery(OraclePreparedStatement.java:3657)
	at oracle.jdbc.driver.OraclePreparedStatementWrapper.executeQuery(OraclePreparedStatementWrapper.java:1495)
	at com.mchange.v2.c3p0.impl.NewProxyPreparedStatement.executeQuery(NewProxyPreparedStatement.java:76)
	at sun.reflect.GeneratedMethodAccessor21.invoke(Unknown Source)
	at sun.reflect.DelegatingMethodAccessorImpl.invoke(Unknown Source)
	at java.lang.reflect.Method.invoke(Unknown Source)
	at org.compiere.db.StatementProxy.invoke(StatementProxy.java:100)
	at com.sun.proxy.$Proxy3.executeQuery(Unknown Source)
	at org.compiere.model.MLookup$MLoader.run(MLookup.java:747)

===========> GridTab.processCallout: class [47]
java.lang.ClassNotFoundException: org.compiere.model.CalloutMom
	at java.net.URLClassLoader.findClass(Unknown Source)
	at java.lang.ClassLoader.loadClass(Unknown Source)
	at sun.misc.Launcher$AppClassLoader.loadClass(Unknown Source)
	at java.lang.ClassLoader.loadClass(Unknown Source)
	at java.lang.Class.forName0(Native Method)
	at java.lang.Class.forName(Unknown Source)
	at org.compiere.model.GridTab.processCallout(GridTab.java:2850)
	at org.compiere.model.GridTab.processFieldChange(GridTab.java:2682)
	at org.adempiere.webui.panel.ADTabPanel.dataStatusChanged(ADTabPanel.java:1101)
	at org.compiere.model.GridTab.fireDataStatusChanged(GridTab.java:2297)
	at org.compiere.model.GridTab.dataStatusChanged(GridTab.java:2270)
	at org.compiere.model.GridTable.fireDataStatusChanged(GridTable.java:3193)
	at org.compiere.model.GridTable.setValueAt(GridTable.java:1241)
	at org.compiere.model.GridTable.setValueAt(GridTable.java:1166)
	at org.adempiere.webui.util.GridTabDataBinder.valueChange(GridTabDataBinder.java:95)
	at org.adempiere.webui.editor.WEditor.fireValueChange(WEditor.java:472)
	at org.adempiere.webui.editor.WTableDirEditor.setValue(WTableDirEditor.java:209)
	at org.adempiere.webui.editor.WTableDirEditor.propertyChange(WTableDirEditor.java:420)
	at java.beans.PropertyChangeSupport.fire(Unknown Source)
	at java.beans.PropertyChangeSupport.firePropertyChange(Unknown Source)
	at java.beans.PropertyChangeSupport.firePropertyChange(Unknown Source)
	at org.compiere.model.GridField.setValue(GridField.java:1490)
	at org.compiere.model.GridTable.dataNew(GridTable.java:2528)
	at org.compiere.model.GridTab.dataNew(GridTab.java:1149)

-----------> Msg.getMsg: NOT found: Callout Invalid: org.compiere.model.CalloutMom.getNextItemNbr (java.lang.ClassNotFoundException: org.compiere.model.CalloutMom) [47]
===========> MLookup.run: C_MOMSTATUS.C_MOMSTATUS_ID, 1000071 : Loader - SELECT C_MOMSTATUS.C_MOMSTATUS_ID,NULL,NVL(C_MOMSTATUS.Name,'-1'),C_MOMSTATUS.IsActive FROM C_MOMSTATUS WHERE C_MOMSTATUS.AD_Client_ID IN(0,11) AND C_MOMSTATUS.AD_Org_ID IN(0,11,12,50000,50002,50001,50004,50006,50005,50007) AND (C_MOMSTATUS.C_MOMSTATUS_ID IS NULL OR C_MOMSTATUS.C_MOMSTATUS_ID NOT IN ( SELECT Record_ID FROM AD_Private_Access WHERE AD_Table_ID = 1000004 AND AD_User_ID <> 101 AND IsActive = 'Y' )) AND C_PaySelection.C_BankAccount_ID IS NOT NULL ORDER BY C_MOMSTATUS.NAME [62]
java.sql.SQLSyntaxErrorException: ORA-00904: "C_PAYSELECTION"."C_BANKACCOUNT_ID": invalid identifier
; State=42000; ErrorCode=904
	at oracle.jdbc.driver.T4CTTIoer.processError(T4CTTIoer.java:447)
	at oracle.jdbc.driver.T4CTTIoer.processError(T4CTTIoer.java:396)
	at oracle.jdbc.driver.T4C8Oall.processError(T4C8Oall.java:951)
	at oracle.jdbc.driver.T4CTTIfun.receive(T4CTTIfun.java:513)
	at oracle.jdbc.driver.T4CTTIfun.doRPC(T4CTTIfun.java:227)
	at oracle.jdbc.driver.T4C8Oall.doOALL(T4C8Oall.java:531)
	at oracle.jdbc.driver.T4CPreparedStatement.doOall8(T4CPreparedStatement.java:208)
	at oracle.jdbc.driver.T4CPreparedStatement.executeForDescribe(T4CPreparedStatement.java:886)
	at oracle.jdbc.driver.OracleStatement.executeMaybeDescribe(OracleStatement.java:1175)
	at oracle.jdbc.driver.OracleStatement.doExecuteWithTimeout(OracleStatement.java:1296)
	at oracle.jdbc.driver.OraclePreparedStatement.executeInternal(OraclePreparedStatement.java:3613)
	at oracle.jdbc.driver.OraclePreparedStatement.executeQuery(OraclePreparedStatement.java:3657)
	at oracle.jdbc.driver.OraclePreparedStatementWrapper.executeQuery(OraclePreparedStatementWrapper.java:1495)
	at com.mchange.v2.c3p0.impl.NewProxyPreparedStatement.executeQuery(NewProxyPreparedStatement.java:76)
	at sun.reflect.GeneratedMethodAccessor21.invoke(Unknown Source)
	at sun.reflect.DelegatingMethodAccessorImpl.invoke(Unknown Source)
	at java.lang.reflect.Method.invoke(Unknown Source)
	at org.compiere.db.StatementProxy.invoke(StatementProxy.java:100)
	at com.sun.proxy.$Proxy3.executeQuery(Unknown Source)
	at org.compiere.model.MLookup$MLoader.run(MLookup.java:747)

===========> GridTab.processCallout: class [47]
java.lang.ClassNotFoundException: org.compiere.model.CalloutMom
	at java.net.URLClassLoader.findClass(Unknown Source)
	at java.lang.ClassLoader.loadClass(Unknown Source)
	at sun.misc.Launcher$AppClassLoader.loadClass(Unknown Source)
	at java.lang.ClassLoader.loadClass(Unknown Source)
	at java.lang.Class.forName0(Native Method)
	at java.lang.Class.forName(Unknown Source)
	at org.compiere.model.GridTab.processCallout(GridTab.java:2850)
	at org.compiere.model.GridTab.lambda$1(GridTab.java:1163)
	at java.util.Spliterators$ArraySpliterator.forEachRemaining(Unknown Source)
	at java.util.stream.ReferencePipeline$Head.forEach(Unknown Source)
	at org.compiere.model.GridTab.dataNew(GridTab.java:1163)
	at org.adempiere.webui.panel.AbstractADWindowPanel.onNew(AbstractADWindowPanel.java:1484)
	at org.adempiere.webui.panel.AbstractADWindowPanel.setActiveTab(AbstractADWindowPanel.java:1139)
	at org.adempiere.webui.panel.AbstractADWindowPanel.onEvent(AbstractADWindowPanel.java:1006)
	at org.adempiere.webui.panel.ADWindowPanel.onEvent(ADWindowPanel.java:283)
	at org.adempiere.webui.component.ADButtonTabList.onEvent(ADButtonTabList.java:175)
	at org.zkoss.zk.ui.impl.EventProcessor.process0(EventProcessor.java:197)
	at org.zkoss.zk.ui.impl.EventProcessor.process(EventProcessor.java:141)
	at org.zkoss.zk.ui.impl.EventProcessingThreadImpl.process0(EventProcessingThreadImpl.java:519)
	at org.zkoss.zk.ui.impl.EventProcessingThreadImpl.run(EventProcessingThreadImpl.java:446)

===========> MLookup.run: C_MOMSTATUS.C_MOMSTATUS_ID, 1000071 : Loader - SELECT C_MOMSTATUS.C_MOMSTATUS_ID,NULL,NVL(C_MOMSTATUS.Name,'-1'),C_MOMSTATUS.IsActive FROM C_MOMSTATUS WHERE C_MOMSTATUS.AD_Client_ID IN(0,11) AND C_MOMSTATUS.AD_Org_ID IN(0,11,12,50000,50002,50001,50004,50006,50005,50007) AND (C_MOMSTATUS.C_MOMSTATUS_ID IS NULL OR C_MOMSTATUS.C_MOMSTATUS_ID NOT IN ( SELECT Record_ID FROM AD_Private_Access WHERE AD_Table_ID = 1000004 AND AD_User_ID <> 101 AND IsActive = 'Y' )) AND C_PaySelection.C_BankAccount_ID IS NOT NULL ORDER BY C_MOMSTATUS.NAME [64]
java.sql.SQLSyntaxErrorException: ORA-00904: "C_PAYSELECTION"."C_BANKACCOUNT_ID": invalid identifier
; State=42000; ErrorCode=904
	at oracle.jdbc.driver.T4CTTIoer.processError(T4CTTIoer.java:447)
	at oracle.jdbc.driver.T4CTTIoer.processError(T4CTTIoer.java:396)
	at oracle.jdbc.driver.T4C8Oall.processError(T4C8Oall.java:951)
	at oracle.jdbc.driver.T4CTTIfun.receive(T4CTTIfun.java:513)
	at oracle.jdbc.driver.T4CTTIfun.doRPC(T4CTTIfun.java:227)
	at oracle.jdbc.driver.T4C8Oall.doOALL(T4C8Oall.java:531)
	at oracle.jdbc.driver.T4CPreparedStatement.doOall8(T4CPreparedStatement.java:208)
	at oracle.jdbc.driver.T4CPreparedStatement.executeForDescribe(T4CPreparedStatement.java:886)
	at oracle.jdbc.driver.OracleStatement.executeMaybeDescribe(OracleStatement.java:1175)
	at oracle.jdbc.driver.OracleStatement.doExecuteWithTimeout(OracleStatement.java:1296)
	at oracle.jdbc.driver.OraclePreparedStatement.executeInternal(OraclePreparedStatement.java:3613)
	at oracle.jdbc.driver.OraclePreparedStatement.executeQuery(OraclePreparedStatement.java:3657)
	at oracle.jdbc.driver.OraclePreparedStatementWrapper.executeQuery(OraclePreparedStatementWrapper.java:1495)
	at com.mchange.v2.c3p0.impl.NewProxyPreparedStatement.executeQuery(NewProxyPreparedStatement.java:76)
	at sun.reflect.GeneratedMethodAccessor21.invoke(Unknown Source)
	at sun.reflect.DelegatingMethodAccessorImpl.invoke(Unknown Source)
	at java.lang.reflect.Method.invoke(Unknown Source)
	at org.compiere.db.StatementProxy.invoke(StatementProxy.java:100)
	at com.sun.proxy.$Proxy3.executeQuery(Unknown Source)
	at org.compiere.model.MLookup$MLoader.run(MLookup.java:747)

-----------> AbstractADWindowPanel.onNew: Insert Record disabled for Tab [47]
-----------> Msg.getMsg: NOT found: Please save changes before closing [47]
===========> GridTab.processCallout: class [47]
java.lang.ClassNotFoundException: org.compiere.model.CalloutMom
	at java.net.URLClassLoader.findClass(Unknown Source)
	at java.lang.ClassLoader.loadClass(Unknown Source)
	at sun.misc.Launcher$AppClassLoader.loadClass(Unknown Source)
	at java.lang.ClassLoader.loadClass(Unknown Source)
	at java.lang.Class.forName0(Native Method)
	at java.lang.Class.forName(Unknown Source)
	at org.compiere.model.GridTab.processCallout(GridTab.java:2850)
	at org.compiere.model.GridTab.processFieldChange(GridTab.java:2682)
	at org.adempiere.webui.panel.ADTabPanel.dataStatusChanged(ADTabPanel.java:1101)
	at org.compiere.model.GridTab.fireDataStatusChanged(GridTab.java:2297)
	at org.compiere.model.GridTab.dataStatusChanged(GridTab.java:2270)
	at org.compiere.model.GridTable.fireDataStatusChanged(GridTable.java:3193)
	at org.compiere.model.GridTable.setValueAt(GridTable.java:1241)
	at org.compiere.model.GridTable.setValueAt(GridTable.java:1166)
	at org.adempiere.webui.util.GridTabDataBinder.valueChange(GridTabDataBinder.java:95)
	at org.adempiere.webui.editor.WEditor.fireValueChange(WEditor.java:472)
	at org.adempiere.webui.editor.WTableDirEditor.setValue(WTableDirEditor.java:209)
	at org.adempiere.webui.editor.WTableDirEditor.propertyChange(WTableDirEditor.java:420)
	at java.beans.PropertyChangeSupport.fire(Unknown Source)
	at java.beans.PropertyChangeSupport.firePropertyChange(Unknown Source)
	at java.beans.PropertyChangeSupport.firePropertyChange(Unknown Source)
	at org.compiere.model.GridField.setValue(GridField.java:1490)
	at org.compiere.model.GridTable.dataNew(GridTable.java:2528)
	at org.compiere.model.GridTab.dataNew(GridTab.java:1149)

-----------> Msg.getMsg: NOT found: Callout Invalid: org.compiere.model.CalloutMom.getNextItemNbr (java.lang.ClassNotFoundException: org.compiere.model.CalloutMom) [47]
===========> MLookup.run: C_MOMSTATUS.C_MOMSTATUS_ID, 1000071 : Loader - SELECT C_MOMSTATUS.C_MOMSTATUS_ID,NULL,NVL(C_MOMSTATUS.Name,'-1'),C_MOMSTATUS.IsActive FROM C_MOMSTATUS WHERE C_MOMSTATUS.AD_Client_ID IN(0,11) AND C_MOMSTATUS.AD_Org_ID IN(0,11,12,50000,50002,50001,50004,50006,50005,50007) AND (C_MOMSTATUS.C_MOMSTATUS_ID IS NULL OR C_MOMSTATUS.C_MOMSTATUS_ID NOT IN ( SELECT Record_ID FROM AD_Private_Access WHERE AD_Table_ID = 1000004 AND AD_User_ID <> 101 AND IsActive = 'Y' )) AND C_PaySelection.C_BankAccount_ID IS NOT NULL ORDER BY C_MOMSTATUS.NAME [65]
java.sql.SQLSyntaxErrorException: ORA-00904: "C_PAYSELECTION"."C_BANKACCOUNT_ID": invalid identifier
; State=42000; ErrorCode=904
	at oracle.jdbc.driver.T4CTTIoer.processError(T4CTTIoer.java:447)
	at oracle.jdbc.driver.T4CTTIoer.processError(T4CTTIoer.java:396)
	at oracle.jdbc.driver.T4C8Oall.processError(T4C8Oall.java:951)
	at oracle.jdbc.driver.T4CTTIfun.receive(T4CTTIfun.java:513)
	at oracle.jdbc.driver.T4CTTIfun.doRPC(T4CTTIfun.java:227)
	at oracle.jdbc.driver.T4C8Oall.doOALL(T4C8Oall.java:531)
	at oracle.jdbc.driver.T4CPreparedStatement.doOall8(T4CPreparedStatement.java:208)
	at oracle.jdbc.driver.T4CPreparedStatement.executeForDescribe(T4CPreparedStatement.java:886)
	at oracle.jdbc.driver.OracleStatement.executeMaybeDescribe(OracleStatement.java:1175)
	at oracle.jdbc.driver.OracleStatement.doExecuteWithTimeout(OracleStatement.java:1296)
	at oracle.jdbc.driver.OraclePreparedStatement.executeInternal(OraclePreparedStatement.java:3613)
	at oracle.jdbc.driver.OraclePreparedStatement.executeQuery(OraclePreparedStatement.java:3657)
	at oracle.jdbc.driver.OraclePreparedStatementWrapper.executeQuery(OraclePreparedStatementWrapper.java:1495)
	at com.mchange.v2.c3p0.impl.NewProxyPreparedStatement.executeQuery(NewProxyPreparedStatement.java:76)
	at sun.reflect.GeneratedMethodAccessor21.invoke(Unknown Source)
	at sun.reflect.DelegatingMethodAccessorImpl.invoke(Unknown Source)
	at java.lang.reflect.Method.invoke(Unknown Source)
	at org.compiere.db.StatementProxy.invoke(StatementProxy.java:100)
	at com.sun.proxy.$Proxy3.executeQuery(Unknown Source)
	at org.compiere.model.MLookup$MLoader.run(MLookup.java:747)

===========> GridTab.processCallout: class [47]
java.lang.ClassNotFoundException: org.compiere.model.CalloutMom
	at java.net.URLClassLoader.findClass(Unknown Source)
	at java.lang.ClassLoader.loadClass(Unknown Source)
	at sun.misc.Launcher$AppClassLoader.loadClass(Unknown Source)
	at java.lang.ClassLoader.loadClass(Unknown Source)
	at java.lang.Class.forName0(Native Method)
	at java.lang.Class.forName(Unknown Source)
	at org.compiere.model.GridTab.processCallout(GridTab.java:2850)
	at org.compiere.model.GridTab.lambda$1(GridTab.java:1163)
	at java.util.Spliterators$ArraySpliterator.forEachRemaining(Unknown Source)
	at java.util.stream.ReferencePipeline$Head.forEach(Unknown Source)
	at org.compiere.model.GridTab.dataNew(GridTab.java:1163)
	at org.adempiere.webui.panel.AbstractADWindowPanel.onNew(AbstractADWindowPanel.java:1484)
	at org.adempiere.webui.panel.AbstractADWindowPanel.setActiveTab(AbstractADWindowPanel.java:1139)
	at org.adempiere.webui.panel.AbstractADWindowPanel.onEvent(AbstractADWindowPanel.java:1006)
	at org.adempiere.webui.panel.ADWindowPanel.onEvent(ADWindowPanel.java:283)
	at org.adempiere.webui.component.ADButtonTabList.onEvent(ADButtonTabList.java:175)
	at org.zkoss.zk.ui.impl.EventProcessor.process0(EventProcessor.java:197)
	at org.zkoss.zk.ui.impl.EventProcessor.process(EventProcessor.java:141)
	at org.zkoss.zk.ui.impl.EventProcessingThreadImpl.process0(EventProcessingThreadImpl.java:519)
	at org.zkoss.zk.ui.impl.EventProcessingThreadImpl.run(EventProcessingThreadImpl.java:446)

