*** 2018-07-13 12:10:47.863 Adempiere Log (CLogFile) ***
12:10:47.862 Adempiere.startup: ADempiere(r) Release 3.9.0_2017-08-01 -Smart Suite ERP,CRM and SCM- (c) 1999-2017 ADempiere(r); Implementation: ADempiere - Supported by ADempiere community [13]
12:10:47.864 Ini.loadProperties: D:\Ayaz\Ayaz_NBP_PC_Backup\AdempiereTemplate39\Adempiere.properties #37 [13]
-----------> Login.getAuthenticatedUserId: No Apps User [47]
-----------> MIssue.set_Value: SourceClassName - Value too long - truncated to length=60 [47]
===========> DB.executeUpdate: INSERT INTO AD_Tree_Favorite (AD_Client_ID,AD_Org_ID,AD_Role_ID,AD_Tree_Favorite_ID,Created,CreatedBy,IsActive,Updated,UpdatedBy) VALUES (0,0,0,1000157,TO_DATE('2018-07-13 12:11:27','YYYY-MM-DD HH24:MI:SS'),0,'Y',TO_DATE('2018-07-13 12:11:27','YYYY-MM-DD HH24:MI:SS'),0) [POSave_a920ce99-baa2-49e1-84fa-e12d37d4dc64] [47]
java.sql.SQLIntegrityConstraintViolationException: ORA-01400: cannot insert NULL into ("CARSDEV"."AD_TREE_FAVORITE"."AD_USER_ID")
; State=23000; ErrorCode=1400
	at oracle.jdbc.driver.T4CTTIoer.processError(T4CTTIoer.java:447)
	at oracle.jdbc.driver.T4CTTIoer.processError(T4CTTIoer.java:396)
	at oracle.jdbc.driver.T4C8Oall.processError(T4C8Oall.java:951)
	at oracle.jdbc.driver.T4CTTIfun.receive(T4CTTIfun.java:513)
	at oracle.jdbc.driver.T4CTTIfun.doRPC(T4CTTIfun.java:227)
	at oracle.jdbc.driver.T4C8Oall.doOALL(T4C8Oall.java:531)
	at oracle.jdbc.driver.T4CPreparedStatement.doOall8(T4CPreparedStatement.java:208)
	at oracle.jdbc.driver.T4CPreparedStatement.executeForRows(T4CPreparedStatement.java:1046)
	at oracle.jdbc.driver.OracleStatement.doExecuteWithTimeout(OracleStatement.java:1336)
	at oracle.jdbc.driver.OracleStatement.doScrollExecuteCommon(OracleStatement.java:4709)
	at oracle.jdbc.driver.OraclePreparedStatement.doScrollPstmtExecuteUpdate(OraclePreparedStatement.java:10613)
	at oracle.jdbc.driver.OraclePreparedStatement.executeInternal(OraclePreparedStatement.java:3611)
	at oracle.jdbc.driver.OraclePreparedStatement.executeUpdate(OraclePreparedStatement.java:3694)
	at oracle.jdbc.driver.OraclePreparedStatementWrapper.executeUpdate(OraclePreparedStatementWrapper.java:1354)
	at com.mchange.v2.c3p0.impl.NewProxyPreparedStatement.executeUpdate(NewProxyPreparedStatement.java:105)
	at sun.reflect.NativeMethodAccessorImpl.invoke0(Native Method)
	at sun.reflect.NativeMethodAccessorImpl.invoke(Unknown Source)
	at sun.reflect.DelegatingMethodAccessorImpl.invoke(Unknown Source)
	at java.lang.reflect.Method.invoke(Unknown Source)
	at org.compiere.db.StatementProxy.invoke(StatementProxy.java:100)
	at com.sun.proxy.$Proxy3.executeUpdate(Unknown Source)
	at org.compiere.util.DB.executeUpdate(DB.java:1046)
	at org.compiere.util.DB.executeUpdate(DB.java:908)
	at org.compiere.util.DB.executeUpdate(DB.java:895)
	at org.compiere.model.PO.saveNew(PO.java:2865)
	at org.compiere.model.PO.save(PO.java:2195)

===========> DB.saveError: DBExecuteError - ORA-01400: cannot insert NULL into ("CARSDEV"."AD_TREE_FAVORITE"."AD_USER_ID")
 [47]
-----------> MTreeFavorite.saveNew: [POSave_a920ce99-baa2-49e1-84fa-e12d37d4dc64]Not inserted - AD_Tree_Favorite [47]
-----------> DefaultDesktop.createHomeTab: Failed to create components. zul=/zul/userfavorites.zul [47]
org.adempiere.exceptions.AdempiereException: Could not create Tree.
	at org.adempiere.webui.dashboard.DPUserFavorites.createFavouritesPanel(DPUserFavorites.java:119)
	at org.adempiere.webui.dashboard.DPUserFavorites.<init>(DPUserFavorites.java:63)
	at sun.reflect.NativeConstructorAccessorImpl.newInstance0(Native Method)
	at sun.reflect.NativeConstructorAccessorImpl.newInstance(Unknown Source)
	at sun.reflect.DelegatingConstructorAccessorImpl.newInstance(Unknown Source)
	at java.lang.reflect.Constructor.newInstance(Unknown Source)
	at java.lang.Class.newInstance(Unknown Source)
	at org.zkoss.zk.ui.metainfo.impl.ComponentDefinitionImpl.newInstance(ComponentDefinitionImpl.java:308)
	at org.zkoss.zk.ui.metainfo.impl.ComponentDefinitionImpl.newInstance(ComponentDefinitionImpl.java:296)
	at org.zkoss.zk.ui.metainfo.ComponentInfo.newInstance(ComponentInfo.java:664)
	at org.zkoss.zk.ui.impl.AbstractUiFactory.newComponent(AbstractUiFactory.java:90)
	at org.zkoss.zk.ui.impl.UiEngineImpl.execCreateChild0(UiEngineImpl.java:616)
	at org.zkoss.zk.ui.impl.UiEngineImpl.execCreateChild(UiEngineImpl.java:587)
	at org.zkoss.zk.ui.impl.UiEngineImpl.execCreate0(UiEngineImpl.java:531)
	at org.zkoss.zk.ui.impl.UiEngineImpl.execCreate(UiEngineImpl.java:498)
	at org.zkoss.zk.ui.impl.UiEngineImpl.createComponents(UiEngineImpl.java:819)
	at org.zkoss.zk.ui.impl.AbstractExecution.createComponents(AbstractExecution.java:189)
	at org.zkoss.zk.ui.Executions.createComponents(Executions.java:177)
	at org.adempiere.webui.desktop.DefaultDesktop.createHomeTab(DefaultDesktop.java:380)
	at org.adempiere.webui.desktop.DefaultDesktop.doCreatePart(DefaultDesktop.java:162)
	at org.adempiere.webui.part.AbstractUIPart.createPart(AbstractUIPart.java:41)

-----------> Msg.getMsg: NOT found: InfoBranch [47]
-----------> GridTable.open: Count - ORA-00904: "PROCESSED": invalid identifier

SQL=SELECT COUNT(*) FROM LOS_Lead WHERE (Processed='N' OR Updated>SysDate-1) AND LOS_Lead.AD_Client_ID=0 AND LOS_Lead.AD_Org_ID=0 AND (LOS_Lead.LOS_Lead_ID IS NULL OR LOS_Lead.LOS_Lead_ID NOT IN ( SELECT Record_ID FROM AD_Private_Access WHERE AD_Table_ID = 1000052 AND AD_User_ID <> 0 AND IsActive = 'Y' )) [47]
-----------> MRecentItem.addMenuOption: AD_User_ID is mandatory. [47]
-----------> GridTable.open: Count - ORA-00904: "PROCESSED": invalid identifier

SQL=SELECT COUNT(*) FROM LOS_Lead WHERE (Processed='N' OR Updated>SysDate-1) AND LOS_Lead.AD_Client_ID=0 AND LOS_Lead.AD_Org_ID=0 AND (LOS_Lead.LOS_Lead_ID IS NULL OR LOS_Lead.LOS_Lead_ID NOT IN ( SELECT Record_ID FROM AD_Private_Access WHERE AD_Table_ID = 1000052 AND AD_User_ID <> 0 AND IsActive = 'Y' )) [47]
-----------> MRecentItem.addMenuOption: AD_User_ID is mandatory. [47]
-----------> Msg.getMsg: NOT found: Please save changes before closing [47]
-----------> MRecentItem.addMenuOption: AD_User_ID is mandatory. [47]
-----------> MRecentItem.addMenuOption: AD_User_ID is mandatory. [47]
-----------> GridTable.open: Count - ORA-00904: "PROCESSED": invalid identifier

SQL=SELECT COUNT(*) FROM LOS_Lead WHERE (Processed='N' OR Updated>SysDate-1) AND LOS_Lead.AD_Client_ID=0 AND LOS_Lead.AD_Org_ID=0 AND (LOS_Lead.LOS_Lead_ID IS NULL OR LOS_Lead.LOS_Lead_ID NOT IN ( SELECT Record_ID FROM AD_Private_Access WHERE AD_Table_ID = 1000052 AND AD_User_ID <> 0 AND IsActive = 'Y' )) [47]
-----------> MRecentItem.addMenuOption: AD_User_ID is mandatory. [47]
-----------> Msg.getMsg: NOT found: Table and Column  LOS Lead  System (System Administrator) @ System.* [MyAppsServer{localhost-orcl-carsdev}] [68]
-----------> MRecentItem.addWindowChange: AD_User_ID is mandatory. [68]
-----------> MRecentItem.addWindowChange: AD_User_ID is mandatory. [68]
-----------> GridTable.open: Count - ORA-00904: "PROCESSED": invalid identifier

SQL=SELECT COUNT(*) FROM LOS_Lead WHERE (Processed='N' OR Updated>SysDate-1) AND LOS_Lead.AD_Client_ID=0 AND LOS_Lead.AD_Org_ID=0 AND (LOS_Lead.LOS_Lead_ID IS NULL OR LOS_Lead.LOS_Lead_ID NOT IN ( SELECT Record_ID FROM AD_Private_Access WHERE AD_Table_ID = 1000052 AND AD_User_ID <> 0 AND IsActive = 'Y' )) [126]
-----------> MRecentItem.addMenuOption: AD_User_ID is mandatory. [126]
-----------> MRecentItem.addWindowChange: AD_User_ID is mandatory. [126]
===========> DB.executeUpdate: UPDATE AD_Column SET AD_Element_ID=1000134, AD_Reference_ID=19, AD_Reference_Value_ID=NULL, ColumnName='COL_PRIORITY_ID', Description=NULL, Help=NULL, Name='Priority',Updated=TO_DATE('2018-07-13 12:28:36','YYYY-MM-DD HH24:MI:SS'),UpdatedBy=0 WHERE AD_Column_ID=1000990 [POSave_725327bc-196b-41ab-a360-3006ec97d04c] [126]
java.sql.SQLIntegrityConstraintViolationException: ORA-00001: unique constraint (CARSDEV.AD_COLUMN_NAME) violated
; State=23000; ErrorCode=1
	at oracle.jdbc.driver.T4CTTIoer.processError(T4CTTIoer.java:447)
	at oracle.jdbc.driver.T4CTTIoer.processError(T4CTTIoer.java:396)
	at oracle.jdbc.driver.T4C8Oall.processError(T4C8Oall.java:951)
	at oracle.jdbc.driver.T4CTTIfun.receive(T4CTTIfun.java:513)
	at oracle.jdbc.driver.T4CTTIfun.doRPC(T4CTTIfun.java:227)
	at oracle.jdbc.driver.T4C8Oall.doOALL(T4C8Oall.java:531)
	at oracle.jdbc.driver.T4CPreparedStatement.doOall8(T4CPreparedStatement.java:208)
	at oracle.jdbc.driver.T4CPreparedStatement.executeForRows(T4CPreparedStatement.java:1046)
	at oracle.jdbc.driver.OracleStatement.doExecuteWithTimeout(OracleStatement.java:1336)
	at oracle.jdbc.driver.OracleStatement.doScrollExecuteCommon(OracleStatement.java:4709)
	at oracle.jdbc.driver.OraclePreparedStatement.doScrollPstmtExecuteUpdate(OraclePreparedStatement.java:10613)
	at oracle.jdbc.driver.OraclePreparedStatement.executeInternal(OraclePreparedStatement.java:3611)
	at oracle.jdbc.driver.OraclePreparedStatement.executeUpdate(OraclePreparedStatement.java:3694)
	at oracle.jdbc.driver.OraclePreparedStatementWrapper.executeUpdate(OraclePreparedStatementWrapper.java:1354)
	at com.mchange.v2.c3p0.impl.NewProxyPreparedStatement.executeUpdate(NewProxyPreparedStatement.java:105)
	at sun.reflect.GeneratedMethodAccessor33.invoke(Unknown Source)
	at sun.reflect.DelegatingMethodAccessorImpl.invoke(Unknown Source)
	at java.lang.reflect.Method.invoke(Unknown Source)
	at org.compiere.db.StatementProxy.invoke(StatementProxy.java:100)
	at com.sun.proxy.$Proxy3.executeUpdate(Unknown Source)
	at org.compiere.util.DB.executeUpdate(DB.java:1046)
	at org.compiere.util.DB.executeUpdate(DB.java:908)
	at org.compiere.util.DB.executeUpdate(DB.java:895)
	at org.compiere.model.PO.saveUpdate(PO.java:2642)
	at org.compiere.model.PO.save(PO.java:2214)
	at org.compiere.model.GridTable.dataSavePO(GridTable.java:2139)
	at org.compiere.model.GridTable.dataSave(GridTable.java:1474)
	at org.compiere.model.GridTab.dataSave(GridTab.java:987)

===========> DB.saveError: DBExecuteError - ORA-00001: unique constraint (CARSDEV.AD_COLUMN_NAME) violated
 [126]
-----------> MColumn.saveUpdate: #-1 - [POSave_725327bc-196b-41ab-a360-3006ec97d04c] - AD_Column.AD_Column_ID=1000990 [126]
-----------> GridTable.saveWarning: SaveErrorNotUnique - ORA-00001: unique constraint (CARSDEV.AD_COLUMN_NAME) violated
 [126]
===========> DB.executeUpdate: UPDATE AD_Column SET AD_Element_ID=1000134, AD_Reference_ID=19, AD_Reference_Value_ID=NULL, ColumnName='COL_PRIORITY_ID', Description=NULL, Help=NULL, Name='Priority',Updated=TO_DATE('2018-07-13 12:28:53','YYYY-MM-DD HH24:MI:SS'),UpdatedBy=0 WHERE AD_Column_ID=1000990 [POSave_edb627f9-3e1c-4e06-a7f0-107803ffada6] [126]
java.sql.SQLIntegrityConstraintViolationException: ORA-00001: unique constraint (CARSDEV.AD_COLUMN_NAME) violated
; State=23000; ErrorCode=1
	at oracle.jdbc.driver.T4CTTIoer.processError(T4CTTIoer.java:447)
	at oracle.jdbc.driver.T4CTTIoer.processError(T4CTTIoer.java:396)
	at oracle.jdbc.driver.T4C8Oall.processError(T4C8Oall.java:951)
	at oracle.jdbc.driver.T4CTTIfun.receive(T4CTTIfun.java:513)
	at oracle.jdbc.driver.T4CTTIfun.doRPC(T4CTTIfun.java:227)
	at oracle.jdbc.driver.T4C8Oall.doOALL(T4C8Oall.java:531)
	at oracle.jdbc.driver.T4CPreparedStatement.doOall8(T4CPreparedStatement.java:208)
	at oracle.jdbc.driver.T4CPreparedStatement.executeForRows(T4CPreparedStatement.java:1046)
	at oracle.jdbc.driver.OracleStatement.doExecuteWithTimeout(OracleStatement.java:1336)
	at oracle.jdbc.driver.OracleStatement.doScrollExecuteCommon(OracleStatement.java:4709)
	at oracle.jdbc.driver.OraclePreparedStatement.doScrollPstmtExecuteUpdate(OraclePreparedStatement.java:10613)
	at oracle.jdbc.driver.OraclePreparedStatement.executeInternal(OraclePreparedStatement.java:3611)
	at oracle.jdbc.driver.OraclePreparedStatement.executeUpdate(OraclePreparedStatement.java:3694)
	at oracle.jdbc.driver.OraclePreparedStatementWrapper.executeUpdate(OraclePreparedStatementWrapper.java:1354)
	at com.mchange.v2.c3p0.impl.NewProxyPreparedStatement.executeUpdate(NewProxyPreparedStatement.java:105)
	at sun.reflect.GeneratedMethodAccessor33.invoke(Unknown Source)
	at sun.reflect.DelegatingMethodAccessorImpl.invoke(Unknown Source)
	at java.lang.reflect.Method.invoke(Unknown Source)
	at org.compiere.db.StatementProxy.invoke(StatementProxy.java:100)
	at com.sun.proxy.$Proxy3.executeUpdate(Unknown Source)
	at org.compiere.util.DB.executeUpdate(DB.java:1046)
	at org.compiere.util.DB.executeUpdate(DB.java:908)
	at org.compiere.util.DB.executeUpdate(DB.java:895)
	at org.compiere.model.PO.saveUpdate(PO.java:2642)
	at org.compiere.model.PO.save(PO.java:2214)
	at org.compiere.model.GridTable.dataSavePO(GridTable.java:2139)
	at org.compiere.model.GridTable.dataSave(GridTable.java:1474)
	at org.compiere.model.GridTab.dataSave(GridTab.java:987)

===========> DB.saveError: DBExecuteError - ORA-00001: unique constraint (CARSDEV.AD_COLUMN_NAME) violated
 [126]
-----------> MColumn.saveUpdate: #-1 - [POSave_edb627f9-3e1c-4e06-a7f0-107803ffada6] - AD_Column.AD_Column_ID=1000990 [126]
-----------> GridTable.saveWarning: SaveErrorNotUnique - ORA-00001: unique constraint (CARSDEV.AD_COLUMN_NAME) violated
 [126]
===========> DB.executeUpdate: UPDATE AD_Column SET AD_Element_ID=1000134, AD_Reference_ID=19, AD_Reference_Value_ID=NULL, ColumnName='COL_PRIORITY_ID', Description=NULL, Help=NULL, Name='Priority',Updated=TO_DATE('2018-07-13 12:28:54','YYYY-MM-DD HH24:MI:SS'),UpdatedBy=0 WHERE AD_Column_ID=1000990 [POSave_0015c4dc-1eed-48db-96d9-07208c526bef] [126]
java.sql.SQLIntegrityConstraintViolationException: ORA-00001: unique constraint (CARSDEV.AD_COLUMN_NAME) violated
; State=23000; ErrorCode=1
	at oracle.jdbc.driver.T4CTTIoer.processError(T4CTTIoer.java:447)
	at oracle.jdbc.driver.T4CTTIoer.processError(T4CTTIoer.java:396)
	at oracle.jdbc.driver.T4C8Oall.processError(T4C8Oall.java:951)
	at oracle.jdbc.driver.T4CTTIfun.receive(T4CTTIfun.java:513)
	at oracle.jdbc.driver.T4CTTIfun.doRPC(T4CTTIfun.java:227)
	at oracle.jdbc.driver.T4C8Oall.doOALL(T4C8Oall.java:531)
	at oracle.jdbc.driver.T4CPreparedStatement.doOall8(T4CPreparedStatement.java:208)
	at oracle.jdbc.driver.T4CPreparedStatement.executeForRows(T4CPreparedStatement.java:1046)
	at oracle.jdbc.driver.OracleStatement.doExecuteWithTimeout(OracleStatement.java:1336)
	at oracle.jdbc.driver.OracleStatement.doScrollExecuteCommon(OracleStatement.java:4709)
	at oracle.jdbc.driver.OraclePreparedStatement.doScrollPstmtExecuteUpdate(OraclePreparedStatement.java:10613)
	at oracle.jdbc.driver.OraclePreparedStatement.executeInternal(OraclePreparedStatement.java:3611)
	at oracle.jdbc.driver.OraclePreparedStatement.executeUpdate(OraclePreparedStatement.java:3694)
	at oracle.jdbc.driver.OraclePreparedStatementWrapper.executeUpdate(OraclePreparedStatementWrapper.java:1354)
	at com.mchange.v2.c3p0.impl.NewProxyPreparedStatement.executeUpdate(NewProxyPreparedStatement.java:105)
	at sun.reflect.GeneratedMethodAccessor33.invoke(Unknown Source)
	at sun.reflect.DelegatingMethodAccessorImpl.invoke(Unknown Source)
	at java.lang.reflect.Method.invoke(Unknown Source)
	at org.compiere.db.StatementProxy.invoke(StatementProxy.java:100)
	at com.sun.proxy.$Proxy3.executeUpdate(Unknown Source)
	at org.compiere.util.DB.executeUpdate(DB.java:1046)
	at org.compiere.util.DB.executeUpdate(DB.java:908)
	at org.compiere.util.DB.executeUpdate(DB.java:895)
	at org.compiere.model.PO.saveUpdate(PO.java:2642)
	at org.compiere.model.PO.save(PO.java:2214)
	at org.compiere.model.GridTable.dataSavePO(GridTable.java:2139)
	at org.compiere.model.GridTable.dataSave(GridTable.java:1474)
	at org.compiere.model.GridTab.dataSave(GridTab.java:987)

===========> DB.saveError: DBExecuteError - ORA-00001: unique constraint (CARSDEV.AD_COLUMN_NAME) violated
 [126]
-----------> MColumn.saveUpdate: #-1 - [POSave_0015c4dc-1eed-48db-96d9-07208c526bef] - AD_Column.AD_Column_ID=1000990 [126]
-----------> GridTable.saveWarning: SaveErrorNotUnique - ORA-00001: unique constraint (CARSDEV.AD_COLUMN_NAME) violated
 [126]
===========> DB.executeUpdate: UPDATE AD_Column SET AD_Element_ID=1000134, AD_Reference_ID=19, AD_Reference_Value_ID=NULL, ColumnName='COL_PRIORITY_ID', Description=NULL, Help=NULL, Name='Priority',Updated=TO_DATE('2018-07-13 12:28:54','YYYY-MM-DD HH24:MI:SS'),UpdatedBy=0 WHERE AD_Column_ID=1000990 [POSave_dd07f226-e20a-4276-9def-4fcccd3126d1] [68]
java.sql.SQLIntegrityConstraintViolationException: ORA-00001: unique constraint (CARSDEV.AD_COLUMN_NAME) violated
; State=23000; ErrorCode=1
	at oracle.jdbc.driver.T4CTTIoer.processError(T4CTTIoer.java:447)
	at oracle.jdbc.driver.T4CTTIoer.processError(T4CTTIoer.java:396)
	at oracle.jdbc.driver.T4C8Oall.processError(T4C8Oall.java:951)
	at oracle.jdbc.driver.T4CTTIfun.receive(T4CTTIfun.java:513)
	at oracle.jdbc.driver.T4CTTIfun.doRPC(T4CTTIfun.java:227)
	at oracle.jdbc.driver.T4C8Oall.doOALL(T4C8Oall.java:531)
	at oracle.jdbc.driver.T4CPreparedStatement.doOall8(T4CPreparedStatement.java:208)
	at oracle.jdbc.driver.T4CPreparedStatement.executeForRows(T4CPreparedStatement.java:1046)
	at oracle.jdbc.driver.OracleStatement.doExecuteWithTimeout(OracleStatement.java:1336)
	at oracle.jdbc.driver.OracleStatement.doScrollExecuteCommon(OracleStatement.java:4709)
	at oracle.jdbc.driver.OraclePreparedStatement.doScrollPstmtExecuteUpdate(OraclePreparedStatement.java:10613)
	at oracle.jdbc.driver.OraclePreparedStatement.executeInternal(OraclePreparedStatement.java:3611)
	at oracle.jdbc.driver.OraclePreparedStatement.executeUpdate(OraclePreparedStatement.java:3694)
	at oracle.jdbc.driver.OraclePreparedStatementWrapper.executeUpdate(OraclePreparedStatementWrapper.java:1354)
	at com.mchange.v2.c3p0.impl.NewProxyPreparedStatement.executeUpdate(NewProxyPreparedStatement.java:105)
	at sun.reflect.GeneratedMethodAccessor33.invoke(Unknown Source)
	at sun.reflect.DelegatingMethodAccessorImpl.invoke(Unknown Source)
	at java.lang.reflect.Method.invoke(Unknown Source)
	at org.compiere.db.StatementProxy.invoke(StatementProxy.java:100)
	at com.sun.proxy.$Proxy3.executeUpdate(Unknown Source)
	at org.compiere.util.DB.executeUpdate(DB.java:1046)
	at org.compiere.util.DB.executeUpdate(DB.java:908)
	at org.compiere.util.DB.executeUpdate(DB.java:895)
	at org.compiere.model.PO.saveUpdate(PO.java:2642)
	at org.compiere.model.PO.save(PO.java:2214)
	at org.compiere.model.GridTable.dataSavePO(GridTable.java:2139)
	at org.compiere.model.GridTable.dataSave(GridTable.java:1474)
	at org.compiere.model.GridTab.dataSave(GridTab.java:987)

===========> DB.saveError: DBExecuteError - ORA-00001: unique constraint (CARSDEV.AD_COLUMN_NAME) violated
 [68]
-----------> MColumn.saveUpdate: #-1 - [POSave_dd07f226-e20a-4276-9def-4fcccd3126d1] - AD_Column.AD_Column_ID=1000990 [68]
-----------> GridTable.saveWarning: SaveErrorNotUnique - ORA-00001: unique constraint (CARSDEV.AD_COLUMN_NAME) violated
 [68]
===========> DB.executeUpdate: UPDATE AD_Column SET AD_Element_ID=1000134, AD_Reference_ID=19, AD_Reference_Value_ID=NULL, ColumnName='COL_PRIORITY_ID', Description=NULL, Help=NULL, Name='Priority',Updated=TO_DATE('2018-07-13 12:28:55','YYYY-MM-DD HH24:MI:SS'),UpdatedBy=0 WHERE AD_Column_ID=1000990 [POSave_df2a7cdd-bf6e-48ca-91b1-1885385397c7] [68]
java.sql.SQLIntegrityConstraintViolationException: ORA-00001: unique constraint (CARSDEV.AD_COLUMN_NAME) violated
; State=23000; ErrorCode=1
	at oracle.jdbc.driver.T4CTTIoer.processError(T4CTTIoer.java:447)
	at oracle.jdbc.driver.T4CTTIoer.processError(T4CTTIoer.java:396)
	at oracle.jdbc.driver.T4C8Oall.processError(T4C8Oall.java:951)
	at oracle.jdbc.driver.T4CTTIfun.receive(T4CTTIfun.java:513)
	at oracle.jdbc.driver.T4CTTIfun.doRPC(T4CTTIfun.java:227)
	at oracle.jdbc.driver.T4C8Oall.doOALL(T4C8Oall.java:531)
	at oracle.jdbc.driver.T4CPreparedStatement.doOall8(T4CPreparedStatement.java:208)
	at oracle.jdbc.driver.T4CPreparedStatement.executeForRows(T4CPreparedStatement.java:1046)
	at oracle.jdbc.driver.OracleStatement.doExecuteWithTimeout(OracleStatement.java:1336)
	at oracle.jdbc.driver.OracleStatement.doScrollExecuteCommon(OracleStatement.java:4709)
	at oracle.jdbc.driver.OraclePreparedStatement.doScrollPstmtExecuteUpdate(OraclePreparedStatement.java:10613)
	at oracle.jdbc.driver.OraclePreparedStatement.executeInternal(OraclePreparedStatement.java:3611)
	at oracle.jdbc.driver.OraclePreparedStatement.executeUpdate(OraclePreparedStatement.java:3694)
	at oracle.jdbc.driver.OraclePreparedStatementWrapper.executeUpdate(OraclePreparedStatementWrapper.java:1354)
	at com.mchange.v2.c3p0.impl.NewProxyPreparedStatement.executeUpdate(NewProxyPreparedStatement.java:105)
	at sun.reflect.GeneratedMethodAccessor33.invoke(Unknown Source)
	at sun.reflect.DelegatingMethodAccessorImpl.invoke(Unknown Source)
	at java.lang.reflect.Method.invoke(Unknown Source)
	at org.compiere.db.StatementProxy.invoke(StatementProxy.java:100)
	at com.sun.proxy.$Proxy3.executeUpdate(Unknown Source)
	at org.compiere.util.DB.executeUpdate(DB.java:1046)
	at org.compiere.util.DB.executeUpdate(DB.java:908)
	at org.compiere.util.DB.executeUpdate(DB.java:895)
	at org.compiere.model.PO.saveUpdate(PO.java:2642)
	at org.compiere.model.PO.save(PO.java:2214)
	at org.compiere.model.GridTable.dataSavePO(GridTable.java:2139)
	at org.compiere.model.GridTable.dataSave(GridTable.java:1474)
	at org.compiere.model.GridTab.dataSave(GridTab.java:987)

===========> DB.saveError: DBExecuteError - ORA-00001: unique constraint (CARSDEV.AD_COLUMN_NAME) violated
 [68]
-----------> MColumn.saveUpdate: #-1 - [POSave_df2a7cdd-bf6e-48ca-91b1-1885385397c7] - AD_Column.AD_Column_ID=1000990 [68]
-----------> GridTable.saveWarning: SaveErrorNotUnique - ORA-00001: unique constraint (CARSDEV.AD_COLUMN_NAME) violated
 [68]
===========> DB.executeUpdate: UPDATE AD_Column SET AD_Element_ID=1000134, AD_Reference_ID=19, AD_Reference_Value_ID=NULL, ColumnName='COL_PRIORITY_ID', Description=NULL, Help=NULL, Name='Priority',Updated=TO_DATE('2018-07-13 12:28:55','YYYY-MM-DD HH24:MI:SS'),UpdatedBy=0 WHERE AD_Column_ID=1000990 [POSave_ee4d5b56-554f-4f8e-97e1-b447c3638c36] [68]
java.sql.SQLIntegrityConstraintViolationException: ORA-00001: unique constraint (CARSDEV.AD_COLUMN_NAME) violated
; State=23000; ErrorCode=1
	at oracle.jdbc.driver.T4CTTIoer.processError(T4CTTIoer.java:447)
	at oracle.jdbc.driver.T4CTTIoer.processError(T4CTTIoer.java:396)
	at oracle.jdbc.driver.T4C8Oall.processError(T4C8Oall.java:951)
	at oracle.jdbc.driver.T4CTTIfun.receive(T4CTTIfun.java:513)
	at oracle.jdbc.driver.T4CTTIfun.doRPC(T4CTTIfun.java:227)
	at oracle.jdbc.driver.T4C8Oall.doOALL(T4C8Oall.java:531)
	at oracle.jdbc.driver.T4CPreparedStatement.doOall8(T4CPreparedStatement.java:208)
	at oracle.jdbc.driver.T4CPreparedStatement.executeForRows(T4CPreparedStatement.java:1046)
	at oracle.jdbc.driver.OracleStatement.doExecuteWithTimeout(OracleStatement.java:1336)
	at oracle.jdbc.driver.OracleStatement.doScrollExecuteCommon(OracleStatement.java:4709)
	at oracle.jdbc.driver.OraclePreparedStatement.doScrollPstmtExecuteUpdate(OraclePreparedStatement.java:10613)
	at oracle.jdbc.driver.OraclePreparedStatement.executeInternal(OraclePreparedStatement.java:3611)
	at oracle.jdbc.driver.OraclePreparedStatement.executeUpdate(OraclePreparedStatement.java:3694)
	at oracle.jdbc.driver.OraclePreparedStatementWrapper.executeUpdate(OraclePreparedStatementWrapper.java:1354)
	at com.mchange.v2.c3p0.impl.NewProxyPreparedStatement.executeUpdate(NewProxyPreparedStatement.java:105)
	at sun.reflect.GeneratedMethodAccessor33.invoke(Unknown Source)
	at sun.reflect.DelegatingMethodAccessorImpl.invoke(Unknown Source)
	at java.lang.reflect.Method.invoke(Unknown Source)
	at org.compiere.db.StatementProxy.invoke(StatementProxy.java:100)
	at com.sun.proxy.$Proxy3.executeUpdate(Unknown Source)
	at org.compiere.util.DB.executeUpdate(DB.java:1046)
	at org.compiere.util.DB.executeUpdate(DB.java:908)
	at org.compiere.util.DB.executeUpdate(DB.java:895)
	at org.compiere.model.PO.saveUpdate(PO.java:2642)
	at org.compiere.model.PO.save(PO.java:2214)
	at org.compiere.model.GridTable.dataSavePO(GridTable.java:2139)
	at org.compiere.model.GridTable.dataSave(GridTable.java:1474)
	at org.compiere.model.GridTab.dataSave(GridTab.java:987)

===========> DB.saveError: DBExecuteError - ORA-00001: unique constraint (CARSDEV.AD_COLUMN_NAME) violated
 [68]
-----------> MColumn.saveUpdate: #-1 - [POSave_ee4d5b56-554f-4f8e-97e1-b447c3638c36] - AD_Column.AD_Column_ID=1000990 [68]
-----------> GridTable.saveWarning: SaveErrorNotUnique - ORA-00001: unique constraint (CARSDEV.AD_COLUMN_NAME) violated
 [68]
===========> DB.executeUpdate: UPDATE AD_Column SET AD_Element_ID=1000134, AD_Reference_ID=19, AD_Reference_Value_ID=NULL, ColumnName='COL_PRIORITY_ID', Description=NULL, Help=NULL, Name='Priority',Updated=TO_DATE('2018-07-13 12:28:55','YYYY-MM-DD HH24:MI:SS'),UpdatedBy=0 WHERE AD_Column_ID=1000990 [POSave_2b17d69f-485f-417b-ab68-7e4f7d707c74] [68]
java.sql.SQLIntegrityConstraintViolationException: ORA-00001: unique constraint (CARSDEV.AD_COLUMN_NAME) violated
; State=23000; ErrorCode=1
	at oracle.jdbc.driver.T4CTTIoer.processError(T4CTTIoer.java:447)
	at oracle.jdbc.driver.T4CTTIoer.processError(T4CTTIoer.java:396)
	at oracle.jdbc.driver.T4C8Oall.processError(T4C8Oall.java:951)
	at oracle.jdbc.driver.T4CTTIfun.receive(T4CTTIfun.java:513)
	at oracle.jdbc.driver.T4CTTIfun.doRPC(T4CTTIfun.java:227)
	at oracle.jdbc.driver.T4C8Oall.doOALL(T4C8Oall.java:531)
	at oracle.jdbc.driver.T4CPreparedStatement.doOall8(T4CPreparedStatement.java:208)
	at oracle.jdbc.driver.T4CPreparedStatement.executeForRows(T4CPreparedStatement.java:1046)
	at oracle.jdbc.driver.OracleStatement.doExecuteWithTimeout(OracleStatement.java:1336)
	at oracle.jdbc.driver.OracleStatement.doScrollExecuteCommon(OracleStatement.java:4709)
	at oracle.jdbc.driver.OraclePreparedStatement.doScrollPstmtExecuteUpdate(OraclePreparedStatement.java:10613)
	at oracle.jdbc.driver.OraclePreparedStatement.executeInternal(OraclePreparedStatement.java:3611)
	at oracle.jdbc.driver.OraclePreparedStatement.executeUpdate(OraclePreparedStatement.java:3694)
	at oracle.jdbc.driver.OraclePreparedStatementWrapper.executeUpdate(OraclePreparedStatementWrapper.java:1354)
	at com.mchange.v2.c3p0.impl.NewProxyPreparedStatement.executeUpdate(NewProxyPreparedStatement.java:105)
	at sun.reflect.GeneratedMethodAccessor33.invoke(Unknown Source)
	at sun.reflect.DelegatingMethodAccessorImpl.invoke(Unknown Source)
	at java.lang.reflect.Method.invoke(Unknown Source)
	at org.compiere.db.StatementProxy.invoke(StatementProxy.java:100)
	at com.sun.proxy.$Proxy3.executeUpdate(Unknown Source)
	at org.compiere.util.DB.executeUpdate(DB.java:1046)
	at org.compiere.util.DB.executeUpdate(DB.java:908)
	at org.compiere.util.DB.executeUpdate(DB.java:895)
	at org.compiere.model.PO.saveUpdate(PO.java:2642)
	at org.compiere.model.PO.save(PO.java:2214)
	at org.compiere.model.GridTable.dataSavePO(GridTable.java:2139)
	at org.compiere.model.GridTable.dataSave(GridTable.java:1474)
	at org.compiere.model.GridTab.dataSave(GridTab.java:987)

===========> DB.saveError: DBExecuteError - ORA-00001: unique constraint (CARSDEV.AD_COLUMN_NAME) violated
 [68]
-----------> MColumn.saveUpdate: #-1 - [POSave_2b17d69f-485f-417b-ab68-7e4f7d707c74] - AD_Column.AD_Column_ID=1000990 [68]
-----------> GridTable.saveWarning: SaveErrorNotUnique - ORA-00001: unique constraint (CARSDEV.AD_COLUMN_NAME) violated
 [68]
-----------> MRecentItem.addMenuOption: AD_User_ID is mandatory. [126]
-----------> GridTable.open: Count - ORA-00904: "PROCESSED": invalid identifier

SQL=SELECT COUNT(*) FROM LOS_Lead WHERE (Processed='N' OR Updated>SysDate-1) AND LOS_Lead.AD_Client_ID=0 AND LOS_Lead.AD_Org_ID=0 AND (LOS_Lead.LOS_Lead_ID IS NULL OR LOS_Lead.LOS_Lead_ID NOT IN ( SELECT Record_ID FROM AD_Private_Access WHERE AD_Table_ID = 1000052 AND AD_User_ID <> 0 AND IsActive = 'Y' )) [47]
-----------> MRecentItem.addMenuOption: AD_User_ID is mandatory. [47]
-----------> MRecentItem.addWindowChange: AD_User_ID is mandatory. [47]
-----------> MRecentItem.addWindowChange: AD_User_ID is mandatory. [47]
-----------> Msg.getMsg: NOT found: Table and Column  Priority  System (System Administrator) @ System.* [MyAppsServer{localhost-orcl-carsdev}] [47]
-----------> GridTable.open: Count - ORA-00904: "PROCESSED": invalid identifier

SQL=SELECT COUNT(*) FROM LOS_Lead WHERE (Processed='N' OR Updated>SysDate-1) AND LOS_Lead.AD_Client_ID=0 AND LOS_Lead.AD_Org_ID=0 AND (LOS_Lead.LOS_Lead_ID IS NULL OR LOS_Lead.LOS_Lead_ID NOT IN ( SELECT Record_ID FROM AD_Private_Access WHERE AD_Table_ID = 1000052 AND AD_User_ID <> 0 AND IsActive = 'Y' )) [68]
-----------> MRecentItem.addMenuOption: AD_User_ID is mandatory. [68]
-----------> MIssue.set_Value: SourceClassName - Value too long - truncated to length=60 [68]
===========> DB.executeUpdate: INSERT INTO AD_Tree_Favorite (AD_Client_ID,AD_Org_ID,AD_Role_ID,AD_Tree_Favorite_ID,Created,CreatedBy,IsActive,Updated,UpdatedBy) VALUES (0,0,0,1000158,TO_DATE('2018-07-13 12:35:06','YYYY-MM-DD HH24:MI:SS'),0,'Y',TO_DATE('2018-07-13 12:35:06','YYYY-MM-DD HH24:MI:SS'),0) [POSave_0866259b-18f1-4b57-95df-900e2a93ef89] [68]
java.sql.SQLIntegrityConstraintViolationException: ORA-01400: cannot insert NULL into ("CARSDEV"."AD_TREE_FAVORITE"."AD_USER_ID")
; State=23000; ErrorCode=1400
	at oracle.jdbc.driver.T4CTTIoer.processError(T4CTTIoer.java:447)
	at oracle.jdbc.driver.T4CTTIoer.processError(T4CTTIoer.java:396)
	at oracle.jdbc.driver.T4C8Oall.processError(T4C8Oall.java:951)
	at oracle.jdbc.driver.T4CTTIfun.receive(T4CTTIfun.java:513)
	at oracle.jdbc.driver.T4CTTIfun.doRPC(T4CTTIfun.java:227)
	at oracle.jdbc.driver.T4C8Oall.doOALL(T4C8Oall.java:531)
	at oracle.jdbc.driver.T4CPreparedStatement.doOall8(T4CPreparedStatement.java:208)
	at oracle.jdbc.driver.T4CPreparedStatement.executeForRows(T4CPreparedStatement.java:1046)
	at oracle.jdbc.driver.OracleStatement.doExecuteWithTimeout(OracleStatement.java:1336)
	at oracle.jdbc.driver.OracleStatement.doScrollExecuteCommon(OracleStatement.java:4709)
	at oracle.jdbc.driver.OraclePreparedStatement.doScrollPstmtExecuteUpdate(OraclePreparedStatement.java:10613)
	at oracle.jdbc.driver.OraclePreparedStatement.executeInternal(OraclePreparedStatement.java:3611)
	at oracle.jdbc.driver.OraclePreparedStatement.executeUpdate(OraclePreparedStatement.java:3694)
	at oracle.jdbc.driver.OraclePreparedStatementWrapper.executeUpdate(OraclePreparedStatementWrapper.java:1354)
	at com.mchange.v2.c3p0.impl.NewProxyPreparedStatement.executeUpdate(NewProxyPreparedStatement.java:105)
	at sun.reflect.GeneratedMethodAccessor33.invoke(Unknown Source)
	at sun.reflect.DelegatingMethodAccessorImpl.invoke(Unknown Source)
	at java.lang.reflect.Method.invoke(Unknown Source)
	at org.compiere.db.StatementProxy.invoke(StatementProxy.java:100)
	at com.sun.proxy.$Proxy3.executeUpdate(Unknown Source)
	at org.compiere.util.DB.executeUpdate(DB.java:1046)
	at org.compiere.util.DB.executeUpdate(DB.java:908)
	at org.compiere.util.DB.executeUpdate(DB.java:895)
	at org.compiere.model.PO.saveNew(PO.java:2865)
	at org.compiere.model.PO.save(PO.java:2195)

===========> DB.saveError: DBExecuteError - ORA-01400: cannot insert NULL into ("CARSDEV"."AD_TREE_FAVORITE"."AD_USER_ID")
 [68]
-----------> MTreeFavorite.saveNew: [POSave_0866259b-18f1-4b57-95df-900e2a93ef89]Not inserted - AD_Tree_Favorite [68]
-----------> DefaultDesktop.createHomeTab: Failed to create components. zul=/zul/userfavorites.zul [68]
org.adempiere.exceptions.AdempiereException: Could not create Tree.
	at org.adempiere.webui.dashboard.DPUserFavorites.createFavouritesPanel(DPUserFavorites.java:119)
	at org.adempiere.webui.dashboard.DPUserFavorites.<init>(DPUserFavorites.java:63)
	at sun.reflect.NativeConstructorAccessorImpl.newInstance0(Native Method)
	at sun.reflect.NativeConstructorAccessorImpl.newInstance(Unknown Source)
	at sun.reflect.DelegatingConstructorAccessorImpl.newInstance(Unknown Source)
	at java.lang.reflect.Constructor.newInstance(Unknown Source)
	at java.lang.Class.newInstance(Unknown Source)
	at org.zkoss.zk.ui.metainfo.impl.ComponentDefinitionImpl.newInstance(ComponentDefinitionImpl.java:308)
	at org.zkoss.zk.ui.metainfo.impl.ComponentDefinitionImpl.newInstance(ComponentDefinitionImpl.java:296)
	at org.zkoss.zk.ui.metainfo.ComponentInfo.newInstance(ComponentInfo.java:664)
	at org.zkoss.zk.ui.impl.AbstractUiFactory.newComponent(AbstractUiFactory.java:90)
	at org.zkoss.zk.ui.impl.UiEngineImpl.execCreateChild0(UiEngineImpl.java:616)
	at org.zkoss.zk.ui.impl.UiEngineImpl.execCreateChild(UiEngineImpl.java:587)
	at org.zkoss.zk.ui.impl.UiEngineImpl.execCreate0(UiEngineImpl.java:531)
	at org.zkoss.zk.ui.impl.UiEngineImpl.execCreate(UiEngineImpl.java:498)
	at org.zkoss.zk.ui.impl.UiEngineImpl.createComponents(UiEngineImpl.java:819)
	at org.zkoss.zk.ui.impl.AbstractExecution.createComponents(AbstractExecution.java:189)
	at org.zkoss.zk.ui.Executions.createComponents(Executions.java:177)
	at org.adempiere.webui.desktop.DefaultDesktop.createHomeTab(DefaultDesktop.java:380)
	at org.adempiere.webui.desktop.DefaultDesktop.doCreatePart(DefaultDesktop.java:162)
	at org.adempiere.webui.part.AbstractUIPart.createPart(AbstractUIPart.java:41)

-----------> Msg.getMsg: NOT found: InfoBranch [68]
-----------> GridTable.open: Count - ORA-00904: "PROCESSED": invalid identifier

SQL=SELECT COUNT(*) FROM LOS_Lead WHERE (Processed='N' OR Updated>SysDate-1) AND LOS_Lead.AD_Client_ID=0 AND LOS_Lead.AD_Org_ID=0 AND (LOS_Lead.LOS_Lead_ID IS NULL OR LOS_Lead.LOS_Lead_ID NOT IN ( SELECT Record_ID FROM AD_Private_Access WHERE AD_Table_ID = 1000052 AND AD_User_ID <> 0 AND IsActive = 'Y' )) [47]
-----------> MRecentItem.addMenuOption: AD_User_ID is mandatory. [47]
-----------> MRecentItem.addMenuOption: AD_User_ID is mandatory. [68]
-----------> Msg.getMsg: NOT found: Table and Column  LOS Lead  System (System Administrator) @ System.* [MyAppsServer{localhost-orcl-carsdev}] [47]
-----------> MRecentItem.addMenuOption: AD_User_ID is mandatory. [126]
-----------> MRecentItem.addMenuOption: AD_User_ID is mandatory. [47]
-----------> MIssue.set_Value: SourceClassName - Value too long - truncated to length=60 [126]
===========> DB.executeUpdate: INSERT INTO AD_Tree_Favorite (AD_Client_ID,AD_Org_ID,AD_Role_ID,AD_Tree_Favorite_ID,Created,CreatedBy,IsActive,Updated,UpdatedBy) VALUES (0,0,0,1000159,TO_DATE('2018-07-13 12:40:06','YYYY-MM-DD HH24:MI:SS'),0,'Y',TO_DATE('2018-07-13 12:40:06','YYYY-MM-DD HH24:MI:SS'),0) [POSave_78ec4688-b0df-481e-aa8c-213c6f996564] [126]
java.sql.SQLIntegrityConstraintViolationException: ORA-01400: cannot insert NULL into ("CARSDEV"."AD_TREE_FAVORITE"."AD_USER_ID")
; State=23000; ErrorCode=1400
	at oracle.jdbc.driver.T4CTTIoer.processError(T4CTTIoer.java:447)
	at oracle.jdbc.driver.T4CTTIoer.processError(T4CTTIoer.java:396)
	at oracle.jdbc.driver.T4C8Oall.processError(T4C8Oall.java:951)
	at oracle.jdbc.driver.T4CTTIfun.receive(T4CTTIfun.java:513)
	at oracle.jdbc.driver.T4CTTIfun.doRPC(T4CTTIfun.java:227)
	at oracle.jdbc.driver.T4C8Oall.doOALL(T4C8Oall.java:531)
	at oracle.jdbc.driver.T4CPreparedStatement.doOall8(T4CPreparedStatement.java:208)
	at oracle.jdbc.driver.T4CPreparedStatement.executeForRows(T4CPreparedStatement.java:1046)
	at oracle.jdbc.driver.OracleStatement.doExecuteWithTimeout(OracleStatement.java:1336)
	at oracle.jdbc.driver.OracleStatement.doScrollExecuteCommon(OracleStatement.java:4709)
	at oracle.jdbc.driver.OraclePreparedStatement.doScrollPstmtExecuteUpdate(OraclePreparedStatement.java:10613)
	at oracle.jdbc.driver.OraclePreparedStatement.executeInternal(OraclePreparedStatement.java:3611)
	at oracle.jdbc.driver.OraclePreparedStatement.executeUpdate(OraclePreparedStatement.java:3694)
	at oracle.jdbc.driver.OraclePreparedStatementWrapper.executeUpdate(OraclePreparedStatementWrapper.java:1354)
	at com.mchange.v2.c3p0.impl.NewProxyPreparedStatement.executeUpdate(NewProxyPreparedStatement.java:105)
	at sun.reflect.GeneratedMethodAccessor33.invoke(Unknown Source)
	at sun.reflect.DelegatingMethodAccessorImpl.invoke(Unknown Source)
	at java.lang.reflect.Method.invoke(Unknown Source)
	at org.compiere.db.StatementProxy.invoke(StatementProxy.java:100)
	at com.sun.proxy.$Proxy3.executeUpdate(Unknown Source)
	at org.compiere.util.DB.executeUpdate(DB.java:1046)
	at org.compiere.util.DB.executeUpdate(DB.java:908)
	at org.compiere.util.DB.executeUpdate(DB.java:895)
	at org.compiere.model.PO.saveNew(PO.java:2865)
	at org.compiere.model.PO.save(PO.java:2195)

===========> DB.saveError: DBExecuteError - ORA-01400: cannot insert NULL into ("CARSDEV"."AD_TREE_FAVORITE"."AD_USER_ID")
 [126]
-----------> MTreeFavorite.saveNew: [POSave_78ec4688-b0df-481e-aa8c-213c6f996564]Not inserted - AD_Tree_Favorite [126]
-----------> DefaultDesktop.createHomeTab: Failed to create components. zul=/zul/userfavorites.zul [126]
org.adempiere.exceptions.AdempiereException: Could not create Tree.
	at org.adempiere.webui.dashboard.DPUserFavorites.createFavouritesPanel(DPUserFavorites.java:119)
	at org.adempiere.webui.dashboard.DPUserFavorites.<init>(DPUserFavorites.java:63)
	at sun.reflect.NativeConstructorAccessorImpl.newInstance0(Native Method)
	at sun.reflect.NativeConstructorAccessorImpl.newInstance(Unknown Source)
	at sun.reflect.DelegatingConstructorAccessorImpl.newInstance(Unknown Source)
	at java.lang.reflect.Constructor.newInstance(Unknown Source)
	at java.lang.Class.newInstance(Unknown Source)
	at org.zkoss.zk.ui.metainfo.impl.ComponentDefinitionImpl.newInstance(ComponentDefinitionImpl.java:308)
	at org.zkoss.zk.ui.metainfo.impl.ComponentDefinitionImpl.newInstance(ComponentDefinitionImpl.java:296)
	at org.zkoss.zk.ui.metainfo.ComponentInfo.newInstance(ComponentInfo.java:664)
	at org.zkoss.zk.ui.impl.AbstractUiFactory.newComponent(AbstractUiFactory.java:90)
	at org.zkoss.zk.ui.impl.UiEngineImpl.execCreateChild0(UiEngineImpl.java:616)
	at org.zkoss.zk.ui.impl.UiEngineImpl.execCreateChild(UiEngineImpl.java:587)
	at org.zkoss.zk.ui.impl.UiEngineImpl.execCreate0(UiEngineImpl.java:531)
	at org.zkoss.zk.ui.impl.UiEngineImpl.execCreate(UiEngineImpl.java:498)
	at org.zkoss.zk.ui.impl.UiEngineImpl.createComponents(UiEngineImpl.java:819)
	at org.zkoss.zk.ui.impl.AbstractExecution.createComponents(AbstractExecution.java:189)
	at org.zkoss.zk.ui.Executions.createComponents(Executions.java:177)
	at org.adempiere.webui.desktop.DefaultDesktop.createHomeTab(DefaultDesktop.java:380)
	at org.adempiere.webui.desktop.DefaultDesktop.doCreatePart(DefaultDesktop.java:162)
	at org.adempiere.webui.part.AbstractUIPart.createPart(AbstractUIPart.java:41)

-----------> Msg.getMsg: NOT found: InfoBranch [126]
-----------> MRecentItem.addMenuOption: AD_User_ID is mandatory. [126]
-----------> MRecentItem.addMenuOption: AD_User_ID is mandatory. [68]
-----------> GridField.getDefault: (SeqNo) - Default SQL variable parse failed: @SQL=SELECT NVL(MAX(SeqNo),0)+10 AS DefaultValue FROM AD_Field WHERE AD_Tab_ID=@AD_Tab_ID@ [68]
-----------> GridField.getDefault: (SeqNoGrid) - Default SQL variable parse failed: @SQL=SELECT NVL(MAX(SeqNo),0)+10 AS DefaultValue FROM AD_Field WHERE AD_Tab_ID=@AD_Tab_ID@ [68]
-----------> Msg.getMsg: NOT found: Window, Tab & Field  Lead  System (System Administrator) @ System.* [MyAppsServer{localhost-orcl-carsdev}] [68]
-----------> MRecentItem.addMenuOption: AD_User_ID is mandatory. [47]
-----------> MIssue.set_Value: SourceClassName - Value too long - truncated to length=60 [47]
===========> DB.executeUpdate: INSERT INTO AD_Tree_Favorite (AD_Client_ID,AD_Org_ID,AD_Role_ID,AD_Tree_Favorite_ID,Created,CreatedBy,IsActive,Updated,UpdatedBy) VALUES (0,0,0,1000160,TO_DATE('2018-07-13 12:45:36','YYYY-MM-DD HH24:MI:SS'),0,'Y',TO_DATE('2018-07-13 12:45:36','YYYY-MM-DD HH24:MI:SS'),0) [POSave_061003e7-fa5b-4694-81dd-d81b484a3cd5] [47]
java.sql.SQLIntegrityConstraintViolationException: ORA-01400: cannot insert NULL into ("CARSDEV"."AD_TREE_FAVORITE"."AD_USER_ID")
; State=23000; ErrorCode=1400
	at oracle.jdbc.driver.T4CTTIoer.processError(T4CTTIoer.java:447)
	at oracle.jdbc.driver.T4CTTIoer.processError(T4CTTIoer.java:396)
	at oracle.jdbc.driver.T4C8Oall.processError(T4C8Oall.java:951)
	at oracle.jdbc.driver.T4CTTIfun.receive(T4CTTIfun.java:513)
	at oracle.jdbc.driver.T4CTTIfun.doRPC(T4CTTIfun.java:227)
	at oracle.jdbc.driver.T4C8Oall.doOALL(T4C8Oall.java:531)
	at oracle.jdbc.driver.T4CPreparedStatement.doOall8(T4CPreparedStatement.java:208)
	at oracle.jdbc.driver.T4CPreparedStatement.executeForRows(T4CPreparedStatement.java:1046)
	at oracle.jdbc.driver.OracleStatement.doExecuteWithTimeout(OracleStatement.java:1336)
	at oracle.jdbc.driver.OracleStatement.doScrollExecuteCommon(OracleStatement.java:4709)
	at oracle.jdbc.driver.OraclePreparedStatement.doScrollPstmtExecuteUpdate(OraclePreparedStatement.java:10613)
	at oracle.jdbc.driver.OraclePreparedStatement.executeInternal(OraclePreparedStatement.java:3611)
	at oracle.jdbc.driver.OraclePreparedStatement.executeUpdate(OraclePreparedStatement.java:3694)
	at oracle.jdbc.driver.OraclePreparedStatementWrapper.executeUpdate(OraclePreparedStatementWrapper.java:1354)
	at com.mchange.v2.c3p0.impl.NewProxyPreparedStatement.executeUpdate(NewProxyPreparedStatement.java:105)
	at sun.reflect.GeneratedMethodAccessor33.invoke(Unknown Source)
	at sun.reflect.DelegatingMethodAccessorImpl.invoke(Unknown Source)
	at java.lang.reflect.Method.invoke(Unknown Source)
	at org.compiere.db.StatementProxy.invoke(StatementProxy.java:100)
	at com.sun.proxy.$Proxy3.executeUpdate(Unknown Source)
	at org.compiere.util.DB.executeUpdate(DB.java:1046)
	at org.compiere.util.DB.executeUpdate(DB.java:908)
	at org.compiere.util.DB.executeUpdate(DB.java:895)
	at org.compiere.model.PO.saveNew(PO.java:2865)
	at org.compiere.model.PO.save(PO.java:2195)

===========> DB.saveError: DBExecuteError - ORA-01400: cannot insert NULL into ("CARSDEV"."AD_TREE_FAVORITE"."AD_USER_ID")
 [47]
-----------> MTreeFavorite.saveNew: [POSave_061003e7-fa5b-4694-81dd-d81b484a3cd5]Not inserted - AD_Tree_Favorite [47]
-----------> DefaultDesktop.createHomeTab: Failed to create components. zul=/zul/userfavorites.zul [47]
org.adempiere.exceptions.AdempiereException: Could not create Tree.
	at org.adempiere.webui.dashboard.DPUserFavorites.createFavouritesPanel(DPUserFavorites.java:119)
	at org.adempiere.webui.dashboard.DPUserFavorites.<init>(DPUserFavorites.java:63)
	at sun.reflect.NativeConstructorAccessorImpl.newInstance0(Native Method)
	at sun.reflect.NativeConstructorAccessorImpl.newInstance(Unknown Source)
	at sun.reflect.DelegatingConstructorAccessorImpl.newInstance(Unknown Source)
	at java.lang.reflect.Constructor.newInstance(Unknown Source)
	at java.lang.Class.newInstance(Unknown Source)
	at org.zkoss.zk.ui.metainfo.impl.ComponentDefinitionImpl.newInstance(ComponentDefinitionImpl.java:308)
	at org.zkoss.zk.ui.metainfo.impl.ComponentDefinitionImpl.newInstance(ComponentDefinitionImpl.java:296)
	at org.zkoss.zk.ui.metainfo.ComponentInfo.newInstance(ComponentInfo.java:664)
	at org.zkoss.zk.ui.impl.AbstractUiFactory.newComponent(AbstractUiFactory.java:90)
	at org.zkoss.zk.ui.impl.UiEngineImpl.execCreateChild0(UiEngineImpl.java:616)
	at org.zkoss.zk.ui.impl.UiEngineImpl.execCreateChild(UiEngineImpl.java:587)
	at org.zkoss.zk.ui.impl.UiEngineImpl.execCreate0(UiEngineImpl.java:531)
	at org.zkoss.zk.ui.impl.UiEngineImpl.execCreate(UiEngineImpl.java:498)
	at org.zkoss.zk.ui.impl.UiEngineImpl.createComponents(UiEngineImpl.java:819)
	at org.zkoss.zk.ui.impl.AbstractExecution.createComponents(AbstractExecution.java:189)
	at org.zkoss.zk.ui.Executions.createComponents(Executions.java:177)
	at org.adempiere.webui.desktop.DefaultDesktop.createHomeTab(DefaultDesktop.java:380)
	at org.adempiere.webui.desktop.DefaultDesktop.doCreatePart(DefaultDesktop.java:162)
	at org.adempiere.webui.part.AbstractUIPart.createPart(AbstractUIPart.java:41)

-----------> Msg.getMsg: NOT found: InfoBranch [47]
-----------> MRecentItem.addMenuOption: AD_User_ID is mandatory. [47]
-----------> MRecentItem.addMenuOption: AD_User_ID is mandatory. [68]
-----------> MRecentItem.addMenuOption: AD_User_ID is mandatory. [126]
-----------> MRecentItem.addMenuOption: AD_User_ID is mandatory. [126]
-----------> MIssue.set_Value: SourceClassName - Value too long - truncated to length=60 [47]
===========> DB.executeUpdate: INSERT INTO AD_Tree_Favorite (AD_Client_ID,AD_Org_ID,AD_Role_ID,AD_Tree_Favorite_ID,Created,CreatedBy,IsActive,Updated,UpdatedBy) VALUES (0,0,0,1000161,TO_DATE('2018-07-13 12:55:33','YYYY-MM-DD HH24:MI:SS'),0,'Y',TO_DATE('2018-07-13 12:55:33','YYYY-MM-DD HH24:MI:SS'),0) [POSave_ae406ba1-7932-4cd0-945d-8454b21bc454] [47]
java.sql.SQLIntegrityConstraintViolationException: ORA-01400: cannot insert NULL into ("CARSDEV"."AD_TREE_FAVORITE"."AD_USER_ID")
; State=23000; ErrorCode=1400
	at oracle.jdbc.driver.T4CTTIoer.processError(T4CTTIoer.java:447)
	at oracle.jdbc.driver.T4CTTIoer.processError(T4CTTIoer.java:396)
	at oracle.jdbc.driver.T4C8Oall.processError(T4C8Oall.java:951)
	at oracle.jdbc.driver.T4CTTIfun.receive(T4CTTIfun.java:513)
	at oracle.jdbc.driver.T4CTTIfun.doRPC(T4CTTIfun.java:227)
	at oracle.jdbc.driver.T4C8Oall.doOALL(T4C8Oall.java:531)
	at oracle.jdbc.driver.T4CPreparedStatement.doOall8(T4CPreparedStatement.java:208)
	at oracle.jdbc.driver.T4CPreparedStatement.executeForRows(T4CPreparedStatement.java:1046)
	at oracle.jdbc.driver.OracleStatement.doExecuteWithTimeout(OracleStatement.java:1336)
	at oracle.jdbc.driver.OracleStatement.doScrollExecuteCommon(OracleStatement.java:4709)
	at oracle.jdbc.driver.OraclePreparedStatement.doScrollPstmtExecuteUpdate(OraclePreparedStatement.java:10613)
	at oracle.jdbc.driver.OraclePreparedStatement.executeInternal(OraclePreparedStatement.java:3611)
	at oracle.jdbc.driver.OraclePreparedStatement.executeUpdate(OraclePreparedStatement.java:3694)
	at oracle.jdbc.driver.OraclePreparedStatementWrapper.executeUpdate(OraclePreparedStatementWrapper.java:1354)
	at com.mchange.v2.c3p0.impl.NewProxyPreparedStatement.executeUpdate(NewProxyPreparedStatement.java:105)
	at sun.reflect.GeneratedMethodAccessor33.invoke(Unknown Source)
	at sun.reflect.DelegatingMethodAccessorImpl.invoke(Unknown Source)
	at java.lang.reflect.Method.invoke(Unknown Source)
	at org.compiere.db.StatementProxy.invoke(StatementProxy.java:100)
	at com.sun.proxy.$Proxy3.executeUpdate(Unknown Source)
	at org.compiere.util.DB.executeUpdate(DB.java:1046)
	at org.compiere.util.DB.executeUpdate(DB.java:908)
	at org.compiere.util.DB.executeUpdate(DB.java:895)
	at org.compiere.model.PO.saveNew(PO.java:2865)
	at org.compiere.model.PO.save(PO.java:2195)

===========> DB.saveError: DBExecuteError - ORA-01400: cannot insert NULL into ("CARSDEV"."AD_TREE_FAVORITE"."AD_USER_ID")
 [47]
-----------> MTreeFavorite.saveNew: [POSave_ae406ba1-7932-4cd0-945d-8454b21bc454]Not inserted - AD_Tree_Favorite [47]
-----------> DefaultDesktop.createHomeTab: Failed to create components. zul=/zul/userfavorites.zul [47]
org.adempiere.exceptions.AdempiereException: Could not create Tree.
	at org.adempiere.webui.dashboard.DPUserFavorites.createFavouritesPanel(DPUserFavorites.java:119)
	at org.adempiere.webui.dashboard.DPUserFavorites.<init>(DPUserFavorites.java:63)
	at sun.reflect.NativeConstructorAccessorImpl.newInstance0(Native Method)
	at sun.reflect.NativeConstructorAccessorImpl.newInstance(Unknown Source)
	at sun.reflect.DelegatingConstructorAccessorImpl.newInstance(Unknown Source)
	at java.lang.reflect.Constructor.newInstance(Unknown Source)
	at java.lang.Class.newInstance(Unknown Source)
	at org.zkoss.zk.ui.metainfo.impl.ComponentDefinitionImpl.newInstance(ComponentDefinitionImpl.java:308)
	at org.zkoss.zk.ui.metainfo.impl.ComponentDefinitionImpl.newInstance(ComponentDefinitionImpl.java:296)
	at org.zkoss.zk.ui.metainfo.ComponentInfo.newInstance(ComponentInfo.java:664)
	at org.zkoss.zk.ui.impl.AbstractUiFactory.newComponent(AbstractUiFactory.java:90)
	at org.zkoss.zk.ui.impl.UiEngineImpl.execCreateChild0(UiEngineImpl.java:616)
	at org.zkoss.zk.ui.impl.UiEngineImpl.execCreateChild(UiEngineImpl.java:587)
	at org.zkoss.zk.ui.impl.UiEngineImpl.execCreate0(UiEngineImpl.java:531)
	at org.zkoss.zk.ui.impl.UiEngineImpl.execCreate(UiEngineImpl.java:498)
	at org.zkoss.zk.ui.impl.UiEngineImpl.createComponents(UiEngineImpl.java:819)
	at org.zkoss.zk.ui.impl.AbstractExecution.createComponents(AbstractExecution.java:189)
	at org.zkoss.zk.ui.Executions.createComponents(Executions.java:177)
	at org.adempiere.webui.desktop.DefaultDesktop.createHomeTab(DefaultDesktop.java:380)
	at org.adempiere.webui.desktop.DefaultDesktop.doCreatePart(DefaultDesktop.java:162)
	at org.adempiere.webui.part.AbstractUIPart.createPart(AbstractUIPart.java:41)

-----------> Msg.getMsg: NOT found: InfoBranch [47]
-----------> MRecentItem.addMenuOption: AD_User_ID is mandatory. [68]
-----------> MRecentItem.addWindowChange: AD_User_ID is mandatory. [126]
-----------> MRecentItem.addWindowChange: AD_User_ID is mandatory. [68]
-----------> MRecentItem.addMenuOption: AD_User_ID is mandatory. [47]
===========> zkoss.handleError:1130: >>java.lang.IllegalArgumentException: Window Id is invalid
>>	at org.adempiere.webui.window.ADWindow.<init>(ADWindow.java:55)
>>	at org.adempiere.webui.desktop.TabbedDesktop.showZoomWindow(TabbedDesktop.java:235)
>>	at org.adempiere.webui.apps.AEnv.zoom(AEnv.java:466)
>>	at org.adempiere.webui.apps.AEnv.actionZoom(AEnv.java:455)
>>	at org.adempiere.webui.editor.WTableDirEditor.actionZoom(WTableDirEditor.java:391)
>>	at org.adempiere.webui.editor.WTableDirEditor.onMenu(WTableDirEditor.java:402)
>>... [28]
-----------> MRecentItem.addMenuOption: AD_User_ID is mandatory. [126]
