*** 2018-08-09 10:27:53.916 Adempiere Log (CLogFile) ***
10:27:53.916 Adempiere.startup: ADempiere(r) Release 3.9.0_2017-08-01 -Smart Suite ERP,CRM and SCM- (c) 1999-2017 ADempiere(r); Implementation: ADempiere - Supported by ADempiere community [13]
10:27:53.916 Ini.loadProperties: D:\Ayaz\Ayaz_NBP_PC_Backup\AdempiereTemplate39\Adempiere.properties #37 [13]
-----------> Msg.getMsg: NOT found: InfoBranch [47]
===========> DB.getSQLValueBD: SELECT COALESCE(SUM(currencyBase(invoiceOpen(C_Invoice_ID, C_InvoicePaySchedule_ID),C_Currency_ID, DateAcct, AD_Client_ID, AD_Org_ID)),0)
FROM C_Invoice_v C_Invoice WHERE IsSOTrx='Y' AND Processed='Y' AND C_Invoice.AD_Client_ID IN(0,11) AND C_Invoice.AD_Org_ID IN(0,11,12,50000,50002,50001,50004,50006,50005,50007) [47]
java.sql.SQLException: ORA-29516: Aurora assertion failure: Assertion failure at eox.c:359
Uncaught exception System error:   java/lang/UnsupportedClassVersionError
; State=99999; ErrorCode=29516
	at oracle.jdbc.driver.T4CTTIoer.processError(T4CTTIoer.java:447)
	at oracle.jdbc.driver.T4CTTIoer.processError(T4CTTIoer.java:396)
	at oracle.jdbc.driver.T4C8Oall.processError(T4C8Oall.java:951)
	at oracle.jdbc.driver.T4CTTIfun.receive(T4CTTIfun.java:513)
	at oracle.jdbc.driver.T4CTTIfun.doRPC(T4CTTIfun.java:227)
	at oracle.jdbc.driver.T4C8Oall.doOALL(T4C8Oall.java:531)
	at oracle.jdbc.driver.T4CPreparedStatement.doOall8(T4CPreparedStatement.java:208)
	at oracle.jdbc.driver.T4CPreparedStatement.executeForDescribe(T4CPreparedStatement.java:886)
	at oracle.jdbc.driver.OracleStatement.executeMaybeDescribe(OracleStatement.java:1175)
	at oracle.jdbc.driver.OracleStatement.doExecuteWithTimeout(OracleStatement.java:1296)
	at oracle.jdbc.driver.OraclePreparedStatement.executeInternal(OraclePreparedStatement.java:3613)
	at oracle.jdbc.driver.OraclePreparedStatement.executeQuery(OraclePreparedStatement.java:3657)
	at oracle.jdbc.driver.OraclePreparedStatementWrapper.executeQuery(OraclePreparedStatementWrapper.java:1495)
	at com.mchange.v2.c3p0.impl.NewProxyPreparedStatement.executeQuery(NewProxyPreparedStatement.java:76)
	at sun.reflect.GeneratedMethodAccessor21.invoke(Unknown Source)
	at sun.reflect.DelegatingMethodAccessorImpl.invoke(Unknown Source)
	at java.lang.reflect.Method.invoke(Unknown Source)
	at org.compiere.db.StatementProxy.invoke(StatementProxy.java:100)
	at com.sun.proxy.$Proxy3.executeQuery(Unknown Source)
	at org.compiere.util.DB.getSQLValueBDEx(DB.java:1457)
	at org.compiere.util.DB.getSQLValueBD(DB.java:1501)
	at org.compiere.model.MMeasure.updateCalculatedGoals(MMeasure.java:473)
	at org.compiere.model.MMeasure.updateGoals(MMeasure.java:360)
	at org.compiere.model.MGoal.updateGoal(MGoal.java:379)
	at org.compiere.model.MGoal.getUserGoals(MGoal.java:84)

-----------> MIssue.set_Value: SourceClassName - Value too long - truncated to length=60 [47]
===========> GridTab.getTrxInfo: C_Order
SQL=SELECT COUNT(*) AS Lines,c.ISO_Code,o.TotalLines,o.GrandTotal,currencyBase(o.GrandTotal,o.C_Currency_ID,o.DateAcct, o.AD_Client_ID,o.AD_Org_ID) AS ConvAmt FROM C_Order o INNER JOIN C_Currency c ON (o.C_Currency_ID=c.C_Currency_ID) INNER JOIN C_OrderLine l ON (o.C_Order_ID=l.C_Order_ID) WHERE o.C_Order_ID=? GROUP BY o.C_Currency_ID, c.ISO_Code, o.TotalLines, o.GrandTotal, o.DateAcct, o.AD_Client_ID, o.AD_Org_ID [47]
java.sql.SQLException: ORA-29516: Aurora assertion failure: Assertion failure at eox.c:359
Uncaught exception System error:   java/lang/UnsupportedClassVersionError
; State=99999; ErrorCode=29516
	at oracle.jdbc.driver.T4CTTIoer.processError(T4CTTIoer.java:447)
	at oracle.jdbc.driver.T4CTTIoer.processError(T4CTTIoer.java:396)
	at oracle.jdbc.driver.T4C8Oall.processError(T4C8Oall.java:951)
	at oracle.jdbc.driver.T4CTTIfun.receive(T4CTTIfun.java:513)
	at oracle.jdbc.driver.T4CTTIfun.doRPC(T4CTTIfun.java:227)
	at oracle.jdbc.driver.T4C8Oall.doOALL(T4C8Oall.java:531)
	at oracle.jdbc.driver.T4CPreparedStatement.doOall8(T4CPreparedStatement.java:208)
	at oracle.jdbc.driver.T4CPreparedStatement.executeForDescribe(T4CPreparedStatement.java:886)
	at oracle.jdbc.driver.OracleStatement.executeMaybeDescribe(OracleStatement.java:1175)
	at oracle.jdbc.driver.OracleStatement.doExecuteWithTimeout(OracleStatement.java:1296)
	at oracle.jdbc.driver.OraclePreparedStatement.executeInternal(OraclePreparedStatement.java:3613)
	at oracle.jdbc.driver.OraclePreparedStatement.executeQuery(OraclePreparedStatement.java:3657)
	at oracle.jdbc.driver.OraclePreparedStatementWrapper.executeQuery(OraclePreparedStatementWrapper.java:1495)
	at com.mchange.v2.c3p0.impl.NewProxyPreparedStatement.executeQuery(NewProxyPreparedStatement.java:76)
	at sun.reflect.GeneratedMethodAccessor21.invoke(Unknown Source)
	at sun.reflect.DelegatingMethodAccessorImpl.invoke(Unknown Source)
	at java.lang.reflect.Method.invoke(Unknown Source)
	at org.compiere.db.StatementProxy.invoke(StatementProxy.java:100)
	at com.sun.proxy.$Proxy3.executeQuery(Unknown Source)
	at org.compiere.model.GridTab.getTrxInfo(GridTab.java:1829)
	at org.adempiere.webui.panel.AbstractADWindowPanel.dataStatusChanged(AbstractADWindowPanel.java:1340)
	at org.compiere.model.GridTab.fireDataStatusChanged(GridTab.java:2297)
	at org.compiere.model.GridTab.setCurrentRow(GridTab.java:2542)
	at org.compiere.model.GridTab.query(GridTab.java:737)

-----------> MIssue.set_Value: SourceClassName - Value too long - truncated to length=60 [105]
===========> GridTab.getTrxInfo: C_OrderLine
SQL=SELECT COUNT(*) AS Lines,c.ISO_Code,o.TotalLines,o.GrandTotal,currencyBase(o.GrandTotal,o.C_Currency_ID,o.DateAcct, o.AD_Client_ID,o.AD_Org_ID) AS ConvAmt FROM C_Order o INNER JOIN C_Currency c ON (o.C_Currency_ID=c.C_Currency_ID) INNER JOIN C_OrderLine l ON (o.C_Order_ID=l.C_Order_ID) WHERE o.C_Order_ID=? GROUP BY o.C_Currency_ID, c.ISO_Code, o.TotalLines, o.GrandTotal, o.DateAcct, o.AD_Client_ID, o.AD_Org_ID [105]
java.sql.SQLException: ORA-29516: Aurora assertion failure: Assertion failure at eox.c:359
Uncaught exception System error:   java/lang/UnsupportedClassVersionError
; State=99999; ErrorCode=29516
	at oracle.jdbc.driver.T4CTTIoer.processError(T4CTTIoer.java:447)
	at oracle.jdbc.driver.T4CTTIoer.processError(T4CTTIoer.java:396)
	at oracle.jdbc.driver.T4C8Oall.processError(T4C8Oall.java:951)
	at oracle.jdbc.driver.T4CTTIfun.receive(T4CTTIfun.java:513)
	at oracle.jdbc.driver.T4CTTIfun.doRPC(T4CTTIfun.java:227)
	at oracle.jdbc.driver.T4C8Oall.doOALL(T4C8Oall.java:531)
	at oracle.jdbc.driver.T4CPreparedStatement.doOall8(T4CPreparedStatement.java:208)
	at oracle.jdbc.driver.T4CPreparedStatement.executeForDescribe(T4CPreparedStatement.java:886)
	at oracle.jdbc.driver.OracleStatement.executeMaybeDescribe(OracleStatement.java:1175)
	at oracle.jdbc.driver.OracleStatement.doExecuteWithTimeout(OracleStatement.java:1296)
	at oracle.jdbc.driver.OraclePreparedStatement.executeInternal(OraclePreparedStatement.java:3613)
	at oracle.jdbc.driver.OraclePreparedStatement.executeQuery(OraclePreparedStatement.java:3657)
	at oracle.jdbc.driver.OraclePreparedStatementWrapper.executeQuery(OraclePreparedStatementWrapper.java:1495)
	at com.mchange.v2.c3p0.impl.NewProxyPreparedStatement.executeQuery(NewProxyPreparedStatement.java:76)
	at sun.reflect.GeneratedMethodAccessor21.invoke(Unknown Source)
	at sun.reflect.DelegatingMethodAccessorImpl.invoke(Unknown Source)
	at java.lang.reflect.Method.invoke(Unknown Source)
	at org.compiere.db.StatementProxy.invoke(StatementProxy.java:100)
	at com.sun.proxy.$Proxy3.executeQuery(Unknown Source)
	at org.compiere.model.GridTab.getTrxInfo(GridTab.java:1829)
	at org.adempiere.webui.panel.AbstractADWindowPanel.dataStatusChanged(AbstractADWindowPanel.java:1340)
	at org.compiere.model.GridTab.fireDataStatusChanged(GridTab.java:2297)
	at org.compiere.model.GridTab.setCurrentRow(GridTab.java:2542)
	at org.compiere.model.GridTab.query(GridTab.java:737)
	at org.compiere.model.GridTab.query(GridTab.java:600)

-----------> AbstractADWindowPanel.onNew: Insert Record disabled for Tab [105]
-----------> MIssue.set_Value: SourceClassName - Value too long - truncated to length=60 [105]
===========> GridTab.getTrxInfo: C_OrderLine
SQL=SELECT COUNT(*) AS Lines,c.ISO_Code,o.TotalLines,o.GrandTotal,currencyBase(o.GrandTotal,o.C_Currency_ID,o.DateAcct, o.AD_Client_ID,o.AD_Org_ID) AS ConvAmt FROM C_Order o INNER JOIN C_Currency c ON (o.C_Currency_ID=c.C_Currency_ID) INNER JOIN C_OrderLine l ON (o.C_Order_ID=l.C_Order_ID) WHERE o.C_Order_ID=? GROUP BY o.C_Currency_ID, c.ISO_Code, o.TotalLines, o.GrandTotal, o.DateAcct, o.AD_Client_ID, o.AD_Org_ID [105]
java.sql.SQLException: ORA-29516: Aurora assertion failure: Assertion failure at eox.c:359
Uncaught exception System error:   java/lang/UnsupportedClassVersionError
; State=99999; ErrorCode=29516
	at oracle.jdbc.driver.T4CTTIoer.processError(T4CTTIoer.java:447)
	at oracle.jdbc.driver.T4CTTIoer.processError(T4CTTIoer.java:396)
	at oracle.jdbc.driver.T4C8Oall.processError(T4C8Oall.java:951)
	at oracle.jdbc.driver.T4CTTIfun.receive(T4CTTIfun.java:513)
	at oracle.jdbc.driver.T4CTTIfun.doRPC(T4CTTIfun.java:227)
	at oracle.jdbc.driver.T4C8Oall.doOALL(T4C8Oall.java:531)
	at oracle.jdbc.driver.T4CPreparedStatement.doOall8(T4CPreparedStatement.java:208)
	at oracle.jdbc.driver.T4CPreparedStatement.executeForDescribe(T4CPreparedStatement.java:886)
	at oracle.jdbc.driver.OracleStatement.executeMaybeDescribe(OracleStatement.java:1175)
	at oracle.jdbc.driver.OracleStatement.doExecuteWithTimeout(OracleStatement.java:1296)
	at oracle.jdbc.driver.OraclePreparedStatement.executeInternal(OraclePreparedStatement.java:3613)
	at oracle.jdbc.driver.OraclePreparedStatement.executeQuery(OraclePreparedStatement.java:3657)
	at oracle.jdbc.driver.OraclePreparedStatementWrapper.executeQuery(OraclePreparedStatementWrapper.java:1495)
	at com.mchange.v2.c3p0.impl.NewProxyPreparedStatement.executeQuery(NewProxyPreparedStatement.java:76)
	at sun.reflect.GeneratedMethodAccessor21.invoke(Unknown Source)
	at sun.reflect.DelegatingMethodAccessorImpl.invoke(Unknown Source)
	at java.lang.reflect.Method.invoke(Unknown Source)
	at org.compiere.db.StatementProxy.invoke(StatementProxy.java:100)
	at com.sun.proxy.$Proxy3.executeQuery(Unknown Source)
	at org.compiere.model.GridTab.getTrxInfo(GridTab.java:1829)
	at org.adempiere.webui.panel.AbstractADWindowPanel.dataStatusChanged(AbstractADWindowPanel.java:1340)
	at org.compiere.model.GridTab.fireDataStatusChanged(GridTab.java:2297)
	at org.compiere.model.GridTab.dataStatusChanged(GridTab.java:2270)
	at org.compiere.model.GridTable.fireDataStatusChanged(GridTable.java:3193)
	at org.compiere.model.GridTable.fireDataStatusIEvent(GridTable.java:3221)
	at org.compiere.model.GridTable$Loader.run(GridTable.java:3461)
	at org.compiere.model.GridTable.open(GridTable.java:619)
	at org.compiere.model.GridTable.dataRefreshAll(GridTable.java:2851)
	at org.compiere.model.GridTab.dataRefreshAll(GridTab.java:907)
	at org.compiere.model.GridTab.dataRefreshAll(GridTab.java:895)

-----------> MIssue.set_Value: SourceClassName - Value too long - truncated to length=60 [105]
===========> GridTab.getTrxInfo: C_OrderLine
SQL=SELECT COUNT(*) AS Lines,c.ISO_Code,o.TotalLines,o.GrandTotal,currencyBase(o.GrandTotal,o.C_Currency_ID,o.DateAcct, o.AD_Client_ID,o.AD_Org_ID) AS ConvAmt FROM C_Order o INNER JOIN C_Currency c ON (o.C_Currency_ID=c.C_Currency_ID) INNER JOIN C_OrderLine l ON (o.C_Order_ID=l.C_Order_ID) WHERE o.C_Order_ID=? GROUP BY o.C_Currency_ID, c.ISO_Code, o.TotalLines, o.GrandTotal, o.DateAcct, o.AD_Client_ID, o.AD_Org_ID [105]
java.sql.SQLException: ORA-29516: Aurora assertion failure: Assertion failure at eox.c:359
Uncaught exception System error:   java/lang/UnsupportedClassVersionError
; State=99999; ErrorCode=29516
	at oracle.jdbc.driver.T4CTTIoer.processError(T4CTTIoer.java:447)
	at oracle.jdbc.driver.T4CTTIoer.processError(T4CTTIoer.java:396)
	at oracle.jdbc.driver.T4C8Oall.processError(T4C8Oall.java:951)
	at oracle.jdbc.driver.T4CTTIfun.receive(T4CTTIfun.java:513)
	at oracle.jdbc.driver.T4CTTIfun.doRPC(T4CTTIfun.java:227)
	at oracle.jdbc.driver.T4C8Oall.doOALL(T4C8Oall.java:531)
	at oracle.jdbc.driver.T4CPreparedStatement.doOall8(T4CPreparedStatement.java:208)
	at oracle.jdbc.driver.T4CPreparedStatement.executeForDescribe(T4CPreparedStatement.java:886)
	at oracle.jdbc.driver.OracleStatement.executeMaybeDescribe(OracleStatement.java:1175)
	at oracle.jdbc.driver.OracleStatement.doExecuteWithTimeout(OracleStatement.java:1296)
	at oracle.jdbc.driver.OraclePreparedStatement.executeInternal(OraclePreparedStatement.java:3613)
	at oracle.jdbc.driver.OraclePreparedStatement.executeQuery(OraclePreparedStatement.java:3657)
	at oracle.jdbc.driver.OraclePreparedStatementWrapper.executeQuery(OraclePreparedStatementWrapper.java:1495)
	at com.mchange.v2.c3p0.impl.NewProxyPreparedStatement.executeQuery(NewProxyPreparedStatement.java:76)
	at sun.reflect.GeneratedMethodAccessor21.invoke(Unknown Source)
	at sun.reflect.DelegatingMethodAccessorImpl.invoke(Unknown Source)
	at java.lang.reflect.Method.invoke(Unknown Source)
	at org.compiere.db.StatementProxy.invoke(StatementProxy.java:100)
	at com.sun.proxy.$Proxy3.executeQuery(Unknown Source)
	at org.compiere.model.GridTab.getTrxInfo(GridTab.java:1829)
	at org.adempiere.webui.panel.AbstractADWindowPanel.dataStatusChanged(AbstractADWindowPanel.java:1340)
	at org.compiere.model.GridTab.fireDataStatusChanged(GridTab.java:2297)
	at org.compiere.model.GridTab.dataStatusChanged(GridTab.java:2270)
	at org.compiere.model.GridTable.fireDataStatusChanged(GridTable.java:3193)
	at org.compiere.model.GridTable.fireDataStatusIEvent(GridTable.java:3221)
	at org.compiere.model.GridTable.dataRefreshAll(GridTable.java:2860)
	at org.compiere.model.GridTab.dataRefreshAll(GridTab.java:907)
	at org.compiere.model.GridTab.dataRefreshAll(GridTab.java:895)

-----------> MIssue.set_Value: SourceClassName - Value too long - truncated to length=60 [105]
===========> GridTab.getTrxInfo: C_OrderLine
SQL=SELECT COUNT(*) AS Lines,c.ISO_Code,o.TotalLines,o.GrandTotal,currencyBase(o.GrandTotal,o.C_Currency_ID,o.DateAcct, o.AD_Client_ID,o.AD_Org_ID) AS ConvAmt FROM C_Order o INNER JOIN C_Currency c ON (o.C_Currency_ID=c.C_Currency_ID) INNER JOIN C_OrderLine l ON (o.C_Order_ID=l.C_Order_ID) WHERE o.C_Order_ID=? GROUP BY o.C_Currency_ID, c.ISO_Code, o.TotalLines, o.GrandTotal, o.DateAcct, o.AD_Client_ID, o.AD_Org_ID [105]
java.sql.SQLException: ORA-29516: Aurora assertion failure: Assertion failure at eox.c:359
Uncaught exception System error:   java/lang/UnsupportedClassVersionError
; State=99999; ErrorCode=29516
	at oracle.jdbc.driver.T4CTTIoer.processError(T4CTTIoer.java:447)
	at oracle.jdbc.driver.T4CTTIoer.processError(T4CTTIoer.java:396)
	at oracle.jdbc.driver.T4C8Oall.processError(T4C8Oall.java:951)
	at oracle.jdbc.driver.T4CTTIfun.receive(T4CTTIfun.java:513)
	at oracle.jdbc.driver.T4CTTIfun.doRPC(T4CTTIfun.java:227)
	at oracle.jdbc.driver.T4C8Oall.doOALL(T4C8Oall.java:531)
	at oracle.jdbc.driver.T4CPreparedStatement.doOall8(T4CPreparedStatement.java:208)
	at oracle.jdbc.driver.T4CPreparedStatement.executeForDescribe(T4CPreparedStatement.java:886)
	at oracle.jdbc.driver.OracleStatement.executeMaybeDescribe(OracleStatement.java:1175)
	at oracle.jdbc.driver.OracleStatement.doExecuteWithTimeout(OracleStatement.java:1296)
	at oracle.jdbc.driver.OraclePreparedStatement.executeInternal(OraclePreparedStatement.java:3613)
	at oracle.jdbc.driver.OraclePreparedStatement.executeQuery(OraclePreparedStatement.java:3657)
	at oracle.jdbc.driver.OraclePreparedStatementWrapper.executeQuery(OraclePreparedStatementWrapper.java:1495)
	at com.mchange.v2.c3p0.impl.NewProxyPreparedStatement.executeQuery(NewProxyPreparedStatement.java:76)
	at sun.reflect.GeneratedMethodAccessor21.invoke(Unknown Source)
	at sun.reflect.DelegatingMethodAccessorImpl.invoke(Unknown Source)
	at java.lang.reflect.Method.invoke(Unknown Source)
	at org.compiere.db.StatementProxy.invoke(StatementProxy.java:100)
	at com.sun.proxy.$Proxy3.executeQuery(Unknown Source)
	at org.compiere.model.GridTab.getTrxInfo(GridTab.java:1829)
	at org.adempiere.webui.panel.AbstractADWindowPanel.dataStatusChanged(AbstractADWindowPanel.java:1340)
	at org.compiere.model.GridTab.fireDataStatusChanged(GridTab.java:2297)
	at org.compiere.model.GridTab.setCurrentRow(GridTab.java:2542)
	at org.compiere.model.GridTab.dataRefreshAll(GridTab.java:924)
	at org.compiere.model.GridTab.dataRefreshAll(GridTab.java:895)

-----------> MIssue.set_Value: SourceClassName - Value too long - truncated to length=60 [47]
===========> GridTab.getTrxInfo: C_OrderLine
SQL=SELECT COUNT(*) AS Lines,c.ISO_Code,o.TotalLines,o.GrandTotal,currencyBase(o.GrandTotal,o.C_Currency_ID,o.DateAcct, o.AD_Client_ID,o.AD_Org_ID) AS ConvAmt FROM C_Order o INNER JOIN C_Currency c ON (o.C_Currency_ID=c.C_Currency_ID) INNER JOIN C_OrderLine l ON (o.C_Order_ID=l.C_Order_ID) WHERE o.C_Order_ID=? GROUP BY o.C_Currency_ID, c.ISO_Code, o.TotalLines, o.GrandTotal, o.DateAcct, o.AD_Client_ID, o.AD_Org_ID [47]
java.sql.SQLException: ORA-29516: Aurora assertion failure: Assertion failure at eox.c:359
Uncaught exception System error:   java/lang/UnsupportedClassVersionError
; State=99999; ErrorCode=29516
	at oracle.jdbc.driver.T4CTTIoer.processError(T4CTTIoer.java:447)
	at oracle.jdbc.driver.T4CTTIoer.processError(T4CTTIoer.java:396)
	at oracle.jdbc.driver.T4C8Oall.processError(T4C8Oall.java:951)
	at oracle.jdbc.driver.T4CTTIfun.receive(T4CTTIfun.java:513)
	at oracle.jdbc.driver.T4CTTIfun.doRPC(T4CTTIfun.java:227)
	at oracle.jdbc.driver.T4C8Oall.doOALL(T4C8Oall.java:531)
	at oracle.jdbc.driver.T4CPreparedStatement.doOall8(T4CPreparedStatement.java:208)
	at oracle.jdbc.driver.T4CPreparedStatement.executeForDescribe(T4CPreparedStatement.java:886)
	at oracle.jdbc.driver.OracleStatement.executeMaybeDescribe(OracleStatement.java:1175)
	at oracle.jdbc.driver.OracleStatement.doExecuteWithTimeout(OracleStatement.java:1296)
	at oracle.jdbc.driver.OraclePreparedStatement.executeInternal(OraclePreparedStatement.java:3613)
	at oracle.jdbc.driver.OraclePreparedStatement.executeQuery(OraclePreparedStatement.java:3657)
	at oracle.jdbc.driver.OraclePreparedStatementWrapper.executeQuery(OraclePreparedStatementWrapper.java:1495)
	at com.mchange.v2.c3p0.impl.NewProxyPreparedStatement.executeQuery(NewProxyPreparedStatement.java:76)
	at sun.reflect.GeneratedMethodAccessor21.invoke(Unknown Source)
	at sun.reflect.DelegatingMethodAccessorImpl.invoke(Unknown Source)
	at java.lang.reflect.Method.invoke(Unknown Source)
	at org.compiere.db.StatementProxy.invoke(StatementProxy.java:100)
	at com.sun.proxy.$Proxy3.executeQuery(Unknown Source)
	at org.compiere.model.GridTab.getTrxInfo(GridTab.java:1829)
	at org.adempiere.webui.panel.AbstractADWindowPanel.dataStatusChanged(AbstractADWindowPanel.java:1340)
	at org.compiere.model.GridTab.fireDataStatusChanged(GridTab.java:2297)
	at org.compiere.model.GridTab.setCurrentRow(GridTab.java:2542)
	at org.compiere.model.GridTab.navigate(GridTab.java:2408)
	at org.compiere.model.GridTab.navigateRelative(GridTab.java:2418)

-----------> MIssue.set_Value: SourceClassName - Value too long - truncated to length=60 [47]
===========> GridTab.getTrxInfo: C_OrderLine
SQL=SELECT COUNT(*) AS Lines,c.ISO_Code,o.TotalLines,o.GrandTotal,currencyBase(o.GrandTotal,o.C_Currency_ID,o.DateAcct, o.AD_Client_ID,o.AD_Org_ID) AS ConvAmt FROM C_Order o INNER JOIN C_Currency c ON (o.C_Currency_ID=c.C_Currency_ID) INNER JOIN C_OrderLine l ON (o.C_Order_ID=l.C_Order_ID) WHERE o.C_Order_ID=? GROUP BY o.C_Currency_ID, c.ISO_Code, o.TotalLines, o.GrandTotal, o.DateAcct, o.AD_Client_ID, o.AD_Org_ID [47]
java.sql.SQLException: ORA-29516: Aurora assertion failure: Assertion failure at eox.c:359
Uncaught exception System error:   java/lang/UnsupportedClassVersionError
; State=99999; ErrorCode=29516
	at oracle.jdbc.driver.T4CTTIoer.processError(T4CTTIoer.java:447)
	at oracle.jdbc.driver.T4CTTIoer.processError(T4CTTIoer.java:396)
	at oracle.jdbc.driver.T4C8Oall.processError(T4C8Oall.java:951)
	at oracle.jdbc.driver.T4CTTIfun.receive(T4CTTIfun.java:513)
	at oracle.jdbc.driver.T4CTTIfun.doRPC(T4CTTIfun.java:227)
	at oracle.jdbc.driver.T4C8Oall.doOALL(T4C8Oall.java:531)
	at oracle.jdbc.driver.T4CPreparedStatement.doOall8(T4CPreparedStatement.java:208)
	at oracle.jdbc.driver.T4CPreparedStatement.executeForDescribe(T4CPreparedStatement.java:886)
	at oracle.jdbc.driver.OracleStatement.executeMaybeDescribe(OracleStatement.java:1175)
	at oracle.jdbc.driver.OracleStatement.doExecuteWithTimeout(OracleStatement.java:1296)
	at oracle.jdbc.driver.OraclePreparedStatement.executeInternal(OraclePreparedStatement.java:3613)
	at oracle.jdbc.driver.OraclePreparedStatement.executeQuery(OraclePreparedStatement.java:3657)
	at oracle.jdbc.driver.OraclePreparedStatementWrapper.executeQuery(OraclePreparedStatementWrapper.java:1495)
	at com.mchange.v2.c3p0.impl.NewProxyPreparedStatement.executeQuery(NewProxyPreparedStatement.java:76)
	at sun.reflect.GeneratedMethodAccessor21.invoke(Unknown Source)
	at sun.reflect.DelegatingMethodAccessorImpl.invoke(Unknown Source)
	at java.lang.reflect.Method.invoke(Unknown Source)
	at org.compiere.db.StatementProxy.invoke(StatementProxy.java:100)
	at com.sun.proxy.$Proxy3.executeQuery(Unknown Source)
	at org.compiere.model.GridTab.getTrxInfo(GridTab.java:1829)
	at org.adempiere.webui.panel.AbstractADWindowPanel.dataStatusChanged(AbstractADWindowPanel.java:1340)
	at org.compiere.model.GridTab.fireDataStatusChanged(GridTab.java:2297)
	at org.compiere.model.GridTab.dataStatusChanged(GridTab.java:2270)
	at org.compiere.model.GridTable.fireDataStatusChanged(GridTable.java:3193)
	at org.compiere.model.GridTable.fireDataStatusIEvent(GridTable.java:3221)
	at org.compiere.model.GridTable$Loader.run(GridTable.java:3461)
	at org.compiere.model.GridTable.open(GridTable.java:619)
	at org.compiere.model.GridTable.dataRefreshAll(GridTable.java:2851)
	at org.compiere.model.GridTab.dataRefreshAll(GridTab.java:907)
	at org.compiere.model.GridTab.dataRefreshAll(GridTab.java:895)

-----------> MIssue.set_Value: SourceClassName - Value too long - truncated to length=60 [47]
===========> GridTab.getTrxInfo: C_OrderLine
SQL=SELECT COUNT(*) AS Lines,c.ISO_Code,o.TotalLines,o.GrandTotal,currencyBase(o.GrandTotal,o.C_Currency_ID,o.DateAcct, o.AD_Client_ID,o.AD_Org_ID) AS ConvAmt FROM C_Order o INNER JOIN C_Currency c ON (o.C_Currency_ID=c.C_Currency_ID) INNER JOIN C_OrderLine l ON (o.C_Order_ID=l.C_Order_ID) WHERE o.C_Order_ID=? GROUP BY o.C_Currency_ID, c.ISO_Code, o.TotalLines, o.GrandTotal, o.DateAcct, o.AD_Client_ID, o.AD_Org_ID [47]
java.sql.SQLException: ORA-29516: Aurora assertion failure: Assertion failure at eox.c:359
Uncaught exception System error:   java/lang/UnsupportedClassVersionError
; State=99999; ErrorCode=29516
	at oracle.jdbc.driver.T4CTTIoer.processError(T4CTTIoer.java:447)
	at oracle.jdbc.driver.T4CTTIoer.processError(T4CTTIoer.java:396)
	at oracle.jdbc.driver.T4C8Oall.processError(T4C8Oall.java:951)
	at oracle.jdbc.driver.T4CTTIfun.receive(T4CTTIfun.java:513)
	at oracle.jdbc.driver.T4CTTIfun.doRPC(T4CTTIfun.java:227)
	at oracle.jdbc.driver.T4C8Oall.doOALL(T4C8Oall.java:531)
	at oracle.jdbc.driver.T4CPreparedStatement.doOall8(T4CPreparedStatement.java:208)
	at oracle.jdbc.driver.T4CPreparedStatement.executeForDescribe(T4CPreparedStatement.java:886)
	at oracle.jdbc.driver.OracleStatement.executeMaybeDescribe(OracleStatement.java:1175)
	at oracle.jdbc.driver.OracleStatement.doExecuteWithTimeout(OracleStatement.java:1296)
	at oracle.jdbc.driver.OraclePreparedStatement.executeInternal(OraclePreparedStatement.java:3613)
	at oracle.jdbc.driver.OraclePreparedStatement.executeQuery(OraclePreparedStatement.java:3657)
	at oracle.jdbc.driver.OraclePreparedStatementWrapper.executeQuery(OraclePreparedStatementWrapper.java:1495)
	at com.mchange.v2.c3p0.impl.NewProxyPreparedStatement.executeQuery(NewProxyPreparedStatement.java:76)
	at sun.reflect.GeneratedMethodAccessor21.invoke(Unknown Source)
	at sun.reflect.DelegatingMethodAccessorImpl.invoke(Unknown Source)
	at java.lang.reflect.Method.invoke(Unknown Source)
	at org.compiere.db.StatementProxy.invoke(StatementProxy.java:100)
	at com.sun.proxy.$Proxy3.executeQuery(Unknown Source)
	at org.compiere.model.GridTab.getTrxInfo(GridTab.java:1829)
	at org.adempiere.webui.panel.AbstractADWindowPanel.dataStatusChanged(AbstractADWindowPanel.java:1340)
	at org.compiere.model.GridTab.fireDataStatusChanged(GridTab.java:2297)
	at org.compiere.model.GridTab.dataStatusChanged(GridTab.java:2270)
	at org.compiere.model.GridTable.fireDataStatusChanged(GridTable.java:3193)
	at org.compiere.model.GridTable.fireDataStatusIEvent(GridTable.java:3221)
	at org.compiere.model.GridTable.dataRefreshAll(GridTable.java:2860)
	at org.compiere.model.GridTab.dataRefreshAll(GridTab.java:907)
	at org.compiere.model.GridTab.dataRefreshAll(GridTab.java:895)

-----------> MIssue.set_Value: SourceClassName - Value too long - truncated to length=60 [47]
===========> GridTab.getTrxInfo: C_OrderLine
SQL=SELECT COUNT(*) AS Lines,c.ISO_Code,o.TotalLines,o.GrandTotal,currencyBase(o.GrandTotal,o.C_Currency_ID,o.DateAcct, o.AD_Client_ID,o.AD_Org_ID) AS ConvAmt FROM C_Order o INNER JOIN C_Currency c ON (o.C_Currency_ID=c.C_Currency_ID) INNER JOIN C_OrderLine l ON (o.C_Order_ID=l.C_Order_ID) WHERE o.C_Order_ID=? GROUP BY o.C_Currency_ID, c.ISO_Code, o.TotalLines, o.GrandTotal, o.DateAcct, o.AD_Client_ID, o.AD_Org_ID [47]
java.sql.SQLException: ORA-29516: Aurora assertion failure: Assertion failure at eox.c:359
Uncaught exception System error:   java/lang/UnsupportedClassVersionError
; State=99999; ErrorCode=29516
	at oracle.jdbc.driver.T4CTTIoer.processError(T4CTTIoer.java:447)
	at oracle.jdbc.driver.T4CTTIoer.processError(T4CTTIoer.java:396)
	at oracle.jdbc.driver.T4C8Oall.processError(T4C8Oall.java:951)
	at oracle.jdbc.driver.T4CTTIfun.receive(T4CTTIfun.java:513)
	at oracle.jdbc.driver.T4CTTIfun.doRPC(T4CTTIfun.java:227)
	at oracle.jdbc.driver.T4C8Oall.doOALL(T4C8Oall.java:531)
	at oracle.jdbc.driver.T4CPreparedStatement.doOall8(T4CPreparedStatement.java:208)
	at oracle.jdbc.driver.T4CPreparedStatement.executeForDescribe(T4CPreparedStatement.java:886)
	at oracle.jdbc.driver.OracleStatement.executeMaybeDescribe(OracleStatement.java:1175)
	at oracle.jdbc.driver.OracleStatement.doExecuteWithTimeout(OracleStatement.java:1296)
	at oracle.jdbc.driver.OraclePreparedStatement.executeInternal(OraclePreparedStatement.java:3613)
	at oracle.jdbc.driver.OraclePreparedStatement.executeQuery(OraclePreparedStatement.java:3657)
	at oracle.jdbc.driver.OraclePreparedStatementWrapper.executeQuery(OraclePreparedStatementWrapper.java:1495)
	at com.mchange.v2.c3p0.impl.NewProxyPreparedStatement.executeQuery(NewProxyPreparedStatement.java:76)
	at sun.reflect.GeneratedMethodAccessor21.invoke(Unknown Source)
	at sun.reflect.DelegatingMethodAccessorImpl.invoke(Unknown Source)
	at java.lang.reflect.Method.invoke(Unknown Source)
	at org.compiere.db.StatementProxy.invoke(StatementProxy.java:100)
	at com.sun.proxy.$Proxy3.executeQuery(Unknown Source)
	at org.compiere.model.GridTab.getTrxInfo(GridTab.java:1829)
	at org.adempiere.webui.panel.AbstractADWindowPanel.dataStatusChanged(AbstractADWindowPanel.java:1340)
	at org.compiere.model.GridTab.fireDataStatusChanged(GridTab.java:2297)
	at org.compiere.model.GridTab.setCurrentRow(GridTab.java:2542)
	at org.compiere.model.GridTab.dataRefreshAll(GridTab.java:924)
	at org.compiere.model.GridTab.dataRefreshAll(GridTab.java:895)

-----------> MIssue.set_Value: SourceClassName - Value too long - truncated to length=60 [105]
===========> GridTab.getTrxInfo: C_OrderLine
SQL=SELECT COUNT(*) AS Lines,c.ISO_Code,o.TotalLines,o.GrandTotal,currencyBase(o.GrandTotal,o.C_Currency_ID,o.DateAcct, o.AD_Client_ID,o.AD_Org_ID) AS ConvAmt FROM C_Order o INNER JOIN C_Currency c ON (o.C_Currency_ID=c.C_Currency_ID) INNER JOIN C_OrderLine l ON (o.C_Order_ID=l.C_Order_ID) WHERE o.C_Order_ID=? GROUP BY o.C_Currency_ID, c.ISO_Code, o.TotalLines, o.GrandTotal, o.DateAcct, o.AD_Client_ID, o.AD_Org_ID [105]
java.sql.SQLException: ORA-29516: Aurora assertion failure: Assertion failure at eox.c:359
Uncaught exception System error:   java/lang/UnsupportedClassVersionError
; State=99999; ErrorCode=29516
	at oracle.jdbc.driver.T4CTTIoer.processError(T4CTTIoer.java:447)
	at oracle.jdbc.driver.T4CTTIoer.processError(T4CTTIoer.java:396)
	at oracle.jdbc.driver.T4C8Oall.processError(T4C8Oall.java:951)
	at oracle.jdbc.driver.T4CTTIfun.receive(T4CTTIfun.java:513)
	at oracle.jdbc.driver.T4CTTIfun.doRPC(T4CTTIfun.java:227)
	at oracle.jdbc.driver.T4C8Oall.doOALL(T4C8Oall.java:531)
	at oracle.jdbc.driver.T4CPreparedStatement.doOall8(T4CPreparedStatement.java:208)
	at oracle.jdbc.driver.T4CPreparedStatement.executeForDescribe(T4CPreparedStatement.java:886)
	at oracle.jdbc.driver.OracleStatement.executeMaybeDescribe(OracleStatement.java:1175)
	at oracle.jdbc.driver.OracleStatement.doExecuteWithTimeout(OracleStatement.java:1296)
	at oracle.jdbc.driver.OraclePreparedStatement.executeInternal(OraclePreparedStatement.java:3613)
	at oracle.jdbc.driver.OraclePreparedStatement.executeQuery(OraclePreparedStatement.java:3657)
	at oracle.jdbc.driver.OraclePreparedStatementWrapper.executeQuery(OraclePreparedStatementWrapper.java:1495)
	at com.mchange.v2.c3p0.impl.NewProxyPreparedStatement.executeQuery(NewProxyPreparedStatement.java:76)
	at sun.reflect.GeneratedMethodAccessor21.invoke(Unknown Source)
	at sun.reflect.DelegatingMethodAccessorImpl.invoke(Unknown Source)
	at java.lang.reflect.Method.invoke(Unknown Source)
	at org.compiere.db.StatementProxy.invoke(StatementProxy.java:100)
	at com.sun.proxy.$Proxy3.executeQuery(Unknown Source)
	at org.compiere.model.GridTab.getTrxInfo(GridTab.java:1829)
	at org.adempiere.webui.panel.AbstractADWindowPanel.dataStatusChanged(AbstractADWindowPanel.java:1340)
	at org.compiere.model.GridTab.fireDataStatusChanged(GridTab.java:2297)
	at org.compiere.model.GridTab.setCurrentRow(GridTab.java:2542)
	at org.compiere.model.GridTab.navigate(GridTab.java:2408)
	at org.compiere.model.GridTab.navigateRelative(GridTab.java:2418)

-----------> MIssue.set_Value: SourceClassName - Value too long - truncated to length=60 [47]
===========> GridTab.getTrxInfo: C_OrderLine
SQL=SELECT COUNT(*) AS Lines,c.ISO_Code,o.TotalLines,o.GrandTotal,currencyBase(o.GrandTotal,o.C_Currency_ID,o.DateAcct, o.AD_Client_ID,o.AD_Org_ID) AS ConvAmt FROM C_Order o INNER JOIN C_Currency c ON (o.C_Currency_ID=c.C_Currency_ID) INNER JOIN C_OrderLine l ON (o.C_Order_ID=l.C_Order_ID) WHERE o.C_Order_ID=? GROUP BY o.C_Currency_ID, c.ISO_Code, o.TotalLines, o.GrandTotal, o.DateAcct, o.AD_Client_ID, o.AD_Org_ID [47]
java.sql.SQLException: ORA-29516: Aurora assertion failure: Assertion failure at eox.c:359
Uncaught exception System error:   java/lang/UnsupportedClassVersionError
; State=99999; ErrorCode=29516
	at oracle.jdbc.driver.T4CTTIoer.processError(T4CTTIoer.java:447)
	at oracle.jdbc.driver.T4CTTIoer.processError(T4CTTIoer.java:396)
	at oracle.jdbc.driver.T4C8Oall.processError(T4C8Oall.java:951)
	at oracle.jdbc.driver.T4CTTIfun.receive(T4CTTIfun.java:513)
	at oracle.jdbc.driver.T4CTTIfun.doRPC(T4CTTIfun.java:227)
	at oracle.jdbc.driver.T4C8Oall.doOALL(T4C8Oall.java:531)
	at oracle.jdbc.driver.T4CPreparedStatement.doOall8(T4CPreparedStatement.java:208)
	at oracle.jdbc.driver.T4CPreparedStatement.executeForDescribe(T4CPreparedStatement.java:886)
	at oracle.jdbc.driver.OracleStatement.executeMaybeDescribe(OracleStatement.java:1175)
	at oracle.jdbc.driver.OracleStatement.doExecuteWithTimeout(OracleStatement.java:1296)
	at oracle.jdbc.driver.OraclePreparedStatement.executeInternal(OraclePreparedStatement.java:3613)
	at oracle.jdbc.driver.OraclePreparedStatement.executeQuery(OraclePreparedStatement.java:3657)
	at oracle.jdbc.driver.OraclePreparedStatementWrapper.executeQuery(OraclePreparedStatementWrapper.java:1495)
	at com.mchange.v2.c3p0.impl.NewProxyPreparedStatement.executeQuery(NewProxyPreparedStatement.java:76)
	at sun.reflect.GeneratedMethodAccessor21.invoke(Unknown Source)
	at sun.reflect.DelegatingMethodAccessorImpl.invoke(Unknown Source)
	at java.lang.reflect.Method.invoke(Unknown Source)
	at org.compiere.db.StatementProxy.invoke(StatementProxy.java:100)
	at com.sun.proxy.$Proxy3.executeQuery(Unknown Source)
	at org.compiere.model.GridTab.getTrxInfo(GridTab.java:1829)
	at org.adempiere.webui.panel.AbstractADWindowPanel.dataStatusChanged(AbstractADWindowPanel.java:1340)
	at org.compiere.model.GridTab.fireDataStatusChanged(GridTab.java:2297)
	at org.compiere.model.GridTab.setCurrentRow(GridTab.java:2542)
	at org.compiere.model.GridTab.navigate(GridTab.java:2408)
	at org.compiere.model.GridTab.navigateRelative(GridTab.java:2418)

-----------> MIssue.set_Value: SourceClassName - Value too long - truncated to length=60 [105]
===========> GridTab.getTrxInfo: C_OrderLine
SQL=SELECT COUNT(*) AS Lines,c.ISO_Code,o.TotalLines,o.GrandTotal,currencyBase(o.GrandTotal,o.C_Currency_ID,o.DateAcct, o.AD_Client_ID,o.AD_Org_ID) AS ConvAmt FROM C_Order o INNER JOIN C_Currency c ON (o.C_Currency_ID=c.C_Currency_ID) INNER JOIN C_OrderLine l ON (o.C_Order_ID=l.C_Order_ID) WHERE o.C_Order_ID=? GROUP BY o.C_Currency_ID, c.ISO_Code, o.TotalLines, o.GrandTotal, o.DateAcct, o.AD_Client_ID, o.AD_Org_ID [105]
java.sql.SQLException: ORA-29516: Aurora assertion failure: Assertion failure at eox.c:359
Uncaught exception System error:   java/lang/UnsupportedClassVersionError
; State=99999; ErrorCode=29516
	at oracle.jdbc.driver.T4CTTIoer.processError(T4CTTIoer.java:447)
	at oracle.jdbc.driver.T4CTTIoer.processError(T4CTTIoer.java:396)
	at oracle.jdbc.driver.T4C8Oall.processError(T4C8Oall.java:951)
	at oracle.jdbc.driver.T4CTTIfun.receive(T4CTTIfun.java:513)
	at oracle.jdbc.driver.T4CTTIfun.doRPC(T4CTTIfun.java:227)
	at oracle.jdbc.driver.T4C8Oall.doOALL(T4C8Oall.java:531)
	at oracle.jdbc.driver.T4CPreparedStatement.doOall8(T4CPreparedStatement.java:208)
	at oracle.jdbc.driver.T4CPreparedStatement.executeForDescribe(T4CPreparedStatement.java:886)
	at oracle.jdbc.driver.OracleStatement.executeMaybeDescribe(OracleStatement.java:1175)
	at oracle.jdbc.driver.OracleStatement.doExecuteWithTimeout(OracleStatement.java:1296)
	at oracle.jdbc.driver.OraclePreparedStatement.executeInternal(OraclePreparedStatement.java:3613)
	at oracle.jdbc.driver.OraclePreparedStatement.executeQuery(OraclePreparedStatement.java:3657)
	at oracle.jdbc.driver.OraclePreparedStatementWrapper.executeQuery(OraclePreparedStatementWrapper.java:1495)
	at com.mchange.v2.c3p0.impl.NewProxyPreparedStatement.executeQuery(NewProxyPreparedStatement.java:76)
	at sun.reflect.GeneratedMethodAccessor21.invoke(Unknown Source)
	at sun.reflect.DelegatingMethodAccessorImpl.invoke(Unknown Source)
	at java.lang.reflect.Method.invoke(Unknown Source)
	at org.compiere.db.StatementProxy.invoke(StatementProxy.java:100)
	at com.sun.proxy.$Proxy3.executeQuery(Unknown Source)
	at org.compiere.model.GridTab.getTrxInfo(GridTab.java:1829)
	at org.adempiere.webui.panel.AbstractADWindowPanel.dataStatusChanged(AbstractADWindowPanel.java:1340)
	at org.compiere.model.GridTab.fireDataStatusChanged(GridTab.java:2297)
	at org.compiere.model.GridTab.setCurrentRow(GridTab.java:2542)
	at org.compiere.model.GridTab.navigate(GridTab.java:2408)
	at org.compiere.model.GridTab.navigateRelative(GridTab.java:2418)

-----------> MIssue.set_Value: SourceClassName - Value too long - truncated to length=60 [47]
===========> GridTab.getTrxInfo: C_OrderLine
SQL=SELECT COUNT(*) AS Lines,c.ISO_Code,o.TotalLines,o.GrandTotal,currencyBase(o.GrandTotal,o.C_Currency_ID,o.DateAcct, o.AD_Client_ID,o.AD_Org_ID) AS ConvAmt FROM C_Order o INNER JOIN C_Currency c ON (o.C_Currency_ID=c.C_Currency_ID) INNER JOIN C_OrderLine l ON (o.C_Order_ID=l.C_Order_ID) WHERE o.C_Order_ID=? GROUP BY o.C_Currency_ID, c.ISO_Code, o.TotalLines, o.GrandTotal, o.DateAcct, o.AD_Client_ID, o.AD_Org_ID [47]
java.sql.SQLException: ORA-29516: Aurora assertion failure: Assertion failure at eox.c:359
Uncaught exception System error:   java/lang/UnsupportedClassVersionError
; State=99999; ErrorCode=29516
	at oracle.jdbc.driver.T4CTTIoer.processError(T4CTTIoer.java:447)
	at oracle.jdbc.driver.T4CTTIoer.processError(T4CTTIoer.java:396)
	at oracle.jdbc.driver.T4C8Oall.processError(T4C8Oall.java:951)
	at oracle.jdbc.driver.T4CTTIfun.receive(T4CTTIfun.java:513)
	at oracle.jdbc.driver.T4CTTIfun.doRPC(T4CTTIfun.java:227)
	at oracle.jdbc.driver.T4C8Oall.doOALL(T4C8Oall.java:531)
	at oracle.jdbc.driver.T4CPreparedStatement.doOall8(T4CPreparedStatement.java:208)
	at oracle.jdbc.driver.T4CPreparedStatement.executeForDescribe(T4CPreparedStatement.java:886)
	at oracle.jdbc.driver.OracleStatement.executeMaybeDescribe(OracleStatement.java:1175)
	at oracle.jdbc.driver.OracleStatement.doExecuteWithTimeout(OracleStatement.java:1296)
	at oracle.jdbc.driver.OraclePreparedStatement.executeInternal(OraclePreparedStatement.java:3613)
	at oracle.jdbc.driver.OraclePreparedStatement.executeQuery(OraclePreparedStatement.java:3657)
	at oracle.jdbc.driver.OraclePreparedStatementWrapper.executeQuery(OraclePreparedStatementWrapper.java:1495)
	at com.mchange.v2.c3p0.impl.NewProxyPreparedStatement.executeQuery(NewProxyPreparedStatement.java:76)
	at sun.reflect.GeneratedMethodAccessor21.invoke(Unknown Source)
	at sun.reflect.DelegatingMethodAccessorImpl.invoke(Unknown Source)
	at java.lang.reflect.Method.invoke(Unknown Source)
	at org.compiere.db.StatementProxy.invoke(StatementProxy.java:100)
	at com.sun.proxy.$Proxy3.executeQuery(Unknown Source)
	at org.compiere.model.GridTab.getTrxInfo(GridTab.java:1829)
	at org.adempiere.webui.panel.AbstractADWindowPanel.dataStatusChanged(AbstractADWindowPanel.java:1340)
	at org.compiere.model.GridTab.fireDataStatusChanged(GridTab.java:2297)
	at org.compiere.model.GridTab.setCurrentRow(GridTab.java:2542)
	at org.compiere.model.GridTab.navigate(GridTab.java:2408)
	at org.compiere.model.GridTab.navigateRelative(GridTab.java:2418)

-----------> MIssue.set_Value: SourceClassName - Value too long - truncated to length=60 [105]
===========> GridTab.getTrxInfo: C_OrderLine
SQL=SELECT COUNT(*) AS Lines,c.ISO_Code,o.TotalLines,o.GrandTotal,currencyBase(o.GrandTotal,o.C_Currency_ID,o.DateAcct, o.AD_Client_ID,o.AD_Org_ID) AS ConvAmt FROM C_Order o INNER JOIN C_Currency c ON (o.C_Currency_ID=c.C_Currency_ID) INNER JOIN C_OrderLine l ON (o.C_Order_ID=l.C_Order_ID) WHERE o.C_Order_ID=? GROUP BY o.C_Currency_ID, c.ISO_Code, o.TotalLines, o.GrandTotal, o.DateAcct, o.AD_Client_ID, o.AD_Org_ID [105]
java.sql.SQLException: ORA-29516: Aurora assertion failure: Assertion failure at eox.c:359
Uncaught exception System error:   java/lang/UnsupportedClassVersionError
; State=99999; ErrorCode=29516
	at oracle.jdbc.driver.T4CTTIoer.processError(T4CTTIoer.java:447)
	at oracle.jdbc.driver.T4CTTIoer.processError(T4CTTIoer.java:396)
	at oracle.jdbc.driver.T4C8Oall.processError(T4C8Oall.java:951)
	at oracle.jdbc.driver.T4CTTIfun.receive(T4CTTIfun.java:513)
	at oracle.jdbc.driver.T4CTTIfun.doRPC(T4CTTIfun.java:227)
	at oracle.jdbc.driver.T4C8Oall.doOALL(T4C8Oall.java:531)
	at oracle.jdbc.driver.T4CPreparedStatement.doOall8(T4CPreparedStatement.java:208)
	at oracle.jdbc.driver.T4CPreparedStatement.executeForDescribe(T4CPreparedStatement.java:886)
	at oracle.jdbc.driver.OracleStatement.executeMaybeDescribe(OracleStatement.java:1175)
	at oracle.jdbc.driver.OracleStatement.doExecuteWithTimeout(OracleStatement.java:1296)
	at oracle.jdbc.driver.OraclePreparedStatement.executeInternal(OraclePreparedStatement.java:3613)
	at oracle.jdbc.driver.OraclePreparedStatement.executeQuery(OraclePreparedStatement.java:3657)
	at oracle.jdbc.driver.OraclePreparedStatementWrapper.executeQuery(OraclePreparedStatementWrapper.java:1495)
	at com.mchange.v2.c3p0.impl.NewProxyPreparedStatement.executeQuery(NewProxyPreparedStatement.java:76)
	at sun.reflect.GeneratedMethodAccessor21.invoke(Unknown Source)
	at sun.reflect.DelegatingMethodAccessorImpl.invoke(Unknown Source)
	at java.lang.reflect.Method.invoke(Unknown Source)
	at org.compiere.db.StatementProxy.invoke(StatementProxy.java:100)
	at com.sun.proxy.$Proxy3.executeQuery(Unknown Source)
	at org.compiere.model.GridTab.getTrxInfo(GridTab.java:1829)
	at org.adempiere.webui.panel.AbstractADWindowPanel.dataStatusChanged(AbstractADWindowPanel.java:1340)
	at org.compiere.model.GridTab.fireDataStatusChanged(GridTab.java:2297)
	at org.compiere.model.GridTab.setCurrentRow(GridTab.java:2542)
	at org.compiere.model.GridTab.navigate(GridTab.java:2408)
	at org.compiere.model.GridTab.navigateRelative(GridTab.java:2418)

-----------> MIssue.set_Value: SourceClassName - Value too long - truncated to length=60 [47]
===========> GridTab.getTrxInfo: C_OrderLine
SQL=SELECT COUNT(*) AS Lines,c.ISO_Code,o.TotalLines,o.GrandTotal,currencyBase(o.GrandTotal,o.C_Currency_ID,o.DateAcct, o.AD_Client_ID,o.AD_Org_ID) AS ConvAmt FROM C_Order o INNER JOIN C_Currency c ON (o.C_Currency_ID=c.C_Currency_ID) INNER JOIN C_OrderLine l ON (o.C_Order_ID=l.C_Order_ID) WHERE o.C_Order_ID=? GROUP BY o.C_Currency_ID, c.ISO_Code, o.TotalLines, o.GrandTotal, o.DateAcct, o.AD_Client_ID, o.AD_Org_ID [47]
java.sql.SQLException: ORA-29516: Aurora assertion failure: Assertion failure at eox.c:359
Uncaught exception System error:   java/lang/UnsupportedClassVersionError
; State=99999; ErrorCode=29516
	at oracle.jdbc.driver.T4CTTIoer.processError(T4CTTIoer.java:447)
	at oracle.jdbc.driver.T4CTTIoer.processError(T4CTTIoer.java:396)
	at oracle.jdbc.driver.T4C8Oall.processError(T4C8Oall.java:951)
	at oracle.jdbc.driver.T4CTTIfun.receive(T4CTTIfun.java:513)
	at oracle.jdbc.driver.T4CTTIfun.doRPC(T4CTTIfun.java:227)
	at oracle.jdbc.driver.T4C8Oall.doOALL(T4C8Oall.java:531)
	at oracle.jdbc.driver.T4CPreparedStatement.doOall8(T4CPreparedStatement.java:208)
	at oracle.jdbc.driver.T4CPreparedStatement.executeForDescribe(T4CPreparedStatement.java:886)
	at oracle.jdbc.driver.OracleStatement.executeMaybeDescribe(OracleStatement.java:1175)
	at oracle.jdbc.driver.OracleStatement.doExecuteWithTimeout(OracleStatement.java:1296)
	at oracle.jdbc.driver.OraclePreparedStatement.executeInternal(OraclePreparedStatement.java:3613)
	at oracle.jdbc.driver.OraclePreparedStatement.executeQuery(OraclePreparedStatement.java:3657)
	at oracle.jdbc.driver.OraclePreparedStatementWrapper.executeQuery(OraclePreparedStatementWrapper.java:1495)
	at com.mchange.v2.c3p0.impl.NewProxyPreparedStatement.executeQuery(NewProxyPreparedStatement.java:76)
	at sun.reflect.GeneratedMethodAccessor21.invoke(Unknown Source)
	at sun.reflect.DelegatingMethodAccessorImpl.invoke(Unknown Source)
	at java.lang.reflect.Method.invoke(Unknown Source)
	at org.compiere.db.StatementProxy.invoke(StatementProxy.java:100)
	at com.sun.proxy.$Proxy3.executeQuery(Unknown Source)
	at org.compiere.model.GridTab.getTrxInfo(GridTab.java:1829)
	at org.adempiere.webui.panel.AbstractADWindowPanel.dataStatusChanged(AbstractADWindowPanel.java:1340)
	at org.compiere.model.GridTab.fireDataStatusChanged(GridTab.java:2297)
	at org.compiere.model.GridTab.setCurrentRow(GridTab.java:2542)
	at org.compiere.model.GridTab.navigate(GridTab.java:2408)
	at org.compiere.model.GridTab.navigateRelative(GridTab.java:2418)

-----------> MIssue.set_Value: SourceClassName - Value too long - truncated to length=60 [105]
===========> GridTab.getTrxInfo: C_OrderLine
SQL=SELECT COUNT(*) AS Lines,c.ISO_Code,o.TotalLines,o.GrandTotal,currencyBase(o.GrandTotal,o.C_Currency_ID,o.DateAcct, o.AD_Client_ID,o.AD_Org_ID) AS ConvAmt FROM C_Order o INNER JOIN C_Currency c ON (o.C_Currency_ID=c.C_Currency_ID) INNER JOIN C_OrderLine l ON (o.C_Order_ID=l.C_Order_ID) WHERE o.C_Order_ID=? GROUP BY o.C_Currency_ID, c.ISO_Code, o.TotalLines, o.GrandTotal, o.DateAcct, o.AD_Client_ID, o.AD_Org_ID [105]
java.sql.SQLException: ORA-29516: Aurora assertion failure: Assertion failure at eox.c:359
Uncaught exception System error:   java/lang/UnsupportedClassVersionError
; State=99999; ErrorCode=29516
	at oracle.jdbc.driver.T4CTTIoer.processError(T4CTTIoer.java:447)
	at oracle.jdbc.driver.T4CTTIoer.processError(T4CTTIoer.java:396)
	at oracle.jdbc.driver.T4C8Oall.processError(T4C8Oall.java:951)
	at oracle.jdbc.driver.T4CTTIfun.receive(T4CTTIfun.java:513)
	at oracle.jdbc.driver.T4CTTIfun.doRPC(T4CTTIfun.java:227)
	at oracle.jdbc.driver.T4C8Oall.doOALL(T4C8Oall.java:531)
	at oracle.jdbc.driver.T4CPreparedStatement.doOall8(T4CPreparedStatement.java:208)
	at oracle.jdbc.driver.T4CPreparedStatement.executeForDescribe(T4CPreparedStatement.java:886)
	at oracle.jdbc.driver.OracleStatement.executeMaybeDescribe(OracleStatement.java:1175)
	at oracle.jdbc.driver.OracleStatement.doExecuteWithTimeout(OracleStatement.java:1296)
	at oracle.jdbc.driver.OraclePreparedStatement.executeInternal(OraclePreparedStatement.java:3613)
	at oracle.jdbc.driver.OraclePreparedStatement.executeQuery(OraclePreparedStatement.java:3657)
	at oracle.jdbc.driver.OraclePreparedStatementWrapper.executeQuery(OraclePreparedStatementWrapper.java:1495)
	at com.mchange.v2.c3p0.impl.NewProxyPreparedStatement.executeQuery(NewProxyPreparedStatement.java:76)
	at sun.reflect.GeneratedMethodAccessor21.invoke(Unknown Source)
	at sun.reflect.DelegatingMethodAccessorImpl.invoke(Unknown Source)
	at java.lang.reflect.Method.invoke(Unknown Source)
	at org.compiere.db.StatementProxy.invoke(StatementProxy.java:100)
	at com.sun.proxy.$Proxy3.executeQuery(Unknown Source)
	at org.compiere.model.GridTab.getTrxInfo(GridTab.java:1829)
	at org.adempiere.webui.panel.AbstractADWindowPanel.dataStatusChanged(AbstractADWindowPanel.java:1340)
	at org.compiere.model.GridTab.fireDataStatusChanged(GridTab.java:2297)
	at org.compiere.model.GridTab.dataStatusChanged(GridTab.java:2270)
	at org.compiere.model.GridTable.fireDataStatusChanged(GridTable.java:3193)
	at org.compiere.model.GridTable.fireDataStatusIEvent(GridTable.java:3221)
	at org.compiere.model.GridTable$Loader.run(GridTable.java:3461)
	at org.compiere.model.GridTable.open(GridTable.java:619)
	at org.compiere.model.GridTable.dataRefreshAll(GridTable.java:2851)
	at org.compiere.model.GridTab.dataRefreshAll(GridTab.java:907)
	at org.compiere.model.GridTab.dataRefreshAll(GridTab.java:895)

-----------> MIssue.set_Value: SourceClassName - Value too long - truncated to length=60 [105]
===========> GridTab.getTrxInfo: C_OrderLine
SQL=SELECT COUNT(*) AS Lines,c.ISO_Code,o.TotalLines,o.GrandTotal,currencyBase(o.GrandTotal,o.C_Currency_ID,o.DateAcct, o.AD_Client_ID,o.AD_Org_ID) AS ConvAmt FROM C_Order o INNER JOIN C_Currency c ON (o.C_Currency_ID=c.C_Currency_ID) INNER JOIN C_OrderLine l ON (o.C_Order_ID=l.C_Order_ID) WHERE o.C_Order_ID=? GROUP BY o.C_Currency_ID, c.ISO_Code, o.TotalLines, o.GrandTotal, o.DateAcct, o.AD_Client_ID, o.AD_Org_ID [105]
java.sql.SQLException: ORA-29516: Aurora assertion failure: Assertion failure at eox.c:359
Uncaught exception System error:   java/lang/UnsupportedClassVersionError
; State=99999; ErrorCode=29516
	at oracle.jdbc.driver.T4CTTIoer.processError(T4CTTIoer.java:447)
	at oracle.jdbc.driver.T4CTTIoer.processError(T4CTTIoer.java:396)
	at oracle.jdbc.driver.T4C8Oall.processError(T4C8Oall.java:951)
	at oracle.jdbc.driver.T4CTTIfun.receive(T4CTTIfun.java:513)
	at oracle.jdbc.driver.T4CTTIfun.doRPC(T4CTTIfun.java:227)
	at oracle.jdbc.driver.T4C8Oall.doOALL(T4C8Oall.java:531)
	at oracle.jdbc.driver.T4CPreparedStatement.doOall8(T4CPreparedStatement.java:208)
	at oracle.jdbc.driver.T4CPreparedStatement.executeForDescribe(T4CPreparedStatement.java:886)
	at oracle.jdbc.driver.OracleStatement.executeMaybeDescribe(OracleStatement.java:1175)
	at oracle.jdbc.driver.OracleStatement.doExecuteWithTimeout(OracleStatement.java:1296)
	at oracle.jdbc.driver.OraclePreparedStatement.executeInternal(OraclePreparedStatement.java:3613)
	at oracle.jdbc.driver.OraclePreparedStatement.executeQuery(OraclePreparedStatement.java:3657)
	at oracle.jdbc.driver.OraclePreparedStatementWrapper.executeQuery(OraclePreparedStatementWrapper.java:1495)
	at com.mchange.v2.c3p0.impl.NewProxyPreparedStatement.executeQuery(NewProxyPreparedStatement.java:76)
	at sun.reflect.GeneratedMethodAccessor21.invoke(Unknown Source)
	at sun.reflect.DelegatingMethodAccessorImpl.invoke(Unknown Source)
	at java.lang.reflect.Method.invoke(Unknown Source)
	at org.compiere.db.StatementProxy.invoke(StatementProxy.java:100)
	at com.sun.proxy.$Proxy3.executeQuery(Unknown Source)
	at org.compiere.model.GridTab.getTrxInfo(GridTab.java:1829)
	at org.adempiere.webui.panel.AbstractADWindowPanel.dataStatusChanged(AbstractADWindowPanel.java:1340)
	at org.compiere.model.GridTab.fireDataStatusChanged(GridTab.java:2297)
	at org.compiere.model.GridTab.dataStatusChanged(GridTab.java:2270)
	at org.compiere.model.GridTable.fireDataStatusChanged(GridTable.java:3193)
	at org.compiere.model.GridTable.fireDataStatusIEvent(GridTable.java:3221)
	at org.compiere.model.GridTable.dataRefreshAll(GridTable.java:2860)
	at org.compiere.model.GridTab.dataRefreshAll(GridTab.java:907)
	at org.compiere.model.GridTab.dataRefreshAll(GridTab.java:895)

-----------> MIssue.set_Value: SourceClassName - Value too long - truncated to length=60 [105]
===========> GridTab.getTrxInfo: C_OrderLine
SQL=SELECT COUNT(*) AS Lines,c.ISO_Code,o.TotalLines,o.GrandTotal,currencyBase(o.GrandTotal,o.C_Currency_ID,o.DateAcct, o.AD_Client_ID,o.AD_Org_ID) AS ConvAmt FROM C_Order o INNER JOIN C_Currency c ON (o.C_Currency_ID=c.C_Currency_ID) INNER JOIN C_OrderLine l ON (o.C_Order_ID=l.C_Order_ID) WHERE o.C_Order_ID=? GROUP BY o.C_Currency_ID, c.ISO_Code, o.TotalLines, o.GrandTotal, o.DateAcct, o.AD_Client_ID, o.AD_Org_ID [105]
java.sql.SQLException: ORA-29516: Aurora assertion failure: Assertion failure at eox.c:359
Uncaught exception System error:   java/lang/UnsupportedClassVersionError
; State=99999; ErrorCode=29516
	at oracle.jdbc.driver.T4CTTIoer.processError(T4CTTIoer.java:447)
	at oracle.jdbc.driver.T4CTTIoer.processError(T4CTTIoer.java:396)
	at oracle.jdbc.driver.T4C8Oall.processError(T4C8Oall.java:951)
	at oracle.jdbc.driver.T4CTTIfun.receive(T4CTTIfun.java:513)
	at oracle.jdbc.driver.T4CTTIfun.doRPC(T4CTTIfun.java:227)
	at oracle.jdbc.driver.T4C8Oall.doOALL(T4C8Oall.java:531)
	at oracle.jdbc.driver.T4CPreparedStatement.doOall8(T4CPreparedStatement.java:208)
	at oracle.jdbc.driver.T4CPreparedStatement.executeForDescribe(T4CPreparedStatement.java:886)
	at oracle.jdbc.driver.OracleStatement.executeMaybeDescribe(OracleStatement.java:1175)
	at oracle.jdbc.driver.OracleStatement.doExecuteWithTimeout(OracleStatement.java:1296)
	at oracle.jdbc.driver.OraclePreparedStatement.executeInternal(OraclePreparedStatement.java:3613)
	at oracle.jdbc.driver.OraclePreparedStatement.executeQuery(OraclePreparedStatement.java:3657)
	at oracle.jdbc.driver.OraclePreparedStatementWrapper.executeQuery(OraclePreparedStatementWrapper.java:1495)
	at com.mchange.v2.c3p0.impl.NewProxyPreparedStatement.executeQuery(NewProxyPreparedStatement.java:76)
	at sun.reflect.GeneratedMethodAccessor21.invoke(Unknown Source)
	at sun.reflect.DelegatingMethodAccessorImpl.invoke(Unknown Source)
	at java.lang.reflect.Method.invoke(Unknown Source)
	at org.compiere.db.StatementProxy.invoke(StatementProxy.java:100)
	at com.sun.proxy.$Proxy3.executeQuery(Unknown Source)
	at org.compiere.model.GridTab.getTrxInfo(GridTab.java:1829)
	at org.adempiere.webui.panel.AbstractADWindowPanel.dataStatusChanged(AbstractADWindowPanel.java:1340)
	at org.compiere.model.GridTab.fireDataStatusChanged(GridTab.java:2297)
	at org.compiere.model.GridTab.setCurrentRow(GridTab.java:2542)
	at org.compiere.model.GridTab.dataRefreshAll(GridTab.java:924)
	at org.compiere.model.GridTab.dataRefreshAll(GridTab.java:895)

-----------> MIssue.set_Value: SourceClassName - Value too long - truncated to length=60 [47]
===========> GridTab.getTrxInfo: C_OrderLine
SQL=SELECT COUNT(*) AS Lines,c.ISO_Code,o.TotalLines,o.GrandTotal,currencyBase(o.GrandTotal,o.C_Currency_ID,o.DateAcct, o.AD_Client_ID,o.AD_Org_ID) AS ConvAmt FROM C_Order o INNER JOIN C_Currency c ON (o.C_Currency_ID=c.C_Currency_ID) INNER JOIN C_OrderLine l ON (o.C_Order_ID=l.C_Order_ID) WHERE o.C_Order_ID=? GROUP BY o.C_Currency_ID, c.ISO_Code, o.TotalLines, o.GrandTotal, o.DateAcct, o.AD_Client_ID, o.AD_Org_ID [47]
java.sql.SQLException: ORA-29516: Aurora assertion failure: Assertion failure at eox.c:359
Uncaught exception System error:   java/lang/UnsupportedClassVersionError
; State=99999; ErrorCode=29516
	at oracle.jdbc.driver.T4CTTIoer.processError(T4CTTIoer.java:447)
	at oracle.jdbc.driver.T4CTTIoer.processError(T4CTTIoer.java:396)
	at oracle.jdbc.driver.T4C8Oall.processError(T4C8Oall.java:951)
	at oracle.jdbc.driver.T4CTTIfun.receive(T4CTTIfun.java:513)
	at oracle.jdbc.driver.T4CTTIfun.doRPC(T4CTTIfun.java:227)
	at oracle.jdbc.driver.T4C8Oall.doOALL(T4C8Oall.java:531)
	at oracle.jdbc.driver.T4CPreparedStatement.doOall8(T4CPreparedStatement.java:208)
	at oracle.jdbc.driver.T4CPreparedStatement.executeForDescribe(T4CPreparedStatement.java:886)
	at oracle.jdbc.driver.OracleStatement.executeMaybeDescribe(OracleStatement.java:1175)
	at oracle.jdbc.driver.OracleStatement.doExecuteWithTimeout(OracleStatement.java:1296)
	at oracle.jdbc.driver.OraclePreparedStatement.executeInternal(OraclePreparedStatement.java:3613)
	at oracle.jdbc.driver.OraclePreparedStatement.executeQuery(OraclePreparedStatement.java:3657)
	at oracle.jdbc.driver.OraclePreparedStatementWrapper.executeQuery(OraclePreparedStatementWrapper.java:1495)
	at com.mchange.v2.c3p0.impl.NewProxyPreparedStatement.executeQuery(NewProxyPreparedStatement.java:76)
	at sun.reflect.GeneratedMethodAccessor21.invoke(Unknown Source)
	at sun.reflect.DelegatingMethodAccessorImpl.invoke(Unknown Source)
	at java.lang.reflect.Method.invoke(Unknown Source)
	at org.compiere.db.StatementProxy.invoke(StatementProxy.java:100)
	at com.sun.proxy.$Proxy3.executeQuery(Unknown Source)
	at org.compiere.model.GridTab.getTrxInfo(GridTab.java:1829)
	at org.adempiere.webui.panel.AbstractADWindowPanel.dataStatusChanged(AbstractADWindowPanel.java:1340)
	at org.compiere.model.GridTab.fireDataStatusChanged(GridTab.java:2297)
	at org.compiere.model.GridTab.setCurrentRow(GridTab.java:2542)
	at org.compiere.model.GridTab.navigate(GridTab.java:2408)
	at org.compiere.model.GridTab.navigateRelative(GridTab.java:2418)

-----------> MIssue.set_Value: SourceClassName - Value too long - truncated to length=60 [105]
===========> GridTab.getTrxInfo: C_OrderLine
SQL=SELECT COUNT(*) AS Lines,c.ISO_Code,o.TotalLines,o.GrandTotal,currencyBase(o.GrandTotal,o.C_Currency_ID,o.DateAcct, o.AD_Client_ID,o.AD_Org_ID) AS ConvAmt FROM C_Order o INNER JOIN C_Currency c ON (o.C_Currency_ID=c.C_Currency_ID) INNER JOIN C_OrderLine l ON (o.C_Order_ID=l.C_Order_ID) WHERE o.C_Order_ID=? GROUP BY o.C_Currency_ID, c.ISO_Code, o.TotalLines, o.GrandTotal, o.DateAcct, o.AD_Client_ID, o.AD_Org_ID [105]
java.sql.SQLException: ORA-29516: Aurora assertion failure: Assertion failure at eox.c:359
Uncaught exception System error:   java/lang/UnsupportedClassVersionError
; State=99999; ErrorCode=29516
	at oracle.jdbc.driver.T4CTTIoer.processError(T4CTTIoer.java:447)
	at oracle.jdbc.driver.T4CTTIoer.processError(T4CTTIoer.java:396)
	at oracle.jdbc.driver.T4C8Oall.processError(T4C8Oall.java:951)
	at oracle.jdbc.driver.T4CTTIfun.receive(T4CTTIfun.java:513)
	at oracle.jdbc.driver.T4CTTIfun.doRPC(T4CTTIfun.java:227)
	at oracle.jdbc.driver.T4C8Oall.doOALL(T4C8Oall.java:531)
	at oracle.jdbc.driver.T4CPreparedStatement.doOall8(T4CPreparedStatement.java:208)
	at oracle.jdbc.driver.T4CPreparedStatement.executeForDescribe(T4CPreparedStatement.java:886)
	at oracle.jdbc.driver.OracleStatement.executeMaybeDescribe(OracleStatement.java:1175)
	at oracle.jdbc.driver.OracleStatement.doExecuteWithTimeout(OracleStatement.java:1296)
	at oracle.jdbc.driver.OraclePreparedStatement.executeInternal(OraclePreparedStatement.java:3613)
	at oracle.jdbc.driver.OraclePreparedStatement.executeQuery(OraclePreparedStatement.java:3657)
	at oracle.jdbc.driver.OraclePreparedStatementWrapper.executeQuery(OraclePreparedStatementWrapper.java:1495)
	at com.mchange.v2.c3p0.impl.NewProxyPreparedStatement.executeQuery(NewProxyPreparedStatement.java:76)
	at sun.reflect.GeneratedMethodAccessor21.invoke(Unknown Source)
	at sun.reflect.DelegatingMethodAccessorImpl.invoke(Unknown Source)
	at java.lang.reflect.Method.invoke(Unknown Source)
	at org.compiere.db.StatementProxy.invoke(StatementProxy.java:100)
	at com.sun.proxy.$Proxy3.executeQuery(Unknown Source)
	at org.compiere.model.GridTab.getTrxInfo(GridTab.java:1829)
	at org.adempiere.webui.panel.AbstractADWindowPanel.dataStatusChanged(AbstractADWindowPanel.java:1340)
	at org.compiere.model.GridTab.fireDataStatusChanged(GridTab.java:2297)
	at org.compiere.model.GridTab.dataStatusChanged(GridTab.java:2270)
	at org.compiere.model.GridTable.fireDataStatusChanged(GridTable.java:3193)
	at org.compiere.model.GridTable.fireDataStatusIEvent(GridTable.java:3221)
	at org.compiere.model.GridTable$Loader.run(GridTable.java:3461)
	at org.compiere.model.GridTable.open(GridTable.java:619)
	at org.compiere.model.GridTable.dataRefreshAll(GridTable.java:2851)
	at org.compiere.model.GridTab.dataRefreshAll(GridTab.java:907)
	at org.compiere.model.GridTab.dataRefreshAll(GridTab.java:895)

-----------> MIssue.set_Value: SourceClassName - Value too long - truncated to length=60 [105]
===========> GridTab.getTrxInfo: C_OrderLine
SQL=SELECT COUNT(*) AS Lines,c.ISO_Code,o.TotalLines,o.GrandTotal,currencyBase(o.GrandTotal,o.C_Currency_ID,o.DateAcct, o.AD_Client_ID,o.AD_Org_ID) AS ConvAmt FROM C_Order o INNER JOIN C_Currency c ON (o.C_Currency_ID=c.C_Currency_ID) INNER JOIN C_OrderLine l ON (o.C_Order_ID=l.C_Order_ID) WHERE o.C_Order_ID=? GROUP BY o.C_Currency_ID, c.ISO_Code, o.TotalLines, o.GrandTotal, o.DateAcct, o.AD_Client_ID, o.AD_Org_ID [105]
java.sql.SQLException: ORA-29516: Aurora assertion failure: Assertion failure at eox.c:359
Uncaught exception System error:   java/lang/UnsupportedClassVersionError
; State=99999; ErrorCode=29516
	at oracle.jdbc.driver.T4CTTIoer.processError(T4CTTIoer.java:447)
	at oracle.jdbc.driver.T4CTTIoer.processError(T4CTTIoer.java:396)
	at oracle.jdbc.driver.T4C8Oall.processError(T4C8Oall.java:951)
	at oracle.jdbc.driver.T4CTTIfun.receive(T4CTTIfun.java:513)
	at oracle.jdbc.driver.T4CTTIfun.doRPC(T4CTTIfun.java:227)
	at oracle.jdbc.driver.T4C8Oall.doOALL(T4C8Oall.java:531)
	at oracle.jdbc.driver.T4CPreparedStatement.doOall8(T4CPreparedStatement.java:208)
	at oracle.jdbc.driver.T4CPreparedStatement.executeForDescribe(T4CPreparedStatement.java:886)
	at oracle.jdbc.driver.OracleStatement.executeMaybeDescribe(OracleStatement.java:1175)
	at oracle.jdbc.driver.OracleStatement.doExecuteWithTimeout(OracleStatement.java:1296)
	at oracle.jdbc.driver.OraclePreparedStatement.executeInternal(OraclePreparedStatement.java:3613)
	at oracle.jdbc.driver.OraclePreparedStatement.executeQuery(OraclePreparedStatement.java:3657)
	at oracle.jdbc.driver.OraclePreparedStatementWrapper.executeQuery(OraclePreparedStatementWrapper.java:1495)
	at com.mchange.v2.c3p0.impl.NewProxyPreparedStatement.executeQuery(NewProxyPreparedStatement.java:76)
	at sun.reflect.GeneratedMethodAccessor21.invoke(Unknown Source)
	at sun.reflect.DelegatingMethodAccessorImpl.invoke(Unknown Source)
	at java.lang.reflect.Method.invoke(Unknown Source)
	at org.compiere.db.StatementProxy.invoke(StatementProxy.java:100)
	at com.sun.proxy.$Proxy3.executeQuery(Unknown Source)
	at org.compiere.model.GridTab.getTrxInfo(GridTab.java:1829)
	at org.adempiere.webui.panel.AbstractADWindowPanel.dataStatusChanged(AbstractADWindowPanel.java:1340)
	at org.compiere.model.GridTab.fireDataStatusChanged(GridTab.java:2297)
	at org.compiere.model.GridTab.dataStatusChanged(GridTab.java:2270)
	at org.compiere.model.GridTable.fireDataStatusChanged(GridTable.java:3193)
	at org.compiere.model.GridTable.fireDataStatusIEvent(GridTable.java:3221)
	at org.compiere.model.GridTable.dataRefreshAll(GridTable.java:2860)
	at org.compiere.model.GridTab.dataRefreshAll(GridTab.java:907)
	at org.compiere.model.GridTab.dataRefreshAll(GridTab.java:895)

-----------> MIssue.set_Value: SourceClassName - Value too long - truncated to length=60 [105]
===========> GridTab.getTrxInfo: C_OrderLine
SQL=SELECT COUNT(*) AS Lines,c.ISO_Code,o.TotalLines,o.GrandTotal,currencyBase(o.GrandTotal,o.C_Currency_ID,o.DateAcct, o.AD_Client_ID,o.AD_Org_ID) AS ConvAmt FROM C_Order o INNER JOIN C_Currency c ON (o.C_Currency_ID=c.C_Currency_ID) INNER JOIN C_OrderLine l ON (o.C_Order_ID=l.C_Order_ID) WHERE o.C_Order_ID=? GROUP BY o.C_Currency_ID, c.ISO_Code, o.TotalLines, o.GrandTotal, o.DateAcct, o.AD_Client_ID, o.AD_Org_ID [105]
java.sql.SQLException: ORA-29516: Aurora assertion failure: Assertion failure at eox.c:359
Uncaught exception System error:   java/lang/UnsupportedClassVersionError
; State=99999; ErrorCode=29516
	at oracle.jdbc.driver.T4CTTIoer.processError(T4CTTIoer.java:447)
	at oracle.jdbc.driver.T4CTTIoer.processError(T4CTTIoer.java:396)
	at oracle.jdbc.driver.T4C8Oall.processError(T4C8Oall.java:951)
	at oracle.jdbc.driver.T4CTTIfun.receive(T4CTTIfun.java:513)
	at oracle.jdbc.driver.T4CTTIfun.doRPC(T4CTTIfun.java:227)
	at oracle.jdbc.driver.T4C8Oall.doOALL(T4C8Oall.java:531)
	at oracle.jdbc.driver.T4CPreparedStatement.doOall8(T4CPreparedStatement.java:208)
	at oracle.jdbc.driver.T4CPreparedStatement.executeForDescribe(T4CPreparedStatement.java:886)
	at oracle.jdbc.driver.OracleStatement.executeMaybeDescribe(OracleStatement.java:1175)
	at oracle.jdbc.driver.OracleStatement.doExecuteWithTimeout(OracleStatement.java:1296)
	at oracle.jdbc.driver.OraclePreparedStatement.executeInternal(OraclePreparedStatement.java:3613)
	at oracle.jdbc.driver.OraclePreparedStatement.executeQuery(OraclePreparedStatement.java:3657)
	at oracle.jdbc.driver.OraclePreparedStatementWrapper.executeQuery(OraclePreparedStatementWrapper.java:1495)
	at com.mchange.v2.c3p0.impl.NewProxyPreparedStatement.executeQuery(NewProxyPreparedStatement.java:76)
	at sun.reflect.GeneratedMethodAccessor21.invoke(Unknown Source)
	at sun.reflect.DelegatingMethodAccessorImpl.invoke(Unknown Source)
	at java.lang.reflect.Method.invoke(Unknown Source)
	at org.compiere.db.StatementProxy.invoke(StatementProxy.java:100)
	at com.sun.proxy.$Proxy3.executeQuery(Unknown Source)
	at org.compiere.model.GridTab.getTrxInfo(GridTab.java:1829)
	at org.adempiere.webui.panel.AbstractADWindowPanel.dataStatusChanged(AbstractADWindowPanel.java:1340)
	at org.compiere.model.GridTab.fireDataStatusChanged(GridTab.java:2297)
	at org.compiere.model.GridTab.setCurrentRow(GridTab.java:2542)
	at org.compiere.model.GridTab.dataRefreshAll(GridTab.java:924)
	at org.compiere.model.GridTab.dataRefreshAll(GridTab.java:895)

-----------> MIssue.set_Value: SourceClassName - Value too long - truncated to length=60 [47]
===========> GridTab.getTrxInfo: C_OrderLine
SQL=SELECT COUNT(*) AS Lines,c.ISO_Code,o.TotalLines,o.GrandTotal,currencyBase(o.GrandTotal,o.C_Currency_ID,o.DateAcct, o.AD_Client_ID,o.AD_Org_ID) AS ConvAmt FROM C_Order o INNER JOIN C_Currency c ON (o.C_Currency_ID=c.C_Currency_ID) INNER JOIN C_OrderLine l ON (o.C_Order_ID=l.C_Order_ID) WHERE o.C_Order_ID=? GROUP BY o.C_Currency_ID, c.ISO_Code, o.TotalLines, o.GrandTotal, o.DateAcct, o.AD_Client_ID, o.AD_Org_ID [47]
java.sql.SQLException: ORA-29516: Aurora assertion failure: Assertion failure at eox.c:359
Uncaught exception System error:   java/lang/UnsupportedClassVersionError
; State=99999; ErrorCode=29516
	at oracle.jdbc.driver.T4CTTIoer.processError(T4CTTIoer.java:447)
	at oracle.jdbc.driver.T4CTTIoer.processError(T4CTTIoer.java:396)
	at oracle.jdbc.driver.T4C8Oall.processError(T4C8Oall.java:951)
	at oracle.jdbc.driver.T4CTTIfun.receive(T4CTTIfun.java:513)
	at oracle.jdbc.driver.T4CTTIfun.doRPC(T4CTTIfun.java:227)
	at oracle.jdbc.driver.T4C8Oall.doOALL(T4C8Oall.java:531)
	at oracle.jdbc.driver.T4CPreparedStatement.doOall8(T4CPreparedStatement.java:208)
	at oracle.jdbc.driver.T4CPreparedStatement.executeForDescribe(T4CPreparedStatement.java:886)
	at oracle.jdbc.driver.OracleStatement.executeMaybeDescribe(OracleStatement.java:1175)
	at oracle.jdbc.driver.OracleStatement.doExecuteWithTimeout(OracleStatement.java:1296)
	at oracle.jdbc.driver.OraclePreparedStatement.executeInternal(OraclePreparedStatement.java:3613)
	at oracle.jdbc.driver.OraclePreparedStatement.executeQuery(OraclePreparedStatement.java:3657)
	at oracle.jdbc.driver.OraclePreparedStatementWrapper.executeQuery(OraclePreparedStatementWrapper.java:1495)
	at com.mchange.v2.c3p0.impl.NewProxyPreparedStatement.executeQuery(NewProxyPreparedStatement.java:76)
	at sun.reflect.GeneratedMethodAccessor21.invoke(Unknown Source)
	at sun.reflect.DelegatingMethodAccessorImpl.invoke(Unknown Source)
	at java.lang.reflect.Method.invoke(Unknown Source)
	at org.compiere.db.StatementProxy.invoke(StatementProxy.java:100)
	at com.sun.proxy.$Proxy3.executeQuery(Unknown Source)
	at org.compiere.model.GridTab.getTrxInfo(GridTab.java:1829)
	at org.adempiere.webui.panel.AbstractADWindowPanel.dataStatusChanged(AbstractADWindowPanel.java:1340)
	at org.compiere.model.GridTab.fireDataStatusChanged(GridTab.java:2297)
	at org.compiere.model.GridTab.setCurrentRow(GridTab.java:2542)
	at org.compiere.model.GridTab.navigate(GridTab.java:2408)
	at org.compiere.model.GridTab.navigateRelative(GridTab.java:2418)

-----------> MIssue.set_Value: SourceClassName - Value too long - truncated to length=60 [47]
===========> GridTab.getTrxInfo: C_Order
SQL=SELECT COUNT(*) AS Lines,c.ISO_Code,o.TotalLines,o.GrandTotal,currencyBase(o.GrandTotal,o.C_Currency_ID,o.DateAcct, o.AD_Client_ID,o.AD_Org_ID) AS ConvAmt FROM C_Order o INNER JOIN C_Currency c ON (o.C_Currency_ID=c.C_Currency_ID) INNER JOIN C_OrderLine l ON (o.C_Order_ID=l.C_Order_ID) WHERE o.C_Order_ID=? GROUP BY o.C_Currency_ID, c.ISO_Code, o.TotalLines, o.GrandTotal, o.DateAcct, o.AD_Client_ID, o.AD_Org_ID [47]
java.sql.SQLException: ORA-29516: Aurora assertion failure: Assertion failure at eox.c:359
Uncaught exception System error:   java/lang/UnsupportedClassVersionError
; State=99999; ErrorCode=29516
	at oracle.jdbc.driver.T4CTTIoer.processError(T4CTTIoer.java:447)
	at oracle.jdbc.driver.T4CTTIoer.processError(T4CTTIoer.java:396)
	at oracle.jdbc.driver.T4C8Oall.processError(T4C8Oall.java:951)
	at oracle.jdbc.driver.T4CTTIfun.receive(T4CTTIfun.java:513)
	at oracle.jdbc.driver.T4CTTIfun.doRPC(T4CTTIfun.java:227)
	at oracle.jdbc.driver.T4C8Oall.doOALL(T4C8Oall.java:531)
	at oracle.jdbc.driver.T4CPreparedStatement.doOall8(T4CPreparedStatement.java:208)
	at oracle.jdbc.driver.T4CPreparedStatement.executeForDescribe(T4CPreparedStatement.java:886)
	at oracle.jdbc.driver.OracleStatement.executeMaybeDescribe(OracleStatement.java:1175)
	at oracle.jdbc.driver.OracleStatement.doExecuteWithTimeout(OracleStatement.java:1296)
	at oracle.jdbc.driver.OraclePreparedStatement.executeInternal(OraclePreparedStatement.java:3613)
	at oracle.jdbc.driver.OraclePreparedStatement.executeQuery(OraclePreparedStatement.java:3657)
	at oracle.jdbc.driver.OraclePreparedStatementWrapper.executeQuery(OraclePreparedStatementWrapper.java:1495)
	at com.mchange.v2.c3p0.impl.NewProxyPreparedStatement.executeQuery(NewProxyPreparedStatement.java:76)
	at sun.reflect.GeneratedMethodAccessor21.invoke(Unknown Source)
	at sun.reflect.DelegatingMethodAccessorImpl.invoke(Unknown Source)
	at java.lang.reflect.Method.invoke(Unknown Source)
	at org.compiere.db.StatementProxy.invoke(StatementProxy.java:100)
	at com.sun.proxy.$Proxy3.executeQuery(Unknown Source)
	at org.compiere.model.GridTab.getTrxInfo(GridTab.java:1829)
	at org.adempiere.webui.panel.AbstractADWindowPanel.dataStatusChanged(AbstractADWindowPanel.java:1340)
	at org.compiere.model.GridTab.fireDataStatusChanged(GridTab.java:2297)
	at org.compiere.model.GridTab.dataStatusChanged(GridTab.java:2270)
	at org.compiere.model.GridTable.fireDataStatusChanged(GridTable.java:3193)
	at org.compiere.model.GridTable.fireDataStatusIEvent(GridTable.java:3221)
	at org.compiere.model.GridTable$Loader.run(GridTable.java:3461)
	at org.compiere.model.GridTable.open(GridTable.java:619)
	at org.compiere.model.GridTable.dataRefreshAll(GridTable.java:2851)
	at org.compiere.model.GridTab.dataRefreshAll(GridTab.java:907)
	at org.compiere.model.GridTab.dataRefreshAll(GridTab.java:895)

-----------> MIssue.set_Value: SourceClassName - Value too long - truncated to length=60 [47]
===========> GridTab.getTrxInfo: C_Order
SQL=SELECT COUNT(*) AS Lines,c.ISO_Code,o.TotalLines,o.GrandTotal,currencyBase(o.GrandTotal,o.C_Currency_ID,o.DateAcct, o.AD_Client_ID,o.AD_Org_ID) AS ConvAmt FROM C_Order o INNER JOIN C_Currency c ON (o.C_Currency_ID=c.C_Currency_ID) INNER JOIN C_OrderLine l ON (o.C_Order_ID=l.C_Order_ID) WHERE o.C_Order_ID=? GROUP BY o.C_Currency_ID, c.ISO_Code, o.TotalLines, o.GrandTotal, o.DateAcct, o.AD_Client_ID, o.AD_Org_ID [47]
java.sql.SQLException: ORA-29516: Aurora assertion failure: Assertion failure at eox.c:359
Uncaught exception System error:   java/lang/UnsupportedClassVersionError
; State=99999; ErrorCode=29516
	at oracle.jdbc.driver.T4CTTIoer.processError(T4CTTIoer.java:447)
	at oracle.jdbc.driver.T4CTTIoer.processError(T4CTTIoer.java:396)
	at oracle.jdbc.driver.T4C8Oall.processError(T4C8Oall.java:951)
	at oracle.jdbc.driver.T4CTTIfun.receive(T4CTTIfun.java:513)
	at oracle.jdbc.driver.T4CTTIfun.doRPC(T4CTTIfun.java:227)
	at oracle.jdbc.driver.T4C8Oall.doOALL(T4C8Oall.java:531)
	at oracle.jdbc.driver.T4CPreparedStatement.doOall8(T4CPreparedStatement.java:208)
	at oracle.jdbc.driver.T4CPreparedStatement.executeForDescribe(T4CPreparedStatement.java:886)
	at oracle.jdbc.driver.OracleStatement.executeMaybeDescribe(OracleStatement.java:1175)
	at oracle.jdbc.driver.OracleStatement.doExecuteWithTimeout(OracleStatement.java:1296)
	at oracle.jdbc.driver.OraclePreparedStatement.executeInternal(OraclePreparedStatement.java:3613)
	at oracle.jdbc.driver.OraclePreparedStatement.executeQuery(OraclePreparedStatement.java:3657)
	at oracle.jdbc.driver.OraclePreparedStatementWrapper.executeQuery(OraclePreparedStatementWrapper.java:1495)
	at com.mchange.v2.c3p0.impl.NewProxyPreparedStatement.executeQuery(NewProxyPreparedStatement.java:76)
	at sun.reflect.GeneratedMethodAccessor21.invoke(Unknown Source)
	at sun.reflect.DelegatingMethodAccessorImpl.invoke(Unknown Source)
	at java.lang.reflect.Method.invoke(Unknown Source)
	at org.compiere.db.StatementProxy.invoke(StatementProxy.java:100)
	at com.sun.proxy.$Proxy3.executeQuery(Unknown Source)
	at org.compiere.model.GridTab.getTrxInfo(GridTab.java:1829)
	at org.adempiere.webui.panel.AbstractADWindowPanel.dataStatusChanged(AbstractADWindowPanel.java:1340)
	at org.compiere.model.GridTab.fireDataStatusChanged(GridTab.java:2297)
	at org.compiere.model.GridTab.dataStatusChanged(GridTab.java:2270)
	at org.compiere.model.GridTable.fireDataStatusChanged(GridTable.java:3193)
	at org.compiere.model.GridTable.fireDataStatusIEvent(GridTable.java:3221)
	at org.compiere.model.GridTable.dataRefreshAll(GridTable.java:2860)
	at org.compiere.model.GridTab.dataRefreshAll(GridTab.java:907)
	at org.compiere.model.GridTab.dataRefreshAll(GridTab.java:895)

-----------> MIssue.set_Value: SourceClassName - Value too long - truncated to length=60 [47]
===========> GridTab.getTrxInfo: C_Order
SQL=SELECT COUNT(*) AS Lines,c.ISO_Code,o.TotalLines,o.GrandTotal,currencyBase(o.GrandTotal,o.C_Currency_ID,o.DateAcct, o.AD_Client_ID,o.AD_Org_ID) AS ConvAmt FROM C_Order o INNER JOIN C_Currency c ON (o.C_Currency_ID=c.C_Currency_ID) INNER JOIN C_OrderLine l ON (o.C_Order_ID=l.C_Order_ID) WHERE o.C_Order_ID=? GROUP BY o.C_Currency_ID, c.ISO_Code, o.TotalLines, o.GrandTotal, o.DateAcct, o.AD_Client_ID, o.AD_Org_ID [47]
java.sql.SQLException: ORA-29516: Aurora assertion failure: Assertion failure at eox.c:359
Uncaught exception System error:   java/lang/UnsupportedClassVersionError
; State=99999; ErrorCode=29516
	at oracle.jdbc.driver.T4CTTIoer.processError(T4CTTIoer.java:447)
	at oracle.jdbc.driver.T4CTTIoer.processError(T4CTTIoer.java:396)
	at oracle.jdbc.driver.T4C8Oall.processError(T4C8Oall.java:951)
	at oracle.jdbc.driver.T4CTTIfun.receive(T4CTTIfun.java:513)
	at oracle.jdbc.driver.T4CTTIfun.doRPC(T4CTTIfun.java:227)
	at oracle.jdbc.driver.T4C8Oall.doOALL(T4C8Oall.java:531)
	at oracle.jdbc.driver.T4CPreparedStatement.doOall8(T4CPreparedStatement.java:208)
	at oracle.jdbc.driver.T4CPreparedStatement.executeForDescribe(T4CPreparedStatement.java:886)
	at oracle.jdbc.driver.OracleStatement.executeMaybeDescribe(OracleStatement.java:1175)
	at oracle.jdbc.driver.OracleStatement.doExecuteWithTimeout(OracleStatement.java:1296)
	at oracle.jdbc.driver.OraclePreparedStatement.executeInternal(OraclePreparedStatement.java:3613)
	at oracle.jdbc.driver.OraclePreparedStatement.executeQuery(OraclePreparedStatement.java:3657)
	at oracle.jdbc.driver.OraclePreparedStatementWrapper.executeQuery(OraclePreparedStatementWrapper.java:1495)
	at com.mchange.v2.c3p0.impl.NewProxyPreparedStatement.executeQuery(NewProxyPreparedStatement.java:76)
	at sun.reflect.GeneratedMethodAccessor21.invoke(Unknown Source)
	at sun.reflect.DelegatingMethodAccessorImpl.invoke(Unknown Source)
	at java.lang.reflect.Method.invoke(Unknown Source)
	at org.compiere.db.StatementProxy.invoke(StatementProxy.java:100)
	at com.sun.proxy.$Proxy3.executeQuery(Unknown Source)
	at org.compiere.model.GridTab.getTrxInfo(GridTab.java:1829)
	at org.adempiere.webui.panel.AbstractADWindowPanel.dataStatusChanged(AbstractADWindowPanel.java:1340)
	at org.compiere.model.GridTab.fireDataStatusChanged(GridTab.java:2297)
	at org.compiere.model.GridTab.setCurrentRow(GridTab.java:2542)
	at org.compiere.model.GridTab.dataRefreshAll(GridTab.java:924)
	at org.compiere.model.GridTab.dataRefreshAll(GridTab.java:895)

-----------> MIssue.set_Value: SourceClassName - Value too long - truncated to length=60 [105]
===========> GridTab.getTrxInfo: C_OrderLine
SQL=SELECT COUNT(*) AS Lines,c.ISO_Code,o.TotalLines,o.GrandTotal,currencyBase(o.GrandTotal,o.C_Currency_ID,o.DateAcct, o.AD_Client_ID,o.AD_Org_ID) AS ConvAmt FROM C_Order o INNER JOIN C_Currency c ON (o.C_Currency_ID=c.C_Currency_ID) INNER JOIN C_OrderLine l ON (o.C_Order_ID=l.C_Order_ID) WHERE o.C_Order_ID=? GROUP BY o.C_Currency_ID, c.ISO_Code, o.TotalLines, o.GrandTotal, o.DateAcct, o.AD_Client_ID, o.AD_Org_ID [105]
java.sql.SQLException: ORA-29516: Aurora assertion failure: Assertion failure at eox.c:359
Uncaught exception System error:   java/lang/UnsupportedClassVersionError
; State=99999; ErrorCode=29516
	at oracle.jdbc.driver.T4CTTIoer.processError(T4CTTIoer.java:447)
	at oracle.jdbc.driver.T4CTTIoer.processError(T4CTTIoer.java:396)
	at oracle.jdbc.driver.T4C8Oall.processError(T4C8Oall.java:951)
	at oracle.jdbc.driver.T4CTTIfun.receive(T4CTTIfun.java:513)
	at oracle.jdbc.driver.T4CTTIfun.doRPC(T4CTTIfun.java:227)
	at oracle.jdbc.driver.T4C8Oall.doOALL(T4C8Oall.java:531)
	at oracle.jdbc.driver.T4CPreparedStatement.doOall8(T4CPreparedStatement.java:208)
	at oracle.jdbc.driver.T4CPreparedStatement.executeForDescribe(T4CPreparedStatement.java:886)
	at oracle.jdbc.driver.OracleStatement.executeMaybeDescribe(OracleStatement.java:1175)
	at oracle.jdbc.driver.OracleStatement.doExecuteWithTimeout(OracleStatement.java:1296)
	at oracle.jdbc.driver.OraclePreparedStatement.executeInternal(OraclePreparedStatement.java:3613)
	at oracle.jdbc.driver.OraclePreparedStatement.executeQuery(OraclePreparedStatement.java:3657)
	at oracle.jdbc.driver.OraclePreparedStatementWrapper.executeQuery(OraclePreparedStatementWrapper.java:1495)
	at com.mchange.v2.c3p0.impl.NewProxyPreparedStatement.executeQuery(NewProxyPreparedStatement.java:76)
	at sun.reflect.GeneratedMethodAccessor21.invoke(Unknown Source)
	at sun.reflect.DelegatingMethodAccessorImpl.invoke(Unknown Source)
	at java.lang.reflect.Method.invoke(Unknown Source)
	at org.compiere.db.StatementProxy.invoke(StatementProxy.java:100)
	at com.sun.proxy.$Proxy3.executeQuery(Unknown Source)
	at org.compiere.model.GridTab.getTrxInfo(GridTab.java:1829)
	at org.adempiere.webui.panel.AbstractADWindowPanel.dataStatusChanged(AbstractADWindowPanel.java:1340)
	at org.compiere.model.GridTab.fireDataStatusChanged(GridTab.java:2297)
	at org.compiere.model.GridTab.dataStatusChanged(GridTab.java:2270)
	at org.compiere.model.GridTable.fireDataStatusChanged(GridTable.java:3193)
	at org.compiere.model.GridTable.fireDataStatusIEvent(GridTable.java:3221)
	at org.compiere.model.GridTable$Loader.run(GridTable.java:3461)
	at org.compiere.model.GridTable.open(GridTable.java:619)
	at org.compiere.model.GridTable.dataRefreshAll(GridTable.java:2851)
	at org.compiere.model.GridTable.dataRefreshAll(GridTable.java:2819)
	at org.compiere.model.GridTab.query(GridTab.java:727)
	at org.compiere.model.GridTab.query(GridTab.java:600)

-----------> MIssue.set_Value: SourceClassName - Value too long - truncated to length=60 [105]
===========> GridTab.getTrxInfo: C_OrderLine
SQL=SELECT COUNT(*) AS Lines,c.ISO_Code,o.TotalLines,o.GrandTotal,currencyBase(o.GrandTotal,o.C_Currency_ID,o.DateAcct, o.AD_Client_ID,o.AD_Org_ID) AS ConvAmt FROM C_Order o INNER JOIN C_Currency c ON (o.C_Currency_ID=c.C_Currency_ID) INNER JOIN C_OrderLine l ON (o.C_Order_ID=l.C_Order_ID) WHERE o.C_Order_ID=? GROUP BY o.C_Currency_ID, c.ISO_Code, o.TotalLines, o.GrandTotal, o.DateAcct, o.AD_Client_ID, o.AD_Org_ID [105]
java.sql.SQLException: ORA-29516: Aurora assertion failure: Assertion failure at eox.c:359
Uncaught exception System error:   java/lang/UnsupportedClassVersionError
; State=99999; ErrorCode=29516
	at oracle.jdbc.driver.T4CTTIoer.processError(T4CTTIoer.java:447)
	at oracle.jdbc.driver.T4CTTIoer.processError(T4CTTIoer.java:396)
	at oracle.jdbc.driver.T4C8Oall.processError(T4C8Oall.java:951)
	at oracle.jdbc.driver.T4CTTIfun.receive(T4CTTIfun.java:513)
	at oracle.jdbc.driver.T4CTTIfun.doRPC(T4CTTIfun.java:227)
	at oracle.jdbc.driver.T4C8Oall.doOALL(T4C8Oall.java:531)
	at oracle.jdbc.driver.T4CPreparedStatement.doOall8(T4CPreparedStatement.java:208)
	at oracle.jdbc.driver.T4CPreparedStatement.executeForDescribe(T4CPreparedStatement.java:886)
	at oracle.jdbc.driver.OracleStatement.executeMaybeDescribe(OracleStatement.java:1175)
	at oracle.jdbc.driver.OracleStatement.doExecuteWithTimeout(OracleStatement.java:1296)
	at oracle.jdbc.driver.OraclePreparedStatement.executeInternal(OraclePreparedStatement.java:3613)
	at oracle.jdbc.driver.OraclePreparedStatement.executeQuery(OraclePreparedStatement.java:3657)
	at oracle.jdbc.driver.OraclePreparedStatementWrapper.executeQuery(OraclePreparedStatementWrapper.java:1495)
	at com.mchange.v2.c3p0.impl.NewProxyPreparedStatement.executeQuery(NewProxyPreparedStatement.java:76)
	at sun.reflect.GeneratedMethodAccessor21.invoke(Unknown Source)
	at sun.reflect.DelegatingMethodAccessorImpl.invoke(Unknown Source)
	at java.lang.reflect.Method.invoke(Unknown Source)
	at org.compiere.db.StatementProxy.invoke(StatementProxy.java:100)
	at com.sun.proxy.$Proxy3.executeQuery(Unknown Source)
	at org.compiere.model.GridTab.getTrxInfo(GridTab.java:1829)
	at org.adempiere.webui.panel.AbstractADWindowPanel.dataStatusChanged(AbstractADWindowPanel.java:1340)
	at org.compiere.model.GridTab.fireDataStatusChanged(GridTab.java:2297)
	at org.compiere.model.GridTab.dataStatusChanged(GridTab.java:2270)
	at org.compiere.model.GridTable.fireDataStatusChanged(GridTable.java:3193)
	at org.compiere.model.GridTable.fireDataStatusIEvent(GridTable.java:3221)
	at org.compiere.model.GridTable.dataRefreshAll(GridTable.java:2860)
	at org.compiere.model.GridTable.dataRefreshAll(GridTable.java:2819)
	at org.compiere.model.GridTab.query(GridTab.java:727)
	at org.compiere.model.GridTab.query(GridTab.java:600)

-----------> MIssue.set_Value: SourceClassName - Value too long - truncated to length=60 [105]
===========> GridTab.getTrxInfo: C_OrderLine
SQL=SELECT COUNT(*) AS Lines,c.ISO_Code,o.TotalLines,o.GrandTotal,currencyBase(o.GrandTotal,o.C_Currency_ID,o.DateAcct, o.AD_Client_ID,o.AD_Org_ID) AS ConvAmt FROM C_Order o INNER JOIN C_Currency c ON (o.C_Currency_ID=c.C_Currency_ID) INNER JOIN C_OrderLine l ON (o.C_Order_ID=l.C_Order_ID) WHERE o.C_Order_ID=? GROUP BY o.C_Currency_ID, c.ISO_Code, o.TotalLines, o.GrandTotal, o.DateAcct, o.AD_Client_ID, o.AD_Org_ID [105]
java.sql.SQLException: ORA-29516: Aurora assertion failure: Assertion failure at eox.c:359
Uncaught exception System error:   java/lang/UnsupportedClassVersionError
; State=99999; ErrorCode=29516
	at oracle.jdbc.driver.T4CTTIoer.processError(T4CTTIoer.java:447)
	at oracle.jdbc.driver.T4CTTIoer.processError(T4CTTIoer.java:396)
	at oracle.jdbc.driver.T4C8Oall.processError(T4C8Oall.java:951)
	at oracle.jdbc.driver.T4CTTIfun.receive(T4CTTIfun.java:513)
	at oracle.jdbc.driver.T4CTTIfun.doRPC(T4CTTIfun.java:227)
	at oracle.jdbc.driver.T4C8Oall.doOALL(T4C8Oall.java:531)
	at oracle.jdbc.driver.T4CPreparedStatement.doOall8(T4CPreparedStatement.java:208)
	at oracle.jdbc.driver.T4CPreparedStatement.executeForDescribe(T4CPreparedStatement.java:886)
	at oracle.jdbc.driver.OracleStatement.executeMaybeDescribe(OracleStatement.java:1175)
	at oracle.jdbc.driver.OracleStatement.doExecuteWithTimeout(OracleStatement.java:1296)
	at oracle.jdbc.driver.OraclePreparedStatement.executeInternal(OraclePreparedStatement.java:3613)
	at oracle.jdbc.driver.OraclePreparedStatement.executeQuery(OraclePreparedStatement.java:3657)
	at oracle.jdbc.driver.OraclePreparedStatementWrapper.executeQuery(OraclePreparedStatementWrapper.java:1495)
	at com.mchange.v2.c3p0.impl.NewProxyPreparedStatement.executeQuery(NewProxyPreparedStatement.java:76)
	at sun.reflect.GeneratedMethodAccessor21.invoke(Unknown Source)
	at sun.reflect.DelegatingMethodAccessorImpl.invoke(Unknown Source)
	at java.lang.reflect.Method.invoke(Unknown Source)
	at org.compiere.db.StatementProxy.invoke(StatementProxy.java:100)
	at com.sun.proxy.$Proxy3.executeQuery(Unknown Source)
	at org.compiere.model.GridTab.getTrxInfo(GridTab.java:1829)
	at org.adempiere.webui.panel.AbstractADWindowPanel.dataStatusChanged(AbstractADWindowPanel.java:1340)
	at org.compiere.model.GridTab.fireDataStatusChanged(GridTab.java:2297)
	at org.compiere.model.GridTab.setCurrentRow(GridTab.java:2542)
	at org.compiere.model.GridTab.query(GridTab.java:737)
	at org.compiere.model.GridTab.query(GridTab.java:600)

-----------> Msg.getMsg: NOT found: Please save changes before closing [105]
-----------> Msg.getMsg: NOT found: InfoBranch [47]
===========> DB.getSQLValueBD: SELECT COALESCE(SUM(currencyBase(invoiceOpen(C_Invoice_ID, C_InvoicePaySchedule_ID),C_Currency_ID, DateAcct, AD_Client_ID, AD_Org_ID)),0)
FROM C_Invoice_v C_Invoice WHERE IsSOTrx='Y' AND Processed='Y' AND C_Invoice.AD_Client_ID IN(0,11) AND C_Invoice.AD_Org_ID IN(0,11,12,50000,50002,50001,50004,50006,50005,50007) [47]
java.sql.SQLException: ORA-29516: Aurora assertion failure: Assertion failure at eox.c:359
Uncaught exception System error:   java/lang/UnsupportedClassVersionError
; State=99999; ErrorCode=29516
	at oracle.jdbc.driver.T4CTTIoer.processError(T4CTTIoer.java:447)
	at oracle.jdbc.driver.T4CTTIoer.processError(T4CTTIoer.java:396)
	at oracle.jdbc.driver.T4C8Oall.processError(T4C8Oall.java:951)
	at oracle.jdbc.driver.T4CTTIfun.receive(T4CTTIfun.java:513)
	at oracle.jdbc.driver.T4CTTIfun.doRPC(T4CTTIfun.java:227)
	at oracle.jdbc.driver.T4C8Oall.doOALL(T4C8Oall.java:531)
	at oracle.jdbc.driver.T4CPreparedStatement.doOall8(T4CPreparedStatement.java:208)
	at oracle.jdbc.driver.T4CPreparedStatement.executeForDescribe(T4CPreparedStatement.java:886)
	at oracle.jdbc.driver.OracleStatement.executeMaybeDescribe(OracleStatement.java:1175)
	at oracle.jdbc.driver.OracleStatement.doExecuteWithTimeout(OracleStatement.java:1296)
	at oracle.jdbc.driver.OraclePreparedStatement.executeInternal(OraclePreparedStatement.java:3613)
	at oracle.jdbc.driver.OraclePreparedStatement.executeQuery(OraclePreparedStatement.java:3657)
	at oracle.jdbc.driver.OraclePreparedStatementWrapper.executeQuery(OraclePreparedStatementWrapper.java:1495)
	at com.mchange.v2.c3p0.impl.NewProxyPreparedStatement.executeQuery(NewProxyPreparedStatement.java:76)
	at sun.reflect.GeneratedMethodAccessor21.invoke(Unknown Source)
	at sun.reflect.DelegatingMethodAccessorImpl.invoke(Unknown Source)
	at java.lang.reflect.Method.invoke(Unknown Source)
	at org.compiere.db.StatementProxy.invoke(StatementProxy.java:100)
	at com.sun.proxy.$Proxy3.executeQuery(Unknown Source)
	at org.compiere.util.DB.getSQLValueBDEx(DB.java:1457)
	at org.compiere.util.DB.getSQLValueBD(DB.java:1501)
	at org.compiere.model.MMeasure.updateCalculatedGoals(MMeasure.java:473)
	at org.compiere.model.MMeasure.updateGoals(MMeasure.java:360)
	at org.compiere.model.MGoal.updateGoal(MGoal.java:379)
	at org.compiere.model.MGoal.getUserGoals(MGoal.java:84)

-----------> MRecentItem.addWindowChange: null [47]
===========> GridTab.processCallout: StoreAttachmentWarning [47]
