*** 2018-05-28 11:07:59.204 Adempiere Log (CLogFile) ***
11:07:59.203 Adempiere.startup: ADempiere(r) Release 3.9.0_2017-08-01 -Smart Suite ERP,CRM and SCM- (c) 1999-2017 ADempiere(r); Implementation: ADempiere - Supported by ADempiere community [13]
11:07:59.232 Ini.loadProperties: D:\Ayaz\Ayaz_NBP_PC_Backup\AdempiereTemplate39\Adempiere.properties #37 [13]
-----------> MIssue.set_Value: SourceClassName - Value too long - truncated to length=60 [47]
===========> DB.executeUpdate: INSERT INTO AD_Tree_Favorite (AD_Client_ID,AD_Org_ID,AD_Role_ID,AD_Tree_Favorite_ID,Created,CreatedBy,IsActive,Updated,UpdatedBy) VALUES (0,0,0,1000051,TO_DATE('2018-05-28 11:11:50','YYYY-MM-DD HH24:MI:SS'),0,'Y',TO_DATE('2018-05-28 11:11:50','YYYY-MM-DD HH24:MI:SS'),0) [POSave_2eeb2c41-03d0-4948-b0e9-0c83d78378b3] [47]
java.sql.SQLIntegrityConstraintViolationException: ORA-01400: cannot insert NULL into ("CARSDEV"."AD_TREE_FAVORITE"."AD_USER_ID")
; State=23000; ErrorCode=1400
	at oracle.jdbc.driver.T4CTTIoer.processError(T4CTTIoer.java:447)
	at oracle.jdbc.driver.T4CTTIoer.processError(T4CTTIoer.java:396)
	at oracle.jdbc.driver.T4C8Oall.processError(T4C8Oall.java:951)
	at oracle.jdbc.driver.T4CTTIfun.receive(T4CTTIfun.java:513)
	at oracle.jdbc.driver.T4CTTIfun.doRPC(T4CTTIfun.java:227)
	at oracle.jdbc.driver.T4C8Oall.doOALL(T4C8Oall.java:531)
	at oracle.jdbc.driver.T4CPreparedStatement.doOall8(T4CPreparedStatement.java:208)
	at oracle.jdbc.driver.T4CPreparedStatement.executeForRows(T4CPreparedStatement.java:1046)
	at oracle.jdbc.driver.OracleStatement.doExecuteWithTimeout(OracleStatement.java:1336)
	at oracle.jdbc.driver.OracleStatement.doScrollExecuteCommon(OracleStatement.java:4709)
	at oracle.jdbc.driver.OraclePreparedStatement.doScrollPstmtExecuteUpdate(OraclePreparedStatement.java:10613)
	at oracle.jdbc.driver.OraclePreparedStatement.executeInternal(OraclePreparedStatement.java:3611)
	at oracle.jdbc.driver.OraclePreparedStatement.executeUpdate(OraclePreparedStatement.java:3694)
	at oracle.jdbc.driver.OraclePreparedStatementWrapper.executeUpdate(OraclePreparedStatementWrapper.java:1354)
	at com.mchange.v2.c3p0.impl.NewProxyPreparedStatement.executeUpdate(NewProxyPreparedStatement.java:105)
	at sun.reflect.NativeMethodAccessorImpl.invoke0(Native Method)
	at sun.reflect.NativeMethodAccessorImpl.invoke(Unknown Source)
	at sun.reflect.DelegatingMethodAccessorImpl.invoke(Unknown Source)
	at java.lang.reflect.Method.invoke(Unknown Source)
	at org.compiere.db.StatementProxy.invoke(StatementProxy.java:100)
	at com.sun.proxy.$Proxy3.executeUpdate(Unknown Source)
	at org.compiere.util.DB.executeUpdate(DB.java:1046)
	at org.compiere.util.DB.executeUpdate(DB.java:908)
	at org.compiere.util.DB.executeUpdate(DB.java:895)
	at org.compiere.model.PO.saveNew(PO.java:2865)
	at org.compiere.model.PO.save(PO.java:2195)

===========> DB.saveError: DBExecuteError - ORA-01400: cannot insert NULL into ("CARSDEV"."AD_TREE_FAVORITE"."AD_USER_ID")
 [47]
-----------> MTreeFavorite.saveNew: [POSave_2eeb2c41-03d0-4948-b0e9-0c83d78378b3]Not inserted - AD_Tree_Favorite [47]
-----------> DefaultDesktop.createHomeTab: Failed to create components. zul=/zul/userfavorites.zul [47]
org.adempiere.exceptions.AdempiereException: Could not create Tree.
	at org.adempiere.webui.dashboard.DPUserFavorites.createFavouritesPanel(DPUserFavorites.java:119)
	at org.adempiere.webui.dashboard.DPUserFavorites.<init>(DPUserFavorites.java:63)
	at sun.reflect.NativeConstructorAccessorImpl.newInstance0(Native Method)
	at sun.reflect.NativeConstructorAccessorImpl.newInstance(Unknown Source)
	at sun.reflect.DelegatingConstructorAccessorImpl.newInstance(Unknown Source)
	at java.lang.reflect.Constructor.newInstance(Unknown Source)
	at java.lang.Class.newInstance(Unknown Source)
	at org.zkoss.zk.ui.metainfo.impl.ComponentDefinitionImpl.newInstance(ComponentDefinitionImpl.java:308)
	at org.zkoss.zk.ui.metainfo.impl.ComponentDefinitionImpl.newInstance(ComponentDefinitionImpl.java:296)
	at org.zkoss.zk.ui.metainfo.ComponentInfo.newInstance(ComponentInfo.java:664)
	at org.zkoss.zk.ui.impl.AbstractUiFactory.newComponent(AbstractUiFactory.java:90)
	at org.zkoss.zk.ui.impl.UiEngineImpl.execCreateChild0(UiEngineImpl.java:616)
	at org.zkoss.zk.ui.impl.UiEngineImpl.execCreateChild(UiEngineImpl.java:587)
	at org.zkoss.zk.ui.impl.UiEngineImpl.execCreate0(UiEngineImpl.java:531)
	at org.zkoss.zk.ui.impl.UiEngineImpl.execCreate(UiEngineImpl.java:498)
	at org.zkoss.zk.ui.impl.UiEngineImpl.createComponents(UiEngineImpl.java:819)
	at org.zkoss.zk.ui.impl.AbstractExecution.createComponents(AbstractExecution.java:189)
	at org.zkoss.zk.ui.Executions.createComponents(Executions.java:177)
	at org.adempiere.webui.desktop.DefaultDesktop.createHomeTab(DefaultDesktop.java:380)
	at org.adempiere.webui.desktop.DefaultDesktop.doCreatePart(DefaultDesktop.java:162)
	at org.adempiere.webui.part.AbstractUIPart.createPart(AbstractUIPart.java:41)

-----------> MRecentItem.addMenuOption: AD_User_ID is mandatory. [47]
===========> DB.getSQLValueBD: SELECT COALESCE(SUM(currencyBase(invoiceOpen(C_Invoice_ID, C_InvoicePaySchedule_ID),C_Currency_ID, DateAcct, AD_Client_ID, AD_Org_ID)),0)
FROM C_Invoice_v C_Invoice WHERE IsSOTrx='Y' AND Processed='Y' AND C_Invoice.AD_Client_ID IN(0,11) AND C_Invoice.AD_Org_ID IN(0,11,12,50000,50002,50001,50004,50006,50005,50007) [47]
java.sql.SQLException: ORA-29516: Aurora assertion failure: Assertion failure at eox.c:359
Uncaught exception System error:   java/lang/UnsupportedClassVersionError
; State=99999; ErrorCode=29516
	at oracle.jdbc.driver.T4CTTIoer.processError(T4CTTIoer.java:447)
	at oracle.jdbc.driver.T4CTTIoer.processError(T4CTTIoer.java:396)
	at oracle.jdbc.driver.T4C8Oall.processError(T4C8Oall.java:951)
	at oracle.jdbc.driver.T4CTTIfun.receive(T4CTTIfun.java:513)
	at oracle.jdbc.driver.T4CTTIfun.doRPC(T4CTTIfun.java:227)
	at oracle.jdbc.driver.T4C8Oall.doOALL(T4C8Oall.java:531)
	at oracle.jdbc.driver.T4CPreparedStatement.doOall8(T4CPreparedStatement.java:208)
	at oracle.jdbc.driver.T4CPreparedStatement.executeForDescribe(T4CPreparedStatement.java:886)
	at oracle.jdbc.driver.OracleStatement.executeMaybeDescribe(OracleStatement.java:1175)
	at oracle.jdbc.driver.OracleStatement.doExecuteWithTimeout(OracleStatement.java:1296)
	at oracle.jdbc.driver.OraclePreparedStatement.executeInternal(OraclePreparedStatement.java:3613)
	at oracle.jdbc.driver.OraclePreparedStatement.executeQuery(OraclePreparedStatement.java:3657)
	at oracle.jdbc.driver.OraclePreparedStatementWrapper.executeQuery(OraclePreparedStatementWrapper.java:1495)
	at com.mchange.v2.c3p0.impl.NewProxyPreparedStatement.executeQuery(NewProxyPreparedStatement.java:76)
	at sun.reflect.GeneratedMethodAccessor40.invoke(Unknown Source)
	at sun.reflect.DelegatingMethodAccessorImpl.invoke(Unknown Source)
	at java.lang.reflect.Method.invoke(Unknown Source)
	at org.compiere.db.StatementProxy.invoke(StatementProxy.java:100)
	at com.sun.proxy.$Proxy3.executeQuery(Unknown Source)
	at org.compiere.util.DB.getSQLValueBDEx(DB.java:1457)
	at org.compiere.util.DB.getSQLValueBD(DB.java:1501)
	at org.compiere.model.MMeasure.updateCalculatedGoals(MMeasure.java:473)
	at org.compiere.model.MMeasure.updateGoals(MMeasure.java:360)
	at org.compiere.model.MGoal.updateGoal(MGoal.java:379)
	at org.compiere.model.MGoal.getUserGoals(MGoal.java:84)

===========> InfoOrderPanel.readLine: SELECT o.C_Order_ID, (SELECT Name FROM C_BPartner bp WHERE bp.C_BPartner_ID=o.C_BPartner_ID), o.DateOrdered, o.DocumentNo, (SELECT ISO_Code FROM C_Currency c WHERE c.C_Currency_ID=o.C_Currency_ID), o.GrandTotal, currencyBase(o.GrandTotal,o.C_Currency_ID,o.DateAcct, o.AD_Client_ID,o.AD_Org_ID), o.IsSOTrx, o.Description, o.POReference, o.IsDelivered, o.docstatus FROM  C_Order o WHERE o.IsActive='Y' AND o.IsSOTrx=? AND o.IsDelivered=? AND o.AD_Client_ID IN(0,11) AND o.AD_Org_ID IN(0,11,12,50000,50002,50001,50004,50006,50005,50007) AND (o.C_Order_ID IS NULL OR o.C_Order_ID NOT IN ( SELECT Record_ID FROM AD_Private_Access WHERE AD_Table_ID = 259 AND AD_User_ID <> 101 AND IsActive = 'Y' )) ORDER BY 2,3,4 [47]
java.sql.SQLException: ORA-29516: Aurora assertion failure: Assertion failure at eox.c:359
Uncaught exception System error:   java/lang/UnsupportedClassVersionError
; State=99999; ErrorCode=29516
	at oracle.jdbc.driver.T4CTTIoer.processError(T4CTTIoer.java:447)
	at oracle.jdbc.driver.T4CTTIoer.processError(T4CTTIoer.java:396)
	at oracle.jdbc.driver.T4C8Oall.processError(T4C8Oall.java:951)
	at oracle.jdbc.driver.T4CTTIfun.receive(T4CTTIfun.java:513)
	at oracle.jdbc.driver.T4CTTIfun.doRPC(T4CTTIfun.java:227)
	at oracle.jdbc.driver.T4C8Oall.doOALL(T4C8Oall.java:531)
	at oracle.jdbc.driver.T4CPreparedStatement.doOall8(T4CPreparedStatement.java:208)
	at oracle.jdbc.driver.T4CPreparedStatement.executeForDescribe(T4CPreparedStatement.java:886)
	at oracle.jdbc.driver.OracleStatement.executeMaybeDescribe(OracleStatement.java:1175)
	at oracle.jdbc.driver.OracleStatement.doExecuteWithTimeout(OracleStatement.java:1296)
	at oracle.jdbc.driver.OraclePreparedStatement.executeInternal(OraclePreparedStatement.java:3613)
	at oracle.jdbc.driver.OraclePreparedStatement.executeQuery(OraclePreparedStatement.java:3657)
	at oracle.jdbc.driver.OraclePreparedStatementWrapper.executeQuery(OraclePreparedStatementWrapper.java:1495)
	at com.mchange.v2.c3p0.impl.NewProxyPreparedStatement.executeQuery(NewProxyPreparedStatement.java:76)
	at sun.reflect.GeneratedMethodAccessor40.invoke(Unknown Source)
	at sun.reflect.DelegatingMethodAccessorImpl.invoke(Unknown Source)
	at java.lang.reflect.Method.invoke(Unknown Source)
	at org.compiere.db.StatementProxy.invoke(StatementProxy.java:100)
	at com.sun.proxy.$Proxy3.executeQuery(Unknown Source)
	at org.adempiere.webui.panel.InfoPanel.readLine(InfoPanel.java:945)
	at org.adempiere.webui.panel.InfoPanel.executeQuery(InfoPanel.java:789)

===========> InfoProductPanel.readLine: SELECT p.M_Product_ID, p.Discontinued, pc.Name, p.Value, p.Name, p.UPC, p.SKU, u.name, bomPriceList(p.M_Product_ID, pr.M_PriceList_Version_ID) AS PriceList, bomPriceStd(p.M_Product_ID, pr.M_PriceList_Version_ID) AS PriceStd, bomPriceLimit(p.M_Product_ID, pr.M_PriceList_Version_ID) AS PriceLimit, bomPriceStd(p.M_Product_ID, pr.M_PriceList_Version_ID)-bomPriceLimit(p.M_Product_ID, pr.M_PriceList_Version_ID) AS Margin, p.isStocked, case when p.IsBOM='N' and (p.ProductType!='I' OR p.IsStocked='N') then to_number(get_Sysconfig('QTY_TO_SHOW_FOR_SERVICES', '99999', p.ad_client_id, 0), '99999999999') else bomQtyAvailable(p.M_Product_ID,?,0) end AS QtyAvailable, case when p.IsBOM='N' and (p.ProductType!='I' OR p.IsStocked='N') then to_number(get_Sysconfig('QTY_TO_SHOW_FOR_SERVICES', '99999', p.ad_client_id, 0), '99999999999') else bomQtyOnHand(p.M_Product_ID,?,0) end AS QtyOnHand, bomQtyReserved(p.M_Product_ID,?,0) AS QtyReserved, bomQtyOrdered(p.M_Product_ID,?,0) AS QtyOrdered, (SELECT SUM(c.TargetQty) FROM M_InOutLineConfirm c INNER JOIN M_InOutLine il ON (c.M_InOutLine_ID=il.M_InOutLine_ID) INNER JOIN M_InOut i ON (il.M_InOut_ID=i.M_InOut_ID) WHERE c.Processed='N' AND i.M_Warehouse_ID=? AND il.M_Product_ID=p.M_Product_ID) AS QtyUnconfirmed, (SELECT SUM(c.TargetQty) FROM M_MovementLineConfirm c INNER JOIN M_MovementLine ml ON (c.M_MovementLine_ID=ml.M_MovementLine_ID) INNER JOIN M_Locator l ON (ml.M_LocatorTo_ID=l.M_Locator_ID) WHERE c.Processed='N' AND l.M_Warehouse_ID=? AND ml.M_Product_ID=p.M_Product_ID) AS QtyUnconfirmedMove, bp.Name, pa.IsInstanceAttribute FROM M_Product p LEFT OUTER JOIN (SELECT mpp.M_Product_ID, mpp.M_PriceList_Version_id, mpp.IsActive, mpp.PriceList, mpp.PriceStd, mpp.PriceLimit FROM M_ProductPrice mpp, M_PriceList_Version mplv  WHERE mplv.M_PriceList_Version_ID = mpp.M_PriceList_Version_ID AND mplv.IsActive = 'Y') pr ON (p.M_Product_ID=pr.M_Product_ID AND pr.IsActive='Y') LEFT OUTER JOIN M_AttributeSet pa ON (p.M_AttributeSet_ID=pa.M_AttributeSet_ID) LEFT OUTER JOIN M_Product_PO ppo ON (p.M_Product_ID=ppo.M_Product_ID and ppo.IsCurrentVendor='Y' and ppo.IsActive='Y') LEFT OUTER JOIN M_Product_Category pc ON (p.M_Product_Category_ID=pc.M_Product_Category_ID) LEFT OUTER JOIN C_BPartner bp ON (ppo.C_BPartner_ID=bp.C_BPartner_ID) LEFT OUTER JOIN C_UOM u ON (p.C_UOM_ID=u.C_UOM_ID) WHERE p.IsActive='Y' AND p.IsSummary='N' AND pr.M_PriceList_Version_ID=? AND p.AD_Client_ID IN(0,11) AND p.AD_Org_ID IN(0,11,12,50000,50002,50001,50004,50006,50005,50007) AND (p.M_Product_ID IS NULL OR p.M_Product_ID NOT IN ( SELECT Record_ID FROM AD_Private_Access WHERE AD_Table_ID = 208 AND AD_User_ID <> 101 AND IsActive = 'Y' )) AND (pa.M_AttributeSet_ID IS NULL OR pa.M_AttributeSet_ID NOT IN ( SELECT Record_ID FROM AD_Private_Access WHERE AD_Table_ID = 560 AND AD_User_ID <> 101 AND IsActive = 'Y' )) AND (pc.M_Product_Category_ID IS NULL OR pc.M_Product_Category_ID NOT IN ( SELECT Record_ID FROM AD_Private_Access WHERE AD_Table_ID = 209 AND AD_User_ID <> 101 AND IsActive = 'Y' )) AND (bp.C_BPartner_ID IS NULL OR bp.C_BPartner_ID NOT IN ( SELECT Record_ID FROM AD_Private_Access WHERE AD_Table_ID = 291 AND AD_User_ID <> 101 AND IsActive = 'Y' )) AND (u.C_UOM_ID IS NULL OR u.C_UOM_ID NOT IN ( SELECT Record_ID FROM AD_Private_Access WHERE AD_Table_ID = 146 AND AD_User_ID <> 101 AND IsActive = 'Y' )) ORDER BY pc.Name, Value, QtyAvailable DESC, Margin DESC [47]
java.sql.SQLException: ORA-29540: class org/compiere/sqlj/CARSDEV does not exist
; State=99999; ErrorCode=29540
	at oracle.jdbc.driver.T4CTTIoer.processError(T4CTTIoer.java:447)
	at oracle.jdbc.driver.T4CTTIoer.processError(T4CTTIoer.java:396)
	at oracle.jdbc.driver.T4C8Oall.processError(T4C8Oall.java:951)
	at oracle.jdbc.driver.T4CTTIfun.receive(T4CTTIfun.java:513)
	at oracle.jdbc.driver.T4CTTIfun.doRPC(T4CTTIfun.java:227)
	at oracle.jdbc.driver.T4C8Oall.doOALL(T4C8Oall.java:531)
	at oracle.jdbc.driver.T4CPreparedStatement.doOall8(T4CPreparedStatement.java:208)
	at oracle.jdbc.driver.T4CPreparedStatement.executeForDescribe(T4CPreparedStatement.java:886)
	at oracle.jdbc.driver.OracleStatement.executeMaybeDescribe(OracleStatement.java:1175)
	at oracle.jdbc.driver.OracleStatement.doExecuteWithTimeout(OracleStatement.java:1296)
	at oracle.jdbc.driver.OraclePreparedStatement.executeInternal(OraclePreparedStatement.java:3613)
	at oracle.jdbc.driver.OraclePreparedStatement.executeQuery(OraclePreparedStatement.java:3657)
	at oracle.jdbc.driver.OraclePreparedStatementWrapper.executeQuery(OraclePreparedStatementWrapper.java:1495)
	at com.mchange.v2.c3p0.impl.NewProxyPreparedStatement.executeQuery(NewProxyPreparedStatement.java:76)
	at sun.reflect.GeneratedMethodAccessor40.invoke(Unknown Source)
	at sun.reflect.DelegatingMethodAccessorImpl.invoke(Unknown Source)
	at java.lang.reflect.Method.invoke(Unknown Source)
	at org.compiere.db.StatementProxy.invoke(StatementProxy.java:100)
	at com.sun.proxy.$Proxy3.executeQuery(Unknown Source)
	at org.adempiere.webui.panel.InfoPanel.readLine(InfoPanel.java:945)
	at org.adempiere.webui.panel.InfoPanel.executeQuery(InfoPanel.java:789)

===========> InfoProductPanel.readLine: SELECT p.M_Product_ID, p.Discontinued, pc.Name, p.Value, p.Name, p.UPC, p.SKU, u.name, bomPriceList(p.M_Product_ID, pr.M_PriceList_Version_ID) AS PriceList, bomPriceStd(p.M_Product_ID, pr.M_PriceList_Version_ID) AS PriceStd, bomPriceLimit(p.M_Product_ID, pr.M_PriceList_Version_ID) AS PriceLimit, bomPriceStd(p.M_Product_ID, pr.M_PriceList_Version_ID)-bomPriceLimit(p.M_Product_ID, pr.M_PriceList_Version_ID) AS Margin, p.isStocked, case when p.IsBOM='N' and (p.ProductType!='I' OR p.IsStocked='N') then to_number(get_Sysconfig('QTY_TO_SHOW_FOR_SERVICES', '99999', p.ad_client_id, 0), '99999999999') else bomQtyAvailable(p.M_Product_ID,?,0) end AS QtyAvailable, case when p.IsBOM='N' and (p.ProductType!='I' OR p.IsStocked='N') then to_number(get_Sysconfig('QTY_TO_SHOW_FOR_SERVICES', '99999', p.ad_client_id, 0), '99999999999') else bomQtyOnHand(p.M_Product_ID,?,0) end AS QtyOnHand, bomQtyReserved(p.M_Product_ID,?,0) AS QtyReserved, bomQtyOrdered(p.M_Product_ID,?,0) AS QtyOrdered, (SELECT SUM(c.TargetQty) FROM M_InOutLineConfirm c INNER JOIN M_InOutLine il ON (c.M_InOutLine_ID=il.M_InOutLine_ID) INNER JOIN M_InOut i ON (il.M_InOut_ID=i.M_InOut_ID) WHERE c.Processed='N' AND i.M_Warehouse_ID=? AND il.M_Product_ID=p.M_Product_ID) AS QtyUnconfirmed, (SELECT SUM(c.TargetQty) FROM M_MovementLineConfirm c INNER JOIN M_MovementLine ml ON (c.M_MovementLine_ID=ml.M_MovementLine_ID) INNER JOIN M_Locator l ON (ml.M_LocatorTo_ID=l.M_Locator_ID) WHERE c.Processed='N' AND l.M_Warehouse_ID=? AND ml.M_Product_ID=p.M_Product_ID) AS QtyUnconfirmedMove, bp.Name, pa.IsInstanceAttribute FROM M_Product p LEFT OUTER JOIN (SELECT mpp.M_Product_ID, mpp.M_PriceList_Version_id, mpp.IsActive, mpp.PriceList, mpp.PriceStd, mpp.PriceLimit FROM M_ProductPrice mpp, M_PriceList_Version mplv  WHERE mplv.M_PriceList_Version_ID = mpp.M_PriceList_Version_ID AND mplv.IsActive = 'Y') pr ON (p.M_Product_ID=pr.M_Product_ID AND pr.IsActive='Y') LEFT OUTER JOIN M_AttributeSet pa ON (p.M_AttributeSet_ID=pa.M_AttributeSet_ID) LEFT OUTER JOIN M_Product_PO ppo ON (p.M_Product_ID=ppo.M_Product_ID and ppo.IsCurrentVendor='Y' and ppo.IsActive='Y') LEFT OUTER JOIN M_Product_Category pc ON (p.M_Product_Category_ID=pc.M_Product_Category_ID) LEFT OUTER JOIN C_BPartner bp ON (ppo.C_BPartner_ID=bp.C_BPartner_ID) LEFT OUTER JOIN C_UOM u ON (p.C_UOM_ID=u.C_UOM_ID) WHERE p.IsActive='Y' AND p.IsSummary='N' AND pr.M_PriceList_Version_ID=? AND p.AD_Client_ID IN(0,11) AND p.AD_Org_ID IN(0,11,12,50000,50002,50001,50004,50006,50005,50007) AND (p.M_Product_ID IS NULL OR p.M_Product_ID NOT IN ( SELECT Record_ID FROM AD_Private_Access WHERE AD_Table_ID = 208 AND AD_User_ID <> 101 AND IsActive = 'Y' )) AND (pa.M_AttributeSet_ID IS NULL OR pa.M_AttributeSet_ID NOT IN ( SELECT Record_ID FROM AD_Private_Access WHERE AD_Table_ID = 560 AND AD_User_ID <> 101 AND IsActive = 'Y' )) AND (pc.M_Product_Category_ID IS NULL OR pc.M_Product_Category_ID NOT IN ( SELECT Record_ID FROM AD_Private_Access WHERE AD_Table_ID = 209 AND AD_User_ID <> 101 AND IsActive = 'Y' )) AND (bp.C_BPartner_ID IS NULL OR bp.C_BPartner_ID NOT IN ( SELECT Record_ID FROM AD_Private_Access WHERE AD_Table_ID = 291 AND AD_User_ID <> 101 AND IsActive = 'Y' )) AND (u.C_UOM_ID IS NULL OR u.C_UOM_ID NOT IN ( SELECT Record_ID FROM AD_Private_Access WHERE AD_Table_ID = 146 AND AD_User_ID <> 101 AND IsActive = 'Y' )) ORDER BY pc.Name, Value, QtyAvailable DESC, Margin DESC [47]
java.sql.SQLException: ORA-29540: class org/compiere/sqlj/CARSDEV does not exist
; State=99999; ErrorCode=29540
	at oracle.jdbc.driver.T4CTTIoer.processError(T4CTTIoer.java:447)
	at oracle.jdbc.driver.T4CTTIoer.processError(T4CTTIoer.java:396)
	at oracle.jdbc.driver.T4C8Oall.processError(T4C8Oall.java:951)
	at oracle.jdbc.driver.T4CTTIfun.receive(T4CTTIfun.java:513)
	at oracle.jdbc.driver.T4CTTIfun.doRPC(T4CTTIfun.java:227)
	at oracle.jdbc.driver.T4C8Oall.doOALL(T4C8Oall.java:531)
	at oracle.jdbc.driver.T4CPreparedStatement.doOall8(T4CPreparedStatement.java:208)
	at oracle.jdbc.driver.T4CPreparedStatement.executeForDescribe(T4CPreparedStatement.java:886)
	at oracle.jdbc.driver.OracleStatement.executeMaybeDescribe(OracleStatement.java:1175)
	at oracle.jdbc.driver.OracleStatement.doExecuteWithTimeout(OracleStatement.java:1296)
	at oracle.jdbc.driver.OraclePreparedStatement.executeInternal(OraclePreparedStatement.java:3613)
	at oracle.jdbc.driver.OraclePreparedStatement.executeQuery(OraclePreparedStatement.java:3657)
	at oracle.jdbc.driver.OraclePreparedStatementWrapper.executeQuery(OraclePreparedStatementWrapper.java:1495)
	at com.mchange.v2.c3p0.impl.NewProxyPreparedStatement.executeQuery(NewProxyPreparedStatement.java:76)
	at sun.reflect.GeneratedMethodAccessor40.invoke(Unknown Source)
	at sun.reflect.DelegatingMethodAccessorImpl.invoke(Unknown Source)
	at java.lang.reflect.Method.invoke(Unknown Source)
	at org.compiere.db.StatementProxy.invoke(StatementProxy.java:100)
	at com.sun.proxy.$Proxy3.executeQuery(Unknown Source)
	at org.adempiere.webui.panel.InfoPanel.readLine(InfoPanel.java:945)
	at org.adempiere.webui.panel.InfoPanel.executeQuery(InfoPanel.java:789)

===========> InfoProductPanel.readLine: SELECT p.M_Product_ID, p.Discontinued, pc.Name, p.Value, p.Name, p.UPC, p.SKU, u.name, bomPriceList(p.M_Product_ID, pr.M_PriceList_Version_ID) AS PriceList, bomPriceStd(p.M_Product_ID, pr.M_PriceList_Version_ID) AS PriceStd, bomPriceLimit(p.M_Product_ID, pr.M_PriceList_Version_ID) AS PriceLimit, bomPriceStd(p.M_Product_ID, pr.M_PriceList_Version_ID)-bomPriceLimit(p.M_Product_ID, pr.M_PriceList_Version_ID) AS Margin, p.isStocked, case when p.IsBOM='N' and (p.ProductType!='I' OR p.IsStocked='N') then to_number(get_Sysconfig('QTY_TO_SHOW_FOR_SERVICES', '99999', p.ad_client_id, 0), '99999999999') else bomQtyAvailable(p.M_Product_ID,?,0) end AS QtyAvailable, case when p.IsBOM='N' and (p.ProductType!='I' OR p.IsStocked='N') then to_number(get_Sysconfig('QTY_TO_SHOW_FOR_SERVICES', '99999', p.ad_client_id, 0), '99999999999') else bomQtyOnHand(p.M_Product_ID,?,0) end AS QtyOnHand, bomQtyReserved(p.M_Product_ID,?,0) AS QtyReserved, bomQtyOrdered(p.M_Product_ID,?,0) AS QtyOrdered, (SELECT SUM(c.TargetQty) FROM M_InOutLineConfirm c INNER JOIN M_InOutLine il ON (c.M_InOutLine_ID=il.M_InOutLine_ID) INNER JOIN M_InOut i ON (il.M_InOut_ID=i.M_InOut_ID) WHERE c.Processed='N' AND i.M_Warehouse_ID=? AND il.M_Product_ID=p.M_Product_ID) AS QtyUnconfirmed, (SELECT SUM(c.TargetQty) FROM M_MovementLineConfirm c INNER JOIN M_MovementLine ml ON (c.M_MovementLine_ID=ml.M_MovementLine_ID) INNER JOIN M_Locator l ON (ml.M_LocatorTo_ID=l.M_Locator_ID) WHERE c.Processed='N' AND l.M_Warehouse_ID=? AND ml.M_Product_ID=p.M_Product_ID) AS QtyUnconfirmedMove, bp.Name, pa.IsInstanceAttribute FROM M_Product p LEFT OUTER JOIN (SELECT mpp.M_Product_ID, mpp.M_PriceList_Version_id, mpp.IsActive, mpp.PriceList, mpp.PriceStd, mpp.PriceLimit FROM M_ProductPrice mpp, M_PriceList_Version mplv  WHERE mplv.M_PriceList_Version_ID = mpp.M_PriceList_Version_ID AND mplv.IsActive = 'Y') pr ON (p.M_Product_ID=pr.M_Product_ID AND pr.IsActive='Y') LEFT OUTER JOIN M_AttributeSet pa ON (p.M_AttributeSet_ID=pa.M_AttributeSet_ID) LEFT OUTER JOIN M_Product_PO ppo ON (p.M_Product_ID=ppo.M_Product_ID and ppo.IsCurrentVendor='Y' and ppo.IsActive='Y') LEFT OUTER JOIN M_Product_Category pc ON (p.M_Product_Category_ID=pc.M_Product_Category_ID) LEFT OUTER JOIN C_BPartner bp ON (ppo.C_BPartner_ID=bp.C_BPartner_ID) LEFT OUTER JOIN C_UOM u ON (p.C_UOM_ID=u.C_UOM_ID) WHERE p.IsActive='Y' AND p.IsSummary='N' AND pr.M_PriceList_Version_ID=? AND p.AD_Client_ID IN(0,11) AND p.AD_Org_ID IN(0,11,12,50000,50002,50001,50004,50006,50005,50007) AND (p.M_Product_ID IS NULL OR p.M_Product_ID NOT IN ( SELECT Record_ID FROM AD_Private_Access WHERE AD_Table_ID = 208 AND AD_User_ID <> 101 AND IsActive = 'Y' )) AND (pa.M_AttributeSet_ID IS NULL OR pa.M_AttributeSet_ID NOT IN ( SELECT Record_ID FROM AD_Private_Access WHERE AD_Table_ID = 560 AND AD_User_ID <> 101 AND IsActive = 'Y' )) AND (pc.M_Product_Category_ID IS NULL OR pc.M_Product_Category_ID NOT IN ( SELECT Record_ID FROM AD_Private_Access WHERE AD_Table_ID = 209 AND AD_User_ID <> 101 AND IsActive = 'Y' )) AND (bp.C_BPartner_ID IS NULL OR bp.C_BPartner_ID NOT IN ( SELECT Record_ID FROM AD_Private_Access WHERE AD_Table_ID = 291 AND AD_User_ID <> 101 AND IsActive = 'Y' )) AND (u.C_UOM_ID IS NULL OR u.C_UOM_ID NOT IN ( SELECT Record_ID FROM AD_Private_Access WHERE AD_Table_ID = 146 AND AD_User_ID <> 101 AND IsActive = 'Y' )) ORDER BY pc.Name, Value, QtyAvailable DESC, Margin DESC [77]
java.sql.SQLException: ORA-29540: class org/compiere/sqlj/CARSDEV does not exist
; State=99999; ErrorCode=29540
	at oracle.jdbc.driver.T4CTTIoer.processError(T4CTTIoer.java:447)
	at oracle.jdbc.driver.T4CTTIoer.processError(T4CTTIoer.java:396)
	at oracle.jdbc.driver.T4C8Oall.processError(T4C8Oall.java:951)
	at oracle.jdbc.driver.T4CTTIfun.receive(T4CTTIfun.java:513)
	at oracle.jdbc.driver.T4CTTIfun.doRPC(T4CTTIfun.java:227)
	at oracle.jdbc.driver.T4C8Oall.doOALL(T4C8Oall.java:531)
	at oracle.jdbc.driver.T4CPreparedStatement.doOall8(T4CPreparedStatement.java:208)
	at oracle.jdbc.driver.T4CPreparedStatement.executeForDescribe(T4CPreparedStatement.java:886)
	at oracle.jdbc.driver.OracleStatement.executeMaybeDescribe(OracleStatement.java:1175)
	at oracle.jdbc.driver.OracleStatement.doExecuteWithTimeout(OracleStatement.java:1296)
	at oracle.jdbc.driver.OraclePreparedStatement.executeInternal(OraclePreparedStatement.java:3613)
	at oracle.jdbc.driver.OraclePreparedStatement.executeQuery(OraclePreparedStatement.java:3657)
	at oracle.jdbc.driver.OraclePreparedStatementWrapper.executeQuery(OraclePreparedStatementWrapper.java:1495)
	at com.mchange.v2.c3p0.impl.NewProxyPreparedStatement.executeQuery(NewProxyPreparedStatement.java:76)
	at sun.reflect.GeneratedMethodAccessor40.invoke(Unknown Source)
	at sun.reflect.DelegatingMethodAccessorImpl.invoke(Unknown Source)
	at java.lang.reflect.Method.invoke(Unknown Source)
	at org.compiere.db.StatementProxy.invoke(StatementProxy.java:100)
	at com.sun.proxy.$Proxy3.executeQuery(Unknown Source)
	at org.adempiere.webui.panel.InfoPanel.readLine(InfoPanel.java:945)
	at org.adempiere.webui.panel.InfoPanel.executeQuery(InfoPanel.java:789)

===========> InfoPaymentPanel.readLine: SELECT p.C_Payment_ID, (SELECT b.Name || ' ' || ba.AccountNo FROM C_Bank b, C_BankAccount ba WHERE b.C_Bank_ID=ba.C_Bank_ID AND ba.C_BankAccount_ID=p.C_BankAccount_ID), (SELECT Name FROM C_BPartner bp WHERE bp.C_BPartner_ID=p.C_BPartner_ID), p.DateTrx, p.DocumentNo, p.IsReceipt, (SELECT ISO_Code FROM C_Currency c WHERE c.C_Currency_ID=p.C_Currency_ID), p.PayAmt, currencyBase(p.PayAmt,p.C_Currency_ID,p.DateTrx, p.AD_Client_ID,p.AD_Org_ID), p.DiscountAmt, p.WriteOffAmt, p.IsAllocated, docstatus FROM  C_Payment_v p WHERE p.IsActive='Y' AND p.AD_Client_ID IN(0,11) AND p.AD_Org_ID IN(0,11,12,50000,50002,50001,50004,50006,50005,50007) ORDER BY 2,3,4 [77]
java.sql.SQLException: ORA-29516: Aurora assertion failure: Assertion failure at eox.c:359
Uncaught exception System error:   java/lang/UnsupportedClassVersionError
; State=99999; ErrorCode=29516
	at oracle.jdbc.driver.T4CTTIoer.processError(T4CTTIoer.java:447)
	at oracle.jdbc.driver.T4CTTIoer.processError(T4CTTIoer.java:396)
	at oracle.jdbc.driver.T4C8Oall.processError(T4C8Oall.java:951)
	at oracle.jdbc.driver.T4CTTIfun.receive(T4CTTIfun.java:513)
	at oracle.jdbc.driver.T4CTTIfun.doRPC(T4CTTIfun.java:227)
	at oracle.jdbc.driver.T4C8Oall.doOALL(T4C8Oall.java:531)
	at oracle.jdbc.driver.T4CPreparedStatement.doOall8(T4CPreparedStatement.java:208)
	at oracle.jdbc.driver.T4CPreparedStatement.executeForDescribe(T4CPreparedStatement.java:886)
	at oracle.jdbc.driver.OracleStatement.executeMaybeDescribe(OracleStatement.java:1175)
	at oracle.jdbc.driver.OracleStatement.doExecuteWithTimeout(OracleStatement.java:1296)
	at oracle.jdbc.driver.OraclePreparedStatement.executeInternal(OraclePreparedStatement.java:3613)
	at oracle.jdbc.driver.OraclePreparedStatement.executeQuery(OraclePreparedStatement.java:3657)
	at oracle.jdbc.driver.OraclePreparedStatementWrapper.executeQuery(OraclePreparedStatementWrapper.java:1495)
	at com.mchange.v2.c3p0.impl.NewProxyPreparedStatement.executeQuery(NewProxyPreparedStatement.java:76)
	at sun.reflect.GeneratedMethodAccessor40.invoke(Unknown Source)
	at sun.reflect.DelegatingMethodAccessorImpl.invoke(Unknown Source)
	at java.lang.reflect.Method.invoke(Unknown Source)
	at org.compiere.db.StatementProxy.invoke(StatementProxy.java:100)
	at com.sun.proxy.$Proxy3.executeQuery(Unknown Source)
	at org.adempiere.webui.panel.InfoPanel.readLine(InfoPanel.java:945)
	at org.adempiere.webui.panel.InfoPanel.executeQuery(InfoPanel.java:789)

-----------> MIssue.set_Value: SourceClassName - Value too long - truncated to length=60 [77]
===========> DB.executeUpdate: INSERT INTO AD_Tree_Favorite (AD_Client_ID,AD_Org_ID,AD_Role_ID,AD_Tree_Favorite_ID,Created,CreatedBy,IsActive,Updated,UpdatedBy) VALUES (0,0,0,1000052,TO_DATE('2018-05-28 11:24:35','YYYY-MM-DD HH24:MI:SS'),0,'Y',TO_DATE('2018-05-28 11:24:35','YYYY-MM-DD HH24:MI:SS'),0) [POSave_8709b1dc-f601-4f7c-9f2c-8497626970b7] [77]
java.sql.SQLIntegrityConstraintViolationException: ORA-01400: cannot insert NULL into ("CARSDEV"."AD_TREE_FAVORITE"."AD_USER_ID")
; State=23000; ErrorCode=1400
	at oracle.jdbc.driver.T4CTTIoer.processError(T4CTTIoer.java:447)
	at oracle.jdbc.driver.T4CTTIoer.processError(T4CTTIoer.java:396)
	at oracle.jdbc.driver.T4C8Oall.processError(T4C8Oall.java:951)
	at oracle.jdbc.driver.T4CTTIfun.receive(T4CTTIfun.java:513)
	at oracle.jdbc.driver.T4CTTIfun.doRPC(T4CTTIfun.java:227)
	at oracle.jdbc.driver.T4C8Oall.doOALL(T4C8Oall.java:531)
	at oracle.jdbc.driver.T4CPreparedStatement.doOall8(T4CPreparedStatement.java:208)
	at oracle.jdbc.driver.T4CPreparedStatement.executeForRows(T4CPreparedStatement.java:1046)
	at oracle.jdbc.driver.OracleStatement.doExecuteWithTimeout(OracleStatement.java:1336)
	at oracle.jdbc.driver.OracleStatement.doScrollExecuteCommon(OracleStatement.java:4709)
	at oracle.jdbc.driver.OraclePreparedStatement.doScrollPstmtExecuteUpdate(OraclePreparedStatement.java:10613)
	at oracle.jdbc.driver.OraclePreparedStatement.executeInternal(OraclePreparedStatement.java:3611)
	at oracle.jdbc.driver.OraclePreparedStatement.executeUpdate(OraclePreparedStatement.java:3694)
	at oracle.jdbc.driver.OraclePreparedStatementWrapper.executeUpdate(OraclePreparedStatementWrapper.java:1354)
	at com.mchange.v2.c3p0.impl.NewProxyPreparedStatement.executeUpdate(NewProxyPreparedStatement.java:105)
	at sun.reflect.NativeMethodAccessorImpl.invoke0(Native Method)
	at sun.reflect.NativeMethodAccessorImpl.invoke(Unknown Source)
	at sun.reflect.DelegatingMethodAccessorImpl.invoke(Unknown Source)
	at java.lang.reflect.Method.invoke(Unknown Source)
	at org.compiere.db.StatementProxy.invoke(StatementProxy.java:100)
	at com.sun.proxy.$Proxy3.executeUpdate(Unknown Source)
	at org.compiere.util.DB.executeUpdate(DB.java:1046)
	at org.compiere.util.DB.executeUpdate(DB.java:908)
	at org.compiere.util.DB.executeUpdate(DB.java:895)
	at org.compiere.model.PO.saveNew(PO.java:2865)
	at org.compiere.model.PO.save(PO.java:2195)

===========> DB.saveError: DBExecuteError - ORA-01400: cannot insert NULL into ("CARSDEV"."AD_TREE_FAVORITE"."AD_USER_ID")
 [77]
-----------> MTreeFavorite.saveNew: [POSave_8709b1dc-f601-4f7c-9f2c-8497626970b7]Not inserted - AD_Tree_Favorite [77]
-----------> DefaultDesktop.createHomeTab: Failed to create components. zul=/zul/userfavorites.zul [77]
org.adempiere.exceptions.AdempiereException: Could not create Tree.
	at org.adempiere.webui.dashboard.DPUserFavorites.createFavouritesPanel(DPUserFavorites.java:119)
	at org.adempiere.webui.dashboard.DPUserFavorites.<init>(DPUserFavorites.java:63)
	at sun.reflect.NativeConstructorAccessorImpl.newInstance0(Native Method)
	at sun.reflect.NativeConstructorAccessorImpl.newInstance(Unknown Source)
	at sun.reflect.DelegatingConstructorAccessorImpl.newInstance(Unknown Source)
	at java.lang.reflect.Constructor.newInstance(Unknown Source)
	at java.lang.Class.newInstance(Unknown Source)
	at org.zkoss.zk.ui.metainfo.impl.ComponentDefinitionImpl.newInstance(ComponentDefinitionImpl.java:308)
	at org.zkoss.zk.ui.metainfo.impl.ComponentDefinitionImpl.newInstance(ComponentDefinitionImpl.java:296)
	at org.zkoss.zk.ui.metainfo.ComponentInfo.newInstance(ComponentInfo.java:664)
	at org.zkoss.zk.ui.impl.AbstractUiFactory.newComponent(AbstractUiFactory.java:90)
	at org.zkoss.zk.ui.impl.UiEngineImpl.execCreateChild0(UiEngineImpl.java:616)
	at org.zkoss.zk.ui.impl.UiEngineImpl.execCreateChild(UiEngineImpl.java:587)
	at org.zkoss.zk.ui.impl.UiEngineImpl.execCreate0(UiEngineImpl.java:531)
	at org.zkoss.zk.ui.impl.UiEngineImpl.execCreate(UiEngineImpl.java:498)
	at org.zkoss.zk.ui.impl.UiEngineImpl.createComponents(UiEngineImpl.java:819)
	at org.zkoss.zk.ui.impl.AbstractExecution.createComponents(AbstractExecution.java:189)
	at org.zkoss.zk.ui.Executions.createComponents(Executions.java:177)
	at org.adempiere.webui.desktop.DefaultDesktop.createHomeTab(DefaultDesktop.java:380)
	at org.adempiere.webui.desktop.DefaultDesktop.doCreatePart(DefaultDesktop.java:162)
	at org.adempiere.webui.part.AbstractUIPart.createPart(AbstractUIPart.java:41)

-----------> MRecentItem.addMenuOption: AD_User_ID is mandatory. [77]
