*** 2018-06-12 15:33:57.319 Adempiere Log (CLogFile) ***
15:33:57.319 Adempiere.startup: ADempiere(r) Release 3.9.0_2017-08-01 -Smart Suite ERP,CRM and SCM- (c) 1999-2017 ADempiere(r); Implementation: ADempiere - Supported by ADempiere community [13]
15:33:57.319 Ini.loadProperties: D:\Ayaz\Ayaz_NBP_PC_Backup\AdempiereTemplate39\Adempiere.properties #37 [13]
-----------> WebappClassLoaderBase.clearReferencesThreads: The web application [webui] appears to have started a thread named [Thread-3] but has failed to stop it. This is very likely to create a memory leak. Stack trace of thread:
 java.lang.Thread.sleep(Native Method)
 org.zkoss.io.FileWatchdog.run(FileWatchdog.java:128) [48]
-----------> WebappClassLoaderBase.clearReferencesThreads: The web application [webui] appears to have started a thread named [Timer-0] but has failed to stop it. This is very likely to create a memory leak. Stack trace of thread:
 java.lang.Object.wait(Native Method)
 java.util.TimerThread.mainLoop(Unknown Source)
 java.util.TimerThread.run(Unknown Source) [48]
-----------> WebappClassLoaderBase.clearReferencesThreads: The web application [webui] appears to have started a thread named [com.mchange.v2.async.ThreadPoolAsynchronousRunner$PoolThread-#0] but has failed to stop it. This is very likely to create a memory leak. Stack trace of thread:
 java.lang.Object.wait(Native Method)
 com.mchange.v2.async.ThreadPoolAsynchronousRunner$PoolThread.run(ThreadPoolAsynchronousRunner.java:534) [48]
-----------> WebappClassLoaderBase.clearReferencesThreads: The web application [webui] appears to have started a thread named [com.mchange.v2.async.ThreadPoolAsynchronousRunner$PoolThread-#1] but has failed to stop it. This is very likely to create a memory leak. Stack trace of thread:
 java.lang.Object.wait(Native Method)
 com.mchange.v2.async.ThreadPoolAsynchronousRunner$PoolThread.run(ThreadPoolAsynchronousRunner.java:534) [48]
-----------> WebappClassLoaderBase.clearReferencesThreads: The web application [webui] appears to have started a thread named [com.mchange.v2.async.ThreadPoolAsynchronousRunner$PoolThread-#2] but has failed to stop it. This is very likely to create a memory leak. Stack trace of thread:
 java.lang.Object.wait(Native Method)
 com.mchange.v2.async.ThreadPoolAsynchronousRunner$PoolThread.run(ThreadPoolAsynchronousRunner.java:534) [48]

*** 2018-06-12 16:07:25.078 Adempiere Log (CLogFile) ***
