*** 2018-12-10 11:37:24.624 Adempiere Log (CLogFile) ***
11:37:24.624 Adempiere.startup: ADempiere(r) Release 3.9.0_2017-08-01 -Smart Suite ERP,CRM and SCM- (c) 1999-2017 ADempiere(r); Implementation: ADempiere - Supported by ADempiere community [13]
11:37:24.645 Ini.loadProperties: D:\Ayaz\Ayaz_NBP_PC_Backup\AdempiereTemplate39\Adempiere.properties #37 [13]
-----------> MIssue.set_Value: SourceClassName - Value too long - truncated to length=60 [47]
===========> DB.executeUpdate: INSERT INTO AD_Tree_Favorite (AD_Client_ID,AD_Org_ID,AD_Role_ID,AD_Tree_Favorite_ID,Created,CreatedBy,IsActive,Updated,UpdatedBy) VALUES (0,0,0,1000181,TO_DATE('2018-12-10 11:42:17','YYYY-MM-DD HH24:MI:SS'),0,'Y',TO_DATE('2018-12-10 11:42:17','YYYY-MM-DD HH24:MI:SS'),0) [POSave_1add07d9-eabb-4bff-bb28-c53d2424ecb1] [47]
java.sql.SQLIntegrityConstraintViolationException: ORA-01400: cannot insert NULL into ("CARSDEV"."AD_TREE_FAVORITE"."AD_USER_ID")
; State=23000; ErrorCode=1400
	at oracle.jdbc.driver.T4CTTIoer.processError(T4CTTIoer.java:447)
	at oracle.jdbc.driver.T4CTTIoer.processError(T4CTTIoer.java:396)
	at oracle.jdbc.driver.T4C8Oall.processError(T4C8Oall.java:951)
	at oracle.jdbc.driver.T4CTTIfun.receive(T4CTTIfun.java:513)
	at oracle.jdbc.driver.T4CTTIfun.doRPC(T4CTTIfun.java:227)
	at oracle.jdbc.driver.T4C8Oall.doOALL(T4C8Oall.java:531)
	at oracle.jdbc.driver.T4CPreparedStatement.doOall8(T4CPreparedStatement.java:208)
	at oracle.jdbc.driver.T4CPreparedStatement.executeForRows(T4CPreparedStatement.java:1046)
	at oracle.jdbc.driver.OracleStatement.doExecuteWithTimeout(OracleStatement.java:1336)
	at oracle.jdbc.driver.OracleStatement.doScrollExecuteCommon(OracleStatement.java:4709)
	at oracle.jdbc.driver.OraclePreparedStatement.doScrollPstmtExecuteUpdate(OraclePreparedStatement.java:10613)
	at oracle.jdbc.driver.OraclePreparedStatement.executeInternal(OraclePreparedStatement.java:3611)
	at oracle.jdbc.driver.OraclePreparedStatement.executeUpdate(OraclePreparedStatement.java:3694)
	at oracle.jdbc.driver.OraclePreparedStatementWrapper.executeUpdate(OraclePreparedStatementWrapper.java:1354)
	at com.mchange.v2.c3p0.impl.NewProxyPreparedStatement.executeUpdate(NewProxyPreparedStatement.java:105)
	at sun.reflect.NativeMethodAccessorImpl.invoke0(Native Method)
	at sun.reflect.NativeMethodAccessorImpl.invoke(Unknown Source)
	at sun.reflect.DelegatingMethodAccessorImpl.invoke(Unknown Source)
	at java.lang.reflect.Method.invoke(Unknown Source)
	at org.compiere.db.StatementProxy.invoke(StatementProxy.java:100)
	at com.sun.proxy.$Proxy3.executeUpdate(Unknown Source)
	at org.compiere.util.DB.executeUpdate(DB.java:1046)
	at org.compiere.util.DB.executeUpdate(DB.java:908)
	at org.compiere.util.DB.executeUpdate(DB.java:895)
	at org.compiere.model.PO.saveNew(PO.java:2865)
	at org.compiere.model.PO.save(PO.java:2195)

===========> DB.saveError: DBExecuteError - ORA-01400: cannot insert NULL into ("CARSDEV"."AD_TREE_FAVORITE"."AD_USER_ID")
 [47]
-----------> MTreeFavorite.saveNew: [POSave_1add07d9-eabb-4bff-bb28-c53d2424ecb1]Not inserted - AD_Tree_Favorite [47]
-----------> DefaultDesktop.createHomeTab: Failed to create components. zul=/zul/userfavorites.zul [47]
org.adempiere.exceptions.AdempiereException: Could not create Tree.
	at org.adempiere.webui.dashboard.DPUserFavorites.createFavouritesPanel(DPUserFavorites.java:119)
	at org.adempiere.webui.dashboard.DPUserFavorites.<init>(DPUserFavorites.java:63)
	at sun.reflect.NativeConstructorAccessorImpl.newInstance0(Native Method)
	at sun.reflect.NativeConstructorAccessorImpl.newInstance(Unknown Source)
	at sun.reflect.DelegatingConstructorAccessorImpl.newInstance(Unknown Source)
	at java.lang.reflect.Constructor.newInstance(Unknown Source)
	at java.lang.Class.newInstance(Unknown Source)
	at org.zkoss.zk.ui.metainfo.impl.ComponentDefinitionImpl.newInstance(ComponentDefinitionImpl.java:308)
	at org.zkoss.zk.ui.metainfo.impl.ComponentDefinitionImpl.newInstance(ComponentDefinitionImpl.java:296)
	at org.zkoss.zk.ui.metainfo.ComponentInfo.newInstance(ComponentInfo.java:664)
	at org.zkoss.zk.ui.impl.AbstractUiFactory.newComponent(AbstractUiFactory.java:90)
	at org.zkoss.zk.ui.impl.UiEngineImpl.execCreateChild0(UiEngineImpl.java:616)
	at org.zkoss.zk.ui.impl.UiEngineImpl.execCreateChild(UiEngineImpl.java:587)
	at org.zkoss.zk.ui.impl.UiEngineImpl.execCreate0(UiEngineImpl.java:531)
	at org.zkoss.zk.ui.impl.UiEngineImpl.execCreate(UiEngineImpl.java:498)
	at org.zkoss.zk.ui.impl.UiEngineImpl.createComponents(UiEngineImpl.java:819)
	at org.zkoss.zk.ui.impl.AbstractExecution.createComponents(AbstractExecution.java:189)
	at org.zkoss.zk.ui.Executions.createComponents(Executions.java:177)
	at org.adempiere.webui.desktop.DefaultDesktop.createHomeTab(DefaultDesktop.java:380)
	at org.adempiere.webui.desktop.DefaultDesktop.doCreatePart(DefaultDesktop.java:162)
	at org.adempiere.webui.part.AbstractUIPart.createPart(AbstractUIPart.java:41)

-----------> Msg.getMsg: NOT found: InfoBranch [47]
-----------> MRecentItem.addMenuOption: AD_User_ID is mandatory. [47]
-----------> MRecentItem.addMenuOption: AD_User_ID is mandatory. [47]
-----------> MIssue.set_Value: SourceClassName - Value too long - truncated to length=60 [47]
===========> DB.executeUpdate: INSERT INTO AD_Tree_Favorite (AD_Client_ID,AD_Org_ID,AD_Role_ID,AD_Tree_Favorite_ID,Created,CreatedBy,IsActive,Updated,UpdatedBy) VALUES (0,0,0,1000182,TO_DATE('2018-12-10 13:39:47','YYYY-MM-DD HH24:MI:SS'),0,'Y',TO_DATE('2018-12-10 13:39:47','YYYY-MM-DD HH24:MI:SS'),0) [POSave_3a0a3398-6a0a-4731-a221-87bd5d33418d] [47]
java.sql.SQLIntegrityConstraintViolationException: ORA-01400: cannot insert NULL into ("CARSDEV"."AD_TREE_FAVORITE"."AD_USER_ID")
; State=23000; ErrorCode=1400
	at oracle.jdbc.driver.T4CTTIoer.processError(T4CTTIoer.java:447)
	at oracle.jdbc.driver.T4CTTIoer.processError(T4CTTIoer.java:396)
	at oracle.jdbc.driver.T4C8Oall.processError(T4C8Oall.java:951)
	at oracle.jdbc.driver.T4CTTIfun.receive(T4CTTIfun.java:513)
	at oracle.jdbc.driver.T4CTTIfun.doRPC(T4CTTIfun.java:227)
	at oracle.jdbc.driver.T4C8Oall.doOALL(T4C8Oall.java:531)
	at oracle.jdbc.driver.T4CPreparedStatement.doOall8(T4CPreparedStatement.java:208)
	at oracle.jdbc.driver.T4CPreparedStatement.executeForRows(T4CPreparedStatement.java:1046)
	at oracle.jdbc.driver.OracleStatement.doExecuteWithTimeout(OracleStatement.java:1336)
	at oracle.jdbc.driver.OracleStatement.doScrollExecuteCommon(OracleStatement.java:4709)
	at oracle.jdbc.driver.OraclePreparedStatement.doScrollPstmtExecuteUpdate(OraclePreparedStatement.java:10613)
	at oracle.jdbc.driver.OraclePreparedStatement.executeInternal(OraclePreparedStatement.java:3611)
	at oracle.jdbc.driver.OraclePreparedStatement.executeUpdate(OraclePreparedStatement.java:3694)
	at oracle.jdbc.driver.OraclePreparedStatementWrapper.executeUpdate(OraclePreparedStatementWrapper.java:1354)
	at com.mchange.v2.c3p0.impl.NewProxyPreparedStatement.executeUpdate(NewProxyPreparedStatement.java:105)
	at sun.reflect.NativeMethodAccessorImpl.invoke0(Native Method)
	at sun.reflect.NativeMethodAccessorImpl.invoke(Unknown Source)
	at sun.reflect.DelegatingMethodAccessorImpl.invoke(Unknown Source)
	at java.lang.reflect.Method.invoke(Unknown Source)
	at org.compiere.db.StatementProxy.invoke(StatementProxy.java:100)
	at com.sun.proxy.$Proxy3.executeUpdate(Unknown Source)
	at org.compiere.util.DB.executeUpdate(DB.java:1046)
	at org.compiere.util.DB.executeUpdate(DB.java:908)
	at org.compiere.util.DB.executeUpdate(DB.java:895)
	at org.compiere.model.PO.saveNew(PO.java:2865)
	at org.compiere.model.PO.save(PO.java:2195)

===========> DB.saveError: DBExecuteError - ORA-01400: cannot insert NULL into ("CARSDEV"."AD_TREE_FAVORITE"."AD_USER_ID")
 [47]
-----------> MTreeFavorite.saveNew: [POSave_3a0a3398-6a0a-4731-a221-87bd5d33418d]Not inserted - AD_Tree_Favorite [47]
-----------> DefaultDesktop.createHomeTab: Failed to create components. zul=/zul/userfavorites.zul [47]
org.adempiere.exceptions.AdempiereException: Could not create Tree.
	at org.adempiere.webui.dashboard.DPUserFavorites.createFavouritesPanel(DPUserFavorites.java:119)
	at org.adempiere.webui.dashboard.DPUserFavorites.<init>(DPUserFavorites.java:63)
	at sun.reflect.NativeConstructorAccessorImpl.newInstance0(Native Method)
	at sun.reflect.NativeConstructorAccessorImpl.newInstance(Unknown Source)
	at sun.reflect.DelegatingConstructorAccessorImpl.newInstance(Unknown Source)
	at java.lang.reflect.Constructor.newInstance(Unknown Source)
	at java.lang.Class.newInstance(Unknown Source)
	at org.zkoss.zk.ui.metainfo.impl.ComponentDefinitionImpl.newInstance(ComponentDefinitionImpl.java:308)
	at org.zkoss.zk.ui.metainfo.impl.ComponentDefinitionImpl.newInstance(ComponentDefinitionImpl.java:296)
	at org.zkoss.zk.ui.metainfo.ComponentInfo.newInstance(ComponentInfo.java:664)
	at org.zkoss.zk.ui.impl.AbstractUiFactory.newComponent(AbstractUiFactory.java:90)
	at org.zkoss.zk.ui.impl.UiEngineImpl.execCreateChild0(UiEngineImpl.java:616)
	at org.zkoss.zk.ui.impl.UiEngineImpl.execCreateChild(UiEngineImpl.java:587)
	at org.zkoss.zk.ui.impl.UiEngineImpl.execCreate0(UiEngineImpl.java:531)
	at org.zkoss.zk.ui.impl.UiEngineImpl.execCreate(UiEngineImpl.java:498)
	at org.zkoss.zk.ui.impl.UiEngineImpl.createComponents(UiEngineImpl.java:819)
	at org.zkoss.zk.ui.impl.AbstractExecution.createComponents(AbstractExecution.java:189)
	at org.zkoss.zk.ui.Executions.createComponents(Executions.java:177)
	at org.adempiere.webui.desktop.DefaultDesktop.createHomeTab(DefaultDesktop.java:380)
	at org.adempiere.webui.desktop.DefaultDesktop.doCreatePart(DefaultDesktop.java:162)
	at org.adempiere.webui.part.AbstractUIPart.createPart(AbstractUIPart.java:41)

-----------> Msg.getMsg: NOT found: InfoBranch [47]
-----------> MRecentItem.addMenuOption: AD_User_ID is mandatory. [68]
-----------> MRecentItem.addMenuOption: AD_User_ID is mandatory. [68]
-----------> MRecentItem.addMenuOption: AD_User_ID is mandatory. [47]
-----------> MRecentItem.addWindowChange: AD_User_ID is mandatory. [47]
-----------> MRecentItem.addWindowChange: AD_User_ID is mandatory. [47]
-----------> MRecentItem.addWindowChange: AD_User_ID is mandatory. [68]
-----------> MRecentItem.addWindowChange: AD_User_ID is mandatory. [47]
-----------> MRecentItem.addWindowChange: AD_User_ID is mandatory. [47]
-----------> MRecentItem.addWindowChange: AD_User_ID is mandatory. [68]
-----------> MRecentItem.addWindowChange: AD_User_ID is mandatory. [47]
-----------> GridTable.saveWarning: FillMandatory - Reference
 [68]
-----------> GridTable.saveWarning: FillMandatory - Reference
 [47]
===========> MColumn.saveError: FillMandatory - Length [68]
-----------> MColumn.save: beforeSave failed - MColumn[0-LOANENTITYTYPE] [68]
-----------> GridTable.saveWarning: FillMandatory - Length [68]
===========> MColumn.saveError: FillMandatory - Length [47]
-----------> MColumn.save: beforeSave failed - MColumn[0-LOANENTITYTYPE] [47]
-----------> GridTable.saveWarning: FillMandatory - Length [47]
===========> MColumn.saveError: FillMandatory - Length [68]
-----------> MColumn.save: beforeSave failed - MColumn[0-LOANENTITYTYPE] [68]
-----------> GridTable.saveWarning: FillMandatory - Length [68]
===========> MColumn.saveError: FillMandatory - Length [47]
-----------> MColumn.save: beforeSave failed - MColumn[0-LOANENTITYTYPE] [47]
-----------> GridTable.saveWarning: FillMandatory - Length [47]
===========> MColumn.saveError: FillMandatory - Length [68]
-----------> MColumn.save: beforeSave failed - MColumn[0-LOANENTITYTYPE] [68]
-----------> GridTable.saveWarning: FillMandatory - Length [68]
===========> MColumn.saveError: FillMandatory - Length [47]
-----------> MColumn.save: beforeSave failed - MColumn[0-LOANENTITYTYPE] [47]
-----------> GridTable.saveWarning: FillMandatory - Length [47]
===========> MColumn.saveError: FillMandatory - Length [47]
-----------> MColumn.save: beforeSave failed - MColumn[0-LOANENTITYTYPE] [47]
-----------> GridTable.saveWarning: FillMandatory - Length [47]
===========> MColumn.saveError: FillMandatory - Length [68]
-----------> MColumn.save: beforeSave failed - MColumn[0-LOANENTITYTYPE] [68]
-----------> GridTable.saveWarning: FillMandatory - Length [68]
===========> MColumn.saveError: FillMandatory - Length [68]
-----------> MColumn.save: beforeSave failed - MColumn[0-LOANENTITYTYPE] [68]
-----------> GridTable.saveWarning: FillMandatory - Length [68]
-----------> MRecentItem.addWindowChange: AD_User_ID is mandatory. [47]
-----------> MRecentItem.addWindowChange: AD_User_ID is mandatory. [68]
-----------> MRecentItem.addWindowChange: AD_User_ID is mandatory. [68]
-----------> MColumn.set_Value: Column not updateable - ColumnName - NewValue=LOS_LOANENTITYTYPE - OldValue=LOANENTITYTYPE [68]
-----------> MColumn.set_Value: Column not updateable - Name - NewValue=LOS_ LOANENTITYTYPE - OldValue=LOANENTITYTYPE [68]
-----------> MColumn.set_Value: Column not updateable - Description - NewValue=null - OldValue=null [68]
-----------> MColumn.set_Value: Column not updateable - Help - NewValue=null - OldValue=null [68]
-----------> MRecentItem.addWindowChange: AD_User_ID is mandatory. [68]
-----------> MRecentItem.addWindowChange: AD_User_ID is mandatory. [47]
-----------> MRecentItem.addWindowChange: AD_User_ID is mandatory. [47]
-----------> MColumn.set_Value: Column not updateable - ColumnName - NewValue=LOS_LOANENTITYTYPE - OldValue=LOANENTITYTYPE [68]
-----------> MColumn.set_Value: Column not updateable - Name - NewValue=LOS_LOANENTITYTYPE - OldValue=LOANENTITYTYPE [68]
-----------> MColumn.set_Value: Column not updateable - Description - NewValue=null - OldValue=null [68]
-----------> MColumn.set_Value: Column not updateable - Help - NewValue=null - OldValue=null [68]
-----------> MColumn.set_Value: Column not updateable - ColumnName - NewValue=LOS_LOANENTITYTYPE - OldValue=LOS_LOANENTITYTYPE [68]
-----------> MColumn.set_Value: Column not updateable - Name - NewValue=LOS_LOANENTITYTYPE - OldValue=LOS_ LOANENTITYTYPE [68]
-----------> MColumn.set_Value: Column not updateable - Description - NewValue=null - OldValue=null [68]
-----------> MColumn.set_Value: Column not updateable - Help - NewValue=null - OldValue=null [68]
-----------> MRecentItem.addWindowChange: AD_User_ID is mandatory. [68]
-----------> MRecentItem.addWindowChange: AD_User_ID is mandatory. [47]
-----------> MColumn.set_Value: Column not updateable - IsUpdateable - NewValue=false - OldValue=false [47]
-----------> MRecentItem.addWindowChange: AD_User_ID is mandatory. [47]
===========> ColumnSync.process: java.sql.SQLSyntaxErrorException: ORA-02260: table can have only one primary key
 [47]
java.sql.SQLSyntaxErrorException: ORA-02260: table can have only one primary key
; State=42000; ErrorCode=2260
	at oracle.jdbc.driver.T4CTTIoer.processError(T4CTTIoer.java:447)
	at oracle.jdbc.driver.T4CTTIoer.processError(T4CTTIoer.java:396)
	at oracle.jdbc.driver.T4C8Oall.processError(T4C8Oall.java:951)
	at oracle.jdbc.driver.T4CTTIfun.receive(T4CTTIfun.java:513)
	at oracle.jdbc.driver.T4CTTIfun.doRPC(T4CTTIfun.java:227)
	at oracle.jdbc.driver.T4C8Oall.doOALL(T4C8Oall.java:531)
	at oracle.jdbc.driver.T4CPreparedStatement.doOall8(T4CPreparedStatement.java:208)
	at oracle.jdbc.driver.T4CPreparedStatement.executeForRows(T4CPreparedStatement.java:1046)
	at oracle.jdbc.driver.OracleStatement.doExecuteWithTimeout(OracleStatement.java:1336)
	at oracle.jdbc.driver.OracleStatement.doScrollExecuteCommon(OracleStatement.java:4709)
	at oracle.jdbc.driver.OraclePreparedStatement.doScrollPstmtExecuteUpdate(OraclePreparedStatement.java:10613)
	at oracle.jdbc.driver.OraclePreparedStatement.executeInternal(OraclePreparedStatement.java:3611)
	at oracle.jdbc.driver.OraclePreparedStatement.executeUpdate(OraclePreparedStatement.java:3694)
	at oracle.jdbc.driver.OraclePreparedStatementWrapper.executeUpdate(OraclePreparedStatementWrapper.java:1354)
	at com.mchange.v2.c3p0.impl.NewProxyPreparedStatement.executeUpdate(NewProxyPreparedStatement.java:105)
	at sun.reflect.GeneratedMethodAccessor52.invoke(Unknown Source)
	at sun.reflect.DelegatingMethodAccessorImpl.invoke(Unknown Source)
	at java.lang.reflect.Method.invoke(Unknown Source)
	at org.compiere.db.StatementProxy.invoke(StatementProxy.java:100)
	at com.sun.proxy.$Proxy3.executeUpdate(Unknown Source)
	at org.compiere.util.DB.executeUpdateEx(DB.java:1120)
	at org.compiere.util.DB.executeUpdateEx(DB.java:1180)
	at org.compiere.util.DB.executeUpdateEx(DB.java:1171)
	at org.compiere.model.MColumn.syncDatabase(MColumn.java:783)
	at org.compiere.process.ColumnSync.doIt(ColumnSync.java:78)
	at org.compiere.process.SvrProcess.process(SvrProcess.java:171)
	at org.compiere.process.SvrProcess.startProcess(SvrProcess.java:124)

-----------> MRecentItem.addWindowChange: AD_User_ID is mandatory. [47]
-----------> MRecentItem.addWindowChange: AD_User_ID is mandatory. [47]
-----------> Msg.getMsg: NOT found: Table and Column  LOS_LOANENTITYTYPE  System (System Administrator) @ System.* [MyAppsServer{localhost-orcl-carsdev}] [68]
-----------> MRecentItem.addWindowChange: AD_User_ID is mandatory. [47]
-----------> MRecentItem.addWindowChange: AD_User_ID is mandatory. [68]
-----------> MRecentItem.addWindowChange: AD_User_ID is mandatory. [47]
-----------> MRecentItem.addWindowChange: AD_User_ID is mandatory. [213]
-----------> Msg.getMsg: NOT found: Table and Column  LOS Loan Entity Type ID  System (System Administrator) @ System.* [MyAppsServer{localhost-orcl-carsdev}] [47]
-----------> MRecentItem.addMenuOption: AD_User_ID is mandatory. [213]
-----------> MRecentItem.addMenuOption: AD_User_ID is mandatory. [213]
-----------> MRecentItem.addMenuOption: AD_User_ID is mandatory. [68]
-----------> GridField.getDefault: (SeqNo) - Default SQL variable parse failed: @SQL=SELECT NVL(MAX(SeqNo),0)+10 AS DefaultValue FROM AD_Field WHERE AD_Tab_ID=@AD_Tab_ID@ [213]
-----------> GridField.getDefault: (SeqNoGrid) - Default SQL variable parse failed: @SQL=SELECT NVL(MAX(SeqNo),0)+10 AS DefaultValue FROM AD_Field WHERE AD_Tab_ID=@AD_Tab_ID@ [213]
-----------> Msg.getMsg: NOT found: Window, Tab & Field  Lead  System (System Administrator) @ System.* [MyAppsServer{localhost-orcl-carsdev}] [213]
-----------> MRecentItem.addWindowChange: AD_User_ID is mandatory. [68]
-----------> MRecentItem.addWindowChange: AD_User_ID is mandatory. [68]
-----------> MRecentItem.addMenuOption: AD_User_ID is mandatory. [213]
-----------> MRecentItem.addMenuOption: AD_User_ID is mandatory. [213]
-----------> MRecentItem.addMenuOption: AD_User_ID is mandatory. [68]
