*** 2018-05-25 09:54:50.164 Adempiere Log (CLogFile) ***
09:54:50.164 Adempiere.startup: ADempiere(r) Release 3.9.0_2017-08-01 -Smart Suite ERP,CRM and SCM- (c) 1999-2017 ADempiere(r); Implementation: ADempiere - Supported by ADempiere community [13]
09:54:50.164 Ini.loadProperties: D:\Ayaz\Ayaz_NBP_PC_Backup\AdempiereTemplate39\Adempiere.properties #37 [13]
-----------> MIssue.set_Value: SourceClassName - Value too long - truncated to length=60 [47]
===========> DB.executeUpdate: INSERT INTO AD_Tree_Favorite (AD_Client_ID,AD_Org_ID,AD_Role_ID,AD_Tree_Favorite_ID,Created,CreatedBy,IsActive,Updated,UpdatedBy) VALUES (0,0,0,1000048,TO_DATE('2018-05-25 09:58:07','YYYY-MM-DD HH24:MI:SS'),0,'Y',TO_DATE('2018-05-25 09:58:07','YYYY-MM-DD HH24:MI:SS'),0) [POSave_e263c26a-e7be-4c0a-b894-a0d6309ce9a5] [47]
java.sql.SQLIntegrityConstraintViolationException: ORA-01400: cannot insert NULL into ("CARSDEV"."AD_TREE_FAVORITE"."AD_USER_ID")
; State=23000; ErrorCode=1400
	at oracle.jdbc.driver.T4CTTIoer.processError(T4CTTIoer.java:447)
	at oracle.jdbc.driver.T4CTTIoer.processError(T4CTTIoer.java:396)
	at oracle.jdbc.driver.T4C8Oall.processError(T4C8Oall.java:951)
	at oracle.jdbc.driver.T4CTTIfun.receive(T4CTTIfun.java:513)
	at oracle.jdbc.driver.T4CTTIfun.doRPC(T4CTTIfun.java:227)
	at oracle.jdbc.driver.T4C8Oall.doOALL(T4C8Oall.java:531)
	at oracle.jdbc.driver.T4CPreparedStatement.doOall8(T4CPreparedStatement.java:208)
	at oracle.jdbc.driver.T4CPreparedStatement.executeForRows(T4CPreparedStatement.java:1046)
	at oracle.jdbc.driver.OracleStatement.doExecuteWithTimeout(OracleStatement.java:1336)
	at oracle.jdbc.driver.OracleStatement.doScrollExecuteCommon(OracleStatement.java:4709)
	at oracle.jdbc.driver.OraclePreparedStatement.doScrollPstmtExecuteUpdate(OraclePreparedStatement.java:10613)
	at oracle.jdbc.driver.OraclePreparedStatement.executeInternal(OraclePreparedStatement.java:3611)
	at oracle.jdbc.driver.OraclePreparedStatement.executeUpdate(OraclePreparedStatement.java:3694)
	at oracle.jdbc.driver.OraclePreparedStatementWrapper.executeUpdate(OraclePreparedStatementWrapper.java:1354)
	at com.mchange.v2.c3p0.impl.NewProxyPreparedStatement.executeUpdate(NewProxyPreparedStatement.java:105)
	at sun.reflect.NativeMethodAccessorImpl.invoke0(Native Method)
	at sun.reflect.NativeMethodAccessorImpl.invoke(Unknown Source)
	at sun.reflect.DelegatingMethodAccessorImpl.invoke(Unknown Source)
	at java.lang.reflect.Method.invoke(Unknown Source)
	at org.compiere.db.StatementProxy.invoke(StatementProxy.java:100)
	at com.sun.proxy.$Proxy3.executeUpdate(Unknown Source)
	at org.compiere.util.DB.executeUpdate(DB.java:1046)
	at org.compiere.util.DB.executeUpdate(DB.java:908)
	at org.compiere.util.DB.executeUpdate(DB.java:895)
	at org.compiere.model.PO.saveNew(PO.java:2865)
	at org.compiere.model.PO.save(PO.java:2195)

===========> DB.saveError: DBExecuteError - ORA-01400: cannot insert NULL into ("CARSDEV"."AD_TREE_FAVORITE"."AD_USER_ID")
 [47]
-----------> MTreeFavorite.saveNew: [POSave_e263c26a-e7be-4c0a-b894-a0d6309ce9a5]Not inserted - AD_Tree_Favorite [47]
-----------> DefaultDesktop.createHomeTab: Failed to create components. zul=/zul/userfavorites.zul [47]
org.adempiere.exceptions.AdempiereException: Could not create Tree.
	at org.adempiere.webui.dashboard.DPUserFavorites.createFavouritesPanel(DPUserFavorites.java:119)
	at org.adempiere.webui.dashboard.DPUserFavorites.<init>(DPUserFavorites.java:63)
	at sun.reflect.NativeConstructorAccessorImpl.newInstance0(Native Method)
	at sun.reflect.NativeConstructorAccessorImpl.newInstance(Unknown Source)
	at sun.reflect.DelegatingConstructorAccessorImpl.newInstance(Unknown Source)
	at java.lang.reflect.Constructor.newInstance(Unknown Source)
	at java.lang.Class.newInstance(Unknown Source)
	at org.zkoss.zk.ui.metainfo.impl.ComponentDefinitionImpl.newInstance(ComponentDefinitionImpl.java:308)
	at org.zkoss.zk.ui.metainfo.impl.ComponentDefinitionImpl.newInstance(ComponentDefinitionImpl.java:296)
	at org.zkoss.zk.ui.metainfo.ComponentInfo.newInstance(ComponentInfo.java:664)
	at org.zkoss.zk.ui.impl.AbstractUiFactory.newComponent(AbstractUiFactory.java:90)
	at org.zkoss.zk.ui.impl.UiEngineImpl.execCreateChild0(UiEngineImpl.java:616)
	at org.zkoss.zk.ui.impl.UiEngineImpl.execCreateChild(UiEngineImpl.java:587)
	at org.zkoss.zk.ui.impl.UiEngineImpl.execCreate0(UiEngineImpl.java:531)
	at org.zkoss.zk.ui.impl.UiEngineImpl.execCreate(UiEngineImpl.java:498)
	at org.zkoss.zk.ui.impl.UiEngineImpl.createComponents(UiEngineImpl.java:819)
	at org.zkoss.zk.ui.impl.AbstractExecution.createComponents(AbstractExecution.java:189)
	at org.zkoss.zk.ui.Executions.createComponents(Executions.java:177)
	at org.adempiere.webui.desktop.DefaultDesktop.createHomeTab(DefaultDesktop.java:380)
	at org.adempiere.webui.desktop.DefaultDesktop.doCreatePart(DefaultDesktop.java:162)
	at org.adempiere.webui.part.AbstractUIPart.createPart(AbstractUIPart.java:41)

-----------> MRecentItem.addMenuOption: AD_User_ID is mandatory. [47]
===========> DB.executeUpdate: INSERT INTO AD_Window (AD_Client_ID,AD_Org_ID,AD_Window_ID,Created,CreatedBy,Description,EntityType,IsActive,IsBetaFunctionality,IsDefault,IsSOTrx,Name,Processing,Updated,UpdatedBy,WinHeight,WinWidth,WindowType) VALUES (0,0,1000050,TO_DATE('2018-05-25 10:00:08','YYYY-MM-DD HH24:MI:SS'),0,'Lead Window','eWizworx LOS','Y','N','N','Y','Lead','N',TO_DATE('2018-05-25 10:00:08','YYYY-MM-DD HH24:MI:SS'),0,0,0,'M') [POSave_43e9374a-09c7-4866-b3e1-32e9d0ec693e] [47]
java.sql.SQLIntegrityConstraintViolationException: ORA-00001: unique constraint (CARSDEV.AD_WINDOW_NAME) violated
; State=23000; ErrorCode=1
	at oracle.jdbc.driver.T4CTTIoer.processError(T4CTTIoer.java:447)
	at oracle.jdbc.driver.T4CTTIoer.processError(T4CTTIoer.java:396)
	at oracle.jdbc.driver.T4C8Oall.processError(T4C8Oall.java:951)
	at oracle.jdbc.driver.T4CTTIfun.receive(T4CTTIfun.java:513)
	at oracle.jdbc.driver.T4CTTIfun.doRPC(T4CTTIfun.java:227)
	at oracle.jdbc.driver.T4C8Oall.doOALL(T4C8Oall.java:531)
	at oracle.jdbc.driver.T4CPreparedStatement.doOall8(T4CPreparedStatement.java:208)
	at oracle.jdbc.driver.T4CPreparedStatement.executeForRows(T4CPreparedStatement.java:1046)
	at oracle.jdbc.driver.OracleStatement.doExecuteWithTimeout(OracleStatement.java:1336)
	at oracle.jdbc.driver.OracleStatement.doScrollExecuteCommon(OracleStatement.java:4709)
	at oracle.jdbc.driver.OraclePreparedStatement.doScrollPstmtExecuteUpdate(OraclePreparedStatement.java:10613)
	at oracle.jdbc.driver.OraclePreparedStatement.executeInternal(OraclePreparedStatement.java:3611)
	at oracle.jdbc.driver.OraclePreparedStatement.executeUpdate(OraclePreparedStatement.java:3694)
	at oracle.jdbc.driver.OraclePreparedStatementWrapper.executeUpdate(OraclePreparedStatementWrapper.java:1354)
	at com.mchange.v2.c3p0.impl.NewProxyPreparedStatement.executeUpdate(NewProxyPreparedStatement.java:105)
	at sun.reflect.NativeMethodAccessorImpl.invoke0(Native Method)
	at sun.reflect.NativeMethodAccessorImpl.invoke(Unknown Source)
	at sun.reflect.DelegatingMethodAccessorImpl.invoke(Unknown Source)
	at java.lang.reflect.Method.invoke(Unknown Source)
	at org.compiere.db.StatementProxy.invoke(StatementProxy.java:100)
	at com.sun.proxy.$Proxy3.executeUpdate(Unknown Source)
	at org.compiere.util.DB.executeUpdate(DB.java:1046)
	at org.compiere.util.DB.executeUpdate(DB.java:908)
	at org.compiere.util.DB.executeUpdate(DB.java:895)
	at org.compiere.model.PO.saveNew(PO.java:2865)
	at org.compiere.model.PO.save(PO.java:2195)
	at org.compiere.model.GridTable.dataSavePO(GridTable.java:2139)
	at org.compiere.model.GridTable.dataSave(GridTable.java:1474)
	at org.compiere.model.GridTab.dataSave(GridTab.java:987)

===========> DB.saveError: DBExecuteError - ORA-00001: unique constraint (CARSDEV.AD_WINDOW_NAME) violated
 [47]
-----------> MWindow.saveNew: [POSave_43e9374a-09c7-4866-b3e1-32e9d0ec693e]Not inserted - AD_Window [47]
===========> DB.executeUpdate: INSERT INTO AD_Window_Access (AD_Client_ID,AD_Org_ID,AD_Role_ID,AD_Window_ID,Created,CreatedBy,IsActive,Updated,UpdatedBy) VALUES (11,0,102,1000050,TO_DATE('2018-05-25 10:00:08','YYYY-MM-DD HH24:MI:SS'),0,'Y',TO_DATE('2018-05-25 10:00:08','YYYY-MM-DD HH24:MI:SS'),0) [POSave_43e9374a-09c7-4866-b3e1-32e9d0ec693e] [47]
java.sql.SQLIntegrityConstraintViolationException: ORA-02291: integrity constraint (CARSDEV.ADWINDOW_ADWINDOWACCESS) violated - parent key not found
; State=23000; ErrorCode=2291
	at oracle.jdbc.driver.T4CTTIoer.processError(T4CTTIoer.java:447)
	at oracle.jdbc.driver.T4CTTIoer.processError(T4CTTIoer.java:396)
	at oracle.jdbc.driver.T4C8Oall.processError(T4C8Oall.java:951)
	at oracle.jdbc.driver.T4CTTIfun.receive(T4CTTIfun.java:513)
	at oracle.jdbc.driver.T4CTTIfun.doRPC(T4CTTIfun.java:227)
	at oracle.jdbc.driver.T4C8Oall.doOALL(T4C8Oall.java:531)
	at oracle.jdbc.driver.T4CPreparedStatement.doOall8(T4CPreparedStatement.java:208)
	at oracle.jdbc.driver.T4CPreparedStatement.executeForRows(T4CPreparedStatement.java:1046)
	at oracle.jdbc.driver.OracleStatement.doExecuteWithTimeout(OracleStatement.java:1336)
	at oracle.jdbc.driver.OracleStatement.doScrollExecuteCommon(OracleStatement.java:4709)
	at oracle.jdbc.driver.OraclePreparedStatement.doScrollPstmtExecuteUpdate(OraclePreparedStatement.java:10613)
	at oracle.jdbc.driver.OraclePreparedStatement.executeInternal(OraclePreparedStatement.java:3611)
	at oracle.jdbc.driver.OraclePreparedStatement.executeUpdate(OraclePreparedStatement.java:3694)
	at oracle.jdbc.driver.OraclePreparedStatementWrapper.executeUpdate(OraclePreparedStatementWrapper.java:1354)
	at com.mchange.v2.c3p0.impl.NewProxyPreparedStatement.executeUpdate(NewProxyPreparedStatement.java:105)
	at sun.reflect.NativeMethodAccessorImpl.invoke0(Native Method)
	at sun.reflect.NativeMethodAccessorImpl.invoke(Unknown Source)
	at sun.reflect.DelegatingMethodAccessorImpl.invoke(Unknown Source)
	at java.lang.reflect.Method.invoke(Unknown Source)
	at org.compiere.db.StatementProxy.invoke(StatementProxy.java:100)
	at com.sun.proxy.$Proxy3.executeUpdate(Unknown Source)
	at org.compiere.util.DB.executeUpdate(DB.java:1046)
	at org.compiere.util.DB.executeUpdate(DB.java:908)
	at org.compiere.util.DB.executeUpdate(DB.java:895)
	at org.compiere.model.PO.saveNew(PO.java:2865)
	at org.compiere.model.PO.save(PO.java:2195)
	at org.compiere.model.PO.saveEx(PO.java:2279)
	at org.compiere.model.MWindow.afterSave(MWindow.java:127)
	at org.compiere.model.PO.saveFinish(PO.java:2311)
	at org.compiere.model.PO.saveNew(PO.java:2891)
	at org.compiere.model.PO.save(PO.java:2195)
	at org.compiere.model.GridTable.dataSavePO(GridTable.java:2139)
	at org.compiere.model.GridTable.dataSave(GridTable.java:1474)
	at org.compiere.model.GridTab.dataSave(GridTab.java:987)

===========> DB.saveError: DBExecuteError - ORA-02291: integrity constraint (CARSDEV.ADWINDOW_ADWINDOWACCESS) violated - parent key not found
 [47]
-----------> MWindowAccess.saveNew: [POSave_43e9374a-09c7-4866-b3e1-32e9d0ec693e]Not inserted - AD_Window_Access [47]
-----------> MWindow.saveFinish: afterSave [47]
org.adempiere.exceptions.AdempiereException: ORA-02291: integrity constraint (CARSDEV.ADWINDOW_ADWINDOWACCESS) violated - parent key not found

	at org.compiere.model.PO.saveEx(PO.java:2286)
	at org.compiere.model.MWindow.afterSave(MWindow.java:127)
	at org.compiere.model.PO.saveFinish(PO.java:2311)
	at org.compiere.model.PO.saveNew(PO.java:2891)
	at org.compiere.model.PO.save(PO.java:2195)
	at org.compiere.model.GridTable.dataSavePO(GridTable.java:2139)
	at org.compiere.model.GridTable.dataSave(GridTable.java:1474)
	at org.compiere.model.GridTab.dataSave(GridTab.java:987)
	at org.adempiere.webui.panel.AbstractADWindowPanel.onSave(AbstractADWindowPanel.java:1645)
	at org.adempiere.webui.panel.AbstractADWindowPanel.onSave(AbstractADWindowPanel.java:1619)
	at sun.reflect.NativeMethodAccessorImpl.invoke0(Native Method)
	at sun.reflect.NativeMethodAccessorImpl.invoke(Unknown Source)
	at sun.reflect.DelegatingMethodAccessorImpl.invoke(Unknown Source)
	at java.lang.reflect.Method.invoke(Unknown Source)
	at org.adempiere.webui.component.CWindowToolbar.doOnClick(CWindowToolbar.java:393)
	at org.adempiere.webui.component.CWindowToolbar.onEvent(CWindowToolbar.java:357)
	at org.zkoss.zk.ui.impl.EventProcessor.process0(EventProcessor.java:197)
	at org.zkoss.zk.ui.impl.EventProcessor.process(EventProcessor.java:141)
	at org.zkoss.zk.ui.impl.EventProcessingThreadImpl.process0(EventProcessingThreadImpl.java:519)
	at org.zkoss.zk.ui.impl.EventProcessingThreadImpl.run(EventProcessingThreadImpl.java:446)

-----------> GridTable.saveWarning: Error - ORA-02291: integrity constraint (CARSDEV.ADWINDOW_ADWINDOWACCESS) violated - parent key not found
 [47]
-----------> MRecentItem.addWindowChange: AD_User_ID is mandatory. [47]
-----------> MRecentItem.addWindowChange: AD_User_ID is mandatory. [56]
-----------> MRecentItem.addWindowChange: AD_User_ID is mandatory. [56]
-----------> GridField.getDefault: (SeqNo) - Default SQL variable parse failed: @SQL=SELECT COALESCE(MAX(SeqNo),0)+10 AS DefaultValue FROM AD_Tab WHERE AD_Window_ID=@AD_Window_ID@ [47]
-----------> MRecentItem.addWindowChange: AD_User_ID is mandatory. [47]
-----------> MRecentItem.addWindowChange: AD_User_ID is mandatory. [47]
-----------> MRecentItem.addWindowChange: AD_User_ID is mandatory. [47]
-----------> GridField.getDefault: (SeqNo) - Default SQL variable parse failed: @SQL=SELECT NVL(MAX(SeqNo),0)+10 AS DefaultValue FROM AD_Field WHERE AD_Tab_ID=@AD_Tab_ID@ [56]
-----------> GridField.getDefault: (SeqNoGrid) - Default SQL variable parse failed: @SQL=SELECT NVL(MAX(SeqNo),0)+10 AS DefaultValue FROM AD_Field WHERE AD_Tab_ID=@AD_Tab_ID@ [56]
-----------> GridField.getDefault: (SeqNo) - Default SQL variable parse failed: @SQL=SELECT NVL(MAX(SeqNo),0)+10 AS DefaultValue FROM AD_Field WHERE AD_Tab_ID=@AD_Tab_ID@ [56]
-----------> GridField.getDefault: (SeqNoGrid) - Default SQL variable parse failed: @SQL=SELECT NVL(MAX(SeqNo),0)+10 AS DefaultValue FROM AD_Field WHERE AD_Tab_ID=@AD_Tab_ID@ [56]
-----------> GridField.getDefault: (SeqNo) - Default SQL variable parse failed: @SQL=SELECT NVL(MAX(SeqNo),0)+10 AS DefaultValue FROM AD_Field WHERE AD_Tab_ID=@AD_Tab_ID@ [56]
-----------> GridField.getDefault: (SeqNoGrid) - Default SQL variable parse failed: @SQL=SELECT NVL(MAX(SeqNo),0)+10 AS DefaultValue FROM AD_Field WHERE AD_Tab_ID=@AD_Tab_ID@ [56]
-----------> GridField.getDefault: (SeqNo) - Default SQL variable parse failed: @SQL=SELECT NVL(MAX(SeqNo),0)+10 AS DefaultValue FROM AD_Field WHERE AD_Tab_ID=@AD_Tab_ID@ [56]
-----------> GridField.getDefault: (SeqNoGrid) - Default SQL variable parse failed: @SQL=SELECT NVL(MAX(SeqNo),0)+10 AS DefaultValue FROM AD_Field WHERE AD_Tab_ID=@AD_Tab_ID@ [56]
-----------> GridField.getDefault: (SeqNo) - Default SQL variable parse failed: @SQL=SELECT NVL(MAX(SeqNo),0)+10 AS DefaultValue FROM AD_Field WHERE AD_Tab_ID=@AD_Tab_ID@ [56]
-----------> GridField.getDefault: (SeqNoGrid) - Default SQL variable parse failed: @SQL=SELECT NVL(MAX(SeqNo),0)+10 AS DefaultValue FROM AD_Field WHERE AD_Tab_ID=@AD_Tab_ID@ [56]
-----------> GridField.getDefault: (SeqNo) - Default SQL variable parse failed: @SQL=SELECT NVL(MAX(SeqNo),0)+10 AS DefaultValue FROM AD_Field WHERE AD_Tab_ID=@AD_Tab_ID@ [56]
-----------> GridField.getDefault: (SeqNoGrid) - Default SQL variable parse failed: @SQL=SELECT NVL(MAX(SeqNo),0)+10 AS DefaultValue FROM AD_Field WHERE AD_Tab_ID=@AD_Tab_ID@ [56]
-----------> GridField.getDefault: (SeqNo) - Default SQL variable parse failed: @SQL=SELECT NVL(MAX(SeqNo),0)+10 AS DefaultValue FROM AD_Field WHERE AD_Tab_ID=@AD_Tab_ID@ [56]
-----------> GridField.getDefault: (SeqNoGrid) - Default SQL variable parse failed: @SQL=SELECT NVL(MAX(SeqNo),0)+10 AS DefaultValue FROM AD_Field WHERE AD_Tab_ID=@AD_Tab_ID@ [56]
-----------> GridField.getDefault: (SeqNo) - Default SQL variable parse failed: @SQL=SELECT NVL(MAX(SeqNo),0)+10 AS DefaultValue FROM AD_Field WHERE AD_Tab_ID=@AD_Tab_ID@ [56]
-----------> GridField.getDefault: (SeqNoGrid) - Default SQL variable parse failed: @SQL=SELECT NVL(MAX(SeqNo),0)+10 AS DefaultValue FROM AD_Field WHERE AD_Tab_ID=@AD_Tab_ID@ [56]
-----------> GridField.getDefault: (SeqNo) - Default SQL variable parse failed: @SQL=SELECT NVL(MAX(SeqNo),0)+10 AS DefaultValue FROM AD_Field WHERE AD_Tab_ID=@AD_Tab_ID@ [56]
-----------> GridField.getDefault: (SeqNoGrid) - Default SQL variable parse failed: @SQL=SELECT NVL(MAX(SeqNo),0)+10 AS DefaultValue FROM AD_Field WHERE AD_Tab_ID=@AD_Tab_ID@ [56]
-----------> GridField.getDefault: (SeqNo) - Default SQL variable parse failed: @SQL=SELECT NVL(MAX(SeqNo),0)+10 AS DefaultValue FROM AD_Field WHERE AD_Tab_ID=@AD_Tab_ID@ [56]
-----------> GridField.getDefault: (SeqNoGrid) - Default SQL variable parse failed: @SQL=SELECT NVL(MAX(SeqNo),0)+10 AS DefaultValue FROM AD_Field WHERE AD_Tab_ID=@AD_Tab_ID@ [56]
-----------> GridField.getDefault: (SeqNo) - Default SQL variable parse failed: @SQL=SELECT NVL(MAX(SeqNo),0)+10 AS DefaultValue FROM AD_Field WHERE AD_Tab_ID=@AD_Tab_ID@ [56]
-----------> GridField.getDefault: (SeqNoGrid) - Default SQL variable parse failed: @SQL=SELECT NVL(MAX(SeqNo),0)+10 AS DefaultValue FROM AD_Field WHERE AD_Tab_ID=@AD_Tab_ID@ [56]
-----------> Msg.getMsg: NOT found: Window, Tab & Field  Lead  System (System Administrator) @ System.* [MyAppsServer{localhost-orcl-carsdev}] [56]
-----------> MRecentItem.addWindowChange: AD_User_ID is mandatory. [110]
-----------> MRecentItem.addWindowChange: AD_User_ID is mandatory. [56]
-----------> MRecentItem.addWindowChange: AD_User_ID is mandatory. [56]
-----------> MRecentItem.addWindowChange: AD_User_ID is mandatory. [47]
-----------> MRecentItem.addWindowChange: AD_User_ID is mandatory. [47]
-----------> MRecentItem.addWindowChange: AD_User_ID is mandatory. [56]
-----------> MRecentItem.addWindowChange: AD_User_ID is mandatory. [47]
-----------> MRecentItem.addWindowChange: AD_User_ID is mandatory. [56]
-----------> MRecentItem.addWindowChange: AD_User_ID is mandatory. [47]
-----------> MRecentItem.addWindowChange: AD_User_ID is mandatory. [110]
-----------> MRecentItem.addWindowChange: AD_User_ID is mandatory. [56]
-----------> MRecentItem.addWindowChange: AD_User_ID is mandatory. [56]
-----------> MRecentItem.addWindowChange: AD_User_ID is mandatory. [110]
-----------> MRecentItem.addWindowChange: AD_User_ID is mandatory. [56]
-----------> MRecentItem.addWindowChange: AD_User_ID is mandatory. [110]
-----------> MRecentItem.addWindowChange: AD_User_ID is mandatory. [47]
-----------> MRecentItem.addWindowChange: AD_User_ID is mandatory. [56]
-----------> MRecentItem.addWindowChange: AD_User_ID is mandatory. [56]
-----------> MRecentItem.addWindowChange: AD_User_ID is mandatory. [110]
-----------> MRecentItem.addWindowChange: AD_User_ID is mandatory. [47]
-----------> MRecentItem.addWindowChange: AD_User_ID is mandatory. [56]
-----------> MRecentItem.addWindowChange: AD_User_ID is mandatory. [56]
-----------> MRecentItem.addWindowChange: AD_User_ID is mandatory. [110]
-----------> MRecentItem.addMenuOption: AD_User_ID is mandatory. [110]
-----------> MRecentItem.addWindowChange: AD_User_ID is mandatory. [110]
-----------> MRecentItem.addWindowChange: AD_User_ID is mandatory. [56]
-----------> MRecentItem.addMenuOption: AD_User_ID is mandatory. [47]
-----------> MRecentItem.addMenuOption: AD_User_ID is mandatory. [47]
-----------> MRecentItem.addWindowChange: AD_User_ID is mandatory. [56]
-----------> MRecentItem.addWindowChange: AD_User_ID is mandatory. [47]
===========> AccessSqlParser.getTableInfo: Could not remove ON C_ElementValue t LEFT JOIN C_ElementValue_TRL  trl ON t.C_ElementValue_ID = trl.C_ElementValue_ID AND AD_Language = 'en_US' [47]
-----------> MRecentItem.addMenuOption: AD_User_ID is mandatory. [47]
===========> AccessSqlParser.getTableInfo: Could not remove ON C_ElementValue t LEFT JOIN C_ElementValue_TRL  trl ON t.C_ElementValue_ID = trl.C_ElementValue_ID AND AD_Language = 'en_US' [110]
-----------> MRecentItem.addMenuOption: AD_User_ID is mandatory. [110]
===========> AccessSqlParser.getTableInfo: Could not remove ON AD_Menu t LEFT JOIN AD_Menu_TRL  trl ON t.AD_Menu_ID = trl.AD_Menu_ID AND AD_Language = 'en_US' [110]
-----------> MRecentItem.addMenuOption: AD_User_ID is mandatory. [56]
-----------> MRecentItem.addMenuOption: AD_User_ID is mandatory. [110]
-----------> MRecentItem.addMenuOption: AD_User_ID is mandatory. [56]
-----------> MRecentItem.addMenuOption: AD_User_ID is mandatory. [47]
-----------> MRecentItem.addMenuOption: AD_User_ID is mandatory. [56]
-----------> MRecentItem.addWindowChange: AD_User_ID is mandatory. [47]
-----------> Msg.getMsg: NOT found: Tree  Loan Origination System  System (System Administrator) @ System.* [MyAppsServer{localhost-orcl-carsdev}] [56]
-----------> MRecentItem.addMenuOption: AD_User_ID is mandatory. [47]
-----------> MIssue.set_Value: SourceClassName - Value too long - truncated to length=60 [56]
===========> DB.executeUpdate: INSERT INTO AD_Tree_Favorite (AD_Client_ID,AD_Org_ID,AD_Role_ID,AD_Tree_Favorite_ID,Created,CreatedBy,IsActive,Updated,UpdatedBy) VALUES (0,0,0,1000049,TO_DATE('2018-05-25 12:06:15','YYYY-MM-DD HH24:MI:SS'),0,'Y',TO_DATE('2018-05-25 12:06:15','YYYY-MM-DD HH24:MI:SS'),0) [POSave_90f2c534-2c07-44bf-9d5b-8fab2c4229d2] [56]
java.sql.SQLIntegrityConstraintViolationException: ORA-01400: cannot insert NULL into ("CARSDEV"."AD_TREE_FAVORITE"."AD_USER_ID")
; State=23000; ErrorCode=1400
	at oracle.jdbc.driver.T4CTTIoer.processError(T4CTTIoer.java:447)
	at oracle.jdbc.driver.T4CTTIoer.processError(T4CTTIoer.java:396)
	at oracle.jdbc.driver.T4C8Oall.processError(T4C8Oall.java:951)
	at oracle.jdbc.driver.T4CTTIfun.receive(T4CTTIfun.java:513)
	at oracle.jdbc.driver.T4CTTIfun.doRPC(T4CTTIfun.java:227)
	at oracle.jdbc.driver.T4C8Oall.doOALL(T4C8Oall.java:531)
	at oracle.jdbc.driver.T4CPreparedStatement.doOall8(T4CPreparedStatement.java:208)
	at oracle.jdbc.driver.T4CPreparedStatement.executeForRows(T4CPreparedStatement.java:1046)
	at oracle.jdbc.driver.OracleStatement.doExecuteWithTimeout(OracleStatement.java:1336)
	at oracle.jdbc.driver.OracleStatement.doScrollExecuteCommon(OracleStatement.java:4709)
	at oracle.jdbc.driver.OraclePreparedStatement.doScrollPstmtExecuteUpdate(OraclePreparedStatement.java:10613)
	at oracle.jdbc.driver.OraclePreparedStatement.executeInternal(OraclePreparedStatement.java:3611)
	at oracle.jdbc.driver.OraclePreparedStatement.executeUpdate(OraclePreparedStatement.java:3694)
	at oracle.jdbc.driver.OraclePreparedStatementWrapper.executeUpdate(OraclePreparedStatementWrapper.java:1354)
	at com.mchange.v2.c3p0.impl.NewProxyPreparedStatement.executeUpdate(NewProxyPreparedStatement.java:105)
	at sun.reflect.GeneratedMethodAccessor51.invoke(Unknown Source)
	at sun.reflect.DelegatingMethodAccessorImpl.invoke(Unknown Source)
	at java.lang.reflect.Method.invoke(Unknown Source)
	at org.compiere.db.StatementProxy.invoke(StatementProxy.java:100)
	at com.sun.proxy.$Proxy3.executeUpdate(Unknown Source)
	at org.compiere.util.DB.executeUpdate(DB.java:1046)
	at org.compiere.util.DB.executeUpdate(DB.java:908)
	at org.compiere.util.DB.executeUpdate(DB.java:895)
	at org.compiere.model.PO.saveNew(PO.java:2865)
	at org.compiere.model.PO.save(PO.java:2195)

===========> DB.saveError: DBExecuteError - ORA-01400: cannot insert NULL into ("CARSDEV"."AD_TREE_FAVORITE"."AD_USER_ID")
 [56]
-----------> MTreeFavorite.saveNew: [POSave_90f2c534-2c07-44bf-9d5b-8fab2c4229d2]Not inserted - AD_Tree_Favorite [56]
-----------> DefaultDesktop.createHomeTab: Failed to create components. zul=/zul/userfavorites.zul [56]
org.adempiere.exceptions.AdempiereException: Could not create Tree.
	at org.adempiere.webui.dashboard.DPUserFavorites.createFavouritesPanel(DPUserFavorites.java:119)
	at org.adempiere.webui.dashboard.DPUserFavorites.<init>(DPUserFavorites.java:63)
	at sun.reflect.NativeConstructorAccessorImpl.newInstance0(Native Method)
	at sun.reflect.NativeConstructorAccessorImpl.newInstance(Unknown Source)
	at sun.reflect.DelegatingConstructorAccessorImpl.newInstance(Unknown Source)
	at java.lang.reflect.Constructor.newInstance(Unknown Source)
	at java.lang.Class.newInstance(Unknown Source)
	at org.zkoss.zk.ui.metainfo.impl.ComponentDefinitionImpl.newInstance(ComponentDefinitionImpl.java:308)
	at org.zkoss.zk.ui.metainfo.impl.ComponentDefinitionImpl.newInstance(ComponentDefinitionImpl.java:296)
	at org.zkoss.zk.ui.metainfo.ComponentInfo.newInstance(ComponentInfo.java:664)
	at org.zkoss.zk.ui.impl.AbstractUiFactory.newComponent(AbstractUiFactory.java:90)
	at org.zkoss.zk.ui.impl.UiEngineImpl.execCreateChild0(UiEngineImpl.java:616)
	at org.zkoss.zk.ui.impl.UiEngineImpl.execCreateChild(UiEngineImpl.java:587)
	at org.zkoss.zk.ui.impl.UiEngineImpl.execCreate0(UiEngineImpl.java:531)
	at org.zkoss.zk.ui.impl.UiEngineImpl.execCreate(UiEngineImpl.java:498)
	at org.zkoss.zk.ui.impl.UiEngineImpl.createComponents(UiEngineImpl.java:819)
	at org.zkoss.zk.ui.impl.AbstractExecution.createComponents(AbstractExecution.java:189)
	at org.zkoss.zk.ui.Executions.createComponents(Executions.java:177)
	at org.adempiere.webui.desktop.DefaultDesktop.createHomeTab(DefaultDesktop.java:380)
	at org.adempiere.webui.desktop.DefaultDesktop.doCreatePart(DefaultDesktop.java:162)
	at org.adempiere.webui.part.AbstractUIPart.createPart(AbstractUIPart.java:41)

===========> MLookupFactory.getLookup_TableDir: No Identifier records found: COL_BRANCH_ID [56]
===========> MLookupFactory.getLookupInfo: No SQL - COL_BRANCH_ID [56]
-----------> GridTable.open: Count - ORA-00904: "PROCESSED": invalid identifier

SQL=SELECT COUNT(*) FROM LOS_Lead WHERE (Processed='N' OR Updated>SysDate-1) AND LOS_Lead.AD_Client_ID=0 AND LOS_Lead.AD_Org_ID=0 AND (LOS_Lead.LOS_Lead_ID IS NULL OR LOS_Lead.LOS_Lead_ID NOT IN ( SELECT Record_ID FROM AD_Private_Access WHERE AD_Table_ID = 1000052 AND AD_User_ID <> 0 AND IsActive = 'Y' )) [56]
-----------> MRecentItem.addMenuOption: AD_User_ID is mandatory. [56]
-----------> MRecentItem.addMenuOption: AD_User_ID is mandatory. [47]
-----------> MRecentItem.addMenuOption: AD_User_ID is mandatory. [56]
-----------> MRecentItem.addWindowChange: AD_User_ID is mandatory. [47]
-----------> Msg.getMsg: NOT found: Please save changes before closing [110]
-----------> MIssue.set_Value: SourceClassName - Value too long - truncated to length=60 [110]
===========> DB.executeUpdate: INSERT INTO AD_Tree_Favorite (AD_Client_ID,AD_Org_ID,AD_Role_ID,AD_Tree_Favorite_ID,Created,CreatedBy,IsActive,Updated,UpdatedBy) VALUES (0,0,0,1000050,TO_DATE('2018-05-25 14:13:31','YYYY-MM-DD HH24:MI:SS'),0,'Y',TO_DATE('2018-05-25 14:13:31','YYYY-MM-DD HH24:MI:SS'),0) [POSave_9c9022f9-ace7-4eca-ac58-a2b5a1127cb5] [110]
java.sql.SQLIntegrityConstraintViolationException: ORA-01400: cannot insert NULL into ("CARSDEV"."AD_TREE_FAVORITE"."AD_USER_ID")
; State=23000; ErrorCode=1400
	at oracle.jdbc.driver.T4CTTIoer.processError(T4CTTIoer.java:447)
	at oracle.jdbc.driver.T4CTTIoer.processError(T4CTTIoer.java:396)
	at oracle.jdbc.driver.T4C8Oall.processError(T4C8Oall.java:951)
	at oracle.jdbc.driver.T4CTTIfun.receive(T4CTTIfun.java:513)
	at oracle.jdbc.driver.T4CTTIfun.doRPC(T4CTTIfun.java:227)
	at oracle.jdbc.driver.T4C8Oall.doOALL(T4C8Oall.java:531)
	at oracle.jdbc.driver.T4CPreparedStatement.doOall8(T4CPreparedStatement.java:208)
	at oracle.jdbc.driver.T4CPreparedStatement.executeForRows(T4CPreparedStatement.java:1046)
	at oracle.jdbc.driver.OracleStatement.doExecuteWithTimeout(OracleStatement.java:1336)
	at oracle.jdbc.driver.OracleStatement.doScrollExecuteCommon(OracleStatement.java:4709)
	at oracle.jdbc.driver.OraclePreparedStatement.doScrollPstmtExecuteUpdate(OraclePreparedStatement.java:10613)
	at oracle.jdbc.driver.OraclePreparedStatement.executeInternal(OraclePreparedStatement.java:3611)
	at oracle.jdbc.driver.OraclePreparedStatement.executeUpdate(OraclePreparedStatement.java:3694)
	at oracle.jdbc.driver.OraclePreparedStatementWrapper.executeUpdate(OraclePreparedStatementWrapper.java:1354)
	at com.mchange.v2.c3p0.impl.NewProxyPreparedStatement.executeUpdate(NewProxyPreparedStatement.java:105)
	at sun.reflect.GeneratedMethodAccessor51.invoke(Unknown Source)
	at sun.reflect.DelegatingMethodAccessorImpl.invoke(Unknown Source)
	at java.lang.reflect.Method.invoke(Unknown Source)
	at org.compiere.db.StatementProxy.invoke(StatementProxy.java:100)
	at com.sun.proxy.$Proxy3.executeUpdate(Unknown Source)
	at org.compiere.util.DB.executeUpdate(DB.java:1046)
	at org.compiere.util.DB.executeUpdate(DB.java:908)
	at org.compiere.util.DB.executeUpdate(DB.java:895)
	at org.compiere.model.PO.saveNew(PO.java:2865)
	at org.compiere.model.PO.save(PO.java:2195)

===========> DB.saveError: DBExecuteError - ORA-01400: cannot insert NULL into ("CARSDEV"."AD_TREE_FAVORITE"."AD_USER_ID")
 [110]
-----------> MTreeFavorite.saveNew: [POSave_9c9022f9-ace7-4eca-ac58-a2b5a1127cb5]Not inserted - AD_Tree_Favorite [110]
-----------> DefaultDesktop.createHomeTab: Failed to create components. zul=/zul/userfavorites.zul [110]
org.adempiere.exceptions.AdempiereException: Could not create Tree.
	at org.adempiere.webui.dashboard.DPUserFavorites.createFavouritesPanel(DPUserFavorites.java:119)
	at org.adempiere.webui.dashboard.DPUserFavorites.<init>(DPUserFavorites.java:63)
	at sun.reflect.NativeConstructorAccessorImpl.newInstance0(Native Method)
	at sun.reflect.NativeConstructorAccessorImpl.newInstance(Unknown Source)
	at sun.reflect.DelegatingConstructorAccessorImpl.newInstance(Unknown Source)
	at java.lang.reflect.Constructor.newInstance(Unknown Source)
	at java.lang.Class.newInstance(Unknown Source)
	at org.zkoss.zk.ui.metainfo.impl.ComponentDefinitionImpl.newInstance(ComponentDefinitionImpl.java:308)
	at org.zkoss.zk.ui.metainfo.impl.ComponentDefinitionImpl.newInstance(ComponentDefinitionImpl.java:296)
	at org.zkoss.zk.ui.metainfo.ComponentInfo.newInstance(ComponentInfo.java:664)
	at org.zkoss.zk.ui.impl.AbstractUiFactory.newComponent(AbstractUiFactory.java:90)
	at org.zkoss.zk.ui.impl.UiEngineImpl.execCreateChild0(UiEngineImpl.java:616)
	at org.zkoss.zk.ui.impl.UiEngineImpl.execCreateChild(UiEngineImpl.java:587)
	at org.zkoss.zk.ui.impl.UiEngineImpl.execCreate0(UiEngineImpl.java:531)
	at org.zkoss.zk.ui.impl.UiEngineImpl.execCreate(UiEngineImpl.java:498)
	at org.zkoss.zk.ui.impl.UiEngineImpl.createComponents(UiEngineImpl.java:819)
	at org.zkoss.zk.ui.impl.AbstractExecution.createComponents(AbstractExecution.java:189)
	at org.zkoss.zk.ui.Executions.createComponents(Executions.java:177)
	at org.adempiere.webui.desktop.DefaultDesktop.createHomeTab(DefaultDesktop.java:380)
	at org.adempiere.webui.desktop.DefaultDesktop.doCreatePart(DefaultDesktop.java:162)
	at org.adempiere.webui.part.AbstractUIPart.createPart(AbstractUIPart.java:41)

-----------> MRecentItem.addMenuOption: AD_User_ID is mandatory. [56]
-----------> MRecentItem.addMenuOption: AD_User_ID is mandatory. [47]
-----------> MRecentItem.addMenuOption: AD_User_ID is mandatory. [47]
-----------> MRecentItem.addMenuOption: AD_User_ID is mandatory. [56]
===========> DB.getSQLValueBD: SELECT COALESCE(SUM(currencyBase(invoiceOpen(C_Invoice_ID, C_InvoicePaySchedule_ID),C_Currency_ID, DateAcct, AD_Client_ID, AD_Org_ID)),0)
FROM C_Invoice_v C_Invoice WHERE IsSOTrx='Y' AND Processed='Y' AND C_Invoice.AD_Client_ID IN(0,11) AND C_Invoice.AD_Org_ID IN(0,11,12,50000,50002,50001,50004,50006,50005,50007) [47]
java.sql.SQLException: ORA-29516: Aurora assertion failure: Assertion failure at eox.c:359
Uncaught exception System error:   java/lang/UnsupportedClassVersionError
; State=99999; ErrorCode=29516
	at oracle.jdbc.driver.T4CTTIoer.processError(T4CTTIoer.java:447)
	at oracle.jdbc.driver.T4CTTIoer.processError(T4CTTIoer.java:396)
	at oracle.jdbc.driver.T4C8Oall.processError(T4C8Oall.java:951)
	at oracle.jdbc.driver.T4CTTIfun.receive(T4CTTIfun.java:513)
	at oracle.jdbc.driver.T4CTTIfun.doRPC(T4CTTIfun.java:227)
	at oracle.jdbc.driver.T4C8Oall.doOALL(T4C8Oall.java:531)
	at oracle.jdbc.driver.T4CPreparedStatement.doOall8(T4CPreparedStatement.java:208)
	at oracle.jdbc.driver.T4CPreparedStatement.executeForDescribe(T4CPreparedStatement.java:886)
	at oracle.jdbc.driver.OracleStatement.executeMaybeDescribe(OracleStatement.java:1175)
	at oracle.jdbc.driver.OracleStatement.doExecuteWithTimeout(OracleStatement.java:1296)
	at oracle.jdbc.driver.OraclePreparedStatement.executeInternal(OraclePreparedStatement.java:3613)
	at oracle.jdbc.driver.OraclePreparedStatement.executeQuery(OraclePreparedStatement.java:3657)
	at oracle.jdbc.driver.OraclePreparedStatementWrapper.executeQuery(OraclePreparedStatementWrapper.java:1495)
	at com.mchange.v2.c3p0.impl.NewProxyPreparedStatement.executeQuery(NewProxyPreparedStatement.java:76)
	at sun.reflect.GeneratedMethodAccessor44.invoke(Unknown Source)
	at sun.reflect.DelegatingMethodAccessorImpl.invoke(Unknown Source)
	at java.lang.reflect.Method.invoke(Unknown Source)
	at org.compiere.db.StatementProxy.invoke(StatementProxy.java:100)
	at com.sun.proxy.$Proxy3.executeQuery(Unknown Source)
	at org.compiere.util.DB.getSQLValueBDEx(DB.java:1457)
	at org.compiere.util.DB.getSQLValueBD(DB.java:1501)
	at org.compiere.model.MMeasure.updateCalculatedGoals(MMeasure.java:473)
	at org.compiere.model.MMeasure.updateGoals(MMeasure.java:360)
	at org.compiere.model.MGoal.updateGoal(MGoal.java:379)
	at org.compiere.model.MGoal.getUserGoals(MGoal.java:84)

