*** 2018-07-31 12:52:06.057 Adempiere Log (CLogFile) ***
12:52:06.057 Adempiere.startup: ADempiere(r) Release 3.9.0_2017-08-01 -Smart Suite ERP,CRM and SCM- (c) 1999-2017 ADempiere(r); Implementation: ADempiere - Supported by ADempiere community [13]
12:52:06.073 Ini.loadProperties: D:\Ayaz\Ayaz_NBP_PC_Backup\AdempiereTemplate39\Adempiere.properties #37 [13]
-----------> Msg.getMsg: NOT found: InfoBranch [47]
===========> DB.getSQLValueBD: SELECT COALESCE(SUM(currencyBase(invoiceOpen(C_Invoice_ID, C_InvoicePaySchedule_ID),C_Currency_ID, DateAcct, AD_Client_ID, AD_Org_ID)),0)
FROM C_Invoice_v C_Invoice WHERE IsSOTrx='Y' AND Processed='Y' AND C_Invoice.AD_Client_ID IN(0,11) AND C_Invoice.AD_Org_ID IN(0,11,12,50000,50002,50001,50004,50006,50005,50007) [47]
java.sql.SQLException: ORA-29516: Aurora assertion failure: Assertion failure at eox.c:359
Uncaught exception System error:   java/lang/UnsupportedClassVersionError
; State=99999; ErrorCode=29516
	at oracle.jdbc.driver.T4CTTIoer.processError(T4CTTIoer.java:447)
	at oracle.jdbc.driver.T4CTTIoer.processError(T4CTTIoer.java:396)
	at oracle.jdbc.driver.T4C8Oall.processError(T4C8Oall.java:951)
	at oracle.jdbc.driver.T4CTTIfun.receive(T4CTTIfun.java:513)
	at oracle.jdbc.driver.T4CTTIfun.doRPC(T4CTTIfun.java:227)
	at oracle.jdbc.driver.T4C8Oall.doOALL(T4C8Oall.java:531)
	at oracle.jdbc.driver.T4CPreparedStatement.doOall8(T4CPreparedStatement.java:208)
	at oracle.jdbc.driver.T4CPreparedStatement.executeForDescribe(T4CPreparedStatement.java:886)
	at oracle.jdbc.driver.OracleStatement.executeMaybeDescribe(OracleStatement.java:1175)
	at oracle.jdbc.driver.OracleStatement.doExecuteWithTimeout(OracleStatement.java:1296)
	at oracle.jdbc.driver.OraclePreparedStatement.executeInternal(OraclePreparedStatement.java:3613)
	at oracle.jdbc.driver.OraclePreparedStatement.executeQuery(OraclePreparedStatement.java:3657)
	at oracle.jdbc.driver.OraclePreparedStatementWrapper.executeQuery(OraclePreparedStatementWrapper.java:1495)
	at com.mchange.v2.c3p0.impl.NewProxyPreparedStatement.executeQuery(NewProxyPreparedStatement.java:76)
	at sun.reflect.GeneratedMethodAccessor37.invoke(Unknown Source)
	at sun.reflect.DelegatingMethodAccessorImpl.invoke(Unknown Source)
	at java.lang.reflect.Method.invoke(Unknown Source)
	at org.compiere.db.StatementProxy.invoke(StatementProxy.java:100)
	at com.sun.proxy.$Proxy3.executeQuery(Unknown Source)
	at org.compiere.util.DB.getSQLValueBDEx(DB.java:1457)
	at org.compiere.util.DB.getSQLValueBD(DB.java:1501)
	at org.compiere.model.MMeasure.updateCalculatedGoals(MMeasure.java:473)
	at org.compiere.model.MMeasure.updateGoals(MMeasure.java:360)
	at org.compiere.model.MGoal.updateGoal(MGoal.java:379)
	at org.compiere.model.MGoal.getUserGoals(MGoal.java:84)

-----------> Msg.getMsg: NOT found: InfoBranch [47]
-----------> Msg.getMsg: NOT found: Please save changes before closing [47]
-----------> Msg.getMsg: NOT found: Please save changes before closing [114]
-----------> Msg.getMsg: NOT found: Please save changes before closing [114]
-----------> GridField.getDefault: (SeqNo) - Default SQL variable parse failed: @SQL=SELECT NVL(MAX(SeqNo),0)+10 AS DefaultValue FROM AD_PrintFormatItem WHERE AD_PrintFormat_ID=@AD_PrintFormat_ID@ [47]
-----------> GridField.getDefault: (SeqNo) - Default SQL variable parse failed: @SQL=SELECT NVL(MAX(SeqNo),0)+10 AS DefaultValue FROM AD_PrintFormatItem WHERE AD_PrintFormat_ID=@AD_PrintFormat_ID@ [47]
-----------> GridField.getDefault: (SeqNo) - Default SQL variable parse failed: @SQL=SELECT NVL(MAX(SeqNo),0)+10 AS DefaultValue FROM AD_PrintFormatItem WHERE AD_PrintFormat_ID=@AD_PrintFormat_ID@ [47]
-----------> GridField.getDefault: (SeqNo) - Default SQL variable parse failed: @SQL=SELECT NVL(MAX(SeqNo),0)+10 AS DefaultValue FROM AD_PrintFormatItem WHERE AD_PrintFormat_ID=@AD_PrintFormat_ID@ [47]
-----------> GridField.getDefault: (SeqNo) - Default SQL variable parse failed: @SQL=SELECT NVL(MAX(SeqNo),0)+10 AS DefaultValue FROM AD_PrintFormatItem WHERE AD_PrintFormat_ID=@AD_PrintFormat_ID@ [47]
-----------> GridField.getDefault: (SeqNo) - Default SQL variable parse failed: @SQL=SELECT NVL(MAX(SeqNo),0)+10 AS DefaultValue FROM AD_PrintFormatItem WHERE AD_PrintFormat_ID=@AD_PrintFormat_ID@ [47]
-----------> GridField.getDefault: (SeqNo) - Default SQL variable parse failed: @SQL=SELECT NVL(MAX(SeqNo),0)+10 AS DefaultValue FROM AD_PrintFormatItem WHERE AD_PrintFormat_ID=@AD_PrintFormat_ID@ [47]
-----------> GridField.getDefault: (SeqNo) - Default SQL variable parse failed: @SQL=SELECT NVL(MAX(SeqNo),0)+10 AS DefaultValue FROM AD_PrintFormatItem WHERE AD_PrintFormat_ID=@AD_PrintFormat_ID@ [47]
-----------> GridField.getDefault: (SeqNo) - Default SQL variable parse failed: @SQL=SELECT NVL(MAX(SeqNo),0)+10 AS DefaultValue FROM AD_PrintFormatItem WHERE AD_PrintFormat_ID=@AD_PrintFormat_ID@ [47]
-----------> GridField.getDefault: (SeqNo) - Default SQL variable parse failed: @SQL=SELECT NVL(MAX(SeqNo),0)+10 AS DefaultValue FROM AD_PrintFormatItem WHERE AD_PrintFormat_ID=@AD_PrintFormat_ID@ [47]
-----------> GridField.getDefault: (SeqNo) - Default SQL variable parse failed: @SQL=SELECT NVL(MAX(SeqNo),0)+10 AS DefaultValue FROM AD_PrintFormatItem WHERE AD_PrintFormat_ID=@AD_PrintFormat_ID@ [47]
-----------> GridField.getDefault: (SeqNo) - Default SQL variable parse failed: @SQL=SELECT NVL(MAX(SeqNo),0)+10 AS DefaultValue FROM AD_PrintFormatItem WHERE AD_PrintFormat_ID=@AD_PrintFormat_ID@ [47]
-----------> GridField.getDefault: (SeqNo) - Default SQL variable parse failed: @SQL=SELECT NVL(MAX(SeqNo),0)+10 AS DefaultValue FROM AD_PrintFormatItem WHERE AD_PrintFormat_ID=@AD_PrintFormat_ID@ [47]
-----------> GridField.getDefault: (SeqNo) - Default SQL variable parse failed: @SQL=SELECT NVL(MAX(SeqNo),0)+10 AS DefaultValue FROM AD_PrintFormatItem WHERE AD_PrintFormat_ID=@AD_PrintFormat_ID@ [47]
-----------> GridField.getDefault: (SeqNo) - Default SQL variable parse failed: @SQL=SELECT NVL(MAX(SeqNo),0)+10 AS DefaultValue FROM AD_PrintFormatItem WHERE AD_PrintFormat_ID=@AD_PrintFormat_ID@ [47]
-----------> GridField.getDefault: (SeqNo) - Default SQL variable parse failed: @SQL=SELECT NVL(MAX(SeqNo),0)+10 AS DefaultValue FROM AD_PrintFormatItem WHERE AD_PrintFormat_ID=@AD_PrintFormat_ID@ [47]
-----------> GridField.getDefault: (SeqNo) - Default SQL variable parse failed: @SQL=SELECT NVL(MAX(SeqNo),0)+10 AS DefaultValue FROM AD_PrintFormatItem WHERE AD_PrintFormat_ID=@AD_PrintFormat_ID@ [47]
-----------> GridField.getDefault: (SeqNo) - Default SQL variable parse failed: @SQL=SELECT NVL(MAX(SeqNo),0)+10 AS DefaultValue FROM AD_PrintFormatItem WHERE AD_PrintFormat_ID=@AD_PrintFormat_ID@ [47]
-----------> GridField.getDefault: (SeqNo) - Default SQL variable parse failed: @SQL=SELECT NVL(MAX(SeqNo),0)+10 AS DefaultValue FROM AD_PrintFormatItem WHERE AD_PrintFormat_ID=@AD_PrintFormat_ID@ [47]
-----------> GridField.getDefault: (SeqNo) - Default SQL variable parse failed: @SQL=SELECT NVL(MAX(SeqNo),0)+10 AS DefaultValue FROM AD_PrintFormatItem WHERE AD_PrintFormat_ID=@AD_PrintFormat_ID@ [47]
-----------> GridField.getDefault: (SeqNo) - Default SQL variable parse failed: @SQL=SELECT NVL(MAX(SeqNo),0)+10 AS DefaultValue FROM AD_PrintFormatItem WHERE AD_PrintFormat_ID=@AD_PrintFormat_ID@ [47]
-----------> DataEngine.loadPrintData: NO Rows - ms=33 [47]
-----------> Msg.getMsg: NOT found: Load New Report Definition [47]
-----------> Msg.getMsg: NOT found: Load New Report Definition [47]
-----------> Msg.getMsg: NOT found: Please save changes before closing [47]
===========> InfoOrderPanel.readLine: SELECT o.C_Order_ID, (SELECT Name FROM C_BPartner bp WHERE bp.C_BPartner_ID=o.C_BPartner_ID), o.DateOrdered, o.DocumentNo, (SELECT ISO_Code FROM C_Currency c WHERE c.C_Currency_ID=o.C_Currency_ID), o.GrandTotal, currencyBase(o.GrandTotal,o.C_Currency_ID,o.DateAcct, o.AD_Client_ID,o.AD_Org_ID), o.IsSOTrx, o.Description, o.POReference, o.IsDelivered, o.docstatus FROM  C_Order o WHERE o.IsActive='Y' AND (o.DocStatus='WP' OR (o.DocStatus='CO' AND EXISTS (SELECT * FROM C_DocType dt WHERE o.C_DocType_ID=dt.C_DocType_ID AND (dt.DocSubTypeSO='SO' OR dt.DocBaseType='POO')) AND EXISTS (SELECT * FROM C_OrderLine ol WHERE o.C_Order_ID=ol.C_Order_ID AND ol.QtyInvoiced<>ol.QtyOrdered))) AND o.IsSOTrx=? AND o.IsDelivered=? AND o.AD_Client_ID IN(0,11) AND o.AD_Org_ID IN(0,11,12,50000,50002,50001,50004,50006,50005,50007) AND (o.C_Order_ID IS NULL OR o.C_Order_ID NOT IN ( SELECT Record_ID FROM AD_Private_Access WHERE AD_Table_ID = 259 AND AD_User_ID <> 101 AND IsActive = 'Y' )) ORDER BY 2,3,4 [114]
java.sql.SQLException: ORA-29516: Aurora assertion failure: Assertion failure at eox.c:359
Uncaught exception System error:   java/lang/UnsupportedClassVersionError
; State=99999; ErrorCode=29516
	at oracle.jdbc.driver.T4CTTIoer.processError(T4CTTIoer.java:447)
	at oracle.jdbc.driver.T4CTTIoer.processError(T4CTTIoer.java:396)
	at oracle.jdbc.driver.T4C8Oall.processError(T4C8Oall.java:951)
	at oracle.jdbc.driver.T4CTTIfun.receive(T4CTTIfun.java:513)
	at oracle.jdbc.driver.T4CTTIfun.doRPC(T4CTTIfun.java:227)
	at oracle.jdbc.driver.T4C8Oall.doOALL(T4C8Oall.java:531)
	at oracle.jdbc.driver.T4CPreparedStatement.doOall8(T4CPreparedStatement.java:208)
	at oracle.jdbc.driver.T4CPreparedStatement.executeForDescribe(T4CPreparedStatement.java:886)
	at oracle.jdbc.driver.OracleStatement.executeMaybeDescribe(OracleStatement.java:1175)
	at oracle.jdbc.driver.OracleStatement.doExecuteWithTimeout(OracleStatement.java:1296)
	at oracle.jdbc.driver.OraclePreparedStatement.executeInternal(OraclePreparedStatement.java:3613)
	at oracle.jdbc.driver.OraclePreparedStatement.executeQuery(OraclePreparedStatement.java:3657)
	at oracle.jdbc.driver.OraclePreparedStatementWrapper.executeQuery(OraclePreparedStatementWrapper.java:1495)
	at com.mchange.v2.c3p0.impl.NewProxyPreparedStatement.executeQuery(NewProxyPreparedStatement.java:76)
	at sun.reflect.GeneratedMethodAccessor57.invoke(Unknown Source)
	at sun.reflect.DelegatingMethodAccessorImpl.invoke(Unknown Source)
	at java.lang.reflect.Method.invoke(Unknown Source)
	at org.compiere.db.StatementProxy.invoke(StatementProxy.java:100)
	at com.sun.proxy.$Proxy3.executeQuery(Unknown Source)
	at org.adempiere.webui.panel.InfoPanel.readLine(InfoPanel.java:952)
	at org.adempiere.webui.panel.InfoPanel.executeQuery(InfoPanel.java:796)

===========> InfoOrderPanel.readLine: SELECT o.C_Order_ID, (SELECT Name FROM C_BPartner bp WHERE bp.C_BPartner_ID=o.C_BPartner_ID), o.DateOrdered, o.DocumentNo, (SELECT ISO_Code FROM C_Currency c WHERE c.C_Currency_ID=o.C_Currency_ID), o.GrandTotal, currencyBase(o.GrandTotal,o.C_Currency_ID,o.DateAcct, o.AD_Client_ID,o.AD_Org_ID), o.IsSOTrx, o.Description, o.POReference, o.IsDelivered, o.docstatus FROM  C_Order o WHERE o.IsActive='Y' AND (o.DocStatus='WP' OR (o.DocStatus='CO' AND EXISTS (SELECT * FROM C_DocType dt WHERE o.C_DocType_ID=dt.C_DocType_ID AND (dt.DocSubTypeSO='SO' OR dt.DocBaseType='POO')) AND EXISTS (SELECT * FROM C_OrderLine ol WHERE o.C_Order_ID=ol.C_Order_ID AND ol.QtyInvoiced<>ol.QtyOrdered))) AND o.IsSOTrx=? AND o.IsDelivered=? AND o.AD_Client_ID IN(0,11) AND o.AD_Org_ID IN(0,11,12,50000,50002,50001,50004,50006,50005,50007) AND (o.C_Order_ID IS NULL OR o.C_Order_ID NOT IN ( SELECT Record_ID FROM AD_Private_Access WHERE AD_Table_ID = 259 AND AD_User_ID <> 101 AND IsActive = 'Y' )) ORDER BY 2,3,4 [114]
java.sql.SQLException: ORA-29516: Aurora assertion failure: Assertion failure at eox.c:359
Uncaught exception System error:   java/lang/UnsupportedClassVersionError
; State=99999; ErrorCode=29516
	at oracle.jdbc.driver.T4CTTIoer.processError(T4CTTIoer.java:447)
	at oracle.jdbc.driver.T4CTTIoer.processError(T4CTTIoer.java:396)
	at oracle.jdbc.driver.T4C8Oall.processError(T4C8Oall.java:951)
	at oracle.jdbc.driver.T4CTTIfun.receive(T4CTTIfun.java:513)
	at oracle.jdbc.driver.T4CTTIfun.doRPC(T4CTTIfun.java:227)
	at oracle.jdbc.driver.T4C8Oall.doOALL(T4C8Oall.java:531)
	at oracle.jdbc.driver.T4CPreparedStatement.doOall8(T4CPreparedStatement.java:208)
	at oracle.jdbc.driver.T4CPreparedStatement.executeForDescribe(T4CPreparedStatement.java:886)
	at oracle.jdbc.driver.OracleStatement.executeMaybeDescribe(OracleStatement.java:1175)
	at oracle.jdbc.driver.OracleStatement.doExecuteWithTimeout(OracleStatement.java:1296)
	at oracle.jdbc.driver.OraclePreparedStatement.executeInternal(OraclePreparedStatement.java:3613)
	at oracle.jdbc.driver.OraclePreparedStatement.executeQuery(OraclePreparedStatement.java:3657)
	at oracle.jdbc.driver.OraclePreparedStatementWrapper.executeQuery(OraclePreparedStatementWrapper.java:1495)
	at com.mchange.v2.c3p0.impl.NewProxyPreparedStatement.executeQuery(NewProxyPreparedStatement.java:76)
	at sun.reflect.GeneratedMethodAccessor57.invoke(Unknown Source)
	at sun.reflect.DelegatingMethodAccessorImpl.invoke(Unknown Source)
	at java.lang.reflect.Method.invoke(Unknown Source)
	at org.compiere.db.StatementProxy.invoke(StatementProxy.java:100)
	at com.sun.proxy.$Proxy3.executeQuery(Unknown Source)
	at org.adempiere.webui.panel.InfoPanel.readLine(InfoPanel.java:952)
	at org.adempiere.webui.panel.InfoPanel.renderItems(InfoPanel.java:876)

===========> InfoOrderPanel.readLine: SELECT o.C_Order_ID, (SELECT Name FROM C_BPartner bp WHERE bp.C_BPartner_ID=o.C_BPartner_ID), o.DateOrdered, o.DocumentNo, (SELECT ISO_Code FROM C_Currency c WHERE c.C_Currency_ID=o.C_Currency_ID), o.GrandTotal, currencyBase(o.GrandTotal,o.C_Currency_ID,o.DateAcct, o.AD_Client_ID,o.AD_Org_ID), o.IsSOTrx, o.Description, o.POReference, o.IsDelivered, o.docstatus FROM  C_Order o WHERE o.IsActive='Y' AND (o.DocStatus='WP' OR (o.DocStatus='CO' AND EXISTS (SELECT * FROM C_DocType dt WHERE o.C_DocType_ID=dt.C_DocType_ID AND (dt.DocSubTypeSO='SO' OR dt.DocBaseType='POO')) AND EXISTS (SELECT * FROM C_OrderLine ol WHERE o.C_Order_ID=ol.C_Order_ID AND ol.QtyInvoiced<>ol.QtyOrdered))) AND o.IsSOTrx=? AND o.IsDelivered=? AND o.AD_Client_ID IN(0,11) AND o.AD_Org_ID IN(0,11,12,50000,50002,50001,50004,50006,50005,50007) AND (o.C_Order_ID IS NULL OR o.C_Order_ID NOT IN ( SELECT Record_ID FROM AD_Private_Access WHERE AD_Table_ID = 259 AND AD_User_ID <> 101 AND IsActive = 'Y' )) ORDER BY 2,3,4 [114]
java.sql.SQLException: ORA-29516: Aurora assertion failure: Assertion failure at eox.c:359
Uncaught exception System error:   java/lang/UnsupportedClassVersionError
; State=99999; ErrorCode=29516
	at oracle.jdbc.driver.T4CTTIoer.processError(T4CTTIoer.java:447)
	at oracle.jdbc.driver.T4CTTIoer.processError(T4CTTIoer.java:396)
	at oracle.jdbc.driver.T4C8Oall.processError(T4C8Oall.java:951)
	at oracle.jdbc.driver.T4CTTIfun.receive(T4CTTIfun.java:513)
	at oracle.jdbc.driver.T4CTTIfun.doRPC(T4CTTIfun.java:227)
	at oracle.jdbc.driver.T4C8Oall.doOALL(T4C8Oall.java:531)
	at oracle.jdbc.driver.T4CPreparedStatement.doOall8(T4CPreparedStatement.java:208)
	at oracle.jdbc.driver.T4CPreparedStatement.executeForDescribe(T4CPreparedStatement.java:886)
	at oracle.jdbc.driver.OracleStatement.executeMaybeDescribe(OracleStatement.java:1175)
	at oracle.jdbc.driver.OracleStatement.doExecuteWithTimeout(OracleStatement.java:1296)
	at oracle.jdbc.driver.OraclePreparedStatement.executeInternal(OraclePreparedStatement.java:3613)
	at oracle.jdbc.driver.OraclePreparedStatement.executeQuery(OraclePreparedStatement.java:3657)
	at oracle.jdbc.driver.OraclePreparedStatementWrapper.executeQuery(OraclePreparedStatementWrapper.java:1495)
	at com.mchange.v2.c3p0.impl.NewProxyPreparedStatement.executeQuery(NewProxyPreparedStatement.java:76)
	at sun.reflect.GeneratedMethodAccessor57.invoke(Unknown Source)
	at sun.reflect.DelegatingMethodAccessorImpl.invoke(Unknown Source)
	at java.lang.reflect.Method.invoke(Unknown Source)
	at org.compiere.db.StatementProxy.invoke(StatementProxy.java:100)
	at com.sun.proxy.$Proxy3.executeQuery(Unknown Source)
	at org.adempiere.webui.panel.InfoPanel.readLine(InfoPanel.java:952)
	at org.adempiere.webui.panel.InfoPanel.executeQuery(InfoPanel.java:796)

===========> InfoOrderPanel.readLine: SELECT o.C_Order_ID, (SELECT Name FROM C_BPartner bp WHERE bp.C_BPartner_ID=o.C_BPartner_ID), o.DateOrdered, o.DocumentNo, (SELECT ISO_Code FROM C_Currency c WHERE c.C_Currency_ID=o.C_Currency_ID), o.GrandTotal, currencyBase(o.GrandTotal,o.C_Currency_ID,o.DateAcct, o.AD_Client_ID,o.AD_Org_ID), o.IsSOTrx, o.Description, o.POReference, o.IsDelivered, o.docstatus FROM  C_Order o WHERE o.IsActive='Y' AND (o.DocStatus='WP' OR (o.DocStatus='CO' AND EXISTS (SELECT * FROM C_DocType dt WHERE o.C_DocType_ID=dt.C_DocType_ID AND (dt.DocSubTypeSO='SO' OR dt.DocBaseType='POO')) AND EXISTS (SELECT * FROM C_OrderLine ol WHERE o.C_Order_ID=ol.C_Order_ID AND ol.QtyInvoiced<>ol.QtyOrdered))) AND o.IsSOTrx=? AND o.IsDelivered=? AND o.AD_Client_ID IN(0,11) AND o.AD_Org_ID IN(0,11,12,50000,50002,50001,50004,50006,50005,50007) AND (o.C_Order_ID IS NULL OR o.C_Order_ID NOT IN ( SELECT Record_ID FROM AD_Private_Access WHERE AD_Table_ID = 259 AND AD_User_ID <> 101 AND IsActive = 'Y' )) ORDER BY 2,3,4 [114]
java.sql.SQLException: ORA-29516: Aurora assertion failure: Assertion failure at eox.c:359
Uncaught exception System error:   java/lang/UnsupportedClassVersionError
; State=99999; ErrorCode=29516
	at oracle.jdbc.driver.T4CTTIoer.processError(T4CTTIoer.java:447)
	at oracle.jdbc.driver.T4CTTIoer.processError(T4CTTIoer.java:396)
	at oracle.jdbc.driver.T4C8Oall.processError(T4C8Oall.java:951)
	at oracle.jdbc.driver.T4CTTIfun.receive(T4CTTIfun.java:513)
	at oracle.jdbc.driver.T4CTTIfun.doRPC(T4CTTIfun.java:227)
	at oracle.jdbc.driver.T4C8Oall.doOALL(T4C8Oall.java:531)
	at oracle.jdbc.driver.T4CPreparedStatement.doOall8(T4CPreparedStatement.java:208)
	at oracle.jdbc.driver.T4CPreparedStatement.executeForDescribe(T4CPreparedStatement.java:886)
	at oracle.jdbc.driver.OracleStatement.executeMaybeDescribe(OracleStatement.java:1175)
	at oracle.jdbc.driver.OracleStatement.doExecuteWithTimeout(OracleStatement.java:1296)
	at oracle.jdbc.driver.OraclePreparedStatement.executeInternal(OraclePreparedStatement.java:3613)
	at oracle.jdbc.driver.OraclePreparedStatement.executeQuery(OraclePreparedStatement.java:3657)
	at oracle.jdbc.driver.OraclePreparedStatementWrapper.executeQuery(OraclePreparedStatementWrapper.java:1495)
	at com.mchange.v2.c3p0.impl.NewProxyPreparedStatement.executeQuery(NewProxyPreparedStatement.java:76)
	at sun.reflect.GeneratedMethodAccessor57.invoke(Unknown Source)
	at sun.reflect.DelegatingMethodAccessorImpl.invoke(Unknown Source)
	at java.lang.reflect.Method.invoke(Unknown Source)
	at org.compiere.db.StatementProxy.invoke(StatementProxy.java:100)
	at com.sun.proxy.$Proxy3.executeQuery(Unknown Source)
	at org.adempiere.webui.panel.InfoPanel.readLine(InfoPanel.java:952)
	at org.adempiere.webui.panel.InfoPanel.renderItems(InfoPanel.java:876)

-----------> Msg.getMsg: NOT found: Please save changes before closing [114]
