*** 2018-07-16 16:18:39.621 Adempiere Log (CLogFile) ***
16:18:39.621 Adempiere.startup: ADempiere(r) Release 3.9.0_2017-08-01 -Smart Suite ERP,CRM and SCM- (c) 1999-2017 ADempiere(r); Implementation: ADempiere - Supported by ADempiere community [13]
16:18:39.622 Ini.loadProperties: D:\Ayaz\Ayaz_NBP_PC_Backup\AdempiereTemplate39\Adempiere.properties #37 [13]
-----------> MIssue.set_Value: SourceClassName - Value too long - truncated to length=60 [47]
===========> DB.executeUpdate: INSERT INTO AD_Tree_Favorite (AD_Client_ID,AD_Org_ID,AD_Role_ID,AD_Tree_Favorite_ID,Created,CreatedBy,IsActive,Updated,UpdatedBy) VALUES (0,0,0,1000172,TO_DATE('2018-07-16 16:19:02','YYYY-MM-DD HH24:MI:SS'),0,'Y',TO_DATE('2018-07-16 16:19:02','YYYY-MM-DD HH24:MI:SS'),0) [POSave_fdea26e3-5128-42f2-baf0-0d8642af1a5a] [47]
java.sql.SQLIntegrityConstraintViolationException: ORA-01400: cannot insert NULL into ("CARSDEV"."AD_TREE_FAVORITE"."AD_USER_ID")
; State=23000; ErrorCode=1400
	at oracle.jdbc.driver.T4CTTIoer.processError(T4CTTIoer.java:447)
	at oracle.jdbc.driver.T4CTTIoer.processError(T4CTTIoer.java:396)
	at oracle.jdbc.driver.T4C8Oall.processError(T4C8Oall.java:951)
	at oracle.jdbc.driver.T4CTTIfun.receive(T4CTTIfun.java:513)
	at oracle.jdbc.driver.T4CTTIfun.doRPC(T4CTTIfun.java:227)
	at oracle.jdbc.driver.T4C8Oall.doOALL(T4C8Oall.java:531)
	at oracle.jdbc.driver.T4CPreparedStatement.doOall8(T4CPreparedStatement.java:208)
	at oracle.jdbc.driver.T4CPreparedStatement.executeForRows(T4CPreparedStatement.java:1046)
	at oracle.jdbc.driver.OracleStatement.doExecuteWithTimeout(OracleStatement.java:1336)
	at oracle.jdbc.driver.OracleStatement.doScrollExecuteCommon(OracleStatement.java:4709)
	at oracle.jdbc.driver.OraclePreparedStatement.doScrollPstmtExecuteUpdate(OraclePreparedStatement.java:10613)
	at oracle.jdbc.driver.OraclePreparedStatement.executeInternal(OraclePreparedStatement.java:3611)
	at oracle.jdbc.driver.OraclePreparedStatement.executeUpdate(OraclePreparedStatement.java:3694)
	at oracle.jdbc.driver.OraclePreparedStatementWrapper.executeUpdate(OraclePreparedStatementWrapper.java:1354)
	at com.mchange.v2.c3p0.impl.NewProxyPreparedStatement.executeUpdate(NewProxyPreparedStatement.java:105)
	at sun.reflect.NativeMethodAccessorImpl.invoke0(Native Method)
	at sun.reflect.NativeMethodAccessorImpl.invoke(Unknown Source)
	at sun.reflect.DelegatingMethodAccessorImpl.invoke(Unknown Source)
	at java.lang.reflect.Method.invoke(Unknown Source)
	at org.compiere.db.StatementProxy.invoke(StatementProxy.java:100)
	at com.sun.proxy.$Proxy3.executeUpdate(Unknown Source)
	at org.compiere.util.DB.executeUpdate(DB.java:1046)
	at org.compiere.util.DB.executeUpdate(DB.java:908)
	at org.compiere.util.DB.executeUpdate(DB.java:895)
	at org.compiere.model.PO.saveNew(PO.java:2865)
	at org.compiere.model.PO.save(PO.java:2195)

===========> DB.saveError: DBExecuteError - ORA-01400: cannot insert NULL into ("CARSDEV"."AD_TREE_FAVORITE"."AD_USER_ID")
 [47]
-----------> MTreeFavorite.saveNew: [POSave_fdea26e3-5128-42f2-baf0-0d8642af1a5a]Not inserted - AD_Tree_Favorite [47]
-----------> DefaultDesktop.createHomeTab: Failed to create components. zul=/zul/userfavorites.zul [47]
org.adempiere.exceptions.AdempiereException: Could not create Tree.
	at org.adempiere.webui.dashboard.DPUserFavorites.createFavouritesPanel(DPUserFavorites.java:119)
	at org.adempiere.webui.dashboard.DPUserFavorites.<init>(DPUserFavorites.java:63)
	at sun.reflect.NativeConstructorAccessorImpl.newInstance0(Native Method)
	at sun.reflect.NativeConstructorAccessorImpl.newInstance(Unknown Source)
	at sun.reflect.DelegatingConstructorAccessorImpl.newInstance(Unknown Source)
	at java.lang.reflect.Constructor.newInstance(Unknown Source)
	at java.lang.Class.newInstance(Unknown Source)
	at org.zkoss.zk.ui.metainfo.impl.ComponentDefinitionImpl.newInstance(ComponentDefinitionImpl.java:308)
	at org.zkoss.zk.ui.metainfo.impl.ComponentDefinitionImpl.newInstance(ComponentDefinitionImpl.java:296)
	at org.zkoss.zk.ui.metainfo.ComponentInfo.newInstance(ComponentInfo.java:664)
	at org.zkoss.zk.ui.impl.AbstractUiFactory.newComponent(AbstractUiFactory.java:90)
	at org.zkoss.zk.ui.impl.UiEngineImpl.execCreateChild0(UiEngineImpl.java:616)
	at org.zkoss.zk.ui.impl.UiEngineImpl.execCreateChild(UiEngineImpl.java:587)
	at org.zkoss.zk.ui.impl.UiEngineImpl.execCreate0(UiEngineImpl.java:531)
	at org.zkoss.zk.ui.impl.UiEngineImpl.execCreate(UiEngineImpl.java:498)
	at org.zkoss.zk.ui.impl.UiEngineImpl.createComponents(UiEngineImpl.java:819)
	at org.zkoss.zk.ui.impl.AbstractExecution.createComponents(AbstractExecution.java:189)
	at org.zkoss.zk.ui.Executions.createComponents(Executions.java:177)
	at org.adempiere.webui.desktop.DefaultDesktop.createHomeTab(DefaultDesktop.java:380)
	at org.adempiere.webui.desktop.DefaultDesktop.doCreatePart(DefaultDesktop.java:162)
	at org.adempiere.webui.part.AbstractUIPart.createPart(AbstractUIPart.java:41)

-----------> Msg.getMsg: NOT found: InfoBranch [47]
===========> MLookupFactory.getLookup_TableDir: No Identifier records found: EW_GREETING_ID [47]
===========> MLookupFactory.getLookupInfo: No SQL - EW_GREETING_ID [47]
-----------> MRecentItem.addMenuOption: AD_User_ID is mandatory. [47]
-----------> MRecentItem.addMenuOption: AD_User_ID is mandatory. [47]
-----------> MRecentItem.addWindowChange: AD_User_ID is mandatory. [47]
-----------> MRecentItem.addWindowChange: AD_User_ID is mandatory. [63]
-----------> MRecentItem.addWindowChange: AD_User_ID is mandatory. [47]
-----------> MRecentItem.addWindowChange: AD_User_ID is mandatory. [63]
-----------> MRecentItem.addWindowChange: AD_User_ID is mandatory. [47]
-----------> MRecentItem.addWindowChange: AD_User_ID is mandatory. [63]
===========> MLookupFactory.getLookup_TableDir: No Identifier records found: EW_GREETING_ID [47]
===========> MLookupFactory.getLookupInfo: No SQL - EW_GREETING_ID [47]
-----------> MRecentItem.addMenuOption: AD_User_ID is mandatory. [47]
-----------> MRecentItem.addWindowChange: AD_User_ID is mandatory. [63]
-----------> MRecentItem.addWindowChange: AD_User_ID is mandatory. [63]
===========> MLookupFactory.getLookup_TableDir: No Identifier records found: EW_GREETING_ID [47]
===========> MLookupFactory.getLookupInfo: No SQL - EW_GREETING_ID [47]
-----------> MRecentItem.addMenuOption: AD_User_ID is mandatory. [47]
-----------> MRecentItem.addWindowChange: AD_User_ID is mandatory. [63]
-----------> MRecentItem.addWindowChange: AD_User_ID is mandatory. [63]
-----------> MRecentItem.addWindowChange: AD_User_ID is mandatory. [47]
-----------> MRecentItem.addWindowChange: AD_User_ID is mandatory. [63]
-----------> MRecentItem.addWindowChange: AD_User_ID is mandatory. [47]
===========> MLookupFactory.getLookup_TableDir: No Identifier records found: EW_GREETING_ID [63]
===========> MLookupFactory.getLookupInfo: No SQL - EW_GREETING_ID [63]
-----------> MRecentItem.addMenuOption: AD_User_ID is mandatory. [63]
-----------> MRecentItem.addMenuOption: AD_User_ID is mandatory. [63]
===========> MLookupFactory.getLookup_TableDir: No Identifier records found: EW_GREETING_ID [63]
===========> MLookupFactory.getLookupInfo: No SQL - EW_GREETING_ID [63]
-----------> MRecentItem.addMenuOption: AD_User_ID is mandatory. [63]
-----------> MRecentItem.addWindowChange: AD_User_ID is mandatory. [63]
-----------> MRecentItem.addWindowChange: AD_User_ID is mandatory. [47]
-----------> MRecentItem.addWindowChange: AD_User_ID is mandatory. [63]
-----------> MRecentItem.addWindowChange: AD_User_ID is mandatory. [47]
-----------> MRecentItem.addWindowChange: AD_User_ID is mandatory. [63]
-----------> MRecentItem.addWindowChange: AD_User_ID is mandatory. [47]
===========> MLookupFactory.getLookup_TableDir: No Identifier records found: EW_GREETING_ID [47]
===========> MLookupFactory.getLookupInfo: No SQL - EW_GREETING_ID [47]
-----------> MRecentItem.addMenuOption: AD_User_ID is mandatory. [47]
-----------> MRecentItem.addWindowChange: AD_User_ID is mandatory. [63]
-----------> MRecentItem.addWindowChange: AD_User_ID is mandatory. [47]
-----------> MRecentItem.addWindowChange: AD_User_ID is mandatory. [63]
-----------> MRecentItem.addWindowChange: AD_User_ID is mandatory. [47]
-----------> MRecentItem.addWindowChange: AD_User_ID is mandatory. [63]
===========> MLookupFactory.getLookup_TableDir: No Identifier records found: EW_GREETING_ID [47]
===========> MLookupFactory.getLookupInfo: No SQL - EW_GREETING_ID [47]
-----------> MRecentItem.addMenuOption: AD_User_ID is mandatory. [47]
===========> MLookupFactory.getLookup_TableDir: No Identifier records found: EW_GREETING_ID [63]
===========> MLookupFactory.getLookupInfo: No SQL - EW_GREETING_ID [63]
-----------> MRecentItem.addMenuOption: AD_User_ID is mandatory. [63]
-----------> GridField.getDefault: (SeqNo) - Default SQL variable parse failed: @SQL=SELECT COALESCE(MAX(SeqNo),0)+10 AS DefaultValue FROM AD_Tab WHERE AD_Window_ID=@AD_Window_ID@ [63]
-----------> MRecentItem.addWindowChange: AD_User_ID is mandatory. [63]
-----------> GridField.getDefault: (SeqNo) - Default SQL variable parse failed: @SQL=SELECT NVL(MAX(SeqNo),0)+10 AS DefaultValue FROM AD_Field WHERE AD_Tab_ID=@AD_Tab_ID@ [47]
-----------> GridField.getDefault: (SeqNoGrid) - Default SQL variable parse failed: @SQL=SELECT NVL(MAX(SeqNo),0)+10 AS DefaultValue FROM AD_Field WHERE AD_Tab_ID=@AD_Tab_ID@ [47]
-----------> GridField.getDefault: (SeqNo) - Default SQL variable parse failed: @SQL=SELECT NVL(MAX(SeqNo),0)+10 AS DefaultValue FROM AD_Field WHERE AD_Tab_ID=@AD_Tab_ID@ [47]
-----------> GridField.getDefault: (SeqNoGrid) - Default SQL variable parse failed: @SQL=SELECT NVL(MAX(SeqNo),0)+10 AS DefaultValue FROM AD_Field WHERE AD_Tab_ID=@AD_Tab_ID@ [47]
-----------> GridField.getDefault: (SeqNo) - Default SQL variable parse failed: @SQL=SELECT NVL(MAX(SeqNo),0)+10 AS DefaultValue FROM AD_Field WHERE AD_Tab_ID=@AD_Tab_ID@ [47]
-----------> GridField.getDefault: (SeqNoGrid) - Default SQL variable parse failed: @SQL=SELECT NVL(MAX(SeqNo),0)+10 AS DefaultValue FROM AD_Field WHERE AD_Tab_ID=@AD_Tab_ID@ [47]
-----------> GridField.getDefault: (SeqNo) - Default SQL variable parse failed: @SQL=SELECT NVL(MAX(SeqNo),0)+10 AS DefaultValue FROM AD_Field WHERE AD_Tab_ID=@AD_Tab_ID@ [47]
-----------> GridField.getDefault: (SeqNoGrid) - Default SQL variable parse failed: @SQL=SELECT NVL(MAX(SeqNo),0)+10 AS DefaultValue FROM AD_Field WHERE AD_Tab_ID=@AD_Tab_ID@ [47]
-----------> GridField.getDefault: (SeqNo) - Default SQL variable parse failed: @SQL=SELECT NVL(MAX(SeqNo),0)+10 AS DefaultValue FROM AD_Field WHERE AD_Tab_ID=@AD_Tab_ID@ [47]
-----------> GridField.getDefault: (SeqNoGrid) - Default SQL variable parse failed: @SQL=SELECT NVL(MAX(SeqNo),0)+10 AS DefaultValue FROM AD_Field WHERE AD_Tab_ID=@AD_Tab_ID@ [47]
-----------> GridField.getDefault: (SeqNo) - Default SQL variable parse failed: @SQL=SELECT NVL(MAX(SeqNo),0)+10 AS DefaultValue FROM AD_Field WHERE AD_Tab_ID=@AD_Tab_ID@ [47]
-----------> GridField.getDefault: (SeqNoGrid) - Default SQL variable parse failed: @SQL=SELECT NVL(MAX(SeqNo),0)+10 AS DefaultValue FROM AD_Field WHERE AD_Tab_ID=@AD_Tab_ID@ [47]
-----------> GridField.getDefault: (SeqNo) - Default SQL variable parse failed: @SQL=SELECT NVL(MAX(SeqNo),0)+10 AS DefaultValue FROM AD_Field WHERE AD_Tab_ID=@AD_Tab_ID@ [47]
-----------> GridField.getDefault: (SeqNoGrid) - Default SQL variable parse failed: @SQL=SELECT NVL(MAX(SeqNo),0)+10 AS DefaultValue FROM AD_Field WHERE AD_Tab_ID=@AD_Tab_ID@ [47]
-----------> GridField.getDefault: (SeqNo) - Default SQL variable parse failed: @SQL=SELECT NVL(MAX(SeqNo),0)+10 AS DefaultValue FROM AD_Field WHERE AD_Tab_ID=@AD_Tab_ID@ [47]
-----------> GridField.getDefault: (SeqNoGrid) - Default SQL variable parse failed: @SQL=SELECT NVL(MAX(SeqNo),0)+10 AS DefaultValue FROM AD_Field WHERE AD_Tab_ID=@AD_Tab_ID@ [47]
-----------> GridField.getDefault: (SeqNo) - Default SQL variable parse failed: @SQL=SELECT NVL(MAX(SeqNo),0)+10 AS DefaultValue FROM AD_Field WHERE AD_Tab_ID=@AD_Tab_ID@ [47]
-----------> GridField.getDefault: (SeqNoGrid) - Default SQL variable parse failed: @SQL=SELECT NVL(MAX(SeqNo),0)+10 AS DefaultValue FROM AD_Field WHERE AD_Tab_ID=@AD_Tab_ID@ [47]
-----------> GridField.getDefault: (SeqNo) - Default SQL variable parse failed: @SQL=SELECT NVL(MAX(SeqNo),0)+10 AS DefaultValue FROM AD_Field WHERE AD_Tab_ID=@AD_Tab_ID@ [47]
-----------> GridField.getDefault: (SeqNoGrid) - Default SQL variable parse failed: @SQL=SELECT NVL(MAX(SeqNo),0)+10 AS DefaultValue FROM AD_Field WHERE AD_Tab_ID=@AD_Tab_ID@ [47]
-----------> GridField.getDefault: (SeqNo) - Default SQL variable parse failed: @SQL=SELECT NVL(MAX(SeqNo),0)+10 AS DefaultValue FROM AD_Field WHERE AD_Tab_ID=@AD_Tab_ID@ [47]
-----------> GridField.getDefault: (SeqNoGrid) - Default SQL variable parse failed: @SQL=SELECT NVL(MAX(SeqNo),0)+10 AS DefaultValue FROM AD_Field WHERE AD_Tab_ID=@AD_Tab_ID@ [47]
-----------> GridField.getDefault: (SeqNo) - Default SQL variable parse failed: @SQL=SELECT NVL(MAX(SeqNo),0)+10 AS DefaultValue FROM AD_Field WHERE AD_Tab_ID=@AD_Tab_ID@ [47]
-----------> GridField.getDefault: (SeqNoGrid) - Default SQL variable parse failed: @SQL=SELECT NVL(MAX(SeqNo),0)+10 AS DefaultValue FROM AD_Field WHERE AD_Tab_ID=@AD_Tab_ID@ [47]
-----------> GridField.getDefault: (SeqNo) - Default SQL variable parse failed: @SQL=SELECT NVL(MAX(SeqNo),0)+10 AS DefaultValue FROM AD_Field WHERE AD_Tab_ID=@AD_Tab_ID@ [47]
-----------> GridField.getDefault: (SeqNoGrid) - Default SQL variable parse failed: @SQL=SELECT NVL(MAX(SeqNo),0)+10 AS DefaultValue FROM AD_Field WHERE AD_Tab_ID=@AD_Tab_ID@ [47]
-----------> Msg.getMsg: NOT found: Window, Tab & Field  Addresses  System (System Administrator) @ System.* [MyAppsServer{localhost-orcl-carsdev}] [47]
-----------> MRecentItem.addWindowChange: AD_User_ID is mandatory. [47]
-----------> MRecentItem.addWindowChange: AD_User_ID is mandatory. [63]
-----------> MRecentItem.addWindowChange: AD_User_ID is mandatory. [47]
-----------> MRecentItem.addWindowChange: AD_User_ID is mandatory. [63]
===========> MLookupFactory.getLookup_TableDir: No Identifier records found: EW_GREETING_ID [47]
===========> MLookupFactory.getLookupInfo: No SQL - EW_GREETING_ID [47]
-----------> MRecentItem.addMenuOption: AD_User_ID is mandatory. [47]
-----------> Msg.getMsg: NOT found: Please save changes before closing [63]
-----------> MRecentItem.addMenuOption: AD_User_ID is mandatory. [178]
-----------> MRecentItem.addWindowChange: AD_User_ID is mandatory. [63]
-----------> Msg.getMsg: NOT found: Table and Column  LOS LEAD APPLICANT ID  System (System Administrator) @ System.* [MyAppsServer{localhost-orcl-carsdev}] [178]
-----------> MRecentItem.addWindowChange: AD_User_ID is mandatory. [63]
-----------> MRecentItem.addWindowChange: AD_User_ID is mandatory. [178]
===========> MLookupFactory.getLookup_TableDir: No Identifier records found: EW_GREETING_ID [178]
===========> MLookupFactory.getLookupInfo: No SQL - EW_GREETING_ID [178]
-----------> MRecentItem.addMenuOption: AD_User_ID is mandatory. [178]
-----------> Msg.getMsg: NOT found: Please save changes before closing [178]
-----------> MRecentItem.addMenuOption: AD_User_ID is mandatory. [63]
===========> MLookupFactory.getLookup_TableDir: No Identifier records found: EW_GREETING_ID [47]
===========> MLookupFactory.getLookupInfo: No SQL - EW_GREETING_ID [47]
===========> MLookupFactory.getLookup_TableDir: No Identifier records found: EW_ADDRESSTYPE_ID [47]
===========> MLookupFactory.getLookupInfo: No SQL - EW_ADDRESSTYPE_ID [47]
-----------> MRecentItem.addMenuOption: AD_User_ID is mandatory. [47]
-----------> MRecentItem.addMenuOption: AD_User_ID is mandatory. [178]
-----------> MRecentItem.addWindowChange: AD_User_ID is mandatory. [63]
-----------> MRecentItem.addWindowChange: AD_User_ID is mandatory. [63]
-----------> GridField.getDefault: (SeqNo) - Default SQL variable parse failed: @SQL=SELECT NVL(MAX(SeqNo),0)+10 AS DefaultValue FROM AD_Field WHERE AD_Tab_ID=@AD_Tab_ID@ [47]
-----------> GridField.getDefault: (SeqNoGrid) - Default SQL variable parse failed: @SQL=SELECT NVL(MAX(SeqNo),0)+10 AS DefaultValue FROM AD_Field WHERE AD_Tab_ID=@AD_Tab_ID@ [47]
-----------> Msg.getMsg: NOT found: Window, Tab & Field  Applicant  System (System Administrator) @ System.* [MyAppsServer{localhost-orcl-carsdev}] [47]
-----------> MRecentItem.addWindowChange: AD_User_ID is mandatory. [63]
-----------> MRecentItem.addWindowChange: AD_User_ID is mandatory. [63]
-----------> MRecentItem.addMenuOption: AD_User_ID is mandatory. [178]
===========> MLookupFactory.getLookup_TableDir: No Identifier records found: EW_GREETING_ID [47]
===========> MLookupFactory.getLookupInfo: No SQL - EW_GREETING_ID [47]
===========> MLookupFactory.getLookup_TableDir: No Identifier records found: EW_ADDRESSTYPE_ID [47]
===========> MLookupFactory.getLookupInfo: No SQL - EW_ADDRESSTYPE_ID [47]
-----------> MRecentItem.addMenuOption: AD_User_ID is mandatory. [47]
===========> GridTable.open: SELECT AddressLine,EW_GREETING_ID,FIRST_NM,MIDDLE_NM,LAST_NM,Gender,DOB,IsActive,AD_Org_ID,UUID,LOS_LEADAPPLICANT_ID,COLUMN3,AD_Client_ID,LOS_Lead_ID,Created,CreatedBy,Updated,UpdatedBy FROM LOS_LEADAPPLICANT WHERE LOS_LEADAPPLICANT.LOS_Lead_ID=0 AND LOS_LEADAPPLICANT.AD_Client_ID=0 AND LOS_LEADAPPLICANT.AD_Org_ID=0 AND (LOS_LEADAPPLICANT.LOS_LEADAPPLICANT_ID IS NULL OR LOS_LEADAPPLICANT.LOS_LEADAPPLICANT_ID NOT IN ( SELECT Record_ID FROM AD_Private_Access WHERE AD_Table_ID = 1000053 AND AD_User_ID <> 0 AND IsActive = 'Y' )) ORDER BY Created [47]
java.sql.SQLSyntaxErrorException: ORA-00904: "ADDRESSLINE": invalid identifier
; State=42000; ErrorCode=904
	at oracle.jdbc.driver.T4CTTIoer.processError(T4CTTIoer.java:447)
	at oracle.jdbc.driver.T4CTTIoer.processError(T4CTTIoer.java:396)
	at oracle.jdbc.driver.T4C8Oall.processError(T4C8Oall.java:951)
	at oracle.jdbc.driver.T4CTTIfun.receive(T4CTTIfun.java:513)
	at oracle.jdbc.driver.T4CTTIfun.doRPC(T4CTTIfun.java:227)
	at oracle.jdbc.driver.T4C8Oall.doOALL(T4C8Oall.java:531)
	at oracle.jdbc.driver.T4CPreparedStatement.doOall8(T4CPreparedStatement.java:208)
	at oracle.jdbc.driver.T4CPreparedStatement.executeForDescribe(T4CPreparedStatement.java:886)
	at oracle.jdbc.driver.OracleStatement.executeMaybeDescribe(OracleStatement.java:1175)
	at oracle.jdbc.driver.OracleStatement.doExecuteWithTimeout(OracleStatement.java:1296)
	at oracle.jdbc.driver.OraclePreparedStatement.executeInternal(OraclePreparedStatement.java:3613)
	at oracle.jdbc.driver.OraclePreparedStatement.executeQuery(OraclePreparedStatement.java:3657)
	at oracle.jdbc.driver.OraclePreparedStatementWrapper.executeQuery(OraclePreparedStatementWrapper.java:1495)
	at com.mchange.v2.c3p0.impl.NewProxyPreparedStatement.executeQuery(NewProxyPreparedStatement.java:76)
	at sun.reflect.GeneratedMethodAccessor56.invoke(Unknown Source)
	at sun.reflect.DelegatingMethodAccessorImpl.invoke(Unknown Source)
	at java.lang.reflect.Method.invoke(Unknown Source)
	at org.compiere.db.StatementProxy.invoke(StatementProxy.java:100)
	at com.sun.proxy.$Proxy3.executeQuery(Unknown Source)
	at org.compiere.model.GridTable$Loader.open(GridTable.java:3372)
	at org.compiere.model.GridTable.open(GridTable.java:605)
	at org.compiere.model.GridTab.query(GridTab.java:734)
	at org.compiere.model.GridTab.query(GridTab.java:600)

-----------> MRecentItem.addWindowChange: AD_User_ID is mandatory. [178]
-----------> MRecentItem.addWindowChange: AD_User_ID is mandatory. [63]
-----------> Msg.getMsg: NOT found: Please save changes before closing [178]
===========> MLookupFactory.getLookup_TableDir: No Identifier records found: EW_GREETING_ID [47]
===========> MLookupFactory.getLookupInfo: No SQL - EW_GREETING_ID [47]
===========> MLookupFactory.getLookup_TableDir: No Identifier records found: EW_ADDRESSTYPE_ID [47]
===========> MLookupFactory.getLookupInfo: No SQL - EW_ADDRESSTYPE_ID [47]
-----------> MRecentItem.addMenuOption: AD_User_ID is mandatory. [47]
===========> GridTable.open: SELECT EW_GREETING_ID,FIRST_NM,MIDDLE_NM,LAST_NM,Gender,DOB,AddressLine,LOS_Lead_ID,UUID,IsActive,AD_Org_ID,AD_Client_ID,COLUMN3,LOS_LEADAPPLICANT_ID,Created,CreatedBy,Updated,UpdatedBy FROM LOS_LEADAPPLICANT WHERE LOS_LEADAPPLICANT.LOS_Lead_ID=0 AND LOS_LEADAPPLICANT.AD_Client_ID=0 AND LOS_LEADAPPLICANT.AD_Org_ID=0 AND (LOS_LEADAPPLICANT.LOS_LEADAPPLICANT_ID IS NULL OR LOS_LEADAPPLICANT.LOS_LEADAPPLICANT_ID NOT IN ( SELECT Record_ID FROM AD_Private_Access WHERE AD_Table_ID = 1000053 AND AD_User_ID <> 0 AND IsActive = 'Y' )) ORDER BY Created [47]
java.sql.SQLSyntaxErrorException: ORA-00904: "ADDRESSLINE": invalid identifier
; State=42000; ErrorCode=904
	at oracle.jdbc.driver.T4CTTIoer.processError(T4CTTIoer.java:447)
	at oracle.jdbc.driver.T4CTTIoer.processError(T4CTTIoer.java:396)
	at oracle.jdbc.driver.T4C8Oall.processError(T4C8Oall.java:951)
	at oracle.jdbc.driver.T4CTTIfun.receive(T4CTTIfun.java:513)
	at oracle.jdbc.driver.T4CTTIfun.doRPC(T4CTTIfun.java:227)
	at oracle.jdbc.driver.T4C8Oall.doOALL(T4C8Oall.java:531)
	at oracle.jdbc.driver.T4CPreparedStatement.doOall8(T4CPreparedStatement.java:208)
	at oracle.jdbc.driver.T4CPreparedStatement.executeForDescribe(T4CPreparedStatement.java:886)
	at oracle.jdbc.driver.OracleStatement.executeMaybeDescribe(OracleStatement.java:1175)
	at oracle.jdbc.driver.OracleStatement.doExecuteWithTimeout(OracleStatement.java:1296)
	at oracle.jdbc.driver.OraclePreparedStatement.executeInternal(OraclePreparedStatement.java:3613)
	at oracle.jdbc.driver.OraclePreparedStatement.executeQuery(OraclePreparedStatement.java:3657)
	at oracle.jdbc.driver.OraclePreparedStatementWrapper.executeQuery(OraclePreparedStatementWrapper.java:1495)
	at com.mchange.v2.c3p0.impl.NewProxyPreparedStatement.executeQuery(NewProxyPreparedStatement.java:76)
	at sun.reflect.GeneratedMethodAccessor56.invoke(Unknown Source)
	at sun.reflect.DelegatingMethodAccessorImpl.invoke(Unknown Source)
	at java.lang.reflect.Method.invoke(Unknown Source)
	at org.compiere.db.StatementProxy.invoke(StatementProxy.java:100)
	at com.sun.proxy.$Proxy3.executeQuery(Unknown Source)
	at org.compiere.model.GridTable$Loader.open(GridTable.java:3372)
	at org.compiere.model.GridTable.open(GridTable.java:605)
	at org.compiere.model.GridTab.query(GridTab.java:734)
	at org.compiere.model.GridTab.query(GridTab.java:600)

-----------> Msg.getMsg: NOT found: Please save changes before closing [178]
-----------> MRecentItem.addMenuOption: AD_User_ID is mandatory. [178]
===========> MLookupFactory.getLookup_TableDir: No Identifier records found: EW_GREETING_ID [178]
===========> MLookupFactory.getLookupInfo: No SQL - EW_GREETING_ID [178]
===========> MLookupFactory.getLookup_TableDir: No Identifier records found: EW_ADDRESSTYPE_ID [178]
===========> MLookupFactory.getLookupInfo: No SQL - EW_ADDRESSTYPE_ID [178]
-----------> MRecentItem.addMenuOption: AD_User_ID is mandatory. [178]
===========> GridTable.open: SELECT EW_GREETING_ID,FIRST_NM,MIDDLE_NM,LAST_NM,Gender,DOB,AddressLine,LOS_Lead_ID,UUID,IsActive,AD_Org_ID,AD_Client_ID,COLUMN3,LOS_LEADAPPLICANT_ID,Created,CreatedBy,Updated,UpdatedBy FROM LOS_LEADAPPLICANT WHERE LOS_LEADAPPLICANT.LOS_Lead_ID=0 AND LOS_LEADAPPLICANT.AD_Client_ID=0 AND LOS_LEADAPPLICANT.AD_Org_ID=0 AND (LOS_LEADAPPLICANT.LOS_LEADAPPLICANT_ID IS NULL OR LOS_LEADAPPLICANT.LOS_LEADAPPLICANT_ID NOT IN ( SELECT Record_ID FROM AD_Private_Access WHERE AD_Table_ID = 1000053 AND AD_User_ID <> 0 AND IsActive = 'Y' )) ORDER BY Created [178]
java.sql.SQLSyntaxErrorException: ORA-00904: "ADDRESSLINE": invalid identifier
; State=42000; ErrorCode=904
	at oracle.jdbc.driver.T4CTTIoer.processError(T4CTTIoer.java:447)
	at oracle.jdbc.driver.T4CTTIoer.processError(T4CTTIoer.java:396)
	at oracle.jdbc.driver.T4C8Oall.processError(T4C8Oall.java:951)
	at oracle.jdbc.driver.T4CTTIfun.receive(T4CTTIfun.java:513)
	at oracle.jdbc.driver.T4CTTIfun.doRPC(T4CTTIfun.java:227)
	at oracle.jdbc.driver.T4C8Oall.doOALL(T4C8Oall.java:531)
	at oracle.jdbc.driver.T4CPreparedStatement.doOall8(T4CPreparedStatement.java:208)
	at oracle.jdbc.driver.T4CPreparedStatement.executeForDescribe(T4CPreparedStatement.java:886)
	at oracle.jdbc.driver.OracleStatement.executeMaybeDescribe(OracleStatement.java:1175)
	at oracle.jdbc.driver.OracleStatement.doExecuteWithTimeout(OracleStatement.java:1296)
	at oracle.jdbc.driver.OraclePreparedStatement.executeInternal(OraclePreparedStatement.java:3613)
	at oracle.jdbc.driver.OraclePreparedStatement.executeQuery(OraclePreparedStatement.java:3657)
	at oracle.jdbc.driver.OraclePreparedStatementWrapper.executeQuery(OraclePreparedStatementWrapper.java:1495)
	at com.mchange.v2.c3p0.impl.NewProxyPreparedStatement.executeQuery(NewProxyPreparedStatement.java:76)
	at sun.reflect.GeneratedMethodAccessor56.invoke(Unknown Source)
	at sun.reflect.DelegatingMethodAccessorImpl.invoke(Unknown Source)
	at java.lang.reflect.Method.invoke(Unknown Source)
	at org.compiere.db.StatementProxy.invoke(StatementProxy.java:100)
	at com.sun.proxy.$Proxy3.executeQuery(Unknown Source)
	at org.compiere.model.GridTable$Loader.open(GridTable.java:3372)
	at org.compiere.model.GridTable.open(GridTable.java:605)
	at org.compiere.model.GridTab.query(GridTab.java:734)
	at org.compiere.model.GridTab.query(GridTab.java:600)

-----------> Msg.translate: NOT found: Branch [63]
-----------> Msg.translate: NOT found: District [63]
-----------> Msg.translate: NOT found: Tehsil [63]
-----------> Msg.getMsg: NOT found: InfoBranch [63]
===========> AccessSqlParser.getTableInfo: Could not remove ON COL_BRANCH b, COL_BR_REGION r ON b.COL_BR_REGION_ID=r.COL_BR_REGION_ID LEFT JOIN COL_DISTRICT d ON b.COL_DISTRICT_ID=d.COL_DISTRICT_ID LEFT JOIN COL_TEHSIL t ON b.COL_TEHSIL_ID=t.COL_TEHSIL_ID [178]
===========> AccessSqlParser.getTableInfo: Could not remove ON COL_BRANCH b, COL_BR_REGION r ON b.COL_BR_REGION_ID=r.COL_BR_REGION_ID LEFT JOIN COL_DISTRICT d ON b.COL_DISTRICT_ID=d.COL_DISTRICT_ID LEFT JOIN COL_TEHSIL t ON b.COL_TEHSIL_ID=t.COL_TEHSIL_ID [178]
-----------> MTable.getClass: No class for table with it entity: LOS_Lead [63]
===========> DB.executeUpdate: INSERT INTO LOS_Lead (AD_Client_ID,AD_Org_ID,BUSINESSSIGMENT,COL_BRANCH_ID,COL_PRIORITY_ID,Created,CreatedBy,IsActive,LEAD_DATE,LOS_Lead_ID,Processed,SOURCE,Updated,UpdatedBy) VALUES (0,0,'10000000',1000923,1000007,TO_DATE('2018-07-16 16:53:03','YYYY-MM-DD HH24:MI:SS'),0,'Y',TO_DATE('2018-07-23','YYYY-MM-DD'),1000000,'N','10000003',TO_DATE('2018-07-16 16:53:03','YYYY-MM-DD HH24:MI:SS'),0) [POSave_51c7e2c5-58d5-44f5-ae7d-5cfa8883ba60] [63]
java.sql.SQLIntegrityConstraintViolationException: ORA-01400: cannot insert NULL into ("CARSDEV"."LOS_LEAD"."UUID")
; State=23000; ErrorCode=1400
	at oracle.jdbc.driver.T4CTTIoer.processError(T4CTTIoer.java:447)
	at oracle.jdbc.driver.T4CTTIoer.processError(T4CTTIoer.java:396)
	at oracle.jdbc.driver.T4C8Oall.processError(T4C8Oall.java:951)
	at oracle.jdbc.driver.T4CTTIfun.receive(T4CTTIfun.java:513)
	at oracle.jdbc.driver.T4CTTIfun.doRPC(T4CTTIfun.java:227)
	at oracle.jdbc.driver.T4C8Oall.doOALL(T4C8Oall.java:531)
	at oracle.jdbc.driver.T4CPreparedStatement.doOall8(T4CPreparedStatement.java:208)
	at oracle.jdbc.driver.T4CPreparedStatement.executeForRows(T4CPreparedStatement.java:1046)
	at oracle.jdbc.driver.OracleStatement.doExecuteWithTimeout(OracleStatement.java:1336)
	at oracle.jdbc.driver.OracleStatement.doScrollExecuteCommon(OracleStatement.java:4709)
	at oracle.jdbc.driver.OraclePreparedStatement.doScrollPstmtExecuteUpdate(OraclePreparedStatement.java:10613)
	at oracle.jdbc.driver.OraclePreparedStatement.executeInternal(OraclePreparedStatement.java:3611)
	at oracle.jdbc.driver.OraclePreparedStatement.executeUpdate(OraclePreparedStatement.java:3694)
	at oracle.jdbc.driver.OraclePreparedStatementWrapper.executeUpdate(OraclePreparedStatementWrapper.java:1354)
	at com.mchange.v2.c3p0.impl.NewProxyPreparedStatement.executeUpdate(NewProxyPreparedStatement.java:105)
	at sun.reflect.GeneratedMethodAccessor61.invoke(Unknown Source)
	at sun.reflect.DelegatingMethodAccessorImpl.invoke(Unknown Source)
	at java.lang.reflect.Method.invoke(Unknown Source)
	at org.compiere.db.StatementProxy.invoke(StatementProxy.java:100)
	at com.sun.proxy.$Proxy3.executeUpdate(Unknown Source)
	at org.compiere.util.DB.executeUpdate(DB.java:1046)
	at org.compiere.util.DB.executeUpdate(DB.java:908)
	at org.compiere.util.DB.executeUpdate(DB.java:895)
	at org.compiere.model.PO.saveNew(PO.java:2865)
	at org.compiere.model.PO.save(PO.java:2195)
	at org.compiere.model.GridTable.dataSavePO(GridTable.java:2139)
	at org.compiere.model.GridTable.dataSave(GridTable.java:1474)
	at org.compiere.model.GridTab.dataSave(GridTab.java:987)

===========> DB.saveError: DBExecuteError - ORA-01400: cannot insert NULL into ("CARSDEV"."LOS_LEAD"."UUID")
 [63]
-----------> GenericPO.saveNew: [POSave_51c7e2c5-58d5-44f5-ae7d-5cfa8883ba60]Not inserted - LOS_Lead [63]
-----------> GridTable.saveWarning: DBExecuteError - ORA-01400: cannot insert NULL into ("CARSDEV"."LOS_LEAD"."UUID")
 [63]
===========> GridTable.open: SELECT EW_GREETING_ID,FIRST_NM,MIDDLE_NM,LAST_NM,Gender,DOB,AddressLine,LOS_Lead_ID,UUID,IsActive,AD_Org_ID,AD_Client_ID,COLUMN3,LOS_LEADAPPLICANT_ID,Created,CreatedBy,Updated,UpdatedBy FROM LOS_LEADAPPLICANT WHERE LOS_LEADAPPLICANT.LOS_Lead_ID=0 AND LOS_LEADAPPLICANT.AD_Client_ID=0 AND LOS_LEADAPPLICANT.AD_Org_ID=0 AND (LOS_LEADAPPLICANT.LOS_LEADAPPLICANT_ID IS NULL OR LOS_LEADAPPLICANT.LOS_LEADAPPLICANT_ID NOT IN ( SELECT Record_ID FROM AD_Private_Access WHERE AD_Table_ID = 1000053 AND AD_User_ID <> 0 AND IsActive = 'Y' )) ORDER BY Created [178]
java.sql.SQLSyntaxErrorException: ORA-00904: "ADDRESSLINE": invalid identifier
; State=42000; ErrorCode=904
	at oracle.jdbc.driver.T4CTTIoer.processError(T4CTTIoer.java:447)
	at oracle.jdbc.driver.T4CTTIoer.processError(T4CTTIoer.java:396)
	at oracle.jdbc.driver.T4C8Oall.processError(T4C8Oall.java:951)
	at oracle.jdbc.driver.T4CTTIfun.receive(T4CTTIfun.java:513)
	at oracle.jdbc.driver.T4CTTIfun.doRPC(T4CTTIfun.java:227)
	at oracle.jdbc.driver.T4C8Oall.doOALL(T4C8Oall.java:531)
	at oracle.jdbc.driver.T4CPreparedStatement.doOall8(T4CPreparedStatement.java:208)
	at oracle.jdbc.driver.T4CPreparedStatement.executeForDescribe(T4CPreparedStatement.java:886)
	at oracle.jdbc.driver.OracleStatement.executeMaybeDescribe(OracleStatement.java:1175)
	at oracle.jdbc.driver.OracleStatement.doExecuteWithTimeout(OracleStatement.java:1296)
	at oracle.jdbc.driver.OraclePreparedStatement.executeInternal(OraclePreparedStatement.java:3613)
	at oracle.jdbc.driver.OraclePreparedStatement.executeQuery(OraclePreparedStatement.java:3657)
	at oracle.jdbc.driver.OraclePreparedStatementWrapper.executeQuery(OraclePreparedStatementWrapper.java:1495)
	at com.mchange.v2.c3p0.impl.NewProxyPreparedStatement.executeQuery(NewProxyPreparedStatement.java:76)
	at sun.reflect.GeneratedMethodAccessor56.invoke(Unknown Source)
	at sun.reflect.DelegatingMethodAccessorImpl.invoke(Unknown Source)
	at java.lang.reflect.Method.invoke(Unknown Source)
	at org.compiere.db.StatementProxy.invoke(StatementProxy.java:100)
	at com.sun.proxy.$Proxy3.executeQuery(Unknown Source)
	at org.compiere.model.GridTable$Loader.open(GridTable.java:3372)
	at org.compiere.model.GridTable.open(GridTable.java:605)
	at org.compiere.model.GridTable.dataRefreshAll(GridTable.java:2851)
	at org.compiere.model.GridTable.dataRefreshAll(GridTable.java:2819)
	at org.compiere.model.GridTab.query(GridTab.java:727)
	at org.compiere.model.GridTab.query(GridTab.java:600)

-----------> MRecentItem.addWindowChange: AD_User_ID is mandatory. [47]
-----------> MRecentItem.addWindowChange: AD_User_ID is mandatory. [47]
-----------> MRecentItem.addMenuOption: AD_User_ID is mandatory. [178]
===========> MLookupFactory.getLookup_TableDir: No Identifier records found: EW_GREETING_ID [63]
===========> MLookupFactory.getLookupInfo: No SQL - EW_GREETING_ID [63]
===========> MLookupFactory.getLookup_TableDir: No Identifier records found: EW_ADDRESSTYPE_ID [63]
===========> MLookupFactory.getLookupInfo: No SQL - EW_ADDRESSTYPE_ID [63]
-----------> MRecentItem.addMenuOption: AD_User_ID is mandatory. [63]
===========> GridTable.open: SELECT EW_GREETING_ID,FIRST_NM,MIDDLE_NM,LAST_NM,Gender,DOB,AddressLine,LOS_Lead_ID,UUID,IsActive,AD_Org_ID,AD_Client_ID,COLUMN3,LOS_LEADAPPLICANT_ID,Created,CreatedBy,Updated,UpdatedBy FROM LOS_LEADAPPLICANT WHERE LOS_LEADAPPLICANT.LOS_Lead_ID=0 AND LOS_LEADAPPLICANT.AD_Client_ID=0 AND LOS_LEADAPPLICANT.AD_Org_ID=0 AND (LOS_LEADAPPLICANT.LOS_LEADAPPLICANT_ID IS NULL OR LOS_LEADAPPLICANT.LOS_LEADAPPLICANT_ID NOT IN ( SELECT Record_ID FROM AD_Private_Access WHERE AD_Table_ID = 1000053 AND AD_User_ID <> 0 AND IsActive = 'Y' )) ORDER BY Created [63]
java.sql.SQLSyntaxErrorException: ORA-00904: "ADDRESSLINE": invalid identifier
; State=42000; ErrorCode=904
	at oracle.jdbc.driver.T4CTTIoer.processError(T4CTTIoer.java:447)
	at oracle.jdbc.driver.T4CTTIoer.processError(T4CTTIoer.java:396)
	at oracle.jdbc.driver.T4C8Oall.processError(T4C8Oall.java:951)
	at oracle.jdbc.driver.T4CTTIfun.receive(T4CTTIfun.java:513)
	at oracle.jdbc.driver.T4CTTIfun.doRPC(T4CTTIfun.java:227)
	at oracle.jdbc.driver.T4C8Oall.doOALL(T4C8Oall.java:531)
	at oracle.jdbc.driver.T4CPreparedStatement.doOall8(T4CPreparedStatement.java:208)
	at oracle.jdbc.driver.T4CPreparedStatement.executeForDescribe(T4CPreparedStatement.java:886)
	at oracle.jdbc.driver.OracleStatement.executeMaybeDescribe(OracleStatement.java:1175)
	at oracle.jdbc.driver.OracleStatement.doExecuteWithTimeout(OracleStatement.java:1296)
	at oracle.jdbc.driver.OraclePreparedStatement.executeInternal(OraclePreparedStatement.java:3613)
	at oracle.jdbc.driver.OraclePreparedStatement.executeQuery(OraclePreparedStatement.java:3657)
	at oracle.jdbc.driver.OraclePreparedStatementWrapper.executeQuery(OraclePreparedStatementWrapper.java:1495)
	at com.mchange.v2.c3p0.impl.NewProxyPreparedStatement.executeQuery(NewProxyPreparedStatement.java:76)
	at sun.reflect.GeneratedMethodAccessor74.invoke(Unknown Source)
	at sun.reflect.DelegatingMethodAccessorImpl.invoke(Unknown Source)
	at java.lang.reflect.Method.invoke(Unknown Source)
	at org.compiere.db.StatementProxy.invoke(StatementProxy.java:100)
	at com.sun.proxy.$Proxy3.executeQuery(Unknown Source)
	at org.compiere.model.GridTable$Loader.open(GridTable.java:3372)
	at org.compiere.model.GridTable.open(GridTable.java:605)
	at org.compiere.model.GridTab.query(GridTab.java:734)
	at org.compiere.model.GridTab.query(GridTab.java:600)

===========> CWindowToolbar.doOnClick: Could not invoke Toolbar listener method: onIgnore() [63]
java.lang.reflect.InvocationTargetException
	at sun.reflect.NativeMethodAccessorImpl.invoke0(Native Method)
	at sun.reflect.NativeMethodAccessorImpl.invoke(Unknown Source)
	at sun.reflect.DelegatingMethodAccessorImpl.invoke(Unknown Source)
	at java.lang.reflect.Method.invoke(Unknown Source)
	at org.adempiere.webui.component.CWindowToolbar.doOnClick(CWindowToolbar.java:393)
	at org.adempiere.webui.component.CWindowToolbar.onEvent(CWindowToolbar.java:357)
	at org.zkoss.zk.ui.impl.EventProcessor.process0(EventProcessor.java:197)
	at org.zkoss.zk.ui.impl.EventProcessor.process(EventProcessor.java:141)
	at org.zkoss.zk.ui.impl.EventProcessingThreadImpl.process0(EventProcessingThreadImpl.java:519)
	at org.zkoss.zk.ui.impl.EventProcessingThreadImpl.run(EventProcessingThreadImpl.java:446)
caused by: java.lang.NullPointerException
	at org.compiere.model.GridTable.getWhereClause(GridTable.java:2250)
	at org.compiere.model.GridTable.dataRefresh(GridTable.java:2771)
	at org.compiere.model.GridTab.dataRefresh(GridTab.java:963)
	at org.compiere.model.GridTab.dataRefresh(GridTab.java:943)
	at org.adempiere.webui.panel.AbstractADWindowPanel.onIgnore(AbstractADWindowPanel.java:1607)
	at sun.reflect.NativeMethodAccessorImpl.invoke0(Native Method)
	at sun.reflect.NativeMethodAccessorImpl.invoke(Unknown Source)
	at sun.reflect.DelegatingMethodAccessorImpl.invoke(Unknown Source)
	at java.lang.reflect.Method.invoke(Unknown Source)
	at org.adempiere.webui.component.CWindowToolbar.doOnClick(CWindowToolbar.java:393)
	at org.adempiere.webui.component.CWindowToolbar.onEvent(CWindowToolbar.java:357)
	at org.zkoss.zk.ui.impl.EventProcessor.process0(EventProcessor.java:197)
	at org.zkoss.zk.ui.impl.EventProcessor.process(EventProcessor.java:141)
	at org.zkoss.zk.ui.impl.EventProcessingThreadImpl.process0(EventProcessingThreadImpl.java:519)
	at org.zkoss.zk.ui.impl.EventProcessingThreadImpl.run(EventProcessingThreadImpl.java:446)

-----------> Msg.getMsg: NOT found: InfoBranch [178]
===========> AccessSqlParser.getTableInfo: Could not remove ON COL_BRANCH b, COL_BR_REGION r ON b.COL_BR_REGION_ID=r.COL_BR_REGION_ID LEFT JOIN COL_DISTRICT d ON b.COL_DISTRICT_ID=d.COL_DISTRICT_ID LEFT JOIN COL_TEHSIL t ON b.COL_TEHSIL_ID=t.COL_TEHSIL_ID [47]
===========> AccessSqlParser.getTableInfo: Could not remove ON COL_BRANCH b, COL_BR_REGION r ON b.COL_BR_REGION_ID=r.COL_BR_REGION_ID LEFT JOIN COL_DISTRICT d ON b.COL_DISTRICT_ID=d.COL_DISTRICT_ID LEFT JOIN COL_TEHSIL t ON b.COL_TEHSIL_ID=t.COL_TEHSIL_ID [47]
-----------> MTable.getClass: No class for table with it entity: LOS_Lead [63]
===========> DB.executeUpdate: INSERT INTO LOS_Lead (AD_Client_ID,AD_Org_ID,BUSINESSSIGMENT,COL_BRANCH_ID,COL_PRIORITY_ID,Created,CreatedBy,IsActive,LEAD_DATE,LOS_Lead_ID,Processed,Updated,UpdatedBy) VALUES (0,0,'10000000',1000719,1000007,TO_DATE('2018-07-16 16:58:23','YYYY-MM-DD HH24:MI:SS'),0,'Y',TO_DATE('2018-07-16','YYYY-MM-DD'),1000001,'N',TO_DATE('2018-07-16 16:58:23','YYYY-MM-DD HH24:MI:SS'),0) [POSave_dd4d6392-31b5-4e3e-88cd-b1c2361d0d54] [63]
java.sql.SQLIntegrityConstraintViolationException: ORA-01400: cannot insert NULL into ("CARSDEV"."LOS_LEAD"."UUID")
; State=23000; ErrorCode=1400
	at oracle.jdbc.driver.T4CTTIoer.processError(T4CTTIoer.java:447)
	at oracle.jdbc.driver.T4CTTIoer.processError(T4CTTIoer.java:396)
	at oracle.jdbc.driver.T4C8Oall.processError(T4C8Oall.java:951)
	at oracle.jdbc.driver.T4CTTIfun.receive(T4CTTIfun.java:513)
	at oracle.jdbc.driver.T4CTTIfun.doRPC(T4CTTIfun.java:227)
	at oracle.jdbc.driver.T4C8Oall.doOALL(T4C8Oall.java:531)
	at oracle.jdbc.driver.T4CPreparedStatement.doOall8(T4CPreparedStatement.java:208)
	at oracle.jdbc.driver.T4CPreparedStatement.executeForRows(T4CPreparedStatement.java:1046)
	at oracle.jdbc.driver.OracleStatement.doExecuteWithTimeout(OracleStatement.java:1336)
	at oracle.jdbc.driver.OracleStatement.doScrollExecuteCommon(OracleStatement.java:4709)
	at oracle.jdbc.driver.OraclePreparedStatement.doScrollPstmtExecuteUpdate(OraclePreparedStatement.java:10613)
	at oracle.jdbc.driver.OraclePreparedStatement.executeInternal(OraclePreparedStatement.java:3611)
	at oracle.jdbc.driver.OraclePreparedStatement.executeUpdate(OraclePreparedStatement.java:3694)
	at oracle.jdbc.driver.OraclePreparedStatementWrapper.executeUpdate(OraclePreparedStatementWrapper.java:1354)
	at com.mchange.v2.c3p0.impl.NewProxyPreparedStatement.executeUpdate(NewProxyPreparedStatement.java:105)
	at sun.reflect.NativeMethodAccessorImpl.invoke0(Native Method)
	at sun.reflect.NativeMethodAccessorImpl.invoke(Unknown Source)
	at sun.reflect.DelegatingMethodAccessorImpl.invoke(Unknown Source)
	at java.lang.reflect.Method.invoke(Unknown Source)
	at org.compiere.db.StatementProxy.invoke(StatementProxy.java:100)
	at com.sun.proxy.$Proxy3.executeUpdate(Unknown Source)
	at org.compiere.util.DB.executeUpdate(DB.java:1046)
	at org.compiere.util.DB.executeUpdate(DB.java:908)
	at org.compiere.util.DB.executeUpdate(DB.java:895)
	at org.compiere.model.PO.saveNew(PO.java:2865)
	at org.compiere.model.PO.save(PO.java:2195)
	at org.compiere.model.GridTable.dataSavePO(GridTable.java:2139)
	at org.compiere.model.GridTable.dataSave(GridTable.java:1474)
	at org.compiere.model.GridTab.dataSave(GridTab.java:987)

===========> DB.saveError: DBExecuteError - ORA-01400: cannot insert NULL into ("CARSDEV"."LOS_LEAD"."UUID")
 [63]
-----------> GenericPO.saveNew: [POSave_dd4d6392-31b5-4e3e-88cd-b1c2361d0d54]Not inserted - LOS_Lead [63]
-----------> GridTable.saveWarning: DBExecuteError - ORA-01400: cannot insert NULL into ("CARSDEV"."LOS_LEAD"."UUID")
 [63]
===========> DB.executeUpdate: DELETE FROM AD_Column WHERE AD_Column_ID=1000989 [POdel_4e5fc9fe-df5b-4ee6-b803-bf8a7bbf784e] [178]
java.sql.SQLIntegrityConstraintViolationException: ORA-02292: integrity constraint (CARSDEV.AD_COLUMN_FIELD) violated - child record found
; State=23000; ErrorCode=2292
	at oracle.jdbc.driver.T4CTTIoer.processError(T4CTTIoer.java:447)
	at oracle.jdbc.driver.T4CTTIoer.processError(T4CTTIoer.java:396)
	at oracle.jdbc.driver.T4C8Oall.processError(T4C8Oall.java:951)
	at oracle.jdbc.driver.T4CTTIfun.receive(T4CTTIfun.java:513)
	at oracle.jdbc.driver.T4CTTIfun.doRPC(T4CTTIfun.java:227)
	at oracle.jdbc.driver.T4C8Oall.doOALL(T4C8Oall.java:531)
	at oracle.jdbc.driver.T4CPreparedStatement.doOall8(T4CPreparedStatement.java:208)
	at oracle.jdbc.driver.T4CPreparedStatement.executeForRows(T4CPreparedStatement.java:1046)
	at oracle.jdbc.driver.OracleStatement.doExecuteWithTimeout(OracleStatement.java:1336)
	at oracle.jdbc.driver.OracleStatement.doScrollExecuteCommon(OracleStatement.java:4709)
	at oracle.jdbc.driver.OraclePreparedStatement.doScrollPstmtExecuteUpdate(OraclePreparedStatement.java:10613)
	at oracle.jdbc.driver.OraclePreparedStatement.executeInternal(OraclePreparedStatement.java:3611)
	at oracle.jdbc.driver.OraclePreparedStatement.executeUpdate(OraclePreparedStatement.java:3694)
	at oracle.jdbc.driver.OraclePreparedStatementWrapper.executeUpdate(OraclePreparedStatementWrapper.java:1354)
	at com.mchange.v2.c3p0.impl.NewProxyPreparedStatement.executeUpdate(NewProxyPreparedStatement.java:105)
	at sun.reflect.GeneratedMethodAccessor80.invoke(Unknown Source)
	at sun.reflect.DelegatingMethodAccessorImpl.invoke(Unknown Source)
	at java.lang.reflect.Method.invoke(Unknown Source)
	at org.compiere.db.StatementProxy.invoke(StatementProxy.java:100)
	at com.sun.proxy.$Proxy3.executeUpdate(Unknown Source)
	at org.compiere.util.DB.executeUpdate(DB.java:1046)
	at org.compiere.util.DB.executeUpdate(DB.java:908)
	at org.compiere.util.DB.executeUpdate(DB.java:895)
	at org.compiere.model.PO.delete(PO.java:3075)
	at org.compiere.model.GridTable.dataDelete(GridTable.java:2602)
	at org.compiere.model.GridTab.dataDelete(GridTab.java:1178)

===========> DB.saveError: DBExecuteError - ORA-02292: integrity constraint (CARSDEV.AD_COLUMN_FIELD) violated - child record found
 [178]
-----------> MColumn.delete: Not deleted [178]
-----------> GridTable.saveWarning: DBExecuteError - ORA-02292: integrity constraint (CARSDEV.AD_COLUMN_FIELD) violated - child record found
 [178]
===========> DB.executeUpdate: DELETE FROM AD_Column WHERE AD_Column_ID=1000908 [POdel_b0aec994-065d-4d97-837f-93d828eff1cc] [63]
java.sql.SQLIntegrityConstraintViolationException: ORA-02292: integrity constraint (CARSDEV.AD_COLUMN_FIELD) violated - child record found
; State=23000; ErrorCode=2292
	at oracle.jdbc.driver.T4CTTIoer.processError(T4CTTIoer.java:447)
	at oracle.jdbc.driver.T4CTTIoer.processError(T4CTTIoer.java:396)
	at oracle.jdbc.driver.T4C8Oall.processError(T4C8Oall.java:951)
	at oracle.jdbc.driver.T4CTTIfun.receive(T4CTTIfun.java:513)
	at oracle.jdbc.driver.T4CTTIfun.doRPC(T4CTTIfun.java:227)
	at oracle.jdbc.driver.T4C8Oall.doOALL(T4C8Oall.java:531)
	at oracle.jdbc.driver.T4CPreparedStatement.doOall8(T4CPreparedStatement.java:208)
	at oracle.jdbc.driver.T4CPreparedStatement.executeForRows(T4CPreparedStatement.java:1046)
	at oracle.jdbc.driver.OracleStatement.doExecuteWithTimeout(OracleStatement.java:1336)
	at oracle.jdbc.driver.OracleStatement.doScrollExecuteCommon(OracleStatement.java:4709)
	at oracle.jdbc.driver.OraclePreparedStatement.doScrollPstmtExecuteUpdate(OraclePreparedStatement.java:10613)
	at oracle.jdbc.driver.OraclePreparedStatement.executeInternal(OraclePreparedStatement.java:3611)
	at oracle.jdbc.driver.OraclePreparedStatement.executeUpdate(OraclePreparedStatement.java:3694)
	at oracle.jdbc.driver.OraclePreparedStatementWrapper.executeUpdate(OraclePreparedStatementWrapper.java:1354)
	at com.mchange.v2.c3p0.impl.NewProxyPreparedStatement.executeUpdate(NewProxyPreparedStatement.java:105)
	at sun.reflect.GeneratedMethodAccessor80.invoke(Unknown Source)
	at sun.reflect.DelegatingMethodAccessorImpl.invoke(Unknown Source)
	at java.lang.reflect.Method.invoke(Unknown Source)
	at org.compiere.db.StatementProxy.invoke(StatementProxy.java:100)
	at com.sun.proxy.$Proxy3.executeUpdate(Unknown Source)
	at org.compiere.util.DB.executeUpdate(DB.java:1046)
	at org.compiere.util.DB.executeUpdate(DB.java:908)
	at org.compiere.util.DB.executeUpdate(DB.java:895)
	at org.compiere.model.PO.delete(PO.java:3075)
	at org.compiere.model.GridTable.dataDelete(GridTable.java:2602)
	at org.compiere.model.GridTab.dataDelete(GridTab.java:1178)

===========> DB.saveError: DBExecuteError - ORA-02292: integrity constraint (CARSDEV.AD_COLUMN_FIELD) violated - child record found
 [63]
-----------> MColumn.delete: Not deleted [63]
-----------> GridTable.saveWarning: DBExecuteError - ORA-02292: integrity constraint (CARSDEV.AD_COLUMN_FIELD) violated - child record found
 [63]
===========> DB.executeUpdate: DELETE FROM AD_Column WHERE AD_Column_ID=1000908 [POdel_05a93fff-39c4-4412-944d-2dbc6b822fd8] [47]
java.sql.SQLIntegrityConstraintViolationException: ORA-02292: integrity constraint (CARSDEV.AD_COLUMN_FIELD) violated - child record found
; State=23000; ErrorCode=2292
	at oracle.jdbc.driver.T4CTTIoer.processError(T4CTTIoer.java:447)
	at oracle.jdbc.driver.T4CTTIoer.processError(T4CTTIoer.java:396)
	at oracle.jdbc.driver.T4C8Oall.processError(T4C8Oall.java:951)
	at oracle.jdbc.driver.T4CTTIfun.receive(T4CTTIfun.java:513)
	at oracle.jdbc.driver.T4CTTIfun.doRPC(T4CTTIfun.java:227)
	at oracle.jdbc.driver.T4C8Oall.doOALL(T4C8Oall.java:531)
	at oracle.jdbc.driver.T4CPreparedStatement.doOall8(T4CPreparedStatement.java:208)
	at oracle.jdbc.driver.T4CPreparedStatement.executeForRows(T4CPreparedStatement.java:1046)
	at oracle.jdbc.driver.OracleStatement.doExecuteWithTimeout(OracleStatement.java:1336)
	at oracle.jdbc.driver.OracleStatement.doScrollExecuteCommon(OracleStatement.java:4709)
	at oracle.jdbc.driver.OraclePreparedStatement.doScrollPstmtExecuteUpdate(OraclePreparedStatement.java:10613)
	at oracle.jdbc.driver.OraclePreparedStatement.executeInternal(OraclePreparedStatement.java:3611)
	at oracle.jdbc.driver.OraclePreparedStatement.executeUpdate(OraclePreparedStatement.java:3694)
	at oracle.jdbc.driver.OraclePreparedStatementWrapper.executeUpdate(OraclePreparedStatementWrapper.java:1354)
	at com.mchange.v2.c3p0.impl.NewProxyPreparedStatement.executeUpdate(NewProxyPreparedStatement.java:105)
	at sun.reflect.GeneratedMethodAccessor80.invoke(Unknown Source)
	at sun.reflect.DelegatingMethodAccessorImpl.invoke(Unknown Source)
	at java.lang.reflect.Method.invoke(Unknown Source)
	at org.compiere.db.StatementProxy.invoke(StatementProxy.java:100)
	at com.sun.proxy.$Proxy3.executeUpdate(Unknown Source)
	at org.compiere.util.DB.executeUpdate(DB.java:1046)
	at org.compiere.util.DB.executeUpdate(DB.java:908)
	at org.compiere.util.DB.executeUpdate(DB.java:895)
	at org.compiere.model.PO.delete(PO.java:3075)
	at org.compiere.model.GridTable.dataDelete(GridTable.java:2602)
	at org.compiere.model.GridTab.dataDelete(GridTab.java:1178)

===========> DB.saveError: DBExecuteError - ORA-02292: integrity constraint (CARSDEV.AD_COLUMN_FIELD) violated - child record found
 [47]
-----------> MColumn.delete: Not deleted [47]
-----------> GridTable.saveWarning: DBExecuteError - ORA-02292: integrity constraint (CARSDEV.AD_COLUMN_FIELD) violated - child record found
 [47]
===========> GridTable.open: SELECT EW_GREETING_ID,FIRST_NM,MIDDLE_NM,LAST_NM,Gender,DOB,AddressLine,LOS_Lead_ID,UUID,IsActive,AD_Org_ID,AD_Client_ID,COLUMN3,LOS_LEADAPPLICANT_ID,Created,CreatedBy,Updated,UpdatedBy FROM LOS_LEADAPPLICANT WHERE LOS_LEADAPPLICANT.LOS_Lead_ID=0 AND LOS_LEADAPPLICANT.AD_Client_ID=0 AND LOS_LEADAPPLICANT.AD_Org_ID=0 AND (LOS_LEADAPPLICANT.LOS_LEADAPPLICANT_ID IS NULL OR LOS_LEADAPPLICANT.LOS_LEADAPPLICANT_ID NOT IN ( SELECT Record_ID FROM AD_Private_Access WHERE AD_Table_ID = 1000053 AND AD_User_ID <> 0 AND IsActive = 'Y' )) ORDER BY Created [178]
java.sql.SQLSyntaxErrorException: ORA-00904: "ADDRESSLINE": invalid identifier
; State=42000; ErrorCode=904
	at oracle.jdbc.driver.T4CTTIoer.processError(T4CTTIoer.java:447)
	at oracle.jdbc.driver.T4CTTIoer.processError(T4CTTIoer.java:396)
	at oracle.jdbc.driver.T4C8Oall.processError(T4C8Oall.java:951)
	at oracle.jdbc.driver.T4CTTIfun.receive(T4CTTIfun.java:513)
	at oracle.jdbc.driver.T4CTTIfun.doRPC(T4CTTIfun.java:227)
	at oracle.jdbc.driver.T4C8Oall.doOALL(T4C8Oall.java:531)
	at oracle.jdbc.driver.T4CPreparedStatement.doOall8(T4CPreparedStatement.java:208)
	at oracle.jdbc.driver.T4CPreparedStatement.executeForDescribe(T4CPreparedStatement.java:886)
	at oracle.jdbc.driver.OracleStatement.executeMaybeDescribe(OracleStatement.java:1175)
	at oracle.jdbc.driver.OracleStatement.doExecuteWithTimeout(OracleStatement.java:1296)
	at oracle.jdbc.driver.OraclePreparedStatement.executeInternal(OraclePreparedStatement.java:3613)
	at oracle.jdbc.driver.OraclePreparedStatement.executeQuery(OraclePreparedStatement.java:3657)
	at oracle.jdbc.driver.OraclePreparedStatementWrapper.executeQuery(OraclePreparedStatementWrapper.java:1495)
	at com.mchange.v2.c3p0.impl.NewProxyPreparedStatement.executeQuery(NewProxyPreparedStatement.java:76)
	at sun.reflect.GeneratedMethodAccessor74.invoke(Unknown Source)
	at sun.reflect.DelegatingMethodAccessorImpl.invoke(Unknown Source)
	at java.lang.reflect.Method.invoke(Unknown Source)
	at org.compiere.db.StatementProxy.invoke(StatementProxy.java:100)
	at com.sun.proxy.$Proxy3.executeQuery(Unknown Source)
	at org.compiere.model.GridTable$Loader.open(GridTable.java:3372)
	at org.compiere.model.GridTable.open(GridTable.java:605)
	at org.compiere.model.GridTable.dataRefreshAll(GridTable.java:2851)
	at org.compiere.model.GridTable.dataRefreshAll(GridTable.java:2819)
	at org.compiere.model.GridTab.query(GridTab.java:727)
	at org.compiere.model.GridTab.query(GridTab.java:600)

===========> MLookupFactory.getLookup_TableDir: No Identifier records found: EW_GREETING_ID [178]
===========> MLookupFactory.getLookupInfo: No SQL - EW_GREETING_ID [178]
===========> MLookupFactory.getLookup_TableDir: No Identifier records found: EW_ADDRESSTYPE_ID [178]
===========> MLookupFactory.getLookupInfo: No SQL - EW_ADDRESSTYPE_ID [178]
-----------> MRecentItem.addMenuOption: AD_User_ID is mandatory. [178]
-----------> Msg.getMsg: NOT found: InfoBranch [63]
===========> AccessSqlParser.getTableInfo: Could not remove ON COL_BRANCH b, COL_BR_REGION r ON b.COL_BR_REGION_ID=r.COL_BR_REGION_ID LEFT JOIN COL_DISTRICT d ON b.COL_DISTRICT_ID=d.COL_DISTRICT_ID LEFT JOIN COL_TEHSIL t ON b.COL_TEHSIL_ID=t.COL_TEHSIL_ID [47]
===========> AccessSqlParser.getTableInfo: Could not remove ON COL_BRANCH b, COL_BR_REGION r ON b.COL_BR_REGION_ID=r.COL_BR_REGION_ID LEFT JOIN COL_DISTRICT d ON b.COL_DISTRICT_ID=d.COL_DISTRICT_ID LEFT JOIN COL_TEHSIL t ON b.COL_TEHSIL_ID=t.COL_TEHSIL_ID [47]
-----------> MRecentItem.addWindowChange: AD_User_ID is mandatory. [47]
===========> GridTable.open: SELECT EW_GREETING_ID,FIRST_NM,MIDDLE_NM,LAST_NM,Gender,DOB,AddressLine,UUID,IsActive,AD_Org_ID,LOS_Lead_ID,AD_Client_ID,COLUMN3,LOS_LEADAPPLICANT_ID,Created,CreatedBy,Updated,UpdatedBy FROM LOS_LEADAPPLICANT WHERE LOS_LEADAPPLICANT.LOS_Lead_ID=1000002 AND LOS_LEADAPPLICANT.AD_Client_ID=0 AND LOS_LEADAPPLICANT.AD_Org_ID=0 AND (LOS_LEADAPPLICANT.LOS_LEADAPPLICANT_ID IS NULL OR LOS_LEADAPPLICANT.LOS_LEADAPPLICANT_ID NOT IN ( SELECT Record_ID FROM AD_Private_Access WHERE AD_Table_ID = 1000053 AND AD_User_ID <> 0 AND IsActive = 'Y' )) ORDER BY Created [63]
java.sql.SQLSyntaxErrorException: ORA-00904: "ADDRESSLINE": invalid identifier
; State=42000; ErrorCode=904
	at oracle.jdbc.driver.T4CTTIoer.processError(T4CTTIoer.java:447)
	at oracle.jdbc.driver.T4CTTIoer.processError(T4CTTIoer.java:396)
	at oracle.jdbc.driver.T4C8Oall.processError(T4C8Oall.java:951)
	at oracle.jdbc.driver.T4CTTIfun.receive(T4CTTIfun.java:513)
	at oracle.jdbc.driver.T4CTTIfun.doRPC(T4CTTIfun.java:227)
	at oracle.jdbc.driver.T4C8Oall.doOALL(T4C8Oall.java:531)
	at oracle.jdbc.driver.T4CPreparedStatement.doOall8(T4CPreparedStatement.java:208)
	at oracle.jdbc.driver.T4CPreparedStatement.executeForDescribe(T4CPreparedStatement.java:886)
	at oracle.jdbc.driver.OracleStatement.executeMaybeDescribe(OracleStatement.java:1175)
	at oracle.jdbc.driver.OracleStatement.doExecuteWithTimeout(OracleStatement.java:1296)
	at oracle.jdbc.driver.OraclePreparedStatement.executeInternal(OraclePreparedStatement.java:3613)
	at oracle.jdbc.driver.OraclePreparedStatement.executeQuery(OraclePreparedStatement.java:3657)
	at oracle.jdbc.driver.OraclePreparedStatementWrapper.executeQuery(OraclePreparedStatementWrapper.java:1495)
	at com.mchange.v2.c3p0.impl.NewProxyPreparedStatement.executeQuery(NewProxyPreparedStatement.java:76)
	at sun.reflect.GeneratedMethodAccessor86.invoke(Unknown Source)
	at sun.reflect.DelegatingMethodAccessorImpl.invoke(Unknown Source)
	at java.lang.reflect.Method.invoke(Unknown Source)
	at org.compiere.db.StatementProxy.invoke(StatementProxy.java:100)
	at com.sun.proxy.$Proxy3.executeQuery(Unknown Source)
	at org.compiere.model.GridTable$Loader.open(GridTable.java:3372)
	at org.compiere.model.GridTable.open(GridTable.java:605)
	at org.compiere.model.GridTab.query(GridTab.java:734)
	at org.compiere.model.GridTab.query(GridTab.java:600)

-----------> GridTable.saveWarning: FillMandatory - Immutable Universally Unique Identifier
 [47]
-----------> MRecentItem.addWindowChange: AD_User_ID is mandatory. [47]
-----------> MRecentItem.addWindowChange: AD_User_ID is mandatory. [178]
===========> MLookupFactory.getLookup_TableDir: No Identifier records found: EW_ADDRESSTYPE_ID [178]
===========> MLookupFactory.getLookupInfo: No SQL - EW_ADDRESSTYPE_ID [178]
-----------> MRecentItem.addMenuOption: AD_User_ID is mandatory. [178]
===========> GridTable.open: SELECT EW_GREETING_ID,FIRST_NM,MIDDLE_NM,LAST_NM,Gender,DOB,AddressLine,UUID,IsActive,AD_Org_ID,LOS_Lead_ID,AD_Client_ID,COLUMN3,LOS_LEADAPPLICANT_ID,Created,CreatedBy,Updated,UpdatedBy FROM LOS_LEADAPPLICANT WHERE LOS_LEADAPPLICANT.LOS_Lead_ID=1000002 AND LOS_LEADAPPLICANT.AD_Client_ID=0 AND LOS_LEADAPPLICANT.AD_Org_ID=0 AND (LOS_LEADAPPLICANT.LOS_LEADAPPLICANT_ID IS NULL OR LOS_LEADAPPLICANT.LOS_LEADAPPLICANT_ID NOT IN ( SELECT Record_ID FROM AD_Private_Access WHERE AD_Table_ID = 1000053 AND AD_User_ID <> 0 AND IsActive = 'Y' )) ORDER BY Created [47]
java.sql.SQLSyntaxErrorException: ORA-00904: "ADDRESSLINE": invalid identifier
; State=42000; ErrorCode=904
	at oracle.jdbc.driver.T4CTTIoer.processError(T4CTTIoer.java:447)
	at oracle.jdbc.driver.T4CTTIoer.processError(T4CTTIoer.java:396)
	at oracle.jdbc.driver.T4C8Oall.processError(T4C8Oall.java:951)
	at oracle.jdbc.driver.T4CTTIfun.receive(T4CTTIfun.java:513)
	at oracle.jdbc.driver.T4CTTIfun.doRPC(T4CTTIfun.java:227)
	at oracle.jdbc.driver.T4C8Oall.doOALL(T4C8Oall.java:531)
	at oracle.jdbc.driver.T4CPreparedStatement.doOall8(T4CPreparedStatement.java:208)
	at oracle.jdbc.driver.T4CPreparedStatement.executeForDescribe(T4CPreparedStatement.java:886)
	at oracle.jdbc.driver.OracleStatement.executeMaybeDescribe(OracleStatement.java:1175)
	at oracle.jdbc.driver.OracleStatement.doExecuteWithTimeout(OracleStatement.java:1296)
	at oracle.jdbc.driver.OraclePreparedStatement.executeInternal(OraclePreparedStatement.java:3613)
	at oracle.jdbc.driver.OraclePreparedStatement.executeQuery(OraclePreparedStatement.java:3657)
	at oracle.jdbc.driver.OraclePreparedStatementWrapper.executeQuery(OraclePreparedStatementWrapper.java:1495)
	at com.mchange.v2.c3p0.impl.NewProxyPreparedStatement.executeQuery(NewProxyPreparedStatement.java:76)
	at sun.reflect.GeneratedMethodAccessor86.invoke(Unknown Source)
	at sun.reflect.DelegatingMethodAccessorImpl.invoke(Unknown Source)
	at java.lang.reflect.Method.invoke(Unknown Source)
	at org.compiere.db.StatementProxy.invoke(StatementProxy.java:100)
	at com.sun.proxy.$Proxy3.executeQuery(Unknown Source)
	at org.compiere.model.GridTable$Loader.open(GridTable.java:3372)
	at org.compiere.model.GridTable.open(GridTable.java:605)
	at org.compiere.model.GridTab.query(GridTab.java:734)
	at org.compiere.model.GridTab.query(GridTab.java:600)

-----------> GridTable.saveWarning: FillMandatory - Immutable Universally Unique Identifier
 [63]
-----------> MRecentItem.addMenuOption: AD_User_ID is mandatory. [47]
===========> MLookupFactory.getLookup_TableDir: No Identifier records found: EW_ADDRESSTYPE_ID [63]
===========> MLookupFactory.getLookupInfo: No SQL - EW_ADDRESSTYPE_ID [63]
-----------> MRecentItem.addMenuOption: AD_User_ID is mandatory. [63]
===========> GridTable.open: SELECT EW_GREETING_ID,FIRST_NM,MIDDLE_NM,LAST_NM,Gender,DOB,AddressLine,UUID,IsActive,AD_Org_ID,LOS_Lead_ID,AD_Client_ID,COLUMN3,LOS_LEADAPPLICANT_ID,Created,CreatedBy,Updated,UpdatedBy FROM LOS_LEADAPPLICANT WHERE LOS_LEADAPPLICANT.LOS_Lead_ID=1000002 AND LOS_LEADAPPLICANT.AD_Client_ID=0 AND LOS_LEADAPPLICANT.AD_Org_ID=0 AND (LOS_LEADAPPLICANT.LOS_LEADAPPLICANT_ID IS NULL OR LOS_LEADAPPLICANT.LOS_LEADAPPLICANT_ID NOT IN ( SELECT Record_ID FROM AD_Private_Access WHERE AD_Table_ID = 1000053 AND AD_User_ID <> 0 AND IsActive = 'Y' )) ORDER BY Created [178]
java.sql.SQLSyntaxErrorException: ORA-00904: "ADDRESSLINE": invalid identifier
; State=42000; ErrorCode=904
	at oracle.jdbc.driver.T4CTTIoer.processError(T4CTTIoer.java:447)
	at oracle.jdbc.driver.T4CTTIoer.processError(T4CTTIoer.java:396)
	at oracle.jdbc.driver.T4C8Oall.processError(T4C8Oall.java:951)
	at oracle.jdbc.driver.T4CTTIfun.receive(T4CTTIfun.java:513)
	at oracle.jdbc.driver.T4CTTIfun.doRPC(T4CTTIfun.java:227)
	at oracle.jdbc.driver.T4C8Oall.doOALL(T4C8Oall.java:531)
	at oracle.jdbc.driver.T4CPreparedStatement.doOall8(T4CPreparedStatement.java:208)
	at oracle.jdbc.driver.T4CPreparedStatement.executeForDescribe(T4CPreparedStatement.java:886)
	at oracle.jdbc.driver.OracleStatement.executeMaybeDescribe(OracleStatement.java:1175)
	at oracle.jdbc.driver.OracleStatement.doExecuteWithTimeout(OracleStatement.java:1296)
	at oracle.jdbc.driver.OraclePreparedStatement.executeInternal(OraclePreparedStatement.java:3613)
	at oracle.jdbc.driver.OraclePreparedStatement.executeQuery(OraclePreparedStatement.java:3657)
	at oracle.jdbc.driver.OraclePreparedStatementWrapper.executeQuery(OraclePreparedStatementWrapper.java:1495)
	at com.mchange.v2.c3p0.impl.NewProxyPreparedStatement.executeQuery(NewProxyPreparedStatement.java:76)
	at sun.reflect.GeneratedMethodAccessor86.invoke(Unknown Source)
	at sun.reflect.DelegatingMethodAccessorImpl.invoke(Unknown Source)
	at java.lang.reflect.Method.invoke(Unknown Source)
	at org.compiere.db.StatementProxy.invoke(StatementProxy.java:100)
	at com.sun.proxy.$Proxy3.executeQuery(Unknown Source)
	at org.compiere.model.GridTable$Loader.open(GridTable.java:3372)
	at org.compiere.model.GridTable.open(GridTable.java:605)
	at org.compiere.model.GridTab.query(GridTab.java:734)
	at org.compiere.model.GridTab.query(GridTab.java:600)

-----------> MTable.getClass: No class for table with it entity: LOS_LEADAPPLICANT [178]
===========> DB.executeUpdate: INSERT INTO LOS_LEADAPPLICANT (AD_Client_ID,AD_Org_ID,AddressLine,Created,CreatedBy,DOB,EW_GREETING_ID,FIRST_NM,Gender,IsActive,LAST_NM,LOS_LEADAPPLICANT_ID,LOS_Lead_ID,MIDDLE_NM,UUID,Updated,UpdatedBy) VALUES (0,0,0,TO_DATE('2018-07-16 17:20:29','YYYY-MM-DD HH24:MI:SS'),0,TO_DATE('2018-07-16','YYYY-MM-DD'),1000000,'Muhammad','Y','Y','Baloch',1000000,1000002,'Ayaz','vvvvwwww111',TO_DATE('2018-07-16 17:20:29','YYYY-MM-DD HH24:MI:SS'),0) [POSave_22046c25-8166-43d7-b23e-312a67d9c148] [178]
java.sql.SQLSyntaxErrorException: ORA-00904: "ADDRESSLINE": invalid identifier
; State=42000; ErrorCode=904
	at oracle.jdbc.driver.T4CTTIoer.processError(T4CTTIoer.java:447)
	at oracle.jdbc.driver.T4CTTIoer.processError(T4CTTIoer.java:396)
	at oracle.jdbc.driver.T4C8Oall.processError(T4C8Oall.java:951)
	at oracle.jdbc.driver.T4CTTIfun.receive(T4CTTIfun.java:513)
	at oracle.jdbc.driver.T4CTTIfun.doRPC(T4CTTIfun.java:227)
	at oracle.jdbc.driver.T4C8Oall.doOALL(T4C8Oall.java:531)
	at oracle.jdbc.driver.T4CPreparedStatement.doOall8(T4CPreparedStatement.java:208)
	at oracle.jdbc.driver.T4CPreparedStatement.executeForRows(T4CPreparedStatement.java:1046)
	at oracle.jdbc.driver.OracleStatement.doExecuteWithTimeout(OracleStatement.java:1336)
	at oracle.jdbc.driver.OracleStatement.doScrollExecuteCommon(OracleStatement.java:4709)
	at oracle.jdbc.driver.OraclePreparedStatement.doScrollPstmtExecuteUpdate(OraclePreparedStatement.java:10613)
	at oracle.jdbc.driver.OraclePreparedStatement.executeInternal(OraclePreparedStatement.java:3611)
	at oracle.jdbc.driver.OraclePreparedStatement.executeUpdate(OraclePreparedStatement.java:3694)
	at oracle.jdbc.driver.OraclePreparedStatementWrapper.executeUpdate(OraclePreparedStatementWrapper.java:1354)
	at com.mchange.v2.c3p0.impl.NewProxyPreparedStatement.executeUpdate(NewProxyPreparedStatement.java:105)
	at sun.reflect.GeneratedMethodAccessor92.invoke(Unknown Source)
	at sun.reflect.DelegatingMethodAccessorImpl.invoke(Unknown Source)
	at java.lang.reflect.Method.invoke(Unknown Source)
	at org.compiere.db.StatementProxy.invoke(StatementProxy.java:100)
	at com.sun.proxy.$Proxy3.executeUpdate(Unknown Source)
	at org.compiere.util.DB.executeUpdate(DB.java:1046)
	at org.compiere.util.DB.executeUpdate(DB.java:908)
	at org.compiere.util.DB.executeUpdate(DB.java:895)
	at org.compiere.model.PO.saveNew(PO.java:2865)
	at org.compiere.model.PO.save(PO.java:2195)
	at org.compiere.model.GridTable.dataSavePO(GridTable.java:2139)
	at org.compiere.model.GridTable.dataSave(GridTable.java:1474)
	at org.compiere.model.GridTab.dataSave(GridTab.java:987)

===========> DB.saveError: DBExecuteError - ORA-00904: "ADDRESSLINE": invalid identifier
 [178]
-----------> GenericPO.saveNew: [POSave_22046c25-8166-43d7-b23e-312a67d9c148]Not inserted - LOS_LEADAPPLICANT [178]
-----------> GridTable.saveWarning: DBExecuteError - ORA-00904: "ADDRESSLINE": invalid identifier
 [178]
===========> DB.executeUpdate: INSERT INTO LOS_LEADAPPLICANT (AD_Client_ID,AD_Org_ID,AddressLine,Created,CreatedBy,DOB,EW_GREETING_ID,FIRST_NM,Gender,IsActive,LAST_NM,LOS_LEADAPPLICANT_ID,LOS_Lead_ID,MIDDLE_NM,UUID,Updated,UpdatedBy) VALUES (0,0,0,TO_DATE('2018-07-16 17:20:35','YYYY-MM-DD HH24:MI:SS'),0,TO_DATE('2018-07-16','YYYY-MM-DD'),1000000,'Muhammad','Y','Y','Baloch',1000001,1000002,'Ayaz','vvvvwwww111',TO_DATE('2018-07-16 17:20:35','YYYY-MM-DD HH24:MI:SS'),0) [POSave_7fb2b146-41a4-4bb6-8966-efbd61f9d985] [63]
java.sql.SQLSyntaxErrorException: ORA-00904: "ADDRESSLINE": invalid identifier
; State=42000; ErrorCode=904
	at oracle.jdbc.driver.T4CTTIoer.processError(T4CTTIoer.java:447)
	at oracle.jdbc.driver.T4CTTIoer.processError(T4CTTIoer.java:396)
	at oracle.jdbc.driver.T4C8Oall.processError(T4C8Oall.java:951)
	at oracle.jdbc.driver.T4CTTIfun.receive(T4CTTIfun.java:513)
	at oracle.jdbc.driver.T4CTTIfun.doRPC(T4CTTIfun.java:227)
	at oracle.jdbc.driver.T4C8Oall.doOALL(T4C8Oall.java:531)
	at oracle.jdbc.driver.T4CPreparedStatement.doOall8(T4CPreparedStatement.java:208)
	at oracle.jdbc.driver.T4CPreparedStatement.executeForRows(T4CPreparedStatement.java:1046)
	at oracle.jdbc.driver.OracleStatement.doExecuteWithTimeout(OracleStatement.java:1336)
	at oracle.jdbc.driver.OracleStatement.doScrollExecuteCommon(OracleStatement.java:4709)
	at oracle.jdbc.driver.OraclePreparedStatement.doScrollPstmtExecuteUpdate(OraclePreparedStatement.java:10613)
	at oracle.jdbc.driver.OraclePreparedStatement.executeInternal(OraclePreparedStatement.java:3611)
	at oracle.jdbc.driver.OraclePreparedStatement.executeUpdate(OraclePreparedStatement.java:3694)
	at oracle.jdbc.driver.OraclePreparedStatementWrapper.executeUpdate(OraclePreparedStatementWrapper.java:1354)
	at com.mchange.v2.c3p0.impl.NewProxyPreparedStatement.executeUpdate(NewProxyPreparedStatement.java:105)
	at sun.reflect.GeneratedMethodAccessor92.invoke(Unknown Source)
	at sun.reflect.DelegatingMethodAccessorImpl.invoke(Unknown Source)
	at java.lang.reflect.Method.invoke(Unknown Source)
	at org.compiere.db.StatementProxy.invoke(StatementProxy.java:100)
	at com.sun.proxy.$Proxy3.executeUpdate(Unknown Source)
	at org.compiere.util.DB.executeUpdate(DB.java:1046)
	at org.compiere.util.DB.executeUpdate(DB.java:908)
	at org.compiere.util.DB.executeUpdate(DB.java:895)
	at org.compiere.model.PO.saveNew(PO.java:2865)
	at org.compiere.model.PO.save(PO.java:2195)
	at org.compiere.model.GridTable.dataSavePO(GridTable.java:2139)
	at org.compiere.model.GridTable.dataSave(GridTable.java:1474)
	at org.compiere.model.GridTab.dataSave(GridTab.java:987)

===========> DB.saveError: DBExecuteError - ORA-00904: "ADDRESSLINE": invalid identifier
 [63]
-----------> GenericPO.saveNew: [POSave_7fb2b146-41a4-4bb6-8966-efbd61f9d985]Not inserted - LOS_LEADAPPLICANT [63]
-----------> GridTable.saveWarning: DBExecuteError - ORA-00904: "ADDRESSLINE": invalid identifier
 [63]
===========> DB.executeUpdate: INSERT INTO LOS_LEADAPPLICANT (AD_Client_ID,AD_Org_ID,AddressLine,Created,CreatedBy,DOB,EW_GREETING_ID,FIRST_NM,Gender,IsActive,LAST_NM,LOS_LEADAPPLICANT_ID,LOS_Lead_ID,MIDDLE_NM,UUID,Updated,UpdatedBy) VALUES (0,0,0,TO_DATE('2018-07-16 17:20:38','YYYY-MM-DD HH24:MI:SS'),0,TO_DATE('2018-07-16','YYYY-MM-DD'),1000000,'Muhammad','Y','Y','Baloch',1000002,1000002,'Ayaz','vvvvwwww111',TO_DATE('2018-07-16 17:20:38','YYYY-MM-DD HH24:MI:SS'),0) [POSave_9cedf3cd-d031-4280-83a3-c32beaccb88c] [178]
java.sql.SQLSyntaxErrorException: ORA-00904: "ADDRESSLINE": invalid identifier
; State=42000; ErrorCode=904
	at oracle.jdbc.driver.T4CTTIoer.processError(T4CTTIoer.java:447)
	at oracle.jdbc.driver.T4CTTIoer.processError(T4CTTIoer.java:396)
	at oracle.jdbc.driver.T4C8Oall.processError(T4C8Oall.java:951)
	at oracle.jdbc.driver.T4CTTIfun.receive(T4CTTIfun.java:513)
	at oracle.jdbc.driver.T4CTTIfun.doRPC(T4CTTIfun.java:227)
	at oracle.jdbc.driver.T4C8Oall.doOALL(T4C8Oall.java:531)
	at oracle.jdbc.driver.T4CPreparedStatement.doOall8(T4CPreparedStatement.java:208)
	at oracle.jdbc.driver.T4CPreparedStatement.executeForRows(T4CPreparedStatement.java:1046)
	at oracle.jdbc.driver.OracleStatement.doExecuteWithTimeout(OracleStatement.java:1336)
	at oracle.jdbc.driver.OracleStatement.doScrollExecuteCommon(OracleStatement.java:4709)
	at oracle.jdbc.driver.OraclePreparedStatement.doScrollPstmtExecuteUpdate(OraclePreparedStatement.java:10613)
	at oracle.jdbc.driver.OraclePreparedStatement.executeInternal(OraclePreparedStatement.java:3611)
	at oracle.jdbc.driver.OraclePreparedStatement.executeUpdate(OraclePreparedStatement.java:3694)
	at oracle.jdbc.driver.OraclePreparedStatementWrapper.executeUpdate(OraclePreparedStatementWrapper.java:1354)
	at com.mchange.v2.c3p0.impl.NewProxyPreparedStatement.executeUpdate(NewProxyPreparedStatement.java:105)
	at sun.reflect.GeneratedMethodAccessor92.invoke(Unknown Source)
	at sun.reflect.DelegatingMethodAccessorImpl.invoke(Unknown Source)
	at java.lang.reflect.Method.invoke(Unknown Source)
	at org.compiere.db.StatementProxy.invoke(StatementProxy.java:100)
	at com.sun.proxy.$Proxy3.executeUpdate(Unknown Source)
	at org.compiere.util.DB.executeUpdate(DB.java:1046)
	at org.compiere.util.DB.executeUpdate(DB.java:908)
	at org.compiere.util.DB.executeUpdate(DB.java:895)
	at org.compiere.model.PO.saveNew(PO.java:2865)
	at org.compiere.model.PO.save(PO.java:2195)
	at org.compiere.model.GridTable.dataSavePO(GridTable.java:2139)
	at org.compiere.model.GridTable.dataSave(GridTable.java:1474)
	at org.compiere.model.GridTab.dataSave(GridTab.java:987)

===========> DB.saveError: DBExecuteError - ORA-00904: "ADDRESSLINE": invalid identifier
 [178]
-----------> GenericPO.saveNew: [POSave_9cedf3cd-d031-4280-83a3-c32beaccb88c]Not inserted - LOS_LEADAPPLICANT [178]
-----------> GridTable.saveWarning: DBExecuteError - ORA-00904: "ADDRESSLINE": invalid identifier
 [178]
===========> GridTable.open: SELECT EW_GREETING_ID,FIRST_NM,MIDDLE_NM,LAST_NM,Gender,DOB,AddressLine,UUID,IsActive,AD_Org_ID,LOS_Lead_ID,AD_Client_ID,COLUMN3,LOS_LEADAPPLICANT_ID,Created,CreatedBy,Updated,UpdatedBy FROM LOS_LEADAPPLICANT WHERE LOS_LEADAPPLICANT.LOS_Lead_ID=1000002 AND LOS_LEADAPPLICANT.AD_Client_ID=0 AND LOS_LEADAPPLICANT.AD_Org_ID=0 AND (LOS_LEADAPPLICANT.LOS_LEADAPPLICANT_ID IS NULL OR LOS_LEADAPPLICANT.LOS_LEADAPPLICANT_ID NOT IN ( SELECT Record_ID FROM AD_Private_Access WHERE AD_Table_ID = 1000053 AND AD_User_ID <> 0 AND IsActive = 'Y' )) ORDER BY Created [47]
java.sql.SQLSyntaxErrorException: ORA-00904: "ADDRESSLINE": invalid identifier
; State=42000; ErrorCode=904
	at oracle.jdbc.driver.T4CTTIoer.processError(T4CTTIoer.java:447)
	at oracle.jdbc.driver.T4CTTIoer.processError(T4CTTIoer.java:396)
	at oracle.jdbc.driver.T4C8Oall.processError(T4C8Oall.java:951)
	at oracle.jdbc.driver.T4CTTIfun.receive(T4CTTIfun.java:513)
	at oracle.jdbc.driver.T4CTTIfun.doRPC(T4CTTIfun.java:227)
	at oracle.jdbc.driver.T4C8Oall.doOALL(T4C8Oall.java:531)
	at oracle.jdbc.driver.T4CPreparedStatement.doOall8(T4CPreparedStatement.java:208)
	at oracle.jdbc.driver.T4CPreparedStatement.executeForDescribe(T4CPreparedStatement.java:886)
	at oracle.jdbc.driver.OracleStatement.executeMaybeDescribe(OracleStatement.java:1175)
	at oracle.jdbc.driver.OracleStatement.doExecuteWithTimeout(OracleStatement.java:1296)
	at oracle.jdbc.driver.OraclePreparedStatement.executeInternal(OraclePreparedStatement.java:3613)
	at oracle.jdbc.driver.OraclePreparedStatement.executeQuery(OraclePreparedStatement.java:3657)
	at oracle.jdbc.driver.OraclePreparedStatementWrapper.executeQuery(OraclePreparedStatementWrapper.java:1495)
	at com.mchange.v2.c3p0.impl.NewProxyPreparedStatement.executeQuery(NewProxyPreparedStatement.java:76)
	at sun.reflect.GeneratedMethodAccessor86.invoke(Unknown Source)
	at sun.reflect.DelegatingMethodAccessorImpl.invoke(Unknown Source)
	at java.lang.reflect.Method.invoke(Unknown Source)
	at org.compiere.db.StatementProxy.invoke(StatementProxy.java:100)
	at com.sun.proxy.$Proxy3.executeQuery(Unknown Source)
	at org.compiere.model.GridTable$Loader.open(GridTable.java:3372)
	at org.compiere.model.GridTable.open(GridTable.java:605)
	at org.compiere.model.GridTable.dataRefreshAll(GridTable.java:2851)
	at org.compiere.model.GridTable.dataRefreshAll(GridTable.java:2819)
	at org.compiere.model.GridTab.query(GridTab.java:727)
	at org.compiere.model.GridTab.query(GridTab.java:600)

-----------> Msg.getMsg: NOT found: Please save changes before closing [63]
===========> MLookupFactory.getLookup_TableDir: No Identifier records found: EW_ADDRESSTYPE_ID [47]
===========> MLookupFactory.getLookupInfo: No SQL - EW_ADDRESSTYPE_ID [47]
-----------> MRecentItem.addMenuOption: AD_User_ID is mandatory. [47]
===========> GridTable.open: SELECT EW_GREETING_ID,FIRST_NM,MIDDLE_NM,LAST_NM,Gender,DOB,UUID,AddressLine,IsActive,AD_Org_ID,LOS_Lead_ID,AD_Client_ID,COLUMN3,LOS_LEADAPPLICANT_ID,Created,CreatedBy,Updated,UpdatedBy FROM LOS_LEADAPPLICANT WHERE LOS_LEADAPPLICANT.LOS_Lead_ID=1000002 AND LOS_LEADAPPLICANT.AD_Client_ID=0 AND LOS_LEADAPPLICANT.AD_Org_ID=0 AND (LOS_LEADAPPLICANT.LOS_LEADAPPLICANT_ID IS NULL OR LOS_LEADAPPLICANT.LOS_LEADAPPLICANT_ID NOT IN ( SELECT Record_ID FROM AD_Private_Access WHERE AD_Table_ID = 1000053 AND AD_User_ID <> 0 AND IsActive = 'Y' )) ORDER BY Created [63]
java.sql.SQLSyntaxErrorException: ORA-00904: "ADDRESSLINE": invalid identifier
; State=42000; ErrorCode=904
	at oracle.jdbc.driver.T4CTTIoer.processError(T4CTTIoer.java:447)
	at oracle.jdbc.driver.T4CTTIoer.processError(T4CTTIoer.java:396)
	at oracle.jdbc.driver.T4C8Oall.processError(T4C8Oall.java:951)
	at oracle.jdbc.driver.T4CTTIfun.receive(T4CTTIfun.java:513)
	at oracle.jdbc.driver.T4CTTIfun.doRPC(T4CTTIfun.java:227)
	at oracle.jdbc.driver.T4C8Oall.doOALL(T4C8Oall.java:531)
	at oracle.jdbc.driver.T4CPreparedStatement.doOall8(T4CPreparedStatement.java:208)
	at oracle.jdbc.driver.T4CPreparedStatement.executeForDescribe(T4CPreparedStatement.java:886)
	at oracle.jdbc.driver.OracleStatement.executeMaybeDescribe(OracleStatement.java:1175)
	at oracle.jdbc.driver.OracleStatement.doExecuteWithTimeout(OracleStatement.java:1296)
	at oracle.jdbc.driver.OraclePreparedStatement.executeInternal(OraclePreparedStatement.java:3613)
	at oracle.jdbc.driver.OraclePreparedStatement.executeQuery(OraclePreparedStatement.java:3657)
	at oracle.jdbc.driver.OraclePreparedStatementWrapper.executeQuery(OraclePreparedStatementWrapper.java:1495)
	at com.mchange.v2.c3p0.impl.NewProxyPreparedStatement.executeQuery(NewProxyPreparedStatement.java:76)
	at sun.reflect.GeneratedMethodAccessor86.invoke(Unknown Source)
	at sun.reflect.DelegatingMethodAccessorImpl.invoke(Unknown Source)
	at java.lang.reflect.Method.invoke(Unknown Source)
	at org.compiere.db.StatementProxy.invoke(StatementProxy.java:100)
	at com.sun.proxy.$Proxy3.executeQuery(Unknown Source)
	at org.compiere.model.GridTable$Loader.open(GridTable.java:3372)
	at org.compiere.model.GridTable.open(GridTable.java:605)
	at org.compiere.model.GridTab.query(GridTab.java:734)
	at org.compiere.model.GridTab.query(GridTab.java:600)

-----------> GridTable.saveWarning: FillMandatory - Immutable Universally Unique Identifier
 [178]
===========> DB.executeUpdate: INSERT INTO LOS_LEADAPPLICANT (AD_Client_ID,AD_Org_ID,AddressLine,Created,CreatedBy,DOB,EW_GREETING_ID,FIRST_NM,Gender,IsActive,LAST_NM,LOS_LEADAPPLICANT_ID,LOS_Lead_ID,MIDDLE_NM,UUID,Updated,UpdatedBy) VALUES (0,0,0,TO_DATE('2018-07-16 17:22:12','YYYY-MM-DD HH24:MI:SS'),0,TO_DATE('2018-07-16','YYYY-MM-DD'),1000000,'Muhammad','Y','Y','Baloch',1000003,1000002,'Ayaz','ssssssssssssdddddfgggg',TO_DATE('2018-07-16 17:22:12','YYYY-MM-DD HH24:MI:SS'),0) [POSave_57397731-4fda-4630-aa5a-f1fbd6060c05] [178]
java.sql.SQLSyntaxErrorException: ORA-00904: "ADDRESSLINE": invalid identifier
; State=42000; ErrorCode=904
	at oracle.jdbc.driver.T4CTTIoer.processError(T4CTTIoer.java:447)
	at oracle.jdbc.driver.T4CTTIoer.processError(T4CTTIoer.java:396)
	at oracle.jdbc.driver.T4C8Oall.processError(T4C8Oall.java:951)
	at oracle.jdbc.driver.T4CTTIfun.receive(T4CTTIfun.java:513)
	at oracle.jdbc.driver.T4CTTIfun.doRPC(T4CTTIfun.java:227)
	at oracle.jdbc.driver.T4C8Oall.doOALL(T4C8Oall.java:531)
	at oracle.jdbc.driver.T4CPreparedStatement.doOall8(T4CPreparedStatement.java:208)
	at oracle.jdbc.driver.T4CPreparedStatement.executeForRows(T4CPreparedStatement.java:1046)
	at oracle.jdbc.driver.OracleStatement.doExecuteWithTimeout(OracleStatement.java:1336)
	at oracle.jdbc.driver.OracleStatement.doScrollExecuteCommon(OracleStatement.java:4709)
	at oracle.jdbc.driver.OraclePreparedStatement.doScrollPstmtExecuteUpdate(OraclePreparedStatement.java:10613)
	at oracle.jdbc.driver.OraclePreparedStatement.executeInternal(OraclePreparedStatement.java:3611)
	at oracle.jdbc.driver.OraclePreparedStatement.executeUpdate(OraclePreparedStatement.java:3694)
	at oracle.jdbc.driver.OraclePreparedStatementWrapper.executeUpdate(OraclePreparedStatementWrapper.java:1354)
	at com.mchange.v2.c3p0.impl.NewProxyPreparedStatement.executeUpdate(NewProxyPreparedStatement.java:105)
	at sun.reflect.GeneratedMethodAccessor92.invoke(Unknown Source)
	at sun.reflect.DelegatingMethodAccessorImpl.invoke(Unknown Source)
	at java.lang.reflect.Method.invoke(Unknown Source)
	at org.compiere.db.StatementProxy.invoke(StatementProxy.java:100)
	at com.sun.proxy.$Proxy3.executeUpdate(Unknown Source)
	at org.compiere.util.DB.executeUpdate(DB.java:1046)
	at org.compiere.util.DB.executeUpdate(DB.java:908)
	at org.compiere.util.DB.executeUpdate(DB.java:895)
	at org.compiere.model.PO.saveNew(PO.java:2865)
	at org.compiere.model.PO.save(PO.java:2195)
	at org.compiere.model.GridTable.dataSavePO(GridTable.java:2139)
	at org.compiere.model.GridTable.dataSave(GridTable.java:1474)
	at org.compiere.model.GridTab.dataSave(GridTab.java:987)

===========> DB.saveError: DBExecuteError - ORA-00904: "ADDRESSLINE": invalid identifier
 [178]
-----------> GenericPO.saveNew: [POSave_57397731-4fda-4630-aa5a-f1fbd6060c05]Not inserted - LOS_LEADAPPLICANT [178]
-----------> GridTable.saveWarning: DBExecuteError - ORA-00904: "ADDRESSLINE": invalid identifier
 [178]
-----------> MRecentItem.addWindowChange: AD_User_ID is mandatory. [47]
-----------> MRecentItem.addWindowChange: AD_User_ID is mandatory. [63]
-----------> MRecentItem.addWindowChange: AD_User_ID is mandatory. [178]
-----------> MRecentItem.addWindowChange: AD_User_ID is mandatory. [47]
===========> MLookupFactory.getLookup_TableDir: No Identifier records found: EW_ADDRESSTYPE_ID [47]
===========> MLookupFactory.getLookupInfo: No SQL - EW_ADDRESSTYPE_ID [47]
-----------> MRecentItem.addMenuOption: AD_User_ID is mandatory. [47]
===========> GridTable.open: SELECT EW_GREETING_ID,FIRST_NM,MIDDLE_NM,LAST_NM,Gender,DOB,UUID,AddressLine,IsActive,AD_Org_ID,LOS_Lead_ID,AD_Client_ID,COLUMN3,LOS_LEADAPPLICANT_ID,Created,CreatedBy,Updated,UpdatedBy FROM LOS_LEADAPPLICANT WHERE LOS_LEADAPPLICANT.LOS_Lead_ID=1000002 AND LOS_LEADAPPLICANT.AD_Client_ID=0 AND LOS_LEADAPPLICANT.AD_Org_ID=0 AND (LOS_LEADAPPLICANT.LOS_LEADAPPLICANT_ID IS NULL OR LOS_LEADAPPLICANT.LOS_LEADAPPLICANT_ID NOT IN ( SELECT Record_ID FROM AD_Private_Access WHERE AD_Table_ID = 1000053 AND AD_User_ID <> 0 AND IsActive = 'Y' )) ORDER BY Created [63]
java.sql.SQLSyntaxErrorException: ORA-00904: "ADDRESSLINE": invalid identifier
; State=42000; ErrorCode=904
	at oracle.jdbc.driver.T4CTTIoer.processError(T4CTTIoer.java:447)
	at oracle.jdbc.driver.T4CTTIoer.processError(T4CTTIoer.java:396)
	at oracle.jdbc.driver.T4C8Oall.processError(T4C8Oall.java:951)
	at oracle.jdbc.driver.T4CTTIfun.receive(T4CTTIfun.java:513)
	at oracle.jdbc.driver.T4CTTIfun.doRPC(T4CTTIfun.java:227)
	at oracle.jdbc.driver.T4C8Oall.doOALL(T4C8Oall.java:531)
	at oracle.jdbc.driver.T4CPreparedStatement.doOall8(T4CPreparedStatement.java:208)
	at oracle.jdbc.driver.T4CPreparedStatement.executeForDescribe(T4CPreparedStatement.java:886)
	at oracle.jdbc.driver.OracleStatement.executeMaybeDescribe(OracleStatement.java:1175)
	at oracle.jdbc.driver.OracleStatement.doExecuteWithTimeout(OracleStatement.java:1296)
	at oracle.jdbc.driver.OraclePreparedStatement.executeInternal(OraclePreparedStatement.java:3613)
	at oracle.jdbc.driver.OraclePreparedStatement.executeQuery(OraclePreparedStatement.java:3657)
	at oracle.jdbc.driver.OraclePreparedStatementWrapper.executeQuery(OraclePreparedStatementWrapper.java:1495)
	at com.mchange.v2.c3p0.impl.NewProxyPreparedStatement.executeQuery(NewProxyPreparedStatement.java:76)
	at sun.reflect.GeneratedMethodAccessor98.invoke(Unknown Source)
	at sun.reflect.DelegatingMethodAccessorImpl.invoke(Unknown Source)
	at java.lang.reflect.Method.invoke(Unknown Source)
	at org.compiere.db.StatementProxy.invoke(StatementProxy.java:100)
	at com.sun.proxy.$Proxy3.executeQuery(Unknown Source)
	at org.compiere.model.GridTable$Loader.open(GridTable.java:3372)
	at org.compiere.model.GridTable.open(GridTable.java:605)
	at org.compiere.model.GridTab.query(GridTab.java:734)
	at org.compiere.model.GridTab.query(GridTab.java:600)

-----------> Msg.getMsg: NOT found: Please save changes before closing [63]
-----------> MRecentItem.addMenuOption: AD_User_ID is mandatory. [178]
===========> MLookupFactory.getLookup_TableDir: No Identifier records found: EW_ADDRESSTYPE_ID [63]
===========> MLookupFactory.getLookupInfo: No SQL - EW_ADDRESSTYPE_ID [63]
-----------> MRecentItem.addMenuOption: AD_User_ID is mandatory. [63]
===========> GridTable.open: SELECT EW_GREETING_ID,FIRST_NM,MIDDLE_NM,LAST_NM,Gender,DOB,UUID,AddressLine,IsActive,AD_Org_ID,LOS_Lead_ID,AD_Client_ID,COLUMN3,LOS_LEADAPPLICANT_ID,Created,CreatedBy,Updated,UpdatedBy FROM LOS_LEADAPPLICANT WHERE LOS_LEADAPPLICANT.LOS_Lead_ID=1000002 AND LOS_LEADAPPLICANT.AD_Client_ID=0 AND LOS_LEADAPPLICANT.AD_Org_ID=0 AND (LOS_LEADAPPLICANT.LOS_LEADAPPLICANT_ID IS NULL OR LOS_LEADAPPLICANT.LOS_LEADAPPLICANT_ID NOT IN ( SELECT Record_ID FROM AD_Private_Access WHERE AD_Table_ID = 1000053 AND AD_User_ID <> 0 AND IsActive = 'Y' )) ORDER BY Created [47]
java.sql.SQLSyntaxErrorException: ORA-00904: "ADDRESSLINE": invalid identifier
; State=42000; ErrorCode=904
	at oracle.jdbc.driver.T4CTTIoer.processError(T4CTTIoer.java:447)
	at oracle.jdbc.driver.T4CTTIoer.processError(T4CTTIoer.java:396)
	at oracle.jdbc.driver.T4C8Oall.processError(T4C8Oall.java:951)
	at oracle.jdbc.driver.T4CTTIfun.receive(T4CTTIfun.java:513)
	at oracle.jdbc.driver.T4CTTIfun.doRPC(T4CTTIfun.java:227)
	at oracle.jdbc.driver.T4C8Oall.doOALL(T4C8Oall.java:531)
	at oracle.jdbc.driver.T4CPreparedStatement.doOall8(T4CPreparedStatement.java:208)
	at oracle.jdbc.driver.T4CPreparedStatement.executeForDescribe(T4CPreparedStatement.java:886)
	at oracle.jdbc.driver.OracleStatement.executeMaybeDescribe(OracleStatement.java:1175)
	at oracle.jdbc.driver.OracleStatement.doExecuteWithTimeout(OracleStatement.java:1296)
	at oracle.jdbc.driver.OraclePreparedStatement.executeInternal(OraclePreparedStatement.java:3613)
	at oracle.jdbc.driver.OraclePreparedStatement.executeQuery(OraclePreparedStatement.java:3657)
	at oracle.jdbc.driver.OraclePreparedStatementWrapper.executeQuery(OraclePreparedStatementWrapper.java:1495)
	at com.mchange.v2.c3p0.impl.NewProxyPreparedStatement.executeQuery(NewProxyPreparedStatement.java:76)
	at sun.reflect.GeneratedMethodAccessor98.invoke(Unknown Source)
	at sun.reflect.DelegatingMethodAccessorImpl.invoke(Unknown Source)
	at java.lang.reflect.Method.invoke(Unknown Source)
	at org.compiere.db.StatementProxy.invoke(StatementProxy.java:100)
	at com.sun.proxy.$Proxy3.executeQuery(Unknown Source)
	at org.compiere.model.GridTable$Loader.open(GridTable.java:3372)
	at org.compiere.model.GridTable.open(GridTable.java:605)
	at org.compiere.model.GridTab.query(GridTab.java:734)
	at org.compiere.model.GridTab.query(GridTab.java:600)

-----------> MTable.getClass: No class for table with it entity: LOS_LEADAPPLICANT [47]
===========> DB.executeUpdate: INSERT INTO LOS_LEADAPPLICANT (AD_Client_ID,AD_Org_ID,AddressLine,Created,CreatedBy,DOB,EW_GREETING_ID,FIRST_NM,Gender,IsActive,LAST_NM,LOS_LEADAPPLICANT_ID,LOS_Lead_ID,MIDDLE_NM,UUID,Updated,UpdatedBy) VALUES (0,0,0,TO_DATE('2018-07-16 17:26:22','YYYY-MM-DD HH24:MI:SS'),0,TO_DATE('2018-07-16','YYYY-MM-DD'),1000000,'Muhammad','Y','Y','Baloch',1000004,1000002,'Ayaz','dfdfdgfhgjhkjjulklgfgf',TO_DATE('2018-07-16 17:26:22','YYYY-MM-DD HH24:MI:SS'),0) [POSave_5887737d-51a1-49b2-9434-b1bebf48ebdb] [47]
java.sql.SQLSyntaxErrorException: ORA-00904: "ADDRESSLINE": invalid identifier
; State=42000; ErrorCode=904
	at oracle.jdbc.driver.T4CTTIoer.processError(T4CTTIoer.java:447)
	at oracle.jdbc.driver.T4CTTIoer.processError(T4CTTIoer.java:396)
	at oracle.jdbc.driver.T4C8Oall.processError(T4C8Oall.java:951)
	at oracle.jdbc.driver.T4CTTIfun.receive(T4CTTIfun.java:513)
	at oracle.jdbc.driver.T4CTTIfun.doRPC(T4CTTIfun.java:227)
	at oracle.jdbc.driver.T4C8Oall.doOALL(T4C8Oall.java:531)
	at oracle.jdbc.driver.T4CPreparedStatement.doOall8(T4CPreparedStatement.java:208)
	at oracle.jdbc.driver.T4CPreparedStatement.executeForRows(T4CPreparedStatement.java:1046)
	at oracle.jdbc.driver.OracleStatement.doExecuteWithTimeout(OracleStatement.java:1336)
	at oracle.jdbc.driver.OracleStatement.doScrollExecuteCommon(OracleStatement.java:4709)
	at oracle.jdbc.driver.OraclePreparedStatement.doScrollPstmtExecuteUpdate(OraclePreparedStatement.java:10613)
	at oracle.jdbc.driver.OraclePreparedStatement.executeInternal(OraclePreparedStatement.java:3611)
	at oracle.jdbc.driver.OraclePreparedStatement.executeUpdate(OraclePreparedStatement.java:3694)
	at oracle.jdbc.driver.OraclePreparedStatementWrapper.executeUpdate(OraclePreparedStatementWrapper.java:1354)
	at com.mchange.v2.c3p0.impl.NewProxyPreparedStatement.executeUpdate(NewProxyPreparedStatement.java:105)
	at sun.reflect.NativeMethodAccessorImpl.invoke0(Native Method)
	at sun.reflect.NativeMethodAccessorImpl.invoke(Unknown Source)
	at sun.reflect.DelegatingMethodAccessorImpl.invoke(Unknown Source)
	at java.lang.reflect.Method.invoke(Unknown Source)
	at org.compiere.db.StatementProxy.invoke(StatementProxy.java:100)
	at com.sun.proxy.$Proxy3.executeUpdate(Unknown Source)
	at org.compiere.util.DB.executeUpdate(DB.java:1046)
	at org.compiere.util.DB.executeUpdate(DB.java:908)
	at org.compiere.util.DB.executeUpdate(DB.java:895)
	at org.compiere.model.PO.saveNew(PO.java:2865)
	at org.compiere.model.PO.save(PO.java:2195)
	at org.compiere.model.GridTable.dataSavePO(GridTable.java:2139)
	at org.compiere.model.GridTable.dataSave(GridTable.java:1474)
	at org.compiere.model.GridTab.dataSave(GridTab.java:987)

===========> DB.saveError: DBExecuteError - ORA-00904: "ADDRESSLINE": invalid identifier
 [47]
-----------> GenericPO.saveNew: [POSave_5887737d-51a1-49b2-9434-b1bebf48ebdb]Not inserted - LOS_LEADAPPLICANT [47]
-----------> GridTable.saveWarning: DBExecuteError - ORA-00904: "ADDRESSLINE": invalid identifier
 [47]
-----------> GridTable.saveWarning: FillMandatory - Immutable Universally Unique Identifier
 [63]
-----------> MTable.getClass: No class for table with it entity: LOS_LEADAPPLICANTADDRESS [63]
===========> DB.executeUpdate: INSERT INTO LOS_LEADAPPLICANTADDRESS (AD_Client_ID,AD_Org_ID,Address1,Address2,Address3,COL_CITY_ID,COL_COUNTRY_ID,COL_STATE_ID,Created,CreatedBy,EW_ADDRESSTYPE_ID,IsActive,LOS_LEADAPPLICANTADDRESS_ID,POST_CD,UUID,Updated,UpdatedBy) VALUES (0,0,'SSSSS','SSS','SSSS',1000037,1000000,1000004,TO_DATE('2018-07-16 17:27:35','YYYY-MM-DD HH24:MI:SS'),0,1000000,'Y',1000000,'47900','HGHJGHGHGHG',TO_DATE('2018-07-16 17:27:35','YYYY-MM-DD HH24:MI:SS'),0) [POSave_9a80899a-e8ef-4477-a0d6-30d162f29348] [63]
java.sql.SQLIntegrityConstraintViolationException: ORA-01400: cannot insert NULL into ("CARSDEV"."LOS_LEADAPPLICANTADDRESS"."LOS_LEADAPPLICANT_ID")
; State=23000; ErrorCode=1400
	at oracle.jdbc.driver.T4CTTIoer.processError(T4CTTIoer.java:447)
	at oracle.jdbc.driver.T4CTTIoer.processError(T4CTTIoer.java:396)
	at oracle.jdbc.driver.T4C8Oall.processError(T4C8Oall.java:951)
	at oracle.jdbc.driver.T4CTTIfun.receive(T4CTTIfun.java:513)
	at oracle.jdbc.driver.T4CTTIfun.doRPC(T4CTTIfun.java:227)
	at oracle.jdbc.driver.T4C8Oall.doOALL(T4C8Oall.java:531)
	at oracle.jdbc.driver.T4CPreparedStatement.doOall8(T4CPreparedStatement.java:208)
	at oracle.jdbc.driver.T4CPreparedStatement.executeForRows(T4CPreparedStatement.java:1046)
	at oracle.jdbc.driver.OracleStatement.doExecuteWithTimeout(OracleStatement.java:1336)
	at oracle.jdbc.driver.OracleStatement.doScrollExecuteCommon(OracleStatement.java:4709)
	at oracle.jdbc.driver.OraclePreparedStatement.doScrollPstmtExecuteUpdate(OraclePreparedStatement.java:10613)
	at oracle.jdbc.driver.OraclePreparedStatement.executeInternal(OraclePreparedStatement.java:3611)
	at oracle.jdbc.driver.OraclePreparedStatement.executeUpdate(OraclePreparedStatement.java:3694)
	at oracle.jdbc.driver.OraclePreparedStatementWrapper.executeUpdate(OraclePreparedStatementWrapper.java:1354)
	at com.mchange.v2.c3p0.impl.NewProxyPreparedStatement.executeUpdate(NewProxyPreparedStatement.java:105)
	at sun.reflect.NativeMethodAccessorImpl.invoke0(Native Method)
	at sun.reflect.NativeMethodAccessorImpl.invoke(Unknown Source)
	at sun.reflect.DelegatingMethodAccessorImpl.invoke(Unknown Source)
	at java.lang.reflect.Method.invoke(Unknown Source)
	at org.compiere.db.StatementProxy.invoke(StatementProxy.java:100)
	at com.sun.proxy.$Proxy3.executeUpdate(Unknown Source)
	at org.compiere.util.DB.executeUpdate(DB.java:1046)
	at org.compiere.util.DB.executeUpdate(DB.java:908)
	at org.compiere.util.DB.executeUpdate(DB.java:895)
	at org.compiere.model.PO.saveNew(PO.java:2865)
	at org.compiere.model.PO.save(PO.java:2195)
	at org.compiere.model.GridTable.dataSavePO(GridTable.java:2139)
	at org.compiere.model.GridTable.dataSave(GridTable.java:1474)
	at org.compiere.model.GridTab.dataSave(GridTab.java:987)

===========> DB.saveError: DBExecuteError - ORA-01400: cannot insert NULL into ("CARSDEV"."LOS_LEADAPPLICANTADDRESS"."LOS_LEADAPPLICANT_ID")
 [63]
-----------> GenericPO.saveNew: [POSave_9a80899a-e8ef-4477-a0d6-30d162f29348]Not inserted - LOS_LEADAPPLICANTADDRESS [63]
-----------> GridTable.saveWarning: DBExecuteError - ORA-01400: cannot insert NULL into ("CARSDEV"."LOS_LEADAPPLICANTADDRESS"."LOS_LEADAPPLICANT_ID")
 [63]
===========> DB.executeUpdate: INSERT INTO LOS_LEADAPPLICANT (AD_Client_ID,AD_Org_ID,AddressLine,Created,CreatedBy,DOB,EW_GREETING_ID,FIRST_NM,Gender,IsActive,LAST_NM,LOS_LEADAPPLICANT_ID,LOS_Lead_ID,MIDDLE_NM,UUID,Updated,UpdatedBy) VALUES (0,0,0,TO_DATE('2018-07-16 17:28:01','YYYY-MM-DD HH24:MI:SS'),0,TO_DATE('2018-07-16','YYYY-MM-DD'),1000000,'Muhammad','Y','Y','Baloch',1000005,1000002,'Ayaz','dfdfdgfhgjhkjjulklgfgf',TO_DATE('2018-07-16 17:28:01','YYYY-MM-DD HH24:MI:SS'),0) [POSave_81c71105-517a-448f-989d-d3ff9ce72895] [63]
java.sql.SQLSyntaxErrorException: ORA-00904: "ADDRESSLINE": invalid identifier
; State=42000; ErrorCode=904
	at oracle.jdbc.driver.T4CTTIoer.processError(T4CTTIoer.java:447)
	at oracle.jdbc.driver.T4CTTIoer.processError(T4CTTIoer.java:396)
	at oracle.jdbc.driver.T4C8Oall.processError(T4C8Oall.java:951)
	at oracle.jdbc.driver.T4CTTIfun.receive(T4CTTIfun.java:513)
	at oracle.jdbc.driver.T4CTTIfun.doRPC(T4CTTIfun.java:227)
	at oracle.jdbc.driver.T4C8Oall.doOALL(T4C8Oall.java:531)
	at oracle.jdbc.driver.T4CPreparedStatement.doOall8(T4CPreparedStatement.java:208)
	at oracle.jdbc.driver.T4CPreparedStatement.executeForRows(T4CPreparedStatement.java:1046)
	at oracle.jdbc.driver.OracleStatement.doExecuteWithTimeout(OracleStatement.java:1336)
	at oracle.jdbc.driver.OracleStatement.doScrollExecuteCommon(OracleStatement.java:4709)
	at oracle.jdbc.driver.OraclePreparedStatement.doScrollPstmtExecuteUpdate(OraclePreparedStatement.java:10613)
	at oracle.jdbc.driver.OraclePreparedStatement.executeInternal(OraclePreparedStatement.java:3611)
	at oracle.jdbc.driver.OraclePreparedStatement.executeUpdate(OraclePreparedStatement.java:3694)
	at oracle.jdbc.driver.OraclePreparedStatementWrapper.executeUpdate(OraclePreparedStatementWrapper.java:1354)
	at com.mchange.v2.c3p0.impl.NewProxyPreparedStatement.executeUpdate(NewProxyPreparedStatement.java:105)
	at sun.reflect.GeneratedMethodAccessor105.invoke(Unknown Source)
	at sun.reflect.DelegatingMethodAccessorImpl.invoke(Unknown Source)
	at java.lang.reflect.Method.invoke(Unknown Source)
	at org.compiere.db.StatementProxy.invoke(StatementProxy.java:100)
	at com.sun.proxy.$Proxy3.executeUpdate(Unknown Source)
	at org.compiere.util.DB.executeUpdate(DB.java:1046)
	at org.compiere.util.DB.executeUpdate(DB.java:908)
	at org.compiere.util.DB.executeUpdate(DB.java:895)
	at org.compiere.model.PO.saveNew(PO.java:2865)
	at org.compiere.model.PO.save(PO.java:2195)
	at org.compiere.model.GridTable.dataSavePO(GridTable.java:2139)
	at org.compiere.model.GridTable.dataSave(GridTable.java:1474)
	at org.compiere.model.GridTab.dataSave(GridTab.java:987)

===========> DB.saveError: DBExecuteError - ORA-00904: "ADDRESSLINE": invalid identifier
 [63]
-----------> GenericPO.saveNew: [POSave_81c71105-517a-448f-989d-d3ff9ce72895]Not inserted - LOS_LEADAPPLICANT [63]
-----------> GridTable.saveWarning: DBExecuteError - ORA-00904: "ADDRESSLINE": invalid identifier
 [63]
-----------> MRecentItem.addWindowChange: AD_User_ID is mandatory. [63]
-----------> MRecentItem.addWindowChange: AD_User_ID is mandatory. [178]
===========> GridTable.open: SELECT EW_GREETING_ID,FIRST_NM,MIDDLE_NM,LAST_NM,Gender,DOB,UUID,AddressLine,IsActive,AD_Org_ID,LOS_Lead_ID,AD_Client_ID,COLUMN3,LOS_LEADAPPLICANT_ID,Created,CreatedBy,Updated,UpdatedBy FROM LOS_LEADAPPLICANT WHERE LOS_LEADAPPLICANT.LOS_Lead_ID=1000002 AND LOS_LEADAPPLICANT.AD_Client_ID=0 AND LOS_LEADAPPLICANT.AD_Org_ID=0 AND (LOS_LEADAPPLICANT.LOS_LEADAPPLICANT_ID IS NULL OR LOS_LEADAPPLICANT.LOS_LEADAPPLICANT_ID NOT IN ( SELECT Record_ID FROM AD_Private_Access WHERE AD_Table_ID = 1000053 AND AD_User_ID <> 0 AND IsActive = 'Y' )) ORDER BY Created [47]
java.sql.SQLSyntaxErrorException: ORA-00904: "ADDRESSLINE": invalid identifier
; State=42000; ErrorCode=904
	at oracle.jdbc.driver.T4CTTIoer.processError(T4CTTIoer.java:447)
	at oracle.jdbc.driver.T4CTTIoer.processError(T4CTTIoer.java:396)
	at oracle.jdbc.driver.T4C8Oall.processError(T4C8Oall.java:951)
	at oracle.jdbc.driver.T4CTTIfun.receive(T4CTTIfun.java:513)
	at oracle.jdbc.driver.T4CTTIfun.doRPC(T4CTTIfun.java:227)
	at oracle.jdbc.driver.T4C8Oall.doOALL(T4C8Oall.java:531)
	at oracle.jdbc.driver.T4CPreparedStatement.doOall8(T4CPreparedStatement.java:208)
	at oracle.jdbc.driver.T4CPreparedStatement.executeForDescribe(T4CPreparedStatement.java:886)
	at oracle.jdbc.driver.OracleStatement.executeMaybeDescribe(OracleStatement.java:1175)
	at oracle.jdbc.driver.OracleStatement.doExecuteWithTimeout(OracleStatement.java:1296)
	at oracle.jdbc.driver.OraclePreparedStatement.executeInternal(OraclePreparedStatement.java:3613)
	at oracle.jdbc.driver.OraclePreparedStatement.executeQuery(OraclePreparedStatement.java:3657)
	at oracle.jdbc.driver.OraclePreparedStatementWrapper.executeQuery(OraclePreparedStatementWrapper.java:1495)
	at com.mchange.v2.c3p0.impl.NewProxyPreparedStatement.executeQuery(NewProxyPreparedStatement.java:76)
	at sun.reflect.GeneratedMethodAccessor98.invoke(Unknown Source)
	at sun.reflect.DelegatingMethodAccessorImpl.invoke(Unknown Source)
	at java.lang.reflect.Method.invoke(Unknown Source)
	at org.compiere.db.StatementProxy.invoke(StatementProxy.java:100)
	at com.sun.proxy.$Proxy3.executeQuery(Unknown Source)
	at org.compiere.model.GridTable$Loader.open(GridTable.java:3372)
	at org.compiere.model.GridTable.open(GridTable.java:605)
	at org.compiere.model.GridTable.dataRefreshAll(GridTable.java:2851)
	at org.compiere.model.GridTable.dataRefreshAll(GridTable.java:2819)
	at org.compiere.model.GridTab.query(GridTab.java:727)
	at org.compiere.model.GridTab.query(GridTab.java:600)

===========> GridTable.open: SELECT EW_GREETING_ID,FIRST_NM,MIDDLE_NM,LAST_NM,Gender,DOB,UUID,AddressLine,IsActive,AD_Org_ID,LOS_Lead_ID,AD_Client_ID,COLUMN3,LOS_LEADAPPLICANT_ID,Created,CreatedBy,Updated,UpdatedBy FROM LOS_LEADAPPLICANT WHERE LOS_LEADAPPLICANT.LOS_Lead_ID=1000002 AND LOS_LEADAPPLICANT.AD_Client_ID=0 AND LOS_LEADAPPLICANT.AD_Org_ID=0 AND (LOS_LEADAPPLICANT.LOS_LEADAPPLICANT_ID IS NULL OR LOS_LEADAPPLICANT.LOS_LEADAPPLICANT_ID NOT IN ( SELECT Record_ID FROM AD_Private_Access WHERE AD_Table_ID = 1000053 AND AD_User_ID <> 0 AND IsActive = 'Y' )) ORDER BY Created [47]
java.sql.SQLSyntaxErrorException: ORA-00904: "ADDRESSLINE": invalid identifier
; State=42000; ErrorCode=904
	at oracle.jdbc.driver.T4CTTIoer.processError(T4CTTIoer.java:447)
	at oracle.jdbc.driver.T4CTTIoer.processError(T4CTTIoer.java:396)
	at oracle.jdbc.driver.T4C8Oall.processError(T4C8Oall.java:951)
	at oracle.jdbc.driver.T4CTTIfun.receive(T4CTTIfun.java:513)
	at oracle.jdbc.driver.T4CTTIfun.doRPC(T4CTTIfun.java:227)
	at oracle.jdbc.driver.T4C8Oall.doOALL(T4C8Oall.java:531)
	at oracle.jdbc.driver.T4CPreparedStatement.doOall8(T4CPreparedStatement.java:208)
	at oracle.jdbc.driver.T4CPreparedStatement.executeForDescribe(T4CPreparedStatement.java:886)
	at oracle.jdbc.driver.OracleStatement.executeMaybeDescribe(OracleStatement.java:1175)
	at oracle.jdbc.driver.OracleStatement.doExecuteWithTimeout(OracleStatement.java:1296)
	at oracle.jdbc.driver.OraclePreparedStatement.executeInternal(OraclePreparedStatement.java:3613)
	at oracle.jdbc.driver.OraclePreparedStatement.executeQuery(OraclePreparedStatement.java:3657)
	at oracle.jdbc.driver.OraclePreparedStatementWrapper.executeQuery(OraclePreparedStatementWrapper.java:1495)
	at com.mchange.v2.c3p0.impl.NewProxyPreparedStatement.executeQuery(NewProxyPreparedStatement.java:76)
	at sun.reflect.GeneratedMethodAccessor98.invoke(Unknown Source)
	at sun.reflect.DelegatingMethodAccessorImpl.invoke(Unknown Source)
	at java.lang.reflect.Method.invoke(Unknown Source)
	at org.compiere.db.StatementProxy.invoke(StatementProxy.java:100)
	at com.sun.proxy.$Proxy3.executeQuery(Unknown Source)
	at org.compiere.model.GridTable$Loader.open(GridTable.java:3372)
	at org.compiere.model.GridTable.open(GridTable.java:605)
	at org.compiere.model.GridTable.dataRefreshAll(GridTable.java:2851)
	at org.compiere.model.GridTable.dataRefreshAll(GridTable.java:2819)
	at org.compiere.model.GridTab.query(GridTab.java:727)
	at org.compiere.model.GridTab.query(GridTab.java:600)

