*** 2018-12-31 12:09:14.665 Adempiere Log (CLogFile) ***
12:09:14.664 Adempiere.startup: ADempiere(r) Release 3.9.0_2017-08-01 -Smart Suite ERP,CRM and SCM- (c) 1999-2017 ADempiere(r); Implementation: ADempiere - Supported by ADempiere community [13]
12:09:14.677 Ini.loadProperties: D:\Ayaz\Ayaz_NBP_PC_Backup\AdempiereTemplate39\Adempiere.properties #37 [13]
-----------> MIssue.set_Value: SourceClassName - Value too long - truncated to length=60 [47]
===========> DB.executeUpdate: INSERT INTO AD_Tree_Favorite (AD_Client_ID,AD_Org_ID,AD_Role_ID,AD_Tree_Favorite_ID,Created,CreatedBy,IsActive,Updated,UpdatedBy) VALUES (0,0,0,1000218,TO_DATE('2018-12-31 12:13:48','YYYY-MM-DD HH24:MI:SS'),0,'Y',TO_DATE('2018-12-31 12:13:48','YYYY-MM-DD HH24:MI:SS'),0) [POSave_f6c4bdde-2984-42e4-9284-628edaa6b950] [47]
java.sql.SQLIntegrityConstraintViolationException: ORA-01400: cannot insert NULL into ("CARSDEV"."AD_TREE_FAVORITE"."AD_USER_ID")
; State=23000; ErrorCode=1400
	at oracle.jdbc.driver.T4CTTIoer.processError(T4CTTIoer.java:447)
	at oracle.jdbc.driver.T4CTTIoer.processError(T4CTTIoer.java:396)
	at oracle.jdbc.driver.T4C8Oall.processError(T4C8Oall.java:951)
	at oracle.jdbc.driver.T4CTTIfun.receive(T4CTTIfun.java:513)
	at oracle.jdbc.driver.T4CTTIfun.doRPC(T4CTTIfun.java:227)
	at oracle.jdbc.driver.T4C8Oall.doOALL(T4C8Oall.java:531)
	at oracle.jdbc.driver.T4CPreparedStatement.doOall8(T4CPreparedStatement.java:208)
	at oracle.jdbc.driver.T4CPreparedStatement.executeForRows(T4CPreparedStatement.java:1046)
	at oracle.jdbc.driver.OracleStatement.doExecuteWithTimeout(OracleStatement.java:1336)
	at oracle.jdbc.driver.OracleStatement.doScrollExecuteCommon(OracleStatement.java:4709)
	at oracle.jdbc.driver.OraclePreparedStatement.doScrollPstmtExecuteUpdate(OraclePreparedStatement.java:10613)
	at oracle.jdbc.driver.OraclePreparedStatement.executeInternal(OraclePreparedStatement.java:3611)
	at oracle.jdbc.driver.OraclePreparedStatement.executeUpdate(OraclePreparedStatement.java:3694)
	at oracle.jdbc.driver.OraclePreparedStatementWrapper.executeUpdate(OraclePreparedStatementWrapper.java:1354)
	at com.mchange.v2.c3p0.impl.NewProxyPreparedStatement.executeUpdate(NewProxyPreparedStatement.java:105)
	at sun.reflect.NativeMethodAccessorImpl.invoke0(Native Method)
	at sun.reflect.NativeMethodAccessorImpl.invoke(Unknown Source)
	at sun.reflect.DelegatingMethodAccessorImpl.invoke(Unknown Source)
	at java.lang.reflect.Method.invoke(Unknown Source)
	at org.compiere.db.StatementProxy.invoke(StatementProxy.java:100)
	at com.sun.proxy.$Proxy3.executeUpdate(Unknown Source)
	at org.compiere.util.DB.executeUpdate(DB.java:1046)
	at org.compiere.util.DB.executeUpdate(DB.java:908)
	at org.compiere.util.DB.executeUpdate(DB.java:895)
	at org.compiere.model.PO.saveNew(PO.java:2865)
	at org.compiere.model.PO.save(PO.java:2195)

===========> DB.saveError: DBExecuteError - ORA-01400: cannot insert NULL into ("CARSDEV"."AD_TREE_FAVORITE"."AD_USER_ID")
 [47]
-----------> MTreeFavorite.saveNew: [POSave_f6c4bdde-2984-42e4-9284-628edaa6b950]Not inserted - AD_Tree_Favorite [47]
-----------> DefaultDesktop.createHomeTab: Failed to create components. zul=/zul/userfavorites.zul [47]
org.adempiere.exceptions.AdempiereException: Could not create Tree.
	at org.adempiere.webui.dashboard.DPUserFavorites.createFavouritesPanel(DPUserFavorites.java:119)
	at org.adempiere.webui.dashboard.DPUserFavorites.<init>(DPUserFavorites.java:63)
	at sun.reflect.NativeConstructorAccessorImpl.newInstance0(Native Method)
	at sun.reflect.NativeConstructorAccessorImpl.newInstance(Unknown Source)
	at sun.reflect.DelegatingConstructorAccessorImpl.newInstance(Unknown Source)
	at java.lang.reflect.Constructor.newInstance(Unknown Source)
	at java.lang.Class.newInstance(Unknown Source)
	at org.zkoss.zk.ui.metainfo.impl.ComponentDefinitionImpl.newInstance(ComponentDefinitionImpl.java:308)
	at org.zkoss.zk.ui.metainfo.impl.ComponentDefinitionImpl.newInstance(ComponentDefinitionImpl.java:296)
	at org.zkoss.zk.ui.metainfo.ComponentInfo.newInstance(ComponentInfo.java:664)
	at org.zkoss.zk.ui.impl.AbstractUiFactory.newComponent(AbstractUiFactory.java:90)
	at org.zkoss.zk.ui.impl.UiEngineImpl.execCreateChild0(UiEngineImpl.java:616)
	at org.zkoss.zk.ui.impl.UiEngineImpl.execCreateChild(UiEngineImpl.java:587)
	at org.zkoss.zk.ui.impl.UiEngineImpl.execCreate0(UiEngineImpl.java:531)
	at org.zkoss.zk.ui.impl.UiEngineImpl.execCreate(UiEngineImpl.java:498)
	at org.zkoss.zk.ui.impl.UiEngineImpl.createComponents(UiEngineImpl.java:819)
	at org.zkoss.zk.ui.impl.AbstractExecution.createComponents(AbstractExecution.java:189)
	at org.zkoss.zk.ui.Executions.createComponents(Executions.java:177)
	at org.adempiere.webui.desktop.DefaultDesktop.createHomeTab(DefaultDesktop.java:380)
	at org.adempiere.webui.desktop.DefaultDesktop.doCreatePart(DefaultDesktop.java:162)
	at org.adempiere.webui.part.AbstractUIPart.createPart(AbstractUIPart.java:41)

-----------> Msg.getMsg: NOT found: InfoBranch [47]
-----------> MRecentItem.addMenuOption: AD_User_ID is mandatory. [47]
-----------> MRecentItem.addMenuOption: AD_User_ID is mandatory. [47]
-----------> MIssue.set_Value: SourceClassName - Value too long - truncated to length=60 [47]
===========> DB.executeUpdate: INSERT INTO AD_Tree_Favorite (AD_Client_ID,AD_Org_ID,AD_Role_ID,AD_Tree_Favorite_ID,Created,CreatedBy,IsActive,Updated,UpdatedBy) VALUES (0,0,0,1000219,TO_DATE('2018-12-31 14:40:26','YYYY-MM-DD HH24:MI:SS'),0,'Y',TO_DATE('2018-12-31 14:40:26','YYYY-MM-DD HH24:MI:SS'),0) [POSave_66bb12d5-c0c1-4819-b03b-200f153e6324] [47]
java.sql.SQLIntegrityConstraintViolationException: ORA-01400: cannot insert NULL into ("CARSDEV"."AD_TREE_FAVORITE"."AD_USER_ID")
; State=23000; ErrorCode=1400
	at oracle.jdbc.driver.T4CTTIoer.processError(T4CTTIoer.java:447)
	at oracle.jdbc.driver.T4CTTIoer.processError(T4CTTIoer.java:396)
	at oracle.jdbc.driver.T4C8Oall.processError(T4C8Oall.java:951)
	at oracle.jdbc.driver.T4CTTIfun.receive(T4CTTIfun.java:513)
	at oracle.jdbc.driver.T4CTTIfun.doRPC(T4CTTIfun.java:227)
	at oracle.jdbc.driver.T4C8Oall.doOALL(T4C8Oall.java:531)
	at oracle.jdbc.driver.T4CPreparedStatement.doOall8(T4CPreparedStatement.java:208)
	at oracle.jdbc.driver.T4CPreparedStatement.executeForRows(T4CPreparedStatement.java:1046)
	at oracle.jdbc.driver.OracleStatement.doExecuteWithTimeout(OracleStatement.java:1336)
	at oracle.jdbc.driver.OracleStatement.doScrollExecuteCommon(OracleStatement.java:4709)
	at oracle.jdbc.driver.OraclePreparedStatement.doScrollPstmtExecuteUpdate(OraclePreparedStatement.java:10613)
	at oracle.jdbc.driver.OraclePreparedStatement.executeInternal(OraclePreparedStatement.java:3611)
	at oracle.jdbc.driver.OraclePreparedStatement.executeUpdate(OraclePreparedStatement.java:3694)
	at oracle.jdbc.driver.OraclePreparedStatementWrapper.executeUpdate(OraclePreparedStatementWrapper.java:1354)
	at com.mchange.v2.c3p0.impl.NewProxyPreparedStatement.executeUpdate(NewProxyPreparedStatement.java:105)
	at sun.reflect.NativeMethodAccessorImpl.invoke0(Native Method)
	at sun.reflect.NativeMethodAccessorImpl.invoke(Unknown Source)
	at sun.reflect.DelegatingMethodAccessorImpl.invoke(Unknown Source)
	at java.lang.reflect.Method.invoke(Unknown Source)
	at org.compiere.db.StatementProxy.invoke(StatementProxy.java:100)
	at com.sun.proxy.$Proxy3.executeUpdate(Unknown Source)
	at org.compiere.util.DB.executeUpdate(DB.java:1046)
	at org.compiere.util.DB.executeUpdate(DB.java:908)
	at org.compiere.util.DB.executeUpdate(DB.java:895)
	at org.compiere.model.PO.saveNew(PO.java:2865)
	at org.compiere.model.PO.save(PO.java:2195)

===========> DB.saveError: DBExecuteError - ORA-01400: cannot insert NULL into ("CARSDEV"."AD_TREE_FAVORITE"."AD_USER_ID")
 [47]
-----------> MTreeFavorite.saveNew: [POSave_66bb12d5-c0c1-4819-b03b-200f153e6324]Not inserted - AD_Tree_Favorite [47]
-----------> DefaultDesktop.createHomeTab: Failed to create components. zul=/zul/userfavorites.zul [47]
org.adempiere.exceptions.AdempiereException: Could not create Tree.
	at org.adempiere.webui.dashboard.DPUserFavorites.createFavouritesPanel(DPUserFavorites.java:119)
	at org.adempiere.webui.dashboard.DPUserFavorites.<init>(DPUserFavorites.java:63)
	at sun.reflect.NativeConstructorAccessorImpl.newInstance0(Native Method)
	at sun.reflect.NativeConstructorAccessorImpl.newInstance(Unknown Source)
	at sun.reflect.DelegatingConstructorAccessorImpl.newInstance(Unknown Source)
	at java.lang.reflect.Constructor.newInstance(Unknown Source)
	at java.lang.Class.newInstance(Unknown Source)
	at org.zkoss.zk.ui.metainfo.impl.ComponentDefinitionImpl.newInstance(ComponentDefinitionImpl.java:308)
	at org.zkoss.zk.ui.metainfo.impl.ComponentDefinitionImpl.newInstance(ComponentDefinitionImpl.java:296)
	at org.zkoss.zk.ui.metainfo.ComponentInfo.newInstance(ComponentInfo.java:664)
	at org.zkoss.zk.ui.impl.AbstractUiFactory.newComponent(AbstractUiFactory.java:90)
	at org.zkoss.zk.ui.impl.UiEngineImpl.execCreateChild0(UiEngineImpl.java:616)
	at org.zkoss.zk.ui.impl.UiEngineImpl.execCreateChild(UiEngineImpl.java:587)
	at org.zkoss.zk.ui.impl.UiEngineImpl.execCreate0(UiEngineImpl.java:531)
	at org.zkoss.zk.ui.impl.UiEngineImpl.execCreate(UiEngineImpl.java:498)
	at org.zkoss.zk.ui.impl.UiEngineImpl.createComponents(UiEngineImpl.java:819)
	at org.zkoss.zk.ui.impl.AbstractExecution.createComponents(AbstractExecution.java:189)
	at org.zkoss.zk.ui.Executions.createComponents(Executions.java:177)
	at org.adempiere.webui.desktop.DefaultDesktop.createHomeTab(DefaultDesktop.java:380)
	at org.adempiere.webui.desktop.DefaultDesktop.doCreatePart(DefaultDesktop.java:162)
	at org.adempiere.webui.part.AbstractUIPart.createPart(AbstractUIPart.java:41)

-----------> Msg.getMsg: NOT found: InfoBranch [47]
-----------> MRecentItem.addMenuOption: AD_User_ID is mandatory. [47]
-----------> MRecentItem.addMenuOption: AD_User_ID is mandatory. [63]
-----------> MRecentItem.addMenuOption: AD_User_ID is mandatory. [63]
-----------> MRecentItem.addMenuOption: AD_User_ID is mandatory. [47]
-----------> MRecentItem.addWindowChange: AD_User_ID is mandatory. [47]
-----------> MRecentItem.addWindowChange: AD_User_ID is mandatory. [63]
-----------> MRecentItem.addWindowChange: AD_User_ID is mandatory. [47]
-----------> MRecentItem.addWindowChange: AD_User_ID is mandatory. [65]
-----------> MRecentItem.addMenuOption: AD_User_ID is mandatory. [65]
-----------> MRecentItem.addWindowChange: AD_User_ID is mandatory. [63]
-----------> MRecentItem.addWindowChange: AD_User_ID is mandatory. [63]
-----------> MRecentItem.addWindowChange: AD_User_ID is mandatory. [47]
-----------> MRecentItem.addWindowChange: AD_User_ID is mandatory. [47]
-----------> MRecentItem.addWindowChange: AD_User_ID is mandatory. [63]
-----------> MRecentItem.addWindowChange: AD_User_ID is mandatory. [63]
-----------> Msg.getMsg: NOT found: Table and Column  Client  System (System Administrator) @ System.* [MyAppsServer{localhost-orcl-carsdev}] [65]
-----------> MRecentItem.addWindowChange: AD_User_ID is mandatory. [47]
-----------> Msg.getMsg: NOT found: Table and Column  LOS_PRODUCT_ID  System (System Administrator) @ System.* [MyAppsServer{localhost-orcl-carsdev}] [65]
-----------> GridTable.saveWarning: FillMandatory - Key column
 [65]
-----------> MRecentItem.addWindowChange: AD_User_ID is mandatory. [47]
-----------> MRecentItem.addWindowChange: AD_User_ID is mandatory. [65]
-----------> MRecentItem.addWindowChange: AD_User_ID is mandatory. [65]
-----------> MRecentItem.addWindowChange: AD_User_ID is mandatory. [47]
-----------> Msg.translate: NOT found: Branch [65]
-----------> Msg.translate: NOT found: District [65]
-----------> Msg.translate: NOT found: Tehsil [65]
-----------> Msg.getMsg: NOT found: InfoBranch [65]
===========> AccessSqlParser.getTableInfo: Could not remove ON COL_BRANCH b, COL_BR_REGION r ON b.COL_BR_REGION_ID=r.COL_BR_REGION_ID LEFT JOIN COL_DISTRICT d ON b.COL_DISTRICT_ID=d.COL_DISTRICT_ID LEFT JOIN COL_TEHSIL t ON b.COL_TEHSIL_ID=t.COL_TEHSIL_ID [47]
===========> AccessSqlParser.getTableInfo: Could not remove ON COL_BRANCH b, COL_BR_REGION r ON b.COL_BR_REGION_ID=r.COL_BR_REGION_ID LEFT JOIN COL_DISTRICT d ON b.COL_DISTRICT_ID=d.COL_DISTRICT_ID LEFT JOIN COL_TEHSIL t ON b.COL_TEHSIL_ID=t.COL_TEHSIL_ID [47]
===========> AccessSqlParser.getTableInfo: Could not remove ON COL_BRANCH b, COL_BR_REGION r ON b.COL_BR_REGION_ID=r.COL_BR_REGION_ID LEFT JOIN COL_DISTRICT d ON b.COL_DISTRICT_ID=d.COL_DISTRICT_ID LEFT JOIN COL_TEHSIL t ON b.COL_TEHSIL_ID=t.COL_TEHSIL_ID [47]
-----------> MRecentItem.addWindowChange: AD_User_ID is mandatory. [63]
-----------> MRecentItem.addMenuOption: AD_User_ID is mandatory. [63]
-----------> MRecentItem.addWindowChange: AD_User_ID is mandatory. [63]
-----------> MRecentItem.addWindowChange: AD_User_ID is mandatory. [47]
-----------> MRecentItem.addMenuOption: AD_User_ID is mandatory. [63]
-----------> GridField.getDefault: (SeqNo) - Default SQL variable parse failed: @SQL=SELECT COALESCE(MAX(SeqNo),0)+10 AS DefaultValue FROM AD_Tab WHERE AD_Window_ID=@AD_Window_ID@ [63]
-----------> MRecentItem.addWindowChange: AD_User_ID is mandatory. [63]
-----------> MRecentItem.addWindowChange: AD_User_ID is mandatory. [65]
-----------> MRecentItem.addWindowChange: AD_User_ID is mandatory. [47]
-----------> MRecentItem.addMenuOption: AD_User_ID is mandatory. [47]
-----------> MRecentItem.addWindowChange: AD_User_ID is mandatory. [63]
-----------> Msg.getMsg: NOT found: Table and Column  LOS Lead ID  System (System Administrator) @ System.* [MyAppsServer{localhost-orcl-carsdev}] [47]
-----------> Msg.getMsg: NOT found: Table and Column  LOS Lead ID  System (System Administrator) @ System.* [MyAppsServer{localhost-orcl-carsdev}] [65]
-----------> Msg.getMsg: NOT found: Table and Column  Client  System (System Administrator) @ System.* [MyAppsServer{localhost-orcl-carsdev}] [47]
===========> MLookupFactory.getLookupInfo: Column Not Found - AD_Column_ID=0 [65]
-----------> Msg.getMsg: NOT found: Table and Column  LOS Lead ID  System (System Administrator) @ System.* [MyAppsServer{localhost-orcl-carsdev}] [47]
-----------> Msg.getMsg: NOT found: Table and Column  LOS Lead ID  System (System Administrator) @ System.* [MyAppsServer{localhost-orcl-carsdev}] [63]
===========> DB.executeUpdate: DELETE FROM AD_Table WHERE AD_Table_ID=1000057 [POdel_72bf1dcd-df3a-4efe-8d85-66d434c99eda] [47]
java.sql.SQLIntegrityConstraintViolationException: ORA-02292: integrity constraint (CARSDEV.AD_TABLE_TAB) violated - child record found
; State=23000; ErrorCode=2292
	at oracle.jdbc.driver.T4CTTIoer.processError(T4CTTIoer.java:447)
	at oracle.jdbc.driver.T4CTTIoer.processError(T4CTTIoer.java:396)
	at oracle.jdbc.driver.T4C8Oall.processError(T4C8Oall.java:951)
	at oracle.jdbc.driver.T4CTTIfun.receive(T4CTTIfun.java:513)
	at oracle.jdbc.driver.T4CTTIfun.doRPC(T4CTTIfun.java:227)
	at oracle.jdbc.driver.T4C8Oall.doOALL(T4C8Oall.java:531)
	at oracle.jdbc.driver.T4CPreparedStatement.doOall8(T4CPreparedStatement.java:208)
	at oracle.jdbc.driver.T4CPreparedStatement.executeForRows(T4CPreparedStatement.java:1046)
	at oracle.jdbc.driver.OracleStatement.doExecuteWithTimeout(OracleStatement.java:1336)
	at oracle.jdbc.driver.OracleStatement.doScrollExecuteCommon(OracleStatement.java:4709)
	at oracle.jdbc.driver.OraclePreparedStatement.doScrollPstmtExecuteUpdate(OraclePreparedStatement.java:10613)
	at oracle.jdbc.driver.OraclePreparedStatement.executeInternal(OraclePreparedStatement.java:3611)
	at oracle.jdbc.driver.OraclePreparedStatement.executeUpdate(OraclePreparedStatement.java:3694)
	at oracle.jdbc.driver.OraclePreparedStatementWrapper.executeUpdate(OraclePreparedStatementWrapper.java:1354)
	at com.mchange.v2.c3p0.impl.NewProxyPreparedStatement.executeUpdate(NewProxyPreparedStatement.java:105)
	at sun.reflect.GeneratedMethodAccessor69.invoke(Unknown Source)
	at sun.reflect.DelegatingMethodAccessorImpl.invoke(Unknown Source)
	at java.lang.reflect.Method.invoke(Unknown Source)
	at org.compiere.db.StatementProxy.invoke(StatementProxy.java:100)
	at com.sun.proxy.$Proxy3.executeUpdate(Unknown Source)
	at org.compiere.util.DB.executeUpdate(DB.java:1046)
	at org.compiere.util.DB.executeUpdate(DB.java:908)
	at org.compiere.util.DB.executeUpdate(DB.java:895)
	at org.compiere.model.PO.delete(PO.java:3075)
	at org.compiere.model.GridTable.dataDelete(GridTable.java:2602)
	at org.compiere.model.GridTab.dataDelete(GridTab.java:1178)

===========> DB.saveError: DBExecuteError - ORA-02292: integrity constraint (CARSDEV.AD_TABLE_TAB) violated - child record found
 [47]
-----------> MTable.delete: Not deleted [47]
-----------> GridTable.saveWarning: DBExecuteError - ORA-02292: integrity constraint (CARSDEV.AD_TABLE_TAB) violated - child record found
 [47]
-----------> MRecentItem.addWindowChange: AD_User_ID is mandatory. [47]
-----------> MRecentItem.addWindowChange: AD_User_ID is mandatory. [47]
-----------> MIssue.set_Value: SourceClassName - Value too long - truncated to length=60 [63]
===========> DB.executeUpdate: DELETE FROM AD_Column WHERE AD_Column_ID=1000958 [POdel_62f468e7-5e29-46f1-8557-cf19c86d73de] [63]
java.sql.SQLIntegrityConstraintViolationException: ORA-02292: integrity constraint (CARSDEV.AD_COLUMN_AD_TAB) violated - child record found
; State=23000; ErrorCode=2292
	at oracle.jdbc.driver.T4CTTIoer.processError(T4CTTIoer.java:447)
	at oracle.jdbc.driver.T4CTTIoer.processError(T4CTTIoer.java:396)
	at oracle.jdbc.driver.T4C8Oall.processError(T4C8Oall.java:951)
	at oracle.jdbc.driver.T4CTTIfun.receive(T4CTTIfun.java:513)
	at oracle.jdbc.driver.T4CTTIfun.doRPC(T4CTTIfun.java:227)
	at oracle.jdbc.driver.T4C8Oall.doOALL(T4C8Oall.java:531)
	at oracle.jdbc.driver.T4CPreparedStatement.doOall8(T4CPreparedStatement.java:208)
	at oracle.jdbc.driver.T4CPreparedStatement.executeForRows(T4CPreparedStatement.java:1046)
	at oracle.jdbc.driver.OracleStatement.doExecuteWithTimeout(OracleStatement.java:1336)
	at oracle.jdbc.driver.OracleStatement.doScrollExecuteCommon(OracleStatement.java:4709)
	at oracle.jdbc.driver.OraclePreparedStatement.doScrollPstmtExecuteUpdate(OraclePreparedStatement.java:10613)
	at oracle.jdbc.driver.OraclePreparedStatement.executeInternal(OraclePreparedStatement.java:3611)
	at oracle.jdbc.driver.OraclePreparedStatement.executeUpdate(OraclePreparedStatement.java:3694)
	at oracle.jdbc.driver.OraclePreparedStatementWrapper.executeUpdate(OraclePreparedStatementWrapper.java:1354)
	at com.mchange.v2.c3p0.impl.NewProxyPreparedStatement.executeUpdate(NewProxyPreparedStatement.java:105)
	at sun.reflect.GeneratedMethodAccessor69.invoke(Unknown Source)
	at sun.reflect.DelegatingMethodAccessorImpl.invoke(Unknown Source)
	at java.lang.reflect.Method.invoke(Unknown Source)
	at org.compiere.db.StatementProxy.invoke(StatementProxy.java:100)
	at com.sun.proxy.$Proxy3.executeUpdate(Unknown Source)
	at org.compiere.util.DB.executeUpdate(DB.java:1046)
	at org.compiere.util.DB.executeUpdate(DB.java:908)
	at org.compiere.util.DB.executeUpdate(DB.java:895)
	at org.compiere.model.PO.delete(PO.java:3075)
	at org.compiere.model.GridTable.dataDelete(GridTable.java:2602)
	at org.compiere.model.GridTab.dataDelete(GridTab.java:1178)

===========> DB.saveError: DBExecuteError - ORA-02292: integrity constraint (CARSDEV.AD_COLUMN_AD_TAB) violated - child record found
 [63]
-----------> MColumn.delete: Not deleted [63]
-----------> GridTable.saveWarning: DBExecuteError - ORA-02292: integrity constraint (CARSDEV.AD_COLUMN_AD_TAB) violated - child record found
 [63]
===========> DB.executeUpdate: DELETE FROM AD_Column WHERE AD_Column_ID=1000958 [POdel_55765e11-63df-48be-8c33-afdaaff8b26b] [47]
java.sql.SQLIntegrityConstraintViolationException: ORA-02292: integrity constraint (CARSDEV.AD_COLUMN_AD_TAB) violated - child record found
; State=23000; ErrorCode=2292
	at oracle.jdbc.driver.T4CTTIoer.processError(T4CTTIoer.java:447)
	at oracle.jdbc.driver.T4CTTIoer.processError(T4CTTIoer.java:396)
	at oracle.jdbc.driver.T4C8Oall.processError(T4C8Oall.java:951)
	at oracle.jdbc.driver.T4CTTIfun.receive(T4CTTIfun.java:513)
	at oracle.jdbc.driver.T4CTTIfun.doRPC(T4CTTIfun.java:227)
	at oracle.jdbc.driver.T4C8Oall.doOALL(T4C8Oall.java:531)
	at oracle.jdbc.driver.T4CPreparedStatement.doOall8(T4CPreparedStatement.java:208)
	at oracle.jdbc.driver.T4CPreparedStatement.executeForRows(T4CPreparedStatement.java:1046)
	at oracle.jdbc.driver.OracleStatement.doExecuteWithTimeout(OracleStatement.java:1336)
	at oracle.jdbc.driver.OracleStatement.doScrollExecuteCommon(OracleStatement.java:4709)
	at oracle.jdbc.driver.OraclePreparedStatement.doScrollPstmtExecuteUpdate(OraclePreparedStatement.java:10613)
	at oracle.jdbc.driver.OraclePreparedStatement.executeInternal(OraclePreparedStatement.java:3611)
	at oracle.jdbc.driver.OraclePreparedStatement.executeUpdate(OraclePreparedStatement.java:3694)
	at oracle.jdbc.driver.OraclePreparedStatementWrapper.executeUpdate(OraclePreparedStatementWrapper.java:1354)
	at com.mchange.v2.c3p0.impl.NewProxyPreparedStatement.executeUpdate(NewProxyPreparedStatement.java:105)
	at sun.reflect.GeneratedMethodAccessor69.invoke(Unknown Source)
	at sun.reflect.DelegatingMethodAccessorImpl.invoke(Unknown Source)
	at java.lang.reflect.Method.invoke(Unknown Source)
	at org.compiere.db.StatementProxy.invoke(StatementProxy.java:100)
	at com.sun.proxy.$Proxy3.executeUpdate(Unknown Source)
	at org.compiere.util.DB.executeUpdate(DB.java:1046)
	at org.compiere.util.DB.executeUpdate(DB.java:908)
	at org.compiere.util.DB.executeUpdate(DB.java:895)
	at org.compiere.model.PO.delete(PO.java:3075)
	at org.compiere.model.GridTable.dataDelete(GridTable.java:2602)
	at org.compiere.model.GridTab.dataDelete(GridTab.java:1178)

===========> DB.saveError: DBExecuteError - ORA-02292: integrity constraint (CARSDEV.AD_COLUMN_AD_TAB) violated - child record found
 [47]
-----------> MColumn.delete: Not deleted [47]
-----------> GridTable.saveWarning: DBExecuteError - ORA-02292: integrity constraint (CARSDEV.AD_COLUMN_AD_TAB) violated - child record found
 [47]
===========> DB.executeUpdate: DELETE FROM AD_Table WHERE AD_Table_ID=1000057 [POdel_2d4991d9-f284-4a1c-899d-4decd5be6d61] [65]
java.sql.SQLIntegrityConstraintViolationException: ORA-02292: integrity constraint (CARSDEV.AD_COLUMN_AD_TAB) violated - child record found
; State=23000; ErrorCode=2292
	at oracle.jdbc.driver.T4CTTIoer.processError(T4CTTIoer.java:447)
	at oracle.jdbc.driver.T4CTTIoer.processError(T4CTTIoer.java:396)
	at oracle.jdbc.driver.T4C8Oall.processError(T4C8Oall.java:951)
	at oracle.jdbc.driver.T4CTTIfun.receive(T4CTTIfun.java:513)
	at oracle.jdbc.driver.T4CTTIfun.doRPC(T4CTTIfun.java:227)
	at oracle.jdbc.driver.T4C8Oall.doOALL(T4C8Oall.java:531)
	at oracle.jdbc.driver.T4CPreparedStatement.doOall8(T4CPreparedStatement.java:208)
	at oracle.jdbc.driver.T4CPreparedStatement.executeForRows(T4CPreparedStatement.java:1046)
	at oracle.jdbc.driver.OracleStatement.doExecuteWithTimeout(OracleStatement.java:1336)
	at oracle.jdbc.driver.OracleStatement.doScrollExecuteCommon(OracleStatement.java:4709)
	at oracle.jdbc.driver.OraclePreparedStatement.doScrollPstmtExecuteUpdate(OraclePreparedStatement.java:10613)
	at oracle.jdbc.driver.OraclePreparedStatement.executeInternal(OraclePreparedStatement.java:3611)
	at oracle.jdbc.driver.OraclePreparedStatement.executeUpdate(OraclePreparedStatement.java:3694)
	at oracle.jdbc.driver.OraclePreparedStatementWrapper.executeUpdate(OraclePreparedStatementWrapper.java:1354)
	at com.mchange.v2.c3p0.impl.NewProxyPreparedStatement.executeUpdate(NewProxyPreparedStatement.java:105)
	at sun.reflect.GeneratedMethodAccessor69.invoke(Unknown Source)
	at sun.reflect.DelegatingMethodAccessorImpl.invoke(Unknown Source)
	at java.lang.reflect.Method.invoke(Unknown Source)
	at org.compiere.db.StatementProxy.invoke(StatementProxy.java:100)
	at com.sun.proxy.$Proxy3.executeUpdate(Unknown Source)
	at org.compiere.util.DB.executeUpdate(DB.java:1046)
	at org.compiere.util.DB.executeUpdate(DB.java:908)
	at org.compiere.util.DB.executeUpdate(DB.java:895)
	at org.compiere.model.PO.delete(PO.java:3075)
	at org.compiere.model.GridTable.dataDelete(GridTable.java:2602)
	at org.compiere.model.GridTab.dataDelete(GridTab.java:1178)

===========> DB.saveError: DBExecuteError - ORA-02292: integrity constraint (CARSDEV.AD_COLUMN_AD_TAB) violated - child record found
 [65]
-----------> MTable.delete: Not deleted [65]
-----------> GridTable.saveWarning: DBExecuteError - ORA-02292: integrity constraint (CARSDEV.AD_COLUMN_AD_TAB) violated - child record found
 [65]
-----------> MRecentItem.addMenuOption: AD_User_ID is mandatory. [65]
-----------> MRecentItem.addMenuOption: AD_User_ID is mandatory. [65]
-----------> AbstractADWindowPanel.onNew: Insert Record disabled for Tab [63]
-----------> Msg.getMsg: NOT found: Table and Column  LOS Lead ID  System (System Administrator) @ System.* [MyAppsServer{localhost-orcl-carsdev}] [63]
-----------> Msg.getMsg: NOT found: Table and Column  LOS Lead Request  System (System Administrator) @ System.* [MyAppsServer{localhost-orcl-carsdev}] [47]
-----------> GridField.getDefault: (SeqNo) - Default SQL variable parse failed: @SQL=SELECT NVL(MAX(SeqNo),0)+10 AS DefaultValue FROM AD_Field WHERE AD_Tab_ID=@AD_Tab_ID@ [47]
-----------> GridField.getDefault: (SeqNoGrid) - Default SQL variable parse failed: @SQL=SELECT NVL(MAX(SeqNo),0)+10 AS DefaultValue FROM AD_Field WHERE AD_Tab_ID=@AD_Tab_ID@ [47]
-----------> Msg.getMsg: NOT found: Window, Tab & Field  Request  System (System Administrator) @ System.* [MyAppsServer{localhost-orcl-carsdev}] [47]
-----------> MRecentItem.addWindowChange: AD_User_ID is mandatory. [65]
-----------> MRecentItem.addWindowChange: AD_User_ID is mandatory. [47]
-----------> Msg.getMsg: NOT found: Table and Column  LOS LEAD REQUEST  System (System Administrator) @ System.* [MyAppsServer{localhost-orcl-carsdev}] [47]
-----------> MRecentItem.addWindowChange: AD_User_ID is mandatory. [65]
-----------> MRecentItem.addWindowChange: AD_User_ID is mandatory. [63]
-----------> GridField.getDefault: (SeqNo) - Default SQL variable parse failed: @SQL=SELECT NVL(MAX(SeqNo),0)+10 AS DefaultValue FROM AD_Field WHERE AD_Tab_ID=@AD_Tab_ID@ [65]
-----------> GridField.getDefault: (SeqNoGrid) - Default SQL variable parse failed: @SQL=SELECT NVL(MAX(SeqNo),0)+10 AS DefaultValue FROM AD_Field WHERE AD_Tab_ID=@AD_Tab_ID@ [65]
-----------> GridField.getDefault: (SeqNo) - Default SQL variable parse failed: @SQL=SELECT NVL(MAX(SeqNo),0)+10 AS DefaultValue FROM AD_Field WHERE AD_Tab_ID=@AD_Tab_ID@ [65]
-----------> GridField.getDefault: (SeqNoGrid) - Default SQL variable parse failed: @SQL=SELECT NVL(MAX(SeqNo),0)+10 AS DefaultValue FROM AD_Field WHERE AD_Tab_ID=@AD_Tab_ID@ [65]
-----------> GridField.getDefault: (SeqNo) - Default SQL variable parse failed: @SQL=SELECT NVL(MAX(SeqNo),0)+10 AS DefaultValue FROM AD_Field WHERE AD_Tab_ID=@AD_Tab_ID@ [65]
-----------> GridField.getDefault: (SeqNoGrid) - Default SQL variable parse failed: @SQL=SELECT NVL(MAX(SeqNo),0)+10 AS DefaultValue FROM AD_Field WHERE AD_Tab_ID=@AD_Tab_ID@ [65]
-----------> GridField.getDefault: (SeqNo) - Default SQL variable parse failed: @SQL=SELECT NVL(MAX(SeqNo),0)+10 AS DefaultValue FROM AD_Field WHERE AD_Tab_ID=@AD_Tab_ID@ [65]
-----------> GridField.getDefault: (SeqNoGrid) - Default SQL variable parse failed: @SQL=SELECT NVL(MAX(SeqNo),0)+10 AS DefaultValue FROM AD_Field WHERE AD_Tab_ID=@AD_Tab_ID@ [65]
-----------> GridField.getDefault: (SeqNo) - Default SQL variable parse failed: @SQL=SELECT NVL(MAX(SeqNo),0)+10 AS DefaultValue FROM AD_Field WHERE AD_Tab_ID=@AD_Tab_ID@ [65]
-----------> GridField.getDefault: (SeqNoGrid) - Default SQL variable parse failed: @SQL=SELECT NVL(MAX(SeqNo),0)+10 AS DefaultValue FROM AD_Field WHERE AD_Tab_ID=@AD_Tab_ID@ [65]
-----------> GridField.getDefault: (SeqNo) - Default SQL variable parse failed: @SQL=SELECT NVL(MAX(SeqNo),0)+10 AS DefaultValue FROM AD_Field WHERE AD_Tab_ID=@AD_Tab_ID@ [65]
-----------> GridField.getDefault: (SeqNoGrid) - Default SQL variable parse failed: @SQL=SELECT NVL(MAX(SeqNo),0)+10 AS DefaultValue FROM AD_Field WHERE AD_Tab_ID=@AD_Tab_ID@ [65]
-----------> GridField.getDefault: (SeqNo) - Default SQL variable parse failed: @SQL=SELECT NVL(MAX(SeqNo),0)+10 AS DefaultValue FROM AD_Field WHERE AD_Tab_ID=@AD_Tab_ID@ [65]
-----------> GridField.getDefault: (SeqNoGrid) - Default SQL variable parse failed: @SQL=SELECT NVL(MAX(SeqNo),0)+10 AS DefaultValue FROM AD_Field WHERE AD_Tab_ID=@AD_Tab_ID@ [65]
-----------> GridField.getDefault: (SeqNo) - Default SQL variable parse failed: @SQL=SELECT NVL(MAX(SeqNo),0)+10 AS DefaultValue FROM AD_Field WHERE AD_Tab_ID=@AD_Tab_ID@ [65]
-----------> GridField.getDefault: (SeqNoGrid) - Default SQL variable parse failed: @SQL=SELECT NVL(MAX(SeqNo),0)+10 AS DefaultValue FROM AD_Field WHERE AD_Tab_ID=@AD_Tab_ID@ [65]
-----------> GridField.getDefault: (SeqNo) - Default SQL variable parse failed: @SQL=SELECT NVL(MAX(SeqNo),0)+10 AS DefaultValue FROM AD_Field WHERE AD_Tab_ID=@AD_Tab_ID@ [65]
-----------> GridField.getDefault: (SeqNoGrid) - Default SQL variable parse failed: @SQL=SELECT NVL(MAX(SeqNo),0)+10 AS DefaultValue FROM AD_Field WHERE AD_Tab_ID=@AD_Tab_ID@ [65]
-----------> Msg.getMsg: NOT found: Window, Tab & Field  Request  System (System Administrator) @ System.* [MyAppsServer{localhost-orcl-carsdev}] [65]
-----------> MRecentItem.addMenuOption: AD_User_ID is mandatory. [65]
===========> MLookupFactory.getLookup_TableDir: No Identifier records found: LOS_PRODUCT_ID [47]
===========> MLookupFactory.getLookupInfo: No SQL - LOS_PRODUCT_ID [47]
===========> MLookupFactory.getLookup_TableDir: No Identifier records found: LOS_PURPOSE_ID [47]
===========> MLookupFactory.getLookupInfo: No SQL - LOS_PURPOSE_ID [47]
-----------> MRecentItem.addMenuOption: AD_User_ID is mandatory. [47]
-----------> MRecentItem.addWindowChange: AD_User_ID is mandatory. [65]
-----------> MRecentItem.addWindowChange: AD_User_ID is mandatory. [47]
-----------> MRecentItem.addMenuOption: AD_User_ID is mandatory. [63]
===========> MLookupFactory.getLookup_TableDir: No Identifier records found: LOS_PRODUCT_ID [65]
===========> MLookupFactory.getLookupInfo: No SQL - LOS_PRODUCT_ID [65]
===========> MLookupFactory.getLookup_TableDir: No Identifier records found: LOS_PURPOSE_ID [65]
===========> MLookupFactory.getLookupInfo: No SQL - LOS_PURPOSE_ID [65]
-----------> MRecentItem.addMenuOption: AD_User_ID is mandatory. [65]
-----------> MRecentItem.addWindowChange: AD_User_ID is mandatory. [63]
-----------> MRecentItem.addWindowChange: AD_User_ID is mandatory. [63]
-----------> Msg.getMsg: NOT found: Please save changes before closing [63]
-----------> MRecentItem.addMenuOption: AD_User_ID is mandatory. [63]
===========> MLookupFactory.getLookup_TableDir: No Identifier records found: LOS_PRODUCT_ID [47]
===========> MLookupFactory.getLookupInfo: No SQL - LOS_PRODUCT_ID [47]
-----------> MRecentItem.addMenuOption: AD_User_ID is mandatory. [47]
-----------> Msg.translate: NOT found: LOS_PURPOSE [65]
===========> InfoGeneralPanel.initInfoTable: No Info for AD_Table_ID=1000059 - SELECT c.ColumnName, c.AD_Reference_ID, c.IsKey, f.IsDisplayed, c.AD_Reference_Value_ID, c.ColumnSql FROM AD_Column c INNER JOIN AD_Table t ON (c.AD_Table_ID=t.AD_Table_ID) INNER JOIN AD_Tab tab ON (t.AD_Window_ID=tab.AD_Window_ID) INNER JOIN AD_Field f ON (tab.AD_Tab_ID=f.AD_Tab_ID AND f.AD_Column_ID=c.AD_Column_ID) WHERE t.AD_Table_ID=?  AND (c.IsKey='Y' OR  (f.IsEncrypted='N' AND f.ObscureType IS NULL)) ORDER BY c.IsKey DESC, f.SeqNo [65]
