*** 2018-08-01 11:37:47.487 Adempiere Log (CLogFile) ***
11:37:47.471 Adempiere.startup: ADempiere(r) Release 3.9.0_2017-08-01 -Smart Suite ERP,CRM and SCM- (c) 1999-2017 ADempiere(r); Implementation: ADempiere - Supported by ADempiere community [13]
11:37:47.487 Ini.loadProperties: D:\Ayaz\Ayaz_NBP_PC_Backup\AdempiereTemplate39\Adempiere.properties #37 [13]
-----------> WebappClassLoaderBase.clearReferencesThreads: The web application [webui] appears to have started a thread named [Thread-3] but has failed to stop it. This is very likely to create a memory leak. Stack trace of thread:
 java.lang.Thread.sleep(Native Method)
 org.zkoss.io.FileWatchdog.run(FileWatchdog.java:128) [50]
-----------> WebappClassLoaderBase.clearReferencesThreads: The web application [webui] appears to have started a thread named [Timer-0] but has failed to stop it. This is very likely to create a memory leak. Stack trace of thread:
 java.lang.Object.wait(Native Method)
 java.util.TimerThread.mainLoop(Unknown Source)
 java.util.TimerThread.run(Unknown Source) [50]
-----------> WebappClassLoaderBase.clearReferencesThreads: The web application [webui] appears to have started a thread named [com.mchange.v2.async.ThreadPoolAsynchronousRunner$PoolThread-#0] but has failed to stop it. This is very likely to create a memory leak. Stack trace of thread:
 java.lang.Object.wait(Native Method)
 com.mchange.v2.async.ThreadPoolAsynchronousRunner$PoolThread.run(ThreadPoolAsynchronousRunner.java:534) [50]
-----------> WebappClassLoaderBase.clearReferencesThreads: The web application [webui] appears to have started a thread named [com.mchange.v2.async.ThreadPoolAsynchronousRunner$PoolThread-#1] but has failed to stop it. This is very likely to create a memory leak. Stack trace of thread:
 java.lang.Object.wait(Native Method)
 com.mchange.v2.async.ThreadPoolAsynchronousRunner$PoolThread.run(ThreadPoolAsynchronousRunner.java:534) [50]
-----------> WebappClassLoaderBase.clearReferencesThreads: The web application [webui] appears to have started a thread named [com.mchange.v2.async.ThreadPoolAsynchronousRunner$PoolThread-#2] but has failed to stop it. This is very likely to create a memory leak. Stack trace of thread:
 java.lang.Object.wait(Native Method)
 com.mchange.v2.async.ThreadPoolAsynchronousRunner$PoolThread.run(ThreadPoolAsynchronousRunner.java:534) [50]
-----------> WebappClassLoaderBase.clearReferencesThreads: The web application [webui] appears to have started a thread named [Timer-1] but has failed to stop it. This is very likely to create a memory leak. Stack trace of thread:
 java.lang.Object.wait(Native Method)
 java.lang.Object.wait(Unknown Source)
 java.util.TimerThread.mainLoop(Unknown Source)
 java.util.TimerThread.run(Unknown Source) [50]

*** 2018-08-01 15:20:20.617 Adempiere Log (CLogFile) ***
