*** 2018-12-19 11:32:30.491 Adempiere Log (CLogFile) ***
11:32:30.490 Adempiere.startup: ADempiere(r) Release 3.9.0_2017-08-01 -Smart Suite ERP,CRM and SCM- (c) 1999-2017 ADempiere(r); Implementation: ADempiere - Supported by ADempiere community [13]
11:32:30.513 Ini.loadProperties: D:\Ayaz\Ayaz_NBP_PC_Backup\AdempiereTemplate39\Adempiere.properties #37 [13]
-----------> MIssue.set_Value: SourceClassName - Value too long - truncated to length=60 [48]
===========> DB.executeUpdate: INSERT INTO AD_Tree_Favorite (AD_Client_ID,AD_Org_ID,AD_Role_ID,AD_Tree_Favorite_ID,Created,CreatedBy,IsActive,Updated,UpdatedBy) VALUES (0,0,0,1000196,TO_DATE('2018-12-19 11:37:09','YYYY-MM-DD HH24:MI:SS'),0,'Y',TO_DATE('2018-12-19 11:37:09','YYYY-MM-DD HH24:MI:SS'),0) [POSave_3dbb9886-a495-47cf-948d-c0354a5260d3] [48]
java.sql.SQLIntegrityConstraintViolationException: ORA-01400: cannot insert NULL into ("CARSDEV"."AD_TREE_FAVORITE"."AD_USER_ID")
; State=23000; ErrorCode=1400
	at oracle.jdbc.driver.T4CTTIoer.processError(T4CTTIoer.java:447)
	at oracle.jdbc.driver.T4CTTIoer.processError(T4CTTIoer.java:396)
	at oracle.jdbc.driver.T4C8Oall.processError(T4C8Oall.java:951)
	at oracle.jdbc.driver.T4CTTIfun.receive(T4CTTIfun.java:513)
	at oracle.jdbc.driver.T4CTTIfun.doRPC(T4CTTIfun.java:227)
	at oracle.jdbc.driver.T4C8Oall.doOALL(T4C8Oall.java:531)
	at oracle.jdbc.driver.T4CPreparedStatement.doOall8(T4CPreparedStatement.java:208)
	at oracle.jdbc.driver.T4CPreparedStatement.executeForRows(T4CPreparedStatement.java:1046)
	at oracle.jdbc.driver.OracleStatement.doExecuteWithTimeout(OracleStatement.java:1336)
	at oracle.jdbc.driver.OracleStatement.doScrollExecuteCommon(OracleStatement.java:4709)
	at oracle.jdbc.driver.OraclePreparedStatement.doScrollPstmtExecuteUpdate(OraclePreparedStatement.java:10613)
	at oracle.jdbc.driver.OraclePreparedStatement.executeInternal(OraclePreparedStatement.java:3611)
	at oracle.jdbc.driver.OraclePreparedStatement.executeUpdate(OraclePreparedStatement.java:3694)
	at oracle.jdbc.driver.OraclePreparedStatementWrapper.executeUpdate(OraclePreparedStatementWrapper.java:1354)
	at com.mchange.v2.c3p0.impl.NewProxyPreparedStatement.executeUpdate(NewProxyPreparedStatement.java:105)
	at sun.reflect.NativeMethodAccessorImpl.invoke0(Native Method)
	at sun.reflect.NativeMethodAccessorImpl.invoke(Unknown Source)
	at sun.reflect.DelegatingMethodAccessorImpl.invoke(Unknown Source)
	at java.lang.reflect.Method.invoke(Unknown Source)
	at org.compiere.db.StatementProxy.invoke(StatementProxy.java:100)
	at com.sun.proxy.$Proxy3.executeUpdate(Unknown Source)
	at org.compiere.util.DB.executeUpdate(DB.java:1046)
	at org.compiere.util.DB.executeUpdate(DB.java:908)
	at org.compiere.util.DB.executeUpdate(DB.java:895)
	at org.compiere.model.PO.saveNew(PO.java:2865)
	at org.compiere.model.PO.save(PO.java:2195)

===========> DB.saveError: DBExecuteError - ORA-01400: cannot insert NULL into ("CARSDEV"."AD_TREE_FAVORITE"."AD_USER_ID")
 [48]
-----------> MTreeFavorite.saveNew: [POSave_3dbb9886-a495-47cf-948d-c0354a5260d3]Not inserted - AD_Tree_Favorite [48]
-----------> DefaultDesktop.createHomeTab: Failed to create components. zul=/zul/userfavorites.zul [48]
org.adempiere.exceptions.AdempiereException: Could not create Tree.
	at org.adempiere.webui.dashboard.DPUserFavorites.createFavouritesPanel(DPUserFavorites.java:119)
	at org.adempiere.webui.dashboard.DPUserFavorites.<init>(DPUserFavorites.java:63)
	at sun.reflect.NativeConstructorAccessorImpl.newInstance0(Native Method)
	at sun.reflect.NativeConstructorAccessorImpl.newInstance(Unknown Source)
	at sun.reflect.DelegatingConstructorAccessorImpl.newInstance(Unknown Source)
	at java.lang.reflect.Constructor.newInstance(Unknown Source)
	at java.lang.Class.newInstance(Unknown Source)
	at org.zkoss.zk.ui.metainfo.impl.ComponentDefinitionImpl.newInstance(ComponentDefinitionImpl.java:308)
	at org.zkoss.zk.ui.metainfo.impl.ComponentDefinitionImpl.newInstance(ComponentDefinitionImpl.java:296)
	at org.zkoss.zk.ui.metainfo.ComponentInfo.newInstance(ComponentInfo.java:664)
	at org.zkoss.zk.ui.impl.AbstractUiFactory.newComponent(AbstractUiFactory.java:90)
	at org.zkoss.zk.ui.impl.UiEngineImpl.execCreateChild0(UiEngineImpl.java:616)
	at org.zkoss.zk.ui.impl.UiEngineImpl.execCreateChild(UiEngineImpl.java:587)
	at org.zkoss.zk.ui.impl.UiEngineImpl.execCreate0(UiEngineImpl.java:531)
	at org.zkoss.zk.ui.impl.UiEngineImpl.execCreate(UiEngineImpl.java:498)
	at org.zkoss.zk.ui.impl.UiEngineImpl.createComponents(UiEngineImpl.java:819)
	at org.zkoss.zk.ui.impl.AbstractExecution.createComponents(AbstractExecution.java:189)
	at org.zkoss.zk.ui.Executions.createComponents(Executions.java:177)
	at org.adempiere.webui.desktop.DefaultDesktop.createHomeTab(DefaultDesktop.java:380)
	at org.adempiere.webui.desktop.DefaultDesktop.doCreatePart(DefaultDesktop.java:162)
	at org.adempiere.webui.part.AbstractUIPart.createPart(AbstractUIPart.java:41)

-----------> Msg.getMsg: NOT found: InfoBranch [48]
-----------> MRecentItem.addMenuOption: AD_User_ID is mandatory. [47]
-----------> MRecentItem.addMenuOption: AD_User_ID is mandatory. [47]
-----------> MRecentItem.addMenuOption: AD_User_ID is mandatory. [47]
-----------> MRecentItem.addWindowChange: AD_User_ID is mandatory. [47]
-----------> MRecentItem.addWindowChange: AD_User_ID is mandatory. [47]
-----------> MRecentItem.addMenuOption: AD_User_ID is mandatory. [47]
-----------> MRecentItem.addMenuOption: AD_User_ID is mandatory. [47]
-----------> MRecentItem.addWindowChange: AD_User_ID is mandatory. [47]
-----------> MTable.getClass: No class for table with it entity: LOS_Lead [48]
-----------> MRecentItem.addWindowChange: AD_User_ID is mandatory. [48]
-----------> MRecentItem.addWindowChange: AD_User_ID is mandatory. [48]
-----------> MRecentItem.addWindowChange: AD_User_ID is mandatory. [47]
-----------> MRecentItem.addWindowChange: AD_User_ID is mandatory. [48]
-----------> MRecentItem.addWindowChange: AD_User_ID is mandatory. [47]
-----------> MRecentItem.addMenuOption: AD_User_ID is mandatory. [47]
-----------> MRecentItem.addMenuOption: AD_User_ID is mandatory. [47]
-----------> MRecentItem.addWindowChange: AD_User_ID is mandatory. [47]
-----------> MRecentItem.addWindowChange: AD_User_ID is mandatory. [47]
-----------> MRecentItem.addMenuOption: AD_User_ID is mandatory. [48]
-----------> MRecentItem.addMenuOption: AD_User_ID is mandatory. [48]
-----------> MRecentItem.addWindowChange: AD_User_ID is mandatory. [48]
-----------> MRecentItem.addWindowChange: AD_User_ID is mandatory. [47]
-----------> MRecentItem.addMenuOption: AD_User_ID is mandatory. [48]
-----------> MRecentItem.addMenuOption: AD_User_ID is mandatory. [47]
-----------> MRecentItem.addWindowChange: AD_User_ID is mandatory. [48]
-----------> MRecentItem.addWindowChange: AD_User_ID is mandatory. [48]
-----------> MRecentItem.addWindowChange: AD_User_ID is mandatory. [48]
-----------> Msg.getMsg: NOT found: Please save changes before closing [47]
-----------> MTable.getClass: No class for table with it entity: LOS_LEADAPPLICANT [48]
-----------> MRecentItem.addWindowChange: AD_User_ID is mandatory. [48]
-----------> MRecentItem.addMenuOption: AD_User_ID is mandatory. [48]
-----------> MRecentItem.addMenuOption: AD_User_ID is mandatory. [47]
-----------> MRecentItem.addWindowChange: AD_User_ID is mandatory. [48]
-----------> MTable.getClass: No class for table with it entity: LOS_LEADAPPLICANT [48]
-----------> MRecentItem.addWindowChange: AD_User_ID is mandatory. [47]
-----------> MRecentItem.addWindowChange: AD_User_ID is mandatory. [47]
-----------> MRecentItem.addWindowChange: AD_User_ID is mandatory. [47]
-----------> MRecentItem.addWindowChange: AD_User_ID is mandatory. [47]
-----------> MRecentItem.addWindowChange: AD_User_ID is mandatory. [47]
-----------> MRecentItem.addWindowChange: AD_User_ID is mandatory. [47]
-----------> MRecentItem.addWindowChange: AD_User_ID is mandatory. [47]
-----------> MRecentItem.addMenuOption: AD_User_ID is mandatory. [47]
-----------> MRecentItem.addMenuOption: AD_User_ID is mandatory. [47]
===========> MLookup.run: LOS_LOANENTITYTYPE.LOS_LOANENTITYTYPE_ID, 1001006 : Loader - SELECT LOS_LOANENTITYTYPE.LOS_LOANENTITYTYPE_ID,NULL,NVL(LOS_LOANENTITYTYPE.LOS_LOANENTITYTYPE,'-1'),LOS_LOANENTITYTYPE.IsActive FROM LOS_LOANENTITYTYPE WHERE LOS_LOANENTITYTYPE.AD_Client_ID=0 AND LOS_LOANENTITYTYPE.AD_Org_ID=0 AND (LOS_LOANENTITYTYPE.LOS_LOANENTITYTYPE_ID IS NULL OR LOS_LOANENTITYTYPE.LOS_LOANENTITYTYPE_ID NOT IN ( SELECT Record_ID FROM AD_Private_Access WHERE AD_Table_ID = 1000061 AND AD_User_ID <> 0 AND IsActive = 'Y' )) AND LOS_LOANENTITYTYPE.BUSINESSSIGMENT=Consumer ORDER BY 3 [209]
java.sql.SQLSyntaxErrorException: ORA-00904: "CONSUMER": invalid identifier
; State=42000; ErrorCode=904
	at oracle.jdbc.driver.T4CTTIoer.processError(T4CTTIoer.java:447)
	at oracle.jdbc.driver.T4CTTIoer.processError(T4CTTIoer.java:396)
	at oracle.jdbc.driver.T4C8Oall.processError(T4C8Oall.java:951)
	at oracle.jdbc.driver.T4CTTIfun.receive(T4CTTIfun.java:513)
	at oracle.jdbc.driver.T4CTTIfun.doRPC(T4CTTIfun.java:227)
	at oracle.jdbc.driver.T4C8Oall.doOALL(T4C8Oall.java:531)
	at oracle.jdbc.driver.T4CPreparedStatement.doOall8(T4CPreparedStatement.java:208)
	at oracle.jdbc.driver.T4CPreparedStatement.executeForDescribe(T4CPreparedStatement.java:886)
	at oracle.jdbc.driver.OracleStatement.executeMaybeDescribe(OracleStatement.java:1175)
	at oracle.jdbc.driver.OracleStatement.doExecuteWithTimeout(OracleStatement.java:1296)
	at oracle.jdbc.driver.OraclePreparedStatement.executeInternal(OraclePreparedStatement.java:3613)
	at oracle.jdbc.driver.OraclePreparedStatement.executeQuery(OraclePreparedStatement.java:3657)
	at oracle.jdbc.driver.OraclePreparedStatementWrapper.executeQuery(OraclePreparedStatementWrapper.java:1495)
	at com.mchange.v2.c3p0.impl.NewProxyPreparedStatement.executeQuery(NewProxyPreparedStatement.java:76)
	at sun.reflect.GeneratedMethodAccessor40.invoke(Unknown Source)
	at sun.reflect.DelegatingMethodAccessorImpl.invoke(Unknown Source)
	at java.lang.reflect.Method.invoke(Unknown Source)
	at org.compiere.db.StatementProxy.invoke(StatementProxy.java:100)
	at com.sun.proxy.$Proxy3.executeQuery(Unknown Source)
	at org.compiere.model.MLookup$MLoader.run(MLookup.java:747)

-----------> MRecentItem.addWindowChange: AD_User_ID is mandatory. [47]
-----------> MTable.getClass: No class for table with it entity: LOS_Lead [48]
-----------> MRecentItem.addWindowChange: AD_User_ID is mandatory. [48]
-----------> MRecentItem.addWindowChange: AD_User_ID is mandatory. [48]
-----------> MRecentItem.addWindowChange: AD_User_ID is mandatory. [47]
-----------> MRecentItem.addWindowChange: AD_User_ID is mandatory. [48]
-----------> MRecentItem.addWindowChange: AD_User_ID is mandatory. [47]
-----------> MRecentItem.addMenuOption: AD_User_ID is mandatory. [48]
===========> MLookup.run: LOS_LOANENTITYTYPE.LOS_LOANENTITYTYPE_ID, 1001006 : Loader - SELECT LOS_LOANENTITYTYPE.LOS_LOANENTITYTYPE_ID,NULL,NVL(LOS_LOANENTITYTYPE.LOS_LOANENTITYTYPE,'-1'),LOS_LOANENTITYTYPE.IsActive FROM LOS_LOANENTITYTYPE WHERE LOS_LOANENTITYTYPE.AD_Client_ID=0 AND LOS_LOANENTITYTYPE.AD_Org_ID=0 AND (LOS_LOANENTITYTYPE.LOS_LOANENTITYTYPE_ID IS NULL OR LOS_LOANENTITYTYPE.LOS_LOANENTITYTYPE_ID NOT IN ( SELECT Record_ID FROM AD_Private_Access WHERE AD_Table_ID = 1000061 AND AD_User_ID <> 0 AND IsActive = 'Y' )) AND LOS_LOANENTITYTYPE.BUSINESSSIGMENT=Consumer ORDER BY 3 [226]
java.sql.SQLSyntaxErrorException: ORA-00904: "CONSUMER": invalid identifier
; State=42000; ErrorCode=904
	at oracle.jdbc.driver.T4CTTIoer.processError(T4CTTIoer.java:447)
	at oracle.jdbc.driver.T4CTTIoer.processError(T4CTTIoer.java:396)
	at oracle.jdbc.driver.T4C8Oall.processError(T4C8Oall.java:951)
	at oracle.jdbc.driver.T4CTTIfun.receive(T4CTTIfun.java:513)
	at oracle.jdbc.driver.T4CTTIfun.doRPC(T4CTTIfun.java:227)
	at oracle.jdbc.driver.T4C8Oall.doOALL(T4C8Oall.java:531)
	at oracle.jdbc.driver.T4CPreparedStatement.doOall8(T4CPreparedStatement.java:208)
	at oracle.jdbc.driver.T4CPreparedStatement.executeForDescribe(T4CPreparedStatement.java:886)
	at oracle.jdbc.driver.OracleStatement.executeMaybeDescribe(OracleStatement.java:1175)
	at oracle.jdbc.driver.OracleStatement.doExecuteWithTimeout(OracleStatement.java:1296)
	at oracle.jdbc.driver.OraclePreparedStatement.executeInternal(OraclePreparedStatement.java:3613)
	at oracle.jdbc.driver.OraclePreparedStatement.executeQuery(OraclePreparedStatement.java:3657)
	at oracle.jdbc.driver.OraclePreparedStatementWrapper.executeQuery(OraclePreparedStatementWrapper.java:1495)
	at com.mchange.v2.c3p0.impl.NewProxyPreparedStatement.executeQuery(NewProxyPreparedStatement.java:76)
	at sun.reflect.GeneratedMethodAccessor40.invoke(Unknown Source)
	at sun.reflect.DelegatingMethodAccessorImpl.invoke(Unknown Source)
	at java.lang.reflect.Method.invoke(Unknown Source)
	at org.compiere.db.StatementProxy.invoke(StatementProxy.java:100)
	at com.sun.proxy.$Proxy3.executeQuery(Unknown Source)
	at org.compiere.model.MLookup$MLoader.run(MLookup.java:747)

-----------> MRecentItem.addMenuOption: AD_User_ID is mandatory. [48]
===========> MLookup.run: LOS_LOANENTITYTYPE.LOS_LOANENTITYTYPE_ID, 1001006 : Loader - SELECT LOS_LOANENTITYTYPE.LOS_LOANENTITYTYPE_ID,NULL,NVL(LOS_LOANENTITYTYPE.LOS_LOANENTITYTYPE,'-1'),LOS_LOANENTITYTYPE.IsActive FROM LOS_LOANENTITYTYPE WHERE LOS_LOANENTITYTYPE.AD_Client_ID=0 AND LOS_LOANENTITYTYPE.AD_Org_ID=0 AND (LOS_LOANENTITYTYPE.LOS_LOANENTITYTYPE_ID IS NULL OR LOS_LOANENTITYTYPE.LOS_LOANENTITYTYPE_ID NOT IN ( SELECT Record_ID FROM AD_Private_Access WHERE AD_Table_ID = 1000061 AND AD_User_ID <> 0 AND IsActive = 'Y' )) AND LOS_LOANENTITYTYPE.BUSINESSSIGMENT=Commercial ORDER BY 3 [235]
java.sql.SQLSyntaxErrorException: ORA-00904: "COMMERCIAL": invalid identifier
; State=42000; ErrorCode=904
	at oracle.jdbc.driver.T4CTTIoer.processError(T4CTTIoer.java:447)
	at oracle.jdbc.driver.T4CTTIoer.processError(T4CTTIoer.java:396)
	at oracle.jdbc.driver.T4C8Oall.processError(T4C8Oall.java:951)
	at oracle.jdbc.driver.T4CTTIfun.receive(T4CTTIfun.java:513)
	at oracle.jdbc.driver.T4CTTIfun.doRPC(T4CTTIfun.java:227)
	at oracle.jdbc.driver.T4C8Oall.doOALL(T4C8Oall.java:531)
	at oracle.jdbc.driver.T4CPreparedStatement.doOall8(T4CPreparedStatement.java:208)
	at oracle.jdbc.driver.T4CPreparedStatement.executeForDescribe(T4CPreparedStatement.java:886)
	at oracle.jdbc.driver.OracleStatement.executeMaybeDescribe(OracleStatement.java:1175)
	at oracle.jdbc.driver.OracleStatement.doExecuteWithTimeout(OracleStatement.java:1296)
	at oracle.jdbc.driver.OraclePreparedStatement.executeInternal(OraclePreparedStatement.java:3613)
	at oracle.jdbc.driver.OraclePreparedStatement.executeQuery(OraclePreparedStatement.java:3657)
	at oracle.jdbc.driver.OraclePreparedStatementWrapper.executeQuery(OraclePreparedStatementWrapper.java:1495)
	at com.mchange.v2.c3p0.impl.NewProxyPreparedStatement.executeQuery(NewProxyPreparedStatement.java:76)
	at sun.reflect.GeneratedMethodAccessor40.invoke(Unknown Source)
	at sun.reflect.DelegatingMethodAccessorImpl.invoke(Unknown Source)
	at java.lang.reflect.Method.invoke(Unknown Source)
	at org.compiere.db.StatementProxy.invoke(StatementProxy.java:100)
	at com.sun.proxy.$Proxy3.executeQuery(Unknown Source)
	at org.compiere.model.MLookup$MLoader.run(MLookup.java:747)

-----------> MRecentItem.addWindowChange: AD_User_ID is mandatory. [48]
-----------> MTable.getClass: No class for table with it entity: LOS_Lead [47]
-----------> MRecentItem.addWindowChange: AD_User_ID is mandatory. [47]
-----------> MIssue.set_Value: SourceClassName - Value too long - truncated to length=60 [48]
===========> DB.executeUpdate: INSERT INTO AD_Tree_Favorite (AD_Client_ID,AD_Org_ID,AD_Role_ID,AD_Tree_Favorite_ID,Created,CreatedBy,IsActive,Updated,UpdatedBy) VALUES (0,0,0,1000197,TO_DATE('2018-12-19 12:29:23','YYYY-MM-DD HH24:MI:SS'),0,'Y',TO_DATE('2018-12-19 12:29:23','YYYY-MM-DD HH24:MI:SS'),0) [POSave_18a9f0d8-b4c0-4403-a7ba-d41a27d60a20] [48]
java.sql.SQLIntegrityConstraintViolationException: ORA-01400: cannot insert NULL into ("CARSDEV"."AD_TREE_FAVORITE"."AD_USER_ID")
; State=23000; ErrorCode=1400
	at oracle.jdbc.driver.T4CTTIoer.processError(T4CTTIoer.java:447)
	at oracle.jdbc.driver.T4CTTIoer.processError(T4CTTIoer.java:396)
	at oracle.jdbc.driver.T4C8Oall.processError(T4C8Oall.java:951)
	at oracle.jdbc.driver.T4CTTIfun.receive(T4CTTIfun.java:513)
	at oracle.jdbc.driver.T4CTTIfun.doRPC(T4CTTIfun.java:227)
	at oracle.jdbc.driver.T4C8Oall.doOALL(T4C8Oall.java:531)
	at oracle.jdbc.driver.T4CPreparedStatement.doOall8(T4CPreparedStatement.java:208)
	at oracle.jdbc.driver.T4CPreparedStatement.executeForRows(T4CPreparedStatement.java:1046)
	at oracle.jdbc.driver.OracleStatement.doExecuteWithTimeout(OracleStatement.java:1336)
	at oracle.jdbc.driver.OracleStatement.doScrollExecuteCommon(OracleStatement.java:4709)
	at oracle.jdbc.driver.OraclePreparedStatement.doScrollPstmtExecuteUpdate(OraclePreparedStatement.java:10613)
	at oracle.jdbc.driver.OraclePreparedStatement.executeInternal(OraclePreparedStatement.java:3611)
	at oracle.jdbc.driver.OraclePreparedStatement.executeUpdate(OraclePreparedStatement.java:3694)
	at oracle.jdbc.driver.OraclePreparedStatementWrapper.executeUpdate(OraclePreparedStatementWrapper.java:1354)
	at com.mchange.v2.c3p0.impl.NewProxyPreparedStatement.executeUpdate(NewProxyPreparedStatement.java:105)
	at sun.reflect.GeneratedMethodAccessor47.invoke(Unknown Source)
	at sun.reflect.DelegatingMethodAccessorImpl.invoke(Unknown Source)
	at java.lang.reflect.Method.invoke(Unknown Source)
	at org.compiere.db.StatementProxy.invoke(StatementProxy.java:100)
	at com.sun.proxy.$Proxy3.executeUpdate(Unknown Source)
	at org.compiere.util.DB.executeUpdate(DB.java:1046)
	at org.compiere.util.DB.executeUpdate(DB.java:908)
	at org.compiere.util.DB.executeUpdate(DB.java:895)
	at org.compiere.model.PO.saveNew(PO.java:2865)
	at org.compiere.model.PO.save(PO.java:2195)

===========> DB.saveError: DBExecuteError - ORA-01400: cannot insert NULL into ("CARSDEV"."AD_TREE_FAVORITE"."AD_USER_ID")
 [48]
-----------> MTreeFavorite.saveNew: [POSave_18a9f0d8-b4c0-4403-a7ba-d41a27d60a20]Not inserted - AD_Tree_Favorite [48]
-----------> DefaultDesktop.createHomeTab: Failed to create components. zul=/zul/userfavorites.zul [48]
org.adempiere.exceptions.AdempiereException: Could not create Tree.
	at org.adempiere.webui.dashboard.DPUserFavorites.createFavouritesPanel(DPUserFavorites.java:119)
	at org.adempiere.webui.dashboard.DPUserFavorites.<init>(DPUserFavorites.java:63)
	at sun.reflect.NativeConstructorAccessorImpl.newInstance0(Native Method)
	at sun.reflect.NativeConstructorAccessorImpl.newInstance(Unknown Source)
	at sun.reflect.DelegatingConstructorAccessorImpl.newInstance(Unknown Source)
	at java.lang.reflect.Constructor.newInstance(Unknown Source)
	at java.lang.Class.newInstance(Unknown Source)
	at org.zkoss.zk.ui.metainfo.impl.ComponentDefinitionImpl.newInstance(ComponentDefinitionImpl.java:308)
	at org.zkoss.zk.ui.metainfo.impl.ComponentDefinitionImpl.newInstance(ComponentDefinitionImpl.java:296)
	at org.zkoss.zk.ui.metainfo.ComponentInfo.newInstance(ComponentInfo.java:664)
	at org.zkoss.zk.ui.impl.AbstractUiFactory.newComponent(AbstractUiFactory.java:90)
	at org.zkoss.zk.ui.impl.UiEngineImpl.execCreateChild0(UiEngineImpl.java:616)
	at org.zkoss.zk.ui.impl.UiEngineImpl.execCreateChild(UiEngineImpl.java:587)
	at org.zkoss.zk.ui.impl.UiEngineImpl.execCreate0(UiEngineImpl.java:531)
	at org.zkoss.zk.ui.impl.UiEngineImpl.execCreate(UiEngineImpl.java:498)
	at org.zkoss.zk.ui.impl.UiEngineImpl.createComponents(UiEngineImpl.java:819)
	at org.zkoss.zk.ui.impl.AbstractExecution.createComponents(AbstractExecution.java:189)
	at org.zkoss.zk.ui.Executions.createComponents(Executions.java:177)
	at org.adempiere.webui.desktop.DefaultDesktop.createHomeTab(DefaultDesktop.java:380)
	at org.adempiere.webui.desktop.DefaultDesktop.doCreatePart(DefaultDesktop.java:162)
	at org.adempiere.webui.part.AbstractUIPart.createPart(AbstractUIPart.java:41)

-----------> Msg.getMsg: NOT found: InfoBranch [48]
===========> MLookup.run: LOS_LOANENTITYTYPE.LOS_LOANENTITYTYPE_ID, 1001006 : Loader - SELECT LOS_LOANENTITYTYPE.LOS_LOANENTITYTYPE_ID,NULL,NVL(LOS_LOANENTITYTYPE.LOS_LOANENTITYTYPE,'-1'),LOS_LOANENTITYTYPE.IsActive FROM LOS_LOANENTITYTYPE WHERE LOS_LOANENTITYTYPE.AD_Client_ID=0 AND LOS_LOANENTITYTYPE.AD_Org_ID=0 AND (LOS_LOANENTITYTYPE.LOS_LOANENTITYTYPE_ID IS NULL OR LOS_LOANENTITYTYPE.LOS_LOANENTITYTYPE_ID NOT IN ( SELECT Record_ID FROM AD_Private_Access WHERE AD_Table_ID = 1000061 AND AD_User_ID <> 0 AND IsActive = 'Y' )) AND LOS_LOANENTITYTYPE.BUSINESSSIGMENT=Commercial ORDER BY 3 [244]
java.sql.SQLSyntaxErrorException: ORA-00904: "COMMERCIAL": invalid identifier
; State=42000; ErrorCode=904
	at oracle.jdbc.driver.T4CTTIoer.processError(T4CTTIoer.java:447)
	at oracle.jdbc.driver.T4CTTIoer.processError(T4CTTIoer.java:396)
	at oracle.jdbc.driver.T4C8Oall.processError(T4C8Oall.java:951)
	at oracle.jdbc.driver.T4CTTIfun.receive(T4CTTIfun.java:513)
	at oracle.jdbc.driver.T4CTTIfun.doRPC(T4CTTIfun.java:227)
	at oracle.jdbc.driver.T4C8Oall.doOALL(T4C8Oall.java:531)
	at oracle.jdbc.driver.T4CPreparedStatement.doOall8(T4CPreparedStatement.java:208)
	at oracle.jdbc.driver.T4CPreparedStatement.executeForDescribe(T4CPreparedStatement.java:886)
	at oracle.jdbc.driver.OracleStatement.executeMaybeDescribe(OracleStatement.java:1175)
	at oracle.jdbc.driver.OracleStatement.doExecuteWithTimeout(OracleStatement.java:1296)
	at oracle.jdbc.driver.OraclePreparedStatement.executeInternal(OraclePreparedStatement.java:3613)
	at oracle.jdbc.driver.OraclePreparedStatement.executeQuery(OraclePreparedStatement.java:3657)
	at oracle.jdbc.driver.OraclePreparedStatementWrapper.executeQuery(OraclePreparedStatementWrapper.java:1495)
	at com.mchange.v2.c3p0.impl.NewProxyPreparedStatement.executeQuery(NewProxyPreparedStatement.java:76)
	at sun.reflect.GeneratedMethodAccessor40.invoke(Unknown Source)
	at sun.reflect.DelegatingMethodAccessorImpl.invoke(Unknown Source)
	at java.lang.reflect.Method.invoke(Unknown Source)
	at org.compiere.db.StatementProxy.invoke(StatementProxy.java:100)
	at com.sun.proxy.$Proxy3.executeQuery(Unknown Source)
	at org.compiere.model.MLookup$MLoader.run(MLookup.java:747)

-----------> MRecentItem.addMenuOption: AD_User_ID is mandatory. [47]
===========> MLookup.run: LOS_LOANENTITYTYPE.LOS_LOANENTITYTYPE_ID, 1001006 : Loader - SELECT LOS_LOANENTITYTYPE.LOS_LOANENTITYTYPE_ID,NULL,NVL(LOS_LOANENTITYTYPE.LOS_LOANENTITYTYPE,'-1'),LOS_LOANENTITYTYPE.IsActive FROM LOS_LOANENTITYTYPE WHERE LOS_LOANENTITYTYPE.AD_Client_ID=0 AND LOS_LOANENTITYTYPE.AD_Org_ID=0 AND (LOS_LOANENTITYTYPE.LOS_LOANENTITYTYPE_ID IS NULL OR LOS_LOANENTITYTYPE.LOS_LOANENTITYTYPE_ID NOT IN ( SELECT Record_ID FROM AD_Private_Access WHERE AD_Table_ID = 1000061 AND AD_User_ID <> 0 AND IsActive = 'Y' )) AND LOS_LOANENTITYTYPE.BUSINESSSIGMENT=Consumer ORDER BY 3 [253]
java.sql.SQLSyntaxErrorException: ORA-00904: "CONSUMER": invalid identifier
; State=42000; ErrorCode=904
	at oracle.jdbc.driver.T4CTTIoer.processError(T4CTTIoer.java:447)
	at oracle.jdbc.driver.T4CTTIoer.processError(T4CTTIoer.java:396)
	at oracle.jdbc.driver.T4C8Oall.processError(T4C8Oall.java:951)
	at oracle.jdbc.driver.T4CTTIfun.receive(T4CTTIfun.java:513)
	at oracle.jdbc.driver.T4CTTIfun.doRPC(T4CTTIfun.java:227)
	at oracle.jdbc.driver.T4C8Oall.doOALL(T4C8Oall.java:531)
	at oracle.jdbc.driver.T4CPreparedStatement.doOall8(T4CPreparedStatement.java:208)
	at oracle.jdbc.driver.T4CPreparedStatement.executeForDescribe(T4CPreparedStatement.java:886)
	at oracle.jdbc.driver.OracleStatement.executeMaybeDescribe(OracleStatement.java:1175)
	at oracle.jdbc.driver.OracleStatement.doExecuteWithTimeout(OracleStatement.java:1296)
	at oracle.jdbc.driver.OraclePreparedStatement.executeInternal(OraclePreparedStatement.java:3613)
	at oracle.jdbc.driver.OraclePreparedStatement.executeQuery(OraclePreparedStatement.java:3657)
	at oracle.jdbc.driver.OraclePreparedStatementWrapper.executeQuery(OraclePreparedStatementWrapper.java:1495)
	at com.mchange.v2.c3p0.impl.NewProxyPreparedStatement.executeQuery(NewProxyPreparedStatement.java:76)
	at sun.reflect.GeneratedMethodAccessor40.invoke(Unknown Source)
	at sun.reflect.DelegatingMethodAccessorImpl.invoke(Unknown Source)
	at java.lang.reflect.Method.invoke(Unknown Source)
	at org.compiere.db.StatementProxy.invoke(StatementProxy.java:100)
	at com.sun.proxy.$Proxy3.executeQuery(Unknown Source)
	at org.compiere.model.MLookup$MLoader.run(MLookup.java:747)

-----------> MRecentItem.addWindowChange: AD_User_ID is mandatory. [47]
-----------> MRecentItem.addWindowChange: AD_User_ID is mandatory. [48]
-----------> MRecentItem.addWindowChange: AD_User_ID is mandatory. [47]
-----------> MRecentItem.addMenuOption: AD_User_ID is mandatory. [47]
-----------> MRecentItem.addWindowChange: AD_User_ID is mandatory. [47]
-----------> MRecentItem.addWindowChange: AD_User_ID is mandatory. [48]
-----------> MRecentItem.addMenuOption: AD_User_ID is mandatory. [47]
===========> MLookup.run: LOS_LOANENTITYTYPE.LOS_LOANENTITYTYPE_ID, 1001006 : Loader - SELECT LOS_LOANENTITYTYPE.LOS_LOANENTITYTYPE_ID,NULL,NVL(LOS_LOANENTITYTYPE.LOS_LOANENTITYTYPE,'-1'),LOS_LOANENTITYTYPE.IsActive FROM LOS_LOANENTITYTYPE WHERE LOS_LOANENTITYTYPE.AD_Client_ID=0 AND LOS_LOANENTITYTYPE.AD_Org_ID=0 AND (LOS_LOANENTITYTYPE.LOS_LOANENTITYTYPE_ID IS NULL OR LOS_LOANENTITYTYPE.LOS_LOANENTITYTYPE_ID NOT IN ( SELECT Record_ID FROM AD_Private_Access WHERE AD_Table_ID = 1000061 AND AD_User_ID <> 0 AND IsActive = 'Y' )) AND LOS_LOANENTITYTYPE.BUSINESSSIGMENT=Consumer ORDER BY 3 [293]
java.sql.SQLSyntaxErrorException: ORA-00904: "CONSUMER": invalid identifier
; State=42000; ErrorCode=904
	at oracle.jdbc.driver.T4CTTIoer.processError(T4CTTIoer.java:447)
	at oracle.jdbc.driver.T4CTTIoer.processError(T4CTTIoer.java:396)
	at oracle.jdbc.driver.T4C8Oall.processError(T4C8Oall.java:951)
	at oracle.jdbc.driver.T4CTTIfun.receive(T4CTTIfun.java:513)
	at oracle.jdbc.driver.T4CTTIfun.doRPC(T4CTTIfun.java:227)
	at oracle.jdbc.driver.T4C8Oall.doOALL(T4C8Oall.java:531)
	at oracle.jdbc.driver.T4CPreparedStatement.doOall8(T4CPreparedStatement.java:208)
	at oracle.jdbc.driver.T4CPreparedStatement.executeForDescribe(T4CPreparedStatement.java:886)
	at oracle.jdbc.driver.OracleStatement.executeMaybeDescribe(OracleStatement.java:1175)
	at oracle.jdbc.driver.OracleStatement.doExecuteWithTimeout(OracleStatement.java:1296)
	at oracle.jdbc.driver.OraclePreparedStatement.executeInternal(OraclePreparedStatement.java:3613)
	at oracle.jdbc.driver.OraclePreparedStatement.executeQuery(OraclePreparedStatement.java:3657)
	at oracle.jdbc.driver.OraclePreparedStatementWrapper.executeQuery(OraclePreparedStatementWrapper.java:1495)
	at com.mchange.v2.c3p0.impl.NewProxyPreparedStatement.executeQuery(NewProxyPreparedStatement.java:76)
	at sun.reflect.GeneratedMethodAccessor40.invoke(Unknown Source)
	at sun.reflect.DelegatingMethodAccessorImpl.invoke(Unknown Source)
	at java.lang.reflect.Method.invoke(Unknown Source)
	at org.compiere.db.StatementProxy.invoke(StatementProxy.java:100)
	at com.sun.proxy.$Proxy3.executeQuery(Unknown Source)
	at org.compiere.model.MLookup$MLoader.run(MLookup.java:747)

-----------> MRecentItem.addMenuOption: AD_User_ID is mandatory. [47]
-----------> MIssue.set_Value: SourceClassName - Value too long - truncated to length=60 [48]
===========> DB.executeUpdate: INSERT INTO AD_Tree_Favorite (AD_Client_ID,AD_Org_ID,AD_Role_ID,AD_Tree_Favorite_ID,Created,CreatedBy,IsActive,Updated,UpdatedBy) VALUES (0,0,0,1000198,TO_DATE('2018-12-19 12:42:52','YYYY-MM-DD HH24:MI:SS'),0,'Y',TO_DATE('2018-12-19 12:42:52','YYYY-MM-DD HH24:MI:SS'),0) [POSave_5ce9b2f5-352e-462c-a830-c5d194c28013] [48]
java.sql.SQLIntegrityConstraintViolationException: ORA-01400: cannot insert NULL into ("CARSDEV"."AD_TREE_FAVORITE"."AD_USER_ID")
; State=23000; ErrorCode=1400
	at oracle.jdbc.driver.T4CTTIoer.processError(T4CTTIoer.java:447)
	at oracle.jdbc.driver.T4CTTIoer.processError(T4CTTIoer.java:396)
	at oracle.jdbc.driver.T4C8Oall.processError(T4C8Oall.java:951)
	at oracle.jdbc.driver.T4CTTIfun.receive(T4CTTIfun.java:513)
	at oracle.jdbc.driver.T4CTTIfun.doRPC(T4CTTIfun.java:227)
	at oracle.jdbc.driver.T4C8Oall.doOALL(T4C8Oall.java:531)
	at oracle.jdbc.driver.T4CPreparedStatement.doOall8(T4CPreparedStatement.java:208)
	at oracle.jdbc.driver.T4CPreparedStatement.executeForRows(T4CPreparedStatement.java:1046)
	at oracle.jdbc.driver.OracleStatement.doExecuteWithTimeout(OracleStatement.java:1336)
	at oracle.jdbc.driver.OracleStatement.doScrollExecuteCommon(OracleStatement.java:4709)
	at oracle.jdbc.driver.OraclePreparedStatement.doScrollPstmtExecuteUpdate(OraclePreparedStatement.java:10613)
	at oracle.jdbc.driver.OraclePreparedStatement.executeInternal(OraclePreparedStatement.java:3611)
	at oracle.jdbc.driver.OraclePreparedStatement.executeUpdate(OraclePreparedStatement.java:3694)
	at oracle.jdbc.driver.OraclePreparedStatementWrapper.executeUpdate(OraclePreparedStatementWrapper.java:1354)
	at com.mchange.v2.c3p0.impl.NewProxyPreparedStatement.executeUpdate(NewProxyPreparedStatement.java:105)
	at sun.reflect.GeneratedMethodAccessor47.invoke(Unknown Source)
	at sun.reflect.DelegatingMethodAccessorImpl.invoke(Unknown Source)
	at java.lang.reflect.Method.invoke(Unknown Source)
	at org.compiere.db.StatementProxy.invoke(StatementProxy.java:100)
	at com.sun.proxy.$Proxy3.executeUpdate(Unknown Source)
	at org.compiere.util.DB.executeUpdate(DB.java:1046)
	at org.compiere.util.DB.executeUpdate(DB.java:908)
	at org.compiere.util.DB.executeUpdate(DB.java:895)
	at org.compiere.model.PO.saveNew(PO.java:2865)
	at org.compiere.model.PO.save(PO.java:2195)

===========> DB.saveError: DBExecuteError - ORA-01400: cannot insert NULL into ("CARSDEV"."AD_TREE_FAVORITE"."AD_USER_ID")
 [48]
-----------> MTreeFavorite.saveNew: [POSave_5ce9b2f5-352e-462c-a830-c5d194c28013]Not inserted - AD_Tree_Favorite [48]
-----------> DefaultDesktop.createHomeTab: Failed to create components. zul=/zul/userfavorites.zul [48]
org.adempiere.exceptions.AdempiereException: Could not create Tree.
	at org.adempiere.webui.dashboard.DPUserFavorites.createFavouritesPanel(DPUserFavorites.java:119)
	at org.adempiere.webui.dashboard.DPUserFavorites.<init>(DPUserFavorites.java:63)
	at sun.reflect.NativeConstructorAccessorImpl.newInstance0(Native Method)
	at sun.reflect.NativeConstructorAccessorImpl.newInstance(Unknown Source)
	at sun.reflect.DelegatingConstructorAccessorImpl.newInstance(Unknown Source)
	at java.lang.reflect.Constructor.newInstance(Unknown Source)
	at java.lang.Class.newInstance(Unknown Source)
	at org.zkoss.zk.ui.metainfo.impl.ComponentDefinitionImpl.newInstance(ComponentDefinitionImpl.java:308)
	at org.zkoss.zk.ui.metainfo.impl.ComponentDefinitionImpl.newInstance(ComponentDefinitionImpl.java:296)
	at org.zkoss.zk.ui.metainfo.ComponentInfo.newInstance(ComponentInfo.java:664)
	at org.zkoss.zk.ui.impl.AbstractUiFactory.newComponent(AbstractUiFactory.java:90)
	at org.zkoss.zk.ui.impl.UiEngineImpl.execCreateChild0(UiEngineImpl.java:616)
	at org.zkoss.zk.ui.impl.UiEngineImpl.execCreateChild(UiEngineImpl.java:587)
	at org.zkoss.zk.ui.impl.UiEngineImpl.execCreate0(UiEngineImpl.java:531)
	at org.zkoss.zk.ui.impl.UiEngineImpl.execCreate(UiEngineImpl.java:498)
	at org.zkoss.zk.ui.impl.UiEngineImpl.createComponents(UiEngineImpl.java:819)
	at org.zkoss.zk.ui.impl.AbstractExecution.createComponents(AbstractExecution.java:189)
	at org.zkoss.zk.ui.Executions.createComponents(Executions.java:177)
	at org.adempiere.webui.desktop.DefaultDesktop.createHomeTab(DefaultDesktop.java:380)
	at org.adempiere.webui.desktop.DefaultDesktop.doCreatePart(DefaultDesktop.java:162)
	at org.adempiere.webui.part.AbstractUIPart.createPart(AbstractUIPart.java:41)

-----------> Msg.getMsg: NOT found: InfoBranch [48]
===========> MLookup.run: LOS_LOANENTITYTYPE.LOS_LOANENTITYTYPE_ID, 1001006 : Loader - SELECT LOS_LOANENTITYTYPE.LOS_LOANENTITYTYPE_ID,NULL,NVL(LOS_LOANENTITYTYPE.LOS_LOANENTITYTYPE,'-1'),LOS_LOANENTITYTYPE.IsActive FROM LOS_LOANENTITYTYPE WHERE LOS_LOANENTITYTYPE.AD_Client_ID=0 AND LOS_LOANENTITYTYPE.AD_Org_ID=0 AND (LOS_LOANENTITYTYPE.LOS_LOANENTITYTYPE_ID IS NULL OR LOS_LOANENTITYTYPE.LOS_LOANENTITYTYPE_ID NOT IN ( SELECT Record_ID FROM AD_Private_Access WHERE AD_Table_ID = 1000061 AND AD_User_ID <> 0 AND IsActive = 'Y' )) AND LOS_LOANENTITYTYPE.BUSINESSSIGMENT=Consumer ORDER BY 3 [310]
java.sql.SQLSyntaxErrorException: ORA-00904: "CONSUMER": invalid identifier
; State=42000; ErrorCode=904
	at oracle.jdbc.driver.T4CTTIoer.processError(T4CTTIoer.java:447)
	at oracle.jdbc.driver.T4CTTIoer.processError(T4CTTIoer.java:396)
	at oracle.jdbc.driver.T4C8Oall.processError(T4C8Oall.java:951)
	at oracle.jdbc.driver.T4CTTIfun.receive(T4CTTIfun.java:513)
	at oracle.jdbc.driver.T4CTTIfun.doRPC(T4CTTIfun.java:227)
	at oracle.jdbc.driver.T4C8Oall.doOALL(T4C8Oall.java:531)
	at oracle.jdbc.driver.T4CPreparedStatement.doOall8(T4CPreparedStatement.java:208)
	at oracle.jdbc.driver.T4CPreparedStatement.executeForDescribe(T4CPreparedStatement.java:886)
	at oracle.jdbc.driver.OracleStatement.executeMaybeDescribe(OracleStatement.java:1175)
	at oracle.jdbc.driver.OracleStatement.doExecuteWithTimeout(OracleStatement.java:1296)
	at oracle.jdbc.driver.OraclePreparedStatement.executeInternal(OraclePreparedStatement.java:3613)
	at oracle.jdbc.driver.OraclePreparedStatement.executeQuery(OraclePreparedStatement.java:3657)
	at oracle.jdbc.driver.OraclePreparedStatementWrapper.executeQuery(OraclePreparedStatementWrapper.java:1495)
	at com.mchange.v2.c3p0.impl.NewProxyPreparedStatement.executeQuery(NewProxyPreparedStatement.java:76)
	at sun.reflect.GeneratedMethodAccessor40.invoke(Unknown Source)
	at sun.reflect.DelegatingMethodAccessorImpl.invoke(Unknown Source)
	at java.lang.reflect.Method.invoke(Unknown Source)
	at org.compiere.db.StatementProxy.invoke(StatementProxy.java:100)
	at com.sun.proxy.$Proxy3.executeQuery(Unknown Source)
	at org.compiere.model.MLookup$MLoader.run(MLookup.java:747)

-----------> MRecentItem.addMenuOption: AD_User_ID is mandatory. [48]
-----------> MRecentItem.addMenuOption: AD_User_ID is mandatory. [47]
-----------> MRecentItem.addWindowChange: AD_User_ID is mandatory. [48]
-----------> MRecentItem.addWindowChange: AD_User_ID is mandatory. [47]
-----------> MRecentItem.addMenuOption: AD_User_ID is mandatory. [47]
===========> MLookup.run: LOS_LOANENTITYTYPE.LOS_LOANENTITYTYPE_ID, 1001006 : Loader - SELECT LOS_LOANENTITYTYPE.LOS_LOANENTITYTYPE_ID,NULL,NVL(LOS_LOANENTITYTYPE.LOS_LOANENTITYTYPE,'-1'),LOS_LOANENTITYTYPE.IsActive FROM LOS_LOANENTITYTYPE WHERE LOS_LOANENTITYTYPE.AD_Client_ID=0 AND LOS_LOANENTITYTYPE.AD_Org_ID=0 AND (LOS_LOANENTITYTYPE.LOS_LOANENTITYTYPE_ID IS NULL OR LOS_LOANENTITYTYPE.LOS_LOANENTITYTYPE_ID NOT IN ( SELECT Record_ID FROM AD_Private_Access WHERE AD_Table_ID = 1000061 AND AD_User_ID <> 0 AND IsActive = 'Y' )) AND LOS_LOANENTITYTYPE.BUSINESSSIGMENT=Consumer ORDER BY 3 [355]
java.sql.SQLSyntaxErrorException: ORA-00904: "CONSUMER": invalid identifier
; State=42000; ErrorCode=904
	at oracle.jdbc.driver.T4CTTIoer.processError(T4CTTIoer.java:447)
	at oracle.jdbc.driver.T4CTTIoer.processError(T4CTTIoer.java:396)
	at oracle.jdbc.driver.T4C8Oall.processError(T4C8Oall.java:951)
	at oracle.jdbc.driver.T4CTTIfun.receive(T4CTTIfun.java:513)
	at oracle.jdbc.driver.T4CTTIfun.doRPC(T4CTTIfun.java:227)
	at oracle.jdbc.driver.T4C8Oall.doOALL(T4C8Oall.java:531)
	at oracle.jdbc.driver.T4CPreparedStatement.doOall8(T4CPreparedStatement.java:208)
	at oracle.jdbc.driver.T4CPreparedStatement.executeForDescribe(T4CPreparedStatement.java:886)
	at oracle.jdbc.driver.OracleStatement.executeMaybeDescribe(OracleStatement.java:1175)
	at oracle.jdbc.driver.OracleStatement.doExecuteWithTimeout(OracleStatement.java:1296)
	at oracle.jdbc.driver.OraclePreparedStatement.executeInternal(OraclePreparedStatement.java:3613)
	at oracle.jdbc.driver.OraclePreparedStatement.executeQuery(OraclePreparedStatement.java:3657)
	at oracle.jdbc.driver.OraclePreparedStatementWrapper.executeQuery(OraclePreparedStatementWrapper.java:1495)
	at com.mchange.v2.c3p0.impl.NewProxyPreparedStatement.executeQuery(NewProxyPreparedStatement.java:76)
	at sun.reflect.GeneratedMethodAccessor40.invoke(Unknown Source)
	at sun.reflect.DelegatingMethodAccessorImpl.invoke(Unknown Source)
	at java.lang.reflect.Method.invoke(Unknown Source)
	at org.compiere.db.StatementProxy.invoke(StatementProxy.java:100)
	at com.sun.proxy.$Proxy3.executeQuery(Unknown Source)
	at org.compiere.model.MLookup$MLoader.run(MLookup.java:747)

-----------> MRecentItem.addMenuOption: AD_User_ID is mandatory. [47]
-----------> MIssue.set_Value: SourceClassName - Value too long - truncated to length=60 [48]
===========> DB.executeUpdate: INSERT INTO AD_Tree_Favorite (AD_Client_ID,AD_Org_ID,AD_Role_ID,AD_Tree_Favorite_ID,Created,CreatedBy,IsActive,Updated,UpdatedBy) VALUES (0,0,0,1000199,TO_DATE('2018-12-19 12:44:47','YYYY-MM-DD HH24:MI:SS'),0,'Y',TO_DATE('2018-12-19 12:44:47','YYYY-MM-DD HH24:MI:SS'),0) [POSave_d5e9b16f-7e4f-49a1-a14b-965c069427e8] [48]
java.sql.SQLIntegrityConstraintViolationException: ORA-01400: cannot insert NULL into ("CARSDEV"."AD_TREE_FAVORITE"."AD_USER_ID")
; State=23000; ErrorCode=1400
	at oracle.jdbc.driver.T4CTTIoer.processError(T4CTTIoer.java:447)
	at oracle.jdbc.driver.T4CTTIoer.processError(T4CTTIoer.java:396)
	at oracle.jdbc.driver.T4C8Oall.processError(T4C8Oall.java:951)
	at oracle.jdbc.driver.T4CTTIfun.receive(T4CTTIfun.java:513)
	at oracle.jdbc.driver.T4CTTIfun.doRPC(T4CTTIfun.java:227)
	at oracle.jdbc.driver.T4C8Oall.doOALL(T4C8Oall.java:531)
	at oracle.jdbc.driver.T4CPreparedStatement.doOall8(T4CPreparedStatement.java:208)
	at oracle.jdbc.driver.T4CPreparedStatement.executeForRows(T4CPreparedStatement.java:1046)
	at oracle.jdbc.driver.OracleStatement.doExecuteWithTimeout(OracleStatement.java:1336)
	at oracle.jdbc.driver.OracleStatement.doScrollExecuteCommon(OracleStatement.java:4709)
	at oracle.jdbc.driver.OraclePreparedStatement.doScrollPstmtExecuteUpdate(OraclePreparedStatement.java:10613)
	at oracle.jdbc.driver.OraclePreparedStatement.executeInternal(OraclePreparedStatement.java:3611)
	at oracle.jdbc.driver.OraclePreparedStatement.executeUpdate(OraclePreparedStatement.java:3694)
	at oracle.jdbc.driver.OraclePreparedStatementWrapper.executeUpdate(OraclePreparedStatementWrapper.java:1354)
	at com.mchange.v2.c3p0.impl.NewProxyPreparedStatement.executeUpdate(NewProxyPreparedStatement.java:105)
	at sun.reflect.GeneratedMethodAccessor47.invoke(Unknown Source)
	at sun.reflect.DelegatingMethodAccessorImpl.invoke(Unknown Source)
	at java.lang.reflect.Method.invoke(Unknown Source)
	at org.compiere.db.StatementProxy.invoke(StatementProxy.java:100)
	at com.sun.proxy.$Proxy3.executeUpdate(Unknown Source)
	at org.compiere.util.DB.executeUpdate(DB.java:1046)
	at org.compiere.util.DB.executeUpdate(DB.java:908)
	at org.compiere.util.DB.executeUpdate(DB.java:895)
	at org.compiere.model.PO.saveNew(PO.java:2865)
	at org.compiere.model.PO.save(PO.java:2195)

===========> DB.saveError: DBExecuteError - ORA-01400: cannot insert NULL into ("CARSDEV"."AD_TREE_FAVORITE"."AD_USER_ID")
 [48]
-----------> MTreeFavorite.saveNew: [POSave_d5e9b16f-7e4f-49a1-a14b-965c069427e8]Not inserted - AD_Tree_Favorite [48]
-----------> DefaultDesktop.createHomeTab: Failed to create components. zul=/zul/userfavorites.zul [48]
org.adempiere.exceptions.AdempiereException: Could not create Tree.
	at org.adempiere.webui.dashboard.DPUserFavorites.createFavouritesPanel(DPUserFavorites.java:119)
	at org.adempiere.webui.dashboard.DPUserFavorites.<init>(DPUserFavorites.java:63)
	at sun.reflect.NativeConstructorAccessorImpl.newInstance0(Native Method)
	at sun.reflect.NativeConstructorAccessorImpl.newInstance(Unknown Source)
	at sun.reflect.DelegatingConstructorAccessorImpl.newInstance(Unknown Source)
	at java.lang.reflect.Constructor.newInstance(Unknown Source)
	at java.lang.Class.newInstance(Unknown Source)
	at org.zkoss.zk.ui.metainfo.impl.ComponentDefinitionImpl.newInstance(ComponentDefinitionImpl.java:308)
	at org.zkoss.zk.ui.metainfo.impl.ComponentDefinitionImpl.newInstance(ComponentDefinitionImpl.java:296)
	at org.zkoss.zk.ui.metainfo.ComponentInfo.newInstance(ComponentInfo.java:664)
	at org.zkoss.zk.ui.impl.AbstractUiFactory.newComponent(AbstractUiFactory.java:90)
	at org.zkoss.zk.ui.impl.UiEngineImpl.execCreateChild0(UiEngineImpl.java:616)
	at org.zkoss.zk.ui.impl.UiEngineImpl.execCreateChild(UiEngineImpl.java:587)
	at org.zkoss.zk.ui.impl.UiEngineImpl.execCreate0(UiEngineImpl.java:531)
	at org.zkoss.zk.ui.impl.UiEngineImpl.execCreate(UiEngineImpl.java:498)
	at org.zkoss.zk.ui.impl.UiEngineImpl.createComponents(UiEngineImpl.java:819)
	at org.zkoss.zk.ui.impl.AbstractExecution.createComponents(AbstractExecution.java:189)
	at org.zkoss.zk.ui.Executions.createComponents(Executions.java:177)
	at org.adempiere.webui.desktop.DefaultDesktop.createHomeTab(DefaultDesktop.java:380)
	at org.adempiere.webui.desktop.DefaultDesktop.doCreatePart(DefaultDesktop.java:162)
	at org.adempiere.webui.part.AbstractUIPart.createPart(AbstractUIPart.java:41)

-----------> Msg.getMsg: NOT found: InfoBranch [48]
===========> MLookup.run: LOS_LOANENTITYTYPE.LOS_LOANENTITYTYPE_ID, 1001006 : Loader - SELECT LOS_LOANENTITYTYPE.LOS_LOANENTITYTYPE_ID,NULL,NVL(LOS_LOANENTITYTYPE.LOS_LOANENTITYTYPE,'-1'),LOS_LOANENTITYTYPE.IsActive FROM LOS_LOANENTITYTYPE WHERE LOS_LOANENTITYTYPE.AD_Client_ID=0 AND LOS_LOANENTITYTYPE.AD_Org_ID=0 AND (LOS_LOANENTITYTYPE.LOS_LOANENTITYTYPE_ID IS NULL OR LOS_LOANENTITYTYPE.LOS_LOANENTITYTYPE_ID NOT IN ( SELECT Record_ID FROM AD_Private_Access WHERE AD_Table_ID = 1000061 AND AD_User_ID <> 0 AND IsActive = 'Y' )) AND LOS_LOANENTITYTYPE.BUSINESSSIGMENT=Consumer ORDER BY 3 [372]
java.sql.SQLSyntaxErrorException: ORA-00904: "CONSUMER": invalid identifier
; State=42000; ErrorCode=904
	at oracle.jdbc.driver.T4CTTIoer.processError(T4CTTIoer.java:447)
	at oracle.jdbc.driver.T4CTTIoer.processError(T4CTTIoer.java:396)
	at oracle.jdbc.driver.T4C8Oall.processError(T4C8Oall.java:951)
	at oracle.jdbc.driver.T4CTTIfun.receive(T4CTTIfun.java:513)
	at oracle.jdbc.driver.T4CTTIfun.doRPC(T4CTTIfun.java:227)
	at oracle.jdbc.driver.T4C8Oall.doOALL(T4C8Oall.java:531)
	at oracle.jdbc.driver.T4CPreparedStatement.doOall8(T4CPreparedStatement.java:208)
	at oracle.jdbc.driver.T4CPreparedStatement.executeForDescribe(T4CPreparedStatement.java:886)
	at oracle.jdbc.driver.OracleStatement.executeMaybeDescribe(OracleStatement.java:1175)
	at oracle.jdbc.driver.OracleStatement.doExecuteWithTimeout(OracleStatement.java:1296)
	at oracle.jdbc.driver.OraclePreparedStatement.executeInternal(OraclePreparedStatement.java:3613)
	at oracle.jdbc.driver.OraclePreparedStatement.executeQuery(OraclePreparedStatement.java:3657)
	at oracle.jdbc.driver.OraclePreparedStatementWrapper.executeQuery(OraclePreparedStatementWrapper.java:1495)
	at com.mchange.v2.c3p0.impl.NewProxyPreparedStatement.executeQuery(NewProxyPreparedStatement.java:76)
	at sun.reflect.GeneratedMethodAccessor40.invoke(Unknown Source)
	at sun.reflect.DelegatingMethodAccessorImpl.invoke(Unknown Source)
	at java.lang.reflect.Method.invoke(Unknown Source)
	at org.compiere.db.StatementProxy.invoke(StatementProxy.java:100)
	at com.sun.proxy.$Proxy3.executeQuery(Unknown Source)
	at org.compiere.model.MLookup$MLoader.run(MLookup.java:747)

-----------> MRecentItem.addMenuOption: AD_User_ID is mandatory. [47]
-----------> MRecentItem.addWindowChange: AD_User_ID is mandatory. [48]
-----------> MTable.getClass: No class for table with it entity: LOS_LEADAPPLICANT [47]
-----------> MRecentItem.addWindowChange: AD_User_ID is mandatory. [47]
-----------> MRecentItem.addMenuOption: AD_User_ID is mandatory. [47]
-----------> MRecentItem.addWindowChange: AD_User_ID is mandatory. [48]
-----------> MRecentItem.addWindowChange: AD_User_ID is mandatory. [47]
-----------> MRecentItem.addMenuOption: AD_User_ID is mandatory. [47]
===========> MLookup.run: LOS_LOANENTITYTYPE.LOS_LOANENTITYTYPE_ID, 1001006 : Loader - SELECT LOS_LOANENTITYTYPE.LOS_LOANENTITYTYPE_ID,NULL,NVL(LOS_LOANENTITYTYPE.LOS_LOANENTITYTYPE,'-1'),LOS_LOANENTITYTYPE.IsActive FROM LOS_LOANENTITYTYPE WHERE LOS_LOANENTITYTYPE.AD_Client_ID=0 AND LOS_LOANENTITYTYPE.AD_Org_ID=0 AND (LOS_LOANENTITYTYPE.LOS_LOANENTITYTYPE_ID IS NULL OR LOS_LOANENTITYTYPE.LOS_LOANENTITYTYPE_ID NOT IN ( SELECT Record_ID FROM AD_Private_Access WHERE AD_Table_ID = 1000061 AND AD_User_ID <> 0 AND IsActive = 'Y' )) AND LOS_LOANENTITYTYPE.BUSINESSSIGMENT=Consumer ORDER BY 3 [418]
java.sql.SQLSyntaxErrorException: ORA-00904: "CONSUMER": invalid identifier
; State=42000; ErrorCode=904
	at oracle.jdbc.driver.T4CTTIoer.processError(T4CTTIoer.java:447)
	at oracle.jdbc.driver.T4CTTIoer.processError(T4CTTIoer.java:396)
	at oracle.jdbc.driver.T4C8Oall.processError(T4C8Oall.java:951)
	at oracle.jdbc.driver.T4CTTIfun.receive(T4CTTIfun.java:513)
	at oracle.jdbc.driver.T4CTTIfun.doRPC(T4CTTIfun.java:227)
	at oracle.jdbc.driver.T4C8Oall.doOALL(T4C8Oall.java:531)
	at oracle.jdbc.driver.T4CPreparedStatement.doOall8(T4CPreparedStatement.java:208)
	at oracle.jdbc.driver.T4CPreparedStatement.executeForDescribe(T4CPreparedStatement.java:886)
	at oracle.jdbc.driver.OracleStatement.executeMaybeDescribe(OracleStatement.java:1175)
	at oracle.jdbc.driver.OracleStatement.doExecuteWithTimeout(OracleStatement.java:1296)
	at oracle.jdbc.driver.OraclePreparedStatement.executeInternal(OraclePreparedStatement.java:3613)
	at oracle.jdbc.driver.OraclePreparedStatement.executeQuery(OraclePreparedStatement.java:3657)
	at oracle.jdbc.driver.OraclePreparedStatementWrapper.executeQuery(OraclePreparedStatementWrapper.java:1495)
	at com.mchange.v2.c3p0.impl.NewProxyPreparedStatement.executeQuery(NewProxyPreparedStatement.java:76)
	at sun.reflect.GeneratedMethodAccessor40.invoke(Unknown Source)
	at sun.reflect.DelegatingMethodAccessorImpl.invoke(Unknown Source)
	at java.lang.reflect.Method.invoke(Unknown Source)
	at org.compiere.db.StatementProxy.invoke(StatementProxy.java:100)
	at com.sun.proxy.$Proxy3.executeQuery(Unknown Source)
	at org.compiere.model.MLookup$MLoader.run(MLookup.java:747)

-----------> MRecentItem.addMenuOption: AD_User_ID is mandatory. [48]
-----------> MIssue.set_Value: SourceClassName - Value too long - truncated to length=60 [48]
===========> DB.executeUpdate: INSERT INTO AD_Tree_Favorite (AD_Client_ID,AD_Org_ID,AD_Role_ID,AD_Tree_Favorite_ID,Created,CreatedBy,IsActive,Updated,UpdatedBy) VALUES (0,0,0,1000200,TO_DATE('2018-12-19 12:46:52','YYYY-MM-DD HH24:MI:SS'),0,'Y',TO_DATE('2018-12-19 12:46:52','YYYY-MM-DD HH24:MI:SS'),0) [POSave_b3293227-ba88-4296-bce1-edd50b9b4e22] [48]
java.sql.SQLIntegrityConstraintViolationException: ORA-01400: cannot insert NULL into ("CARSDEV"."AD_TREE_FAVORITE"."AD_USER_ID")
; State=23000; ErrorCode=1400
	at oracle.jdbc.driver.T4CTTIoer.processError(T4CTTIoer.java:447)
	at oracle.jdbc.driver.T4CTTIoer.processError(T4CTTIoer.java:396)
	at oracle.jdbc.driver.T4C8Oall.processError(T4C8Oall.java:951)
	at oracle.jdbc.driver.T4CTTIfun.receive(T4CTTIfun.java:513)
	at oracle.jdbc.driver.T4CTTIfun.doRPC(T4CTTIfun.java:227)
	at oracle.jdbc.driver.T4C8Oall.doOALL(T4C8Oall.java:531)
	at oracle.jdbc.driver.T4CPreparedStatement.doOall8(T4CPreparedStatement.java:208)
	at oracle.jdbc.driver.T4CPreparedStatement.executeForRows(T4CPreparedStatement.java:1046)
	at oracle.jdbc.driver.OracleStatement.doExecuteWithTimeout(OracleStatement.java:1336)
	at oracle.jdbc.driver.OracleStatement.doScrollExecuteCommon(OracleStatement.java:4709)
	at oracle.jdbc.driver.OraclePreparedStatement.doScrollPstmtExecuteUpdate(OraclePreparedStatement.java:10613)
	at oracle.jdbc.driver.OraclePreparedStatement.executeInternal(OraclePreparedStatement.java:3611)
	at oracle.jdbc.driver.OraclePreparedStatement.executeUpdate(OraclePreparedStatement.java:3694)
	at oracle.jdbc.driver.OraclePreparedStatementWrapper.executeUpdate(OraclePreparedStatementWrapper.java:1354)
	at com.mchange.v2.c3p0.impl.NewProxyPreparedStatement.executeUpdate(NewProxyPreparedStatement.java:105)
	at sun.reflect.GeneratedMethodAccessor47.invoke(Unknown Source)
	at sun.reflect.DelegatingMethodAccessorImpl.invoke(Unknown Source)
	at java.lang.reflect.Method.invoke(Unknown Source)
	at org.compiere.db.StatementProxy.invoke(StatementProxy.java:100)
	at com.sun.proxy.$Proxy3.executeUpdate(Unknown Source)
	at org.compiere.util.DB.executeUpdate(DB.java:1046)
	at org.compiere.util.DB.executeUpdate(DB.java:908)
	at org.compiere.util.DB.executeUpdate(DB.java:895)
	at org.compiere.model.PO.saveNew(PO.java:2865)
	at org.compiere.model.PO.save(PO.java:2195)

===========> DB.saveError: DBExecuteError - ORA-01400: cannot insert NULL into ("CARSDEV"."AD_TREE_FAVORITE"."AD_USER_ID")
 [48]
-----------> MTreeFavorite.saveNew: [POSave_b3293227-ba88-4296-bce1-edd50b9b4e22]Not inserted - AD_Tree_Favorite [48]
-----------> DefaultDesktop.createHomeTab: Failed to create components. zul=/zul/userfavorites.zul [48]
org.adempiere.exceptions.AdempiereException: Could not create Tree.
	at org.adempiere.webui.dashboard.DPUserFavorites.createFavouritesPanel(DPUserFavorites.java:119)
	at org.adempiere.webui.dashboard.DPUserFavorites.<init>(DPUserFavorites.java:63)
	at sun.reflect.NativeConstructorAccessorImpl.newInstance0(Native Method)
	at sun.reflect.NativeConstructorAccessorImpl.newInstance(Unknown Source)
	at sun.reflect.DelegatingConstructorAccessorImpl.newInstance(Unknown Source)
	at java.lang.reflect.Constructor.newInstance(Unknown Source)
	at java.lang.Class.newInstance(Unknown Source)
	at org.zkoss.zk.ui.metainfo.impl.ComponentDefinitionImpl.newInstance(ComponentDefinitionImpl.java:308)
	at org.zkoss.zk.ui.metainfo.impl.ComponentDefinitionImpl.newInstance(ComponentDefinitionImpl.java:296)
	at org.zkoss.zk.ui.metainfo.ComponentInfo.newInstance(ComponentInfo.java:664)
	at org.zkoss.zk.ui.impl.AbstractUiFactory.newComponent(AbstractUiFactory.java:90)
	at org.zkoss.zk.ui.impl.UiEngineImpl.execCreateChild0(UiEngineImpl.java:616)
	at org.zkoss.zk.ui.impl.UiEngineImpl.execCreateChild(UiEngineImpl.java:587)
	at org.zkoss.zk.ui.impl.UiEngineImpl.execCreate0(UiEngineImpl.java:531)
	at org.zkoss.zk.ui.impl.UiEngineImpl.execCreate(UiEngineImpl.java:498)
	at org.zkoss.zk.ui.impl.UiEngineImpl.createComponents(UiEngineImpl.java:819)
	at org.zkoss.zk.ui.impl.AbstractExecution.createComponents(AbstractExecution.java:189)
	at org.zkoss.zk.ui.Executions.createComponents(Executions.java:177)
	at org.adempiere.webui.desktop.DefaultDesktop.createHomeTab(DefaultDesktop.java:380)
	at org.adempiere.webui.desktop.DefaultDesktop.doCreatePart(DefaultDesktop.java:162)
	at org.adempiere.webui.part.AbstractUIPart.createPart(AbstractUIPart.java:41)

-----------> Msg.getMsg: NOT found: InfoBranch [48]
===========> MLookup.run: LOS_LOANENTITYTYPE.LOS_LOANENTITYTYPE_ID, 1001006 : Loader - SELECT LOS_LOANENTITYTYPE.LOS_LOANENTITYTYPE_ID,NULL,NVL(LOS_LOANENTITYTYPE.LOS_LOANENTITYTYPE,'-1'),LOS_LOANENTITYTYPE.IsActive FROM LOS_LOANENTITYTYPE WHERE LOS_LOANENTITYTYPE.AD_Client_ID=0 AND LOS_LOANENTITYTYPE.AD_Org_ID=0 AND (LOS_LOANENTITYTYPE.LOS_LOANENTITYTYPE_ID IS NULL OR LOS_LOANENTITYTYPE.LOS_LOANENTITYTYPE_ID NOT IN ( SELECT Record_ID FROM AD_Private_Access WHERE AD_Table_ID = 1000061 AND AD_User_ID <> 0 AND IsActive = 'Y' )) AND LOS_LOANENTITYTYPE.BUSINESSSIGMENT=Consumer ORDER BY 3 [435]
java.sql.SQLSyntaxErrorException: ORA-00904: "CONSUMER": invalid identifier
; State=42000; ErrorCode=904
	at oracle.jdbc.driver.T4CTTIoer.processError(T4CTTIoer.java:447)
	at oracle.jdbc.driver.T4CTTIoer.processError(T4CTTIoer.java:396)
	at oracle.jdbc.driver.T4C8Oall.processError(T4C8Oall.java:951)
	at oracle.jdbc.driver.T4CTTIfun.receive(T4CTTIfun.java:513)
	at oracle.jdbc.driver.T4CTTIfun.doRPC(T4CTTIfun.java:227)
	at oracle.jdbc.driver.T4C8Oall.doOALL(T4C8Oall.java:531)
	at oracle.jdbc.driver.T4CPreparedStatement.doOall8(T4CPreparedStatement.java:208)
	at oracle.jdbc.driver.T4CPreparedStatement.executeForDescribe(T4CPreparedStatement.java:886)
	at oracle.jdbc.driver.OracleStatement.executeMaybeDescribe(OracleStatement.java:1175)
	at oracle.jdbc.driver.OracleStatement.doExecuteWithTimeout(OracleStatement.java:1296)
	at oracle.jdbc.driver.OraclePreparedStatement.executeInternal(OraclePreparedStatement.java:3613)
	at oracle.jdbc.driver.OraclePreparedStatement.executeQuery(OraclePreparedStatement.java:3657)
	at oracle.jdbc.driver.OraclePreparedStatementWrapper.executeQuery(OraclePreparedStatementWrapper.java:1495)
	at com.mchange.v2.c3p0.impl.NewProxyPreparedStatement.executeQuery(NewProxyPreparedStatement.java:76)
	at sun.reflect.GeneratedMethodAccessor40.invoke(Unknown Source)
	at sun.reflect.DelegatingMethodAccessorImpl.invoke(Unknown Source)
	at java.lang.reflect.Method.invoke(Unknown Source)
	at org.compiere.db.StatementProxy.invoke(StatementProxy.java:100)
	at com.sun.proxy.$Proxy3.executeQuery(Unknown Source)
	at org.compiere.model.MLookup$MLoader.run(MLookup.java:747)

-----------> MRecentItem.addMenuOption: AD_User_ID is mandatory. [48]
-----------> MIssue.set_Value: SourceClassName - Value too long - truncated to length=60 [48]
===========> DB.executeUpdate: INSERT INTO AD_Tree_Favorite (AD_Client_ID,AD_Org_ID,AD_Role_ID,AD_Tree_Favorite_ID,Created,CreatedBy,IsActive,Updated,UpdatedBy) VALUES (0,0,0,1000201,TO_DATE('2018-12-19 14:06:16','YYYY-MM-DD HH24:MI:SS'),0,'Y',TO_DATE('2018-12-19 14:06:16','YYYY-MM-DD HH24:MI:SS'),0) [POSave_97fa7338-0d91-4ffe-a4e4-14b2a211a27d] [48]
java.sql.SQLIntegrityConstraintViolationException: ORA-01400: cannot insert NULL into ("CARSDEV"."AD_TREE_FAVORITE"."AD_USER_ID")
; State=23000; ErrorCode=1400
	at oracle.jdbc.driver.T4CTTIoer.processError(T4CTTIoer.java:447)
	at oracle.jdbc.driver.T4CTTIoer.processError(T4CTTIoer.java:396)
	at oracle.jdbc.driver.T4C8Oall.processError(T4C8Oall.java:951)
	at oracle.jdbc.driver.T4CTTIfun.receive(T4CTTIfun.java:513)
	at oracle.jdbc.driver.T4CTTIfun.doRPC(T4CTTIfun.java:227)
	at oracle.jdbc.driver.T4C8Oall.doOALL(T4C8Oall.java:531)
	at oracle.jdbc.driver.T4CPreparedStatement.doOall8(T4CPreparedStatement.java:208)
	at oracle.jdbc.driver.T4CPreparedStatement.executeForRows(T4CPreparedStatement.java:1046)
	at oracle.jdbc.driver.OracleStatement.doExecuteWithTimeout(OracleStatement.java:1336)
	at oracle.jdbc.driver.OracleStatement.doScrollExecuteCommon(OracleStatement.java:4709)
	at oracle.jdbc.driver.OraclePreparedStatement.doScrollPstmtExecuteUpdate(OraclePreparedStatement.java:10613)
	at oracle.jdbc.driver.OraclePreparedStatement.executeInternal(OraclePreparedStatement.java:3611)
	at oracle.jdbc.driver.OraclePreparedStatement.executeUpdate(OraclePreparedStatement.java:3694)
	at oracle.jdbc.driver.OraclePreparedStatementWrapper.executeUpdate(OraclePreparedStatementWrapper.java:1354)
	at com.mchange.v2.c3p0.impl.NewProxyPreparedStatement.executeUpdate(NewProxyPreparedStatement.java:105)
	at sun.reflect.GeneratedMethodAccessor47.invoke(Unknown Source)
	at sun.reflect.DelegatingMethodAccessorImpl.invoke(Unknown Source)
	at java.lang.reflect.Method.invoke(Unknown Source)
	at org.compiere.db.StatementProxy.invoke(StatementProxy.java:100)
	at com.sun.proxy.$Proxy3.executeUpdate(Unknown Source)
	at org.compiere.util.DB.executeUpdate(DB.java:1046)
	at org.compiere.util.DB.executeUpdate(DB.java:908)
	at org.compiere.util.DB.executeUpdate(DB.java:895)
	at org.compiere.model.PO.saveNew(PO.java:2865)
	at org.compiere.model.PO.save(PO.java:2195)

===========> DB.saveError: DBExecuteError - ORA-01400: cannot insert NULL into ("CARSDEV"."AD_TREE_FAVORITE"."AD_USER_ID")
 [48]
-----------> MTreeFavorite.saveNew: [POSave_97fa7338-0d91-4ffe-a4e4-14b2a211a27d]Not inserted - AD_Tree_Favorite [48]
-----------> DefaultDesktop.createHomeTab: Failed to create components. zul=/zul/userfavorites.zul [48]
org.adempiere.exceptions.AdempiereException: Could not create Tree.
	at org.adempiere.webui.dashboard.DPUserFavorites.createFavouritesPanel(DPUserFavorites.java:119)
	at org.adempiere.webui.dashboard.DPUserFavorites.<init>(DPUserFavorites.java:63)
	at sun.reflect.NativeConstructorAccessorImpl.newInstance0(Native Method)
	at sun.reflect.NativeConstructorAccessorImpl.newInstance(Unknown Source)
	at sun.reflect.DelegatingConstructorAccessorImpl.newInstance(Unknown Source)
	at java.lang.reflect.Constructor.newInstance(Unknown Source)
	at java.lang.Class.newInstance(Unknown Source)
	at org.zkoss.zk.ui.metainfo.impl.ComponentDefinitionImpl.newInstance(ComponentDefinitionImpl.java:308)
	at org.zkoss.zk.ui.metainfo.impl.ComponentDefinitionImpl.newInstance(ComponentDefinitionImpl.java:296)
	at org.zkoss.zk.ui.metainfo.ComponentInfo.newInstance(ComponentInfo.java:664)
	at org.zkoss.zk.ui.impl.AbstractUiFactory.newComponent(AbstractUiFactory.java:90)
	at org.zkoss.zk.ui.impl.UiEngineImpl.execCreateChild0(UiEngineImpl.java:616)
	at org.zkoss.zk.ui.impl.UiEngineImpl.execCreateChild(UiEngineImpl.java:587)
	at org.zkoss.zk.ui.impl.UiEngineImpl.execCreate0(UiEngineImpl.java:531)
	at org.zkoss.zk.ui.impl.UiEngineImpl.execCreate(UiEngineImpl.java:498)
	at org.zkoss.zk.ui.impl.UiEngineImpl.createComponents(UiEngineImpl.java:819)
	at org.zkoss.zk.ui.impl.AbstractExecution.createComponents(AbstractExecution.java:189)
	at org.zkoss.zk.ui.Executions.createComponents(Executions.java:177)
	at org.adempiere.webui.desktop.DefaultDesktop.createHomeTab(DefaultDesktop.java:380)
	at org.adempiere.webui.desktop.DefaultDesktop.doCreatePart(DefaultDesktop.java:162)
	at org.adempiere.webui.part.AbstractUIPart.createPart(AbstractUIPart.java:41)

-----------> Msg.getMsg: NOT found: InfoBranch [48]
-----------> MRecentItem.addMenuOption: AD_User_ID is mandatory. [48]
-----------> MRecentItem.addWindowChange: AD_User_ID is mandatory. [48]
-----------> MRecentItem.addWindowChange: AD_User_ID is mandatory. [47]
===========> MLookup.run: LOS_LOANENTITYTYPE.LOS_LOANENTITYTYPE_ID, 1001006 : Loader - SELECT LOS_LOANENTITYTYPE.LOS_LOANENTITYTYPE_ID,NULL,NVL(LOS_LOANENTITYTYPE.LOS_LOANENTITYTYPE,'-1'),LOS_LOANENTITYTYPE.IsActive FROM LOS_LOANENTITYTYPE WHERE LOS_LOANENTITYTYPE.AD_Client_ID=0 AND LOS_LOANENTITYTYPE.AD_Org_ID=0 AND (LOS_LOANENTITYTYPE.LOS_LOANENTITYTYPE_ID IS NULL OR LOS_LOANENTITYTYPE.LOS_LOANENTITYTYPE_ID NOT IN ( SELECT Record_ID FROM AD_Private_Access WHERE AD_Table_ID = 1000061 AND AD_User_ID <> 0 AND IsActive = 'Y' )) AND LOS_LOANENTITYTYPE.BUSINESSSIGMENT=Consumer ORDER BY 3 [499]
java.sql.SQLSyntaxErrorException: ORA-00904: "CONSUMER": invalid identifier
; State=42000; ErrorCode=904
	at oracle.jdbc.driver.T4CTTIoer.processError(T4CTTIoer.java:447)
	at oracle.jdbc.driver.T4CTTIoer.processError(T4CTTIoer.java:396)
	at oracle.jdbc.driver.T4C8Oall.processError(T4C8Oall.java:951)
	at oracle.jdbc.driver.T4CTTIfun.receive(T4CTTIfun.java:513)
	at oracle.jdbc.driver.T4CTTIfun.doRPC(T4CTTIfun.java:227)
	at oracle.jdbc.driver.T4C8Oall.doOALL(T4C8Oall.java:531)
	at oracle.jdbc.driver.T4CPreparedStatement.doOall8(T4CPreparedStatement.java:208)
	at oracle.jdbc.driver.T4CPreparedStatement.executeForDescribe(T4CPreparedStatement.java:886)
	at oracle.jdbc.driver.OracleStatement.executeMaybeDescribe(OracleStatement.java:1175)
	at oracle.jdbc.driver.OracleStatement.doExecuteWithTimeout(OracleStatement.java:1296)
	at oracle.jdbc.driver.OraclePreparedStatement.executeInternal(OraclePreparedStatement.java:3613)
	at oracle.jdbc.driver.OraclePreparedStatement.executeQuery(OraclePreparedStatement.java:3657)
	at oracle.jdbc.driver.OraclePreparedStatementWrapper.executeQuery(OraclePreparedStatementWrapper.java:1495)
	at com.mchange.v2.c3p0.impl.NewProxyPreparedStatement.executeQuery(NewProxyPreparedStatement.java:76)
	at sun.reflect.GeneratedMethodAccessor40.invoke(Unknown Source)
	at sun.reflect.DelegatingMethodAccessorImpl.invoke(Unknown Source)
	at java.lang.reflect.Method.invoke(Unknown Source)
	at org.compiere.db.StatementProxy.invoke(StatementProxy.java:100)
	at com.sun.proxy.$Proxy3.executeQuery(Unknown Source)
	at org.compiere.model.MLookup$MLoader.run(MLookup.java:747)

-----------> MRecentItem.addMenuOption: AD_User_ID is mandatory. [47]
-----------> MRecentItem.addWindowChange: AD_User_ID is mandatory. [47]
-----------> MTable.getClass: No class for table with it entity: LOS_LEADAPPLICANT [48]
-----------> MRecentItem.addWindowChange: AD_User_ID is mandatory. [48]
===========> MLookup.run: LOS_LOANENTITYTYPE.LOS_LOANENTITYTYPE_ID, 1001006 : Loader - SELECT LOS_LOANENTITYTYPE.LOS_LOANENTITYTYPE_ID,NULL,NVL(LOS_LOANENTITYTYPE.LOS_LOANENTITYTYPE,'-1'),LOS_LOANENTITYTYPE.IsActive FROM LOS_LOANENTITYTYPE WHERE LOS_LOANENTITYTYPE.AD_Client_ID=0 AND LOS_LOANENTITYTYPE.AD_Org_ID=0 AND (LOS_LOANENTITYTYPE.LOS_LOANENTITYTYPE_ID IS NULL OR LOS_LOANENTITYTYPE.LOS_LOANENTITYTYPE_ID NOT IN ( SELECT Record_ID FROM AD_Private_Access WHERE AD_Table_ID = 1000061 AND AD_User_ID <> 0 AND IsActive = 'Y' )) AND LOS_LOANENTITYTYPE.BUSINESSSIGMENT=Commercial ORDER BY 3 [509]
java.sql.SQLSyntaxErrorException: ORA-00904: "COMMERCIAL": invalid identifier
; State=42000; ErrorCode=904
	at oracle.jdbc.driver.T4CTTIoer.processError(T4CTTIoer.java:447)
	at oracle.jdbc.driver.T4CTTIoer.processError(T4CTTIoer.java:396)
	at oracle.jdbc.driver.T4C8Oall.processError(T4C8Oall.java:951)
	at oracle.jdbc.driver.T4CTTIfun.receive(T4CTTIfun.java:513)
	at oracle.jdbc.driver.T4CTTIfun.doRPC(T4CTTIfun.java:227)
	at oracle.jdbc.driver.T4C8Oall.doOALL(T4C8Oall.java:531)
	at oracle.jdbc.driver.T4CPreparedStatement.doOall8(T4CPreparedStatement.java:208)
	at oracle.jdbc.driver.T4CPreparedStatement.executeForDescribe(T4CPreparedStatement.java:886)
	at oracle.jdbc.driver.OracleStatement.executeMaybeDescribe(OracleStatement.java:1175)
	at oracle.jdbc.driver.OracleStatement.doExecuteWithTimeout(OracleStatement.java:1296)
	at oracle.jdbc.driver.OraclePreparedStatement.executeInternal(OraclePreparedStatement.java:3613)
	at oracle.jdbc.driver.OraclePreparedStatement.executeQuery(OraclePreparedStatement.java:3657)
	at oracle.jdbc.driver.OraclePreparedStatementWrapper.executeQuery(OraclePreparedStatementWrapper.java:1495)
	at com.mchange.v2.c3p0.impl.NewProxyPreparedStatement.executeQuery(NewProxyPreparedStatement.java:76)
	at sun.reflect.GeneratedMethodAccessor40.invoke(Unknown Source)
	at sun.reflect.DelegatingMethodAccessorImpl.invoke(Unknown Source)
	at java.lang.reflect.Method.invoke(Unknown Source)
	at org.compiere.db.StatementProxy.invoke(StatementProxy.java:100)
	at com.sun.proxy.$Proxy3.executeQuery(Unknown Source)
	at org.compiere.model.MLookup$MLoader.run(MLookup.java:747)

-----------> MRecentItem.addWindowChange: AD_User_ID is mandatory. [47]
-----------> MTable.getClass: No class for table with it entity: LOS_Lead [48]
-----------> MRecentItem.addWindowChange: AD_User_ID is mandatory. [48]
===========> MLookup.run: LOS_LOANENTITYTYPE.LOS_LOANENTITYTYPE_ID, 1001006 : Loader - SELECT LOS_LOANENTITYTYPE.LOS_LOANENTITYTYPE_ID,NULL,NVL(LOS_LOANENTITYTYPE.LOS_LOANENTITYTYPE,'-1'),LOS_LOANENTITYTYPE.IsActive FROM LOS_LOANENTITYTYPE WHERE LOS_LOANENTITYTYPE.AD_Client_ID=0 AND LOS_LOANENTITYTYPE.AD_Org_ID=0 AND (LOS_LOANENTITYTYPE.LOS_LOANENTITYTYPE_ID IS NULL OR LOS_LOANENTITYTYPE.LOS_LOANENTITYTYPE_ID NOT IN ( SELECT Record_ID FROM AD_Private_Access WHERE AD_Table_ID = 1000061 AND AD_User_ID <> 0 AND IsActive = 'Y' )) AND LOS_LOANENTITYTYPE.BUSINESSSIGMENT=Consumer ORDER BY 3 [510]
java.sql.SQLSyntaxErrorException: ORA-00904: "CONSUMER": invalid identifier
; State=42000; ErrorCode=904
	at oracle.jdbc.driver.T4CTTIoer.processError(T4CTTIoer.java:447)
	at oracle.jdbc.driver.T4CTTIoer.processError(T4CTTIoer.java:396)
	at oracle.jdbc.driver.T4C8Oall.processError(T4C8Oall.java:951)
	at oracle.jdbc.driver.T4CTTIfun.receive(T4CTTIfun.java:513)
	at oracle.jdbc.driver.T4CTTIfun.doRPC(T4CTTIfun.java:227)
	at oracle.jdbc.driver.T4C8Oall.doOALL(T4C8Oall.java:531)
	at oracle.jdbc.driver.T4CPreparedStatement.doOall8(T4CPreparedStatement.java:208)
	at oracle.jdbc.driver.T4CPreparedStatement.executeForDescribe(T4CPreparedStatement.java:886)
	at oracle.jdbc.driver.OracleStatement.executeMaybeDescribe(OracleStatement.java:1175)
	at oracle.jdbc.driver.OracleStatement.doExecuteWithTimeout(OracleStatement.java:1296)
	at oracle.jdbc.driver.OraclePreparedStatement.executeInternal(OraclePreparedStatement.java:3613)
	at oracle.jdbc.driver.OraclePreparedStatement.executeQuery(OraclePreparedStatement.java:3657)
	at oracle.jdbc.driver.OraclePreparedStatementWrapper.executeQuery(OraclePreparedStatementWrapper.java:1495)
	at com.mchange.v2.c3p0.impl.NewProxyPreparedStatement.executeQuery(NewProxyPreparedStatement.java:76)
	at sun.reflect.GeneratedMethodAccessor40.invoke(Unknown Source)
	at sun.reflect.DelegatingMethodAccessorImpl.invoke(Unknown Source)
	at java.lang.reflect.Method.invoke(Unknown Source)
	at org.compiere.db.StatementProxy.invoke(StatementProxy.java:100)
	at com.sun.proxy.$Proxy3.executeQuery(Unknown Source)
	at org.compiere.model.MLookup$MLoader.run(MLookup.java:747)

-----------> MRecentItem.addWindowChange: AD_User_ID is mandatory. [47]
-----------> MRecentItem.addWindowChange: AD_User_ID is mandatory. [48]
-----------> MRecentItem.addWindowChange: AD_User_ID is mandatory. [48]
-----------> MRecentItem.addWindowChange: AD_User_ID is mandatory. [47]
-----------> MRecentItem.addWindowChange: AD_User_ID is mandatory. [48]
-----------> MRecentItem.addWindowChange: AD_User_ID is mandatory. [47]
-----------> MRecentItem.addWindowChange: AD_User_ID is mandatory. [48]
-----------> MRecentItem.addWindowChange: AD_User_ID is mandatory. [47]
-----------> MRecentItem.addWindowChange: AD_User_ID is mandatory. [48]
-----------> MRecentItem.addWindowChange: AD_User_ID is mandatory. [47]
-----------> MRecentItem.addWindowChange: AD_User_ID is mandatory. [48]
-----------> MRecentItem.addWindowChange: AD_User_ID is mandatory. [47]
-----------> MRecentItem.addMenuOption: AD_User_ID is mandatory. [48]
===========> MLookup.run: LOS_LOANENTITYTYPE.LOS_LOANENTITYTYPE_ID, 1001006 : Loader - SELECT LOS_LOANENTITYTYPE.LOS_LOANENTITYTYPE_ID,NULL,NVL(LOS_LOANENTITYTYPE.LOS_LOANENTITYTYPE,'-1'),LOS_LOANENTITYTYPE.IsActive FROM LOS_LOANENTITYTYPE WHERE LOS_LOANENTITYTYPE.AD_Client_ID=0 AND LOS_LOANENTITYTYPE.AD_Org_ID=0 AND (LOS_LOANENTITYTYPE.LOS_LOANENTITYTYPE_ID IS NULL OR LOS_LOANENTITYTYPE.LOS_LOANENTITYTYPE_ID NOT IN ( SELECT Record_ID FROM AD_Private_Access WHERE AD_Table_ID = 1000061 AND AD_User_ID <> 0 AND IsActive = 'Y' )) AND LOS_LOANENTITYTYPE.BUSINESSSIGMENT=Consumer ORDER BY 3 [519]
java.sql.SQLSyntaxErrorException: ORA-00904: "CONSUMER": invalid identifier
; State=42000; ErrorCode=904
	at oracle.jdbc.driver.T4CTTIoer.processError(T4CTTIoer.java:447)
	at oracle.jdbc.driver.T4CTTIoer.processError(T4CTTIoer.java:396)
	at oracle.jdbc.driver.T4C8Oall.processError(T4C8Oall.java:951)
	at oracle.jdbc.driver.T4CTTIfun.receive(T4CTTIfun.java:513)
	at oracle.jdbc.driver.T4CTTIfun.doRPC(T4CTTIfun.java:227)
	at oracle.jdbc.driver.T4C8Oall.doOALL(T4C8Oall.java:531)
	at oracle.jdbc.driver.T4CPreparedStatement.doOall8(T4CPreparedStatement.java:208)
	at oracle.jdbc.driver.T4CPreparedStatement.executeForDescribe(T4CPreparedStatement.java:886)
	at oracle.jdbc.driver.OracleStatement.executeMaybeDescribe(OracleStatement.java:1175)
	at oracle.jdbc.driver.OracleStatement.doExecuteWithTimeout(OracleStatement.java:1296)
	at oracle.jdbc.driver.OraclePreparedStatement.executeInternal(OraclePreparedStatement.java:3613)
	at oracle.jdbc.driver.OraclePreparedStatement.executeQuery(OraclePreparedStatement.java:3657)
	at oracle.jdbc.driver.OraclePreparedStatementWrapper.executeQuery(OraclePreparedStatementWrapper.java:1495)
	at com.mchange.v2.c3p0.impl.NewProxyPreparedStatement.executeQuery(NewProxyPreparedStatement.java:76)
	at sun.reflect.GeneratedMethodAccessor40.invoke(Unknown Source)
	at sun.reflect.DelegatingMethodAccessorImpl.invoke(Unknown Source)
	at java.lang.reflect.Method.invoke(Unknown Source)
	at org.compiere.db.StatementProxy.invoke(StatementProxy.java:100)
	at com.sun.proxy.$Proxy3.executeQuery(Unknown Source)
	at org.compiere.model.MLookup$MLoader.run(MLookup.java:747)

-----------> MRecentItem.addMenuOption: AD_User_ID is mandatory. [47]
===========> MLookup.run: LOS_LOANENTITYTYPE.LOS_LOANENTITYTYPE_ID, 1001006 : Loader - SELECT LOS_LOANENTITYTYPE.LOS_LOANENTITYTYPE_ID,NULL,NVL(LOS_LOANENTITYTYPE.LOS_LOANENTITYTYPE,'-1'),LOS_LOANENTITYTYPE.IsActive FROM LOS_LOANENTITYTYPE WHERE LOS_LOANENTITYTYPE.AD_Client_ID=0 AND LOS_LOANENTITYTYPE.AD_Org_ID=0 AND (LOS_LOANENTITYTYPE.LOS_LOANENTITYTYPE_ID IS NULL OR LOS_LOANENTITYTYPE.LOS_LOANENTITYTYPE_ID NOT IN ( SELECT Record_ID FROM AD_Private_Access WHERE AD_Table_ID = 1000061 AND AD_User_ID <> 0 AND IsActive = 'Y' )) AND LOS_LOANENTITYTYPE.BUSINESSSIGMENT=Commercial ORDER BY 3 [529]
java.sql.SQLSyntaxErrorException: ORA-00904: "COMMERCIAL": invalid identifier
; State=42000; ErrorCode=904
	at oracle.jdbc.driver.T4CTTIoer.processError(T4CTTIoer.java:447)
	at oracle.jdbc.driver.T4CTTIoer.processError(T4CTTIoer.java:396)
	at oracle.jdbc.driver.T4C8Oall.processError(T4C8Oall.java:951)
	at oracle.jdbc.driver.T4CTTIfun.receive(T4CTTIfun.java:513)
	at oracle.jdbc.driver.T4CTTIfun.doRPC(T4CTTIfun.java:227)
	at oracle.jdbc.driver.T4C8Oall.doOALL(T4C8Oall.java:531)
	at oracle.jdbc.driver.T4CPreparedStatement.doOall8(T4CPreparedStatement.java:208)
	at oracle.jdbc.driver.T4CPreparedStatement.executeForDescribe(T4CPreparedStatement.java:886)
	at oracle.jdbc.driver.OracleStatement.executeMaybeDescribe(OracleStatement.java:1175)
	at oracle.jdbc.driver.OracleStatement.doExecuteWithTimeout(OracleStatement.java:1296)
	at oracle.jdbc.driver.OraclePreparedStatement.executeInternal(OraclePreparedStatement.java:3613)
	at oracle.jdbc.driver.OraclePreparedStatement.executeQuery(OraclePreparedStatement.java:3657)
	at oracle.jdbc.driver.OraclePreparedStatementWrapper.executeQuery(OraclePreparedStatementWrapper.java:1495)
	at com.mchange.v2.c3p0.impl.NewProxyPreparedStatement.executeQuery(NewProxyPreparedStatement.java:76)
	at sun.reflect.GeneratedMethodAccessor40.invoke(Unknown Source)
	at sun.reflect.DelegatingMethodAccessorImpl.invoke(Unknown Source)
	at java.lang.reflect.Method.invoke(Unknown Source)
	at org.compiere.db.StatementProxy.invoke(StatementProxy.java:100)
	at com.sun.proxy.$Proxy3.executeQuery(Unknown Source)
	at org.compiere.model.MLookup$MLoader.run(MLookup.java:747)

-----------> MRecentItem.addWindowChange: AD_User_ID is mandatory. [47]
-----------> MTable.getClass: No class for table with it entity: LOS_Lead [48]
-----------> MRecentItem.addWindowChange: AD_User_ID is mandatory. [48]
===========> MLookup.run: LOS_LOANENTITYTYPE.LOS_LOANENTITYTYPE_ID, 1001006 : Loader - SELECT LOS_LOANENTITYTYPE.LOS_LOANENTITYTYPE_ID,NULL,NVL(LOS_LOANENTITYTYPE.LOS_LOANENTITYTYPE,'-1'),LOS_LOANENTITYTYPE.IsActive FROM LOS_LOANENTITYTYPE WHERE LOS_LOANENTITYTYPE.AD_Client_ID=0 AND LOS_LOANENTITYTYPE.AD_Org_ID=0 AND (LOS_LOANENTITYTYPE.LOS_LOANENTITYTYPE_ID IS NULL OR LOS_LOANENTITYTYPE.LOS_LOANENTITYTYPE_ID NOT IN ( SELECT Record_ID FROM AD_Private_Access WHERE AD_Table_ID = 1000061 AND AD_User_ID <> 0 AND IsActive = 'Y' )) AND LOS_LOANENTITYTYPE.BUSINESSSIGMENT=Consumer ORDER BY 3 [530]
java.sql.SQLSyntaxErrorException: ORA-00904: "CONSUMER": invalid identifier
; State=42000; ErrorCode=904
	at oracle.jdbc.driver.T4CTTIoer.processError(T4CTTIoer.java:447)
	at oracle.jdbc.driver.T4CTTIoer.processError(T4CTTIoer.java:396)
	at oracle.jdbc.driver.T4C8Oall.processError(T4C8Oall.java:951)
	at oracle.jdbc.driver.T4CTTIfun.receive(T4CTTIfun.java:513)
	at oracle.jdbc.driver.T4CTTIfun.doRPC(T4CTTIfun.java:227)
	at oracle.jdbc.driver.T4C8Oall.doOALL(T4C8Oall.java:531)
	at oracle.jdbc.driver.T4CPreparedStatement.doOall8(T4CPreparedStatement.java:208)
	at oracle.jdbc.driver.T4CPreparedStatement.executeForDescribe(T4CPreparedStatement.java:886)
	at oracle.jdbc.driver.OracleStatement.executeMaybeDescribe(OracleStatement.java:1175)
	at oracle.jdbc.driver.OracleStatement.doExecuteWithTimeout(OracleStatement.java:1296)
	at oracle.jdbc.driver.OraclePreparedStatement.executeInternal(OraclePreparedStatement.java:3613)
	at oracle.jdbc.driver.OraclePreparedStatement.executeQuery(OraclePreparedStatement.java:3657)
	at oracle.jdbc.driver.OraclePreparedStatementWrapper.executeQuery(OraclePreparedStatementWrapper.java:1495)
	at com.mchange.v2.c3p0.impl.NewProxyPreparedStatement.executeQuery(NewProxyPreparedStatement.java:76)
	at sun.reflect.GeneratedMethodAccessor40.invoke(Unknown Source)
	at sun.reflect.DelegatingMethodAccessorImpl.invoke(Unknown Source)
	at java.lang.reflect.Method.invoke(Unknown Source)
	at org.compiere.db.StatementProxy.invoke(StatementProxy.java:100)
	at com.sun.proxy.$Proxy3.executeQuery(Unknown Source)
	at org.compiere.model.MLookup$MLoader.run(MLookup.java:747)

-----------> MRecentItem.addWindowChange: AD_User_ID is mandatory. [48]
-----------> MRecentItem.addWindowChange: AD_User_ID is mandatory. [47]
===========> MLookup.run: LOS_LOANENTITYTYPE.LOS_LOANENTITYTYPE_ID, 1001006 : Loader - SELECT LOS_LOANENTITYTYPE.LOS_LOANENTITYTYPE_ID,NULL,NVL(LOS_LOANENTITYTYPE.LOS_LOANENTITYTYPE,'-1'),LOS_LOANENTITYTYPE.IsActive FROM LOS_LOANENTITYTYPE WHERE LOS_LOANENTITYTYPE.AD_Client_ID=0 AND LOS_LOANENTITYTYPE.AD_Org_ID=0 AND (LOS_LOANENTITYTYPE.LOS_LOANENTITYTYPE_ID IS NULL OR LOS_LOANENTITYTYPE.LOS_LOANENTITYTYPE_ID NOT IN ( SELECT Record_ID FROM AD_Private_Access WHERE AD_Table_ID = 1000061 AND AD_User_ID <> 0 AND IsActive = 'Y' )) AND LOS_LOANENTITYTYPE.BUSINESSSIGMENT=Commercial ORDER BY 3 [531]
java.sql.SQLSyntaxErrorException: ORA-00904: "COMMERCIAL": invalid identifier
; State=42000; ErrorCode=904
	at oracle.jdbc.driver.T4CTTIoer.processError(T4CTTIoer.java:447)
	at oracle.jdbc.driver.T4CTTIoer.processError(T4CTTIoer.java:396)
	at oracle.jdbc.driver.T4C8Oall.processError(T4C8Oall.java:951)
	at oracle.jdbc.driver.T4CTTIfun.receive(T4CTTIfun.java:513)
	at oracle.jdbc.driver.T4CTTIfun.doRPC(T4CTTIfun.java:227)
	at oracle.jdbc.driver.T4C8Oall.doOALL(T4C8Oall.java:531)
	at oracle.jdbc.driver.T4CPreparedStatement.doOall8(T4CPreparedStatement.java:208)
	at oracle.jdbc.driver.T4CPreparedStatement.executeForDescribe(T4CPreparedStatement.java:886)
	at oracle.jdbc.driver.OracleStatement.executeMaybeDescribe(OracleStatement.java:1175)
	at oracle.jdbc.driver.OracleStatement.doExecuteWithTimeout(OracleStatement.java:1296)
	at oracle.jdbc.driver.OraclePreparedStatement.executeInternal(OraclePreparedStatement.java:3613)
	at oracle.jdbc.driver.OraclePreparedStatement.executeQuery(OraclePreparedStatement.java:3657)
	at oracle.jdbc.driver.OraclePreparedStatementWrapper.executeQuery(OraclePreparedStatementWrapper.java:1495)
	at com.mchange.v2.c3p0.impl.NewProxyPreparedStatement.executeQuery(NewProxyPreparedStatement.java:76)
	at sun.reflect.GeneratedMethodAccessor40.invoke(Unknown Source)
	at sun.reflect.DelegatingMethodAccessorImpl.invoke(Unknown Source)
	at java.lang.reflect.Method.invoke(Unknown Source)
	at org.compiere.db.StatementProxy.invoke(StatementProxy.java:100)
	at com.sun.proxy.$Proxy3.executeQuery(Unknown Source)
	at org.compiere.model.MLookup$MLoader.run(MLookup.java:747)

-----------> MRecentItem.addWindowChange: AD_User_ID is mandatory. [47]
-----------> MRecentItem.addWindowChange: AD_User_ID is mandatory. [48]
-----------> MRecentItem.addWindowChange: AD_User_ID is mandatory. [47]
-----------> MRecentItem.addWindowChange: AD_User_ID is mandatory. [48]
-----------> MRecentItem.addMenuOption: AD_User_ID is mandatory. [47]
===========> MLookup.run: LOS_LOANENTITYTYPE.LOS_LOANENTITYTYPE_ID, 1001006 : Loader - SELECT LOS_LOANENTITYTYPE.LOS_LOANENTITYTYPE_ID,NULL,NVL(LOS_LOANENTITYTYPE.LOS_LOANENTITYTYPE,'-1'),LOS_LOANENTITYTYPE.IsActive FROM LOS_LOANENTITYTYPE WHERE LOS_LOANENTITYTYPE.AD_Client_ID=0 AND LOS_LOANENTITYTYPE.AD_Org_ID=0 AND (LOS_LOANENTITYTYPE.LOS_LOANENTITYTYPE_ID IS NULL OR LOS_LOANENTITYTYPE.LOS_LOANENTITYTYPE_ID NOT IN ( SELECT Record_ID FROM AD_Private_Access WHERE AD_Table_ID = 1000061 AND AD_User_ID <> 0 AND IsActive = 'Y' )) AND LOS_LOANENTITYTYPE.BUSINESSSIGMENT=Commercial ORDER BY 3 [539]
java.sql.SQLSyntaxErrorException: ORA-00904: "COMMERCIAL": invalid identifier
; State=42000; ErrorCode=904
	at oracle.jdbc.driver.T4CTTIoer.processError(T4CTTIoer.java:447)
	at oracle.jdbc.driver.T4CTTIoer.processError(T4CTTIoer.java:396)
	at oracle.jdbc.driver.T4C8Oall.processError(T4C8Oall.java:951)
	at oracle.jdbc.driver.T4CTTIfun.receive(T4CTTIfun.java:513)
	at oracle.jdbc.driver.T4CTTIfun.doRPC(T4CTTIfun.java:227)
	at oracle.jdbc.driver.T4C8Oall.doOALL(T4C8Oall.java:531)
	at oracle.jdbc.driver.T4CPreparedStatement.doOall8(T4CPreparedStatement.java:208)
	at oracle.jdbc.driver.T4CPreparedStatement.executeForDescribe(T4CPreparedStatement.java:886)
	at oracle.jdbc.driver.OracleStatement.executeMaybeDescribe(OracleStatement.java:1175)
	at oracle.jdbc.driver.OracleStatement.doExecuteWithTimeout(OracleStatement.java:1296)
	at oracle.jdbc.driver.OraclePreparedStatement.executeInternal(OraclePreparedStatement.java:3613)
	at oracle.jdbc.driver.OraclePreparedStatement.executeQuery(OraclePreparedStatement.java:3657)
	at oracle.jdbc.driver.OraclePreparedStatementWrapper.executeQuery(OraclePreparedStatementWrapper.java:1495)
	at com.mchange.v2.c3p0.impl.NewProxyPreparedStatement.executeQuery(NewProxyPreparedStatement.java:76)
	at sun.reflect.GeneratedMethodAccessor40.invoke(Unknown Source)
	at sun.reflect.DelegatingMethodAccessorImpl.invoke(Unknown Source)
	at java.lang.reflect.Method.invoke(Unknown Source)
	at org.compiere.db.StatementProxy.invoke(StatementProxy.java:100)
	at com.sun.proxy.$Proxy3.executeQuery(Unknown Source)
	at org.compiere.model.MLookup$MLoader.run(MLookup.java:747)

-----------> MRecentItem.addMenuOption: AD_User_ID is mandatory. [47]
-----------> MRecentItem.addWindowChange: AD_User_ID is mandatory. [47]
===========> MLookup.run: LOS_LOANENTITYTYPE.LOS_LOANENTITYTYPE_ID, 1001006 : Loader - SELECT LOS_LOANENTITYTYPE.LOS_LOANENTITYTYPE_ID,NULL,NVL(LOS_LOANENTITYTYPE.LOS_LOANENTITYTYPE,'-1'),LOS_LOANENTITYTYPE.IsActive FROM LOS_LOANENTITYTYPE WHERE LOS_LOANENTITYTYPE.AD_Client_ID=0 AND LOS_LOANENTITYTYPE.AD_Org_ID=0 AND (LOS_LOANENTITYTYPE.LOS_LOANENTITYTYPE_ID IS NULL OR LOS_LOANENTITYTYPE.LOS_LOANENTITYTYPE_ID NOT IN ( SELECT Record_ID FROM AD_Private_Access WHERE AD_Table_ID = 1000061 AND AD_User_ID <> 0 AND IsActive = 'Y' )) AND LOS_LOANENTITYTYPE.BUSINESSSIGMENT=Corporate ORDER BY 3 [550]
java.sql.SQLSyntaxErrorException: ORA-00904: "CORPORATE": invalid identifier
; State=42000; ErrorCode=904
	at oracle.jdbc.driver.T4CTTIoer.processError(T4CTTIoer.java:447)
	at oracle.jdbc.driver.T4CTTIoer.processError(T4CTTIoer.java:396)
	at oracle.jdbc.driver.T4C8Oall.processError(T4C8Oall.java:951)
	at oracle.jdbc.driver.T4CTTIfun.receive(T4CTTIfun.java:513)
	at oracle.jdbc.driver.T4CTTIfun.doRPC(T4CTTIfun.java:227)
	at oracle.jdbc.driver.T4C8Oall.doOALL(T4C8Oall.java:531)
	at oracle.jdbc.driver.T4CPreparedStatement.doOall8(T4CPreparedStatement.java:208)
	at oracle.jdbc.driver.T4CPreparedStatement.executeForDescribe(T4CPreparedStatement.java:886)
	at oracle.jdbc.driver.OracleStatement.executeMaybeDescribe(OracleStatement.java:1175)
	at oracle.jdbc.driver.OracleStatement.doExecuteWithTimeout(OracleStatement.java:1296)
	at oracle.jdbc.driver.OraclePreparedStatement.executeInternal(OraclePreparedStatement.java:3613)
	at oracle.jdbc.driver.OraclePreparedStatement.executeQuery(OraclePreparedStatement.java:3657)
	at oracle.jdbc.driver.OraclePreparedStatementWrapper.executeQuery(OraclePreparedStatementWrapper.java:1495)
	at com.mchange.v2.c3p0.impl.NewProxyPreparedStatement.executeQuery(NewProxyPreparedStatement.java:76)
	at sun.reflect.GeneratedMethodAccessor40.invoke(Unknown Source)
	at sun.reflect.DelegatingMethodAccessorImpl.invoke(Unknown Source)
	at java.lang.reflect.Method.invoke(Unknown Source)
	at org.compiere.db.StatementProxy.invoke(StatementProxy.java:100)
	at com.sun.proxy.$Proxy3.executeQuery(Unknown Source)
	at org.compiere.model.MLookup$MLoader.run(MLookup.java:747)

-----------> MRecentItem.addWindowChange: AD_User_ID is mandatory. [48]
-----------> MRecentItem.addWindowChange: AD_User_ID is mandatory. [48]
-----------> Msg.getMsg: NOT found: Please save changes before closing [47]
-----------> MTable.getClass: No class for table with it entity: LOS_Lead [48]
-----------> MRecentItem.addWindowChange: AD_User_ID is mandatory. [48]
-----------> MRecentItem.addMenuOption: AD_User_ID is mandatory. [47]
===========> MLookup.run: LOS_LOANENTITYTYPE.LOS_LOANENTITYTYPE_ID, 1001006 : Loader - SELECT LOS_LOANENTITYTYPE.LOS_LOANENTITYTYPE_ID,NULL,NVL(LOS_LOANENTITYTYPE.LOS_LOANENTITYTYPE,'-1'),LOS_LOANENTITYTYPE.IsActive FROM LOS_LOANENTITYTYPE WHERE LOS_LOANENTITYTYPE.AD_Client_ID=0 AND LOS_LOANENTITYTYPE.AD_Org_ID=0 AND (LOS_LOANENTITYTYPE.LOS_LOANENTITYTYPE_ID IS NULL OR LOS_LOANENTITYTYPE.LOS_LOANENTITYTYPE_ID NOT IN ( SELECT Record_ID FROM AD_Private_Access WHERE AD_Table_ID = 1000061 AND AD_User_ID <> 0 AND IsActive = 'Y' )) AND LOS_LOANENTITYTYPE.BUSINESSSIGMENT=Corporate ORDER BY 3 [559]
java.sql.SQLSyntaxErrorException: ORA-00904: "CORPORATE": invalid identifier
; State=42000; ErrorCode=904
	at oracle.jdbc.driver.T4CTTIoer.processError(T4CTTIoer.java:447)
	at oracle.jdbc.driver.T4CTTIoer.processError(T4CTTIoer.java:396)
	at oracle.jdbc.driver.T4C8Oall.processError(T4C8Oall.java:951)
	at oracle.jdbc.driver.T4CTTIfun.receive(T4CTTIfun.java:513)
	at oracle.jdbc.driver.T4CTTIfun.doRPC(T4CTTIfun.java:227)
	at oracle.jdbc.driver.T4C8Oall.doOALL(T4C8Oall.java:531)
	at oracle.jdbc.driver.T4CPreparedStatement.doOall8(T4CPreparedStatement.java:208)
	at oracle.jdbc.driver.T4CPreparedStatement.executeForDescribe(T4CPreparedStatement.java:886)
	at oracle.jdbc.driver.OracleStatement.executeMaybeDescribe(OracleStatement.java:1175)
	at oracle.jdbc.driver.OracleStatement.doExecuteWithTimeout(OracleStatement.java:1296)
	at oracle.jdbc.driver.OraclePreparedStatement.executeInternal(OraclePreparedStatement.java:3613)
	at oracle.jdbc.driver.OraclePreparedStatement.executeQuery(OraclePreparedStatement.java:3657)
	at oracle.jdbc.driver.OraclePreparedStatementWrapper.executeQuery(OraclePreparedStatementWrapper.java:1495)
	at com.mchange.v2.c3p0.impl.NewProxyPreparedStatement.executeQuery(NewProxyPreparedStatement.java:76)
	at sun.reflect.GeneratedMethodAccessor40.invoke(Unknown Source)
	at sun.reflect.DelegatingMethodAccessorImpl.invoke(Unknown Source)
	at java.lang.reflect.Method.invoke(Unknown Source)
	at org.compiere.db.StatementProxy.invoke(StatementProxy.java:100)
	at com.sun.proxy.$Proxy3.executeQuery(Unknown Source)
	at org.compiere.model.MLookup$MLoader.run(MLookup.java:747)

-----------> MRecentItem.addMenuOption: AD_User_ID is mandatory. [47]
===========> MLookup.run: LOS_LOANENTITYTYPE.LOS_LOANENTITYTYPE_ID, 1001006 : Loader - SELECT LOS_LOANENTITYTYPE.LOS_LOANENTITYTYPE_ID,NULL,NVL(LOS_LOANENTITYTYPE.LOS_LOANENTITYTYPE,'-1'),LOS_LOANENTITYTYPE.IsActive FROM LOS_LOANENTITYTYPE WHERE LOS_LOANENTITYTYPE.AD_Client_ID=0 AND LOS_LOANENTITYTYPE.AD_Org_ID=0 AND (LOS_LOANENTITYTYPE.LOS_LOANENTITYTYPE_ID IS NULL OR LOS_LOANENTITYTYPE.LOS_LOANENTITYTYPE_ID NOT IN ( SELECT Record_ID FROM AD_Private_Access WHERE AD_Table_ID = 1000061 AND AD_User_ID <> 0 AND IsActive = 'Y' )) AND LOS_LOANENTITYTYPE.BUSINESSSIGMENT=Consumer ORDER BY 3 [568]
java.sql.SQLSyntaxErrorException: ORA-00904: "CONSUMER": invalid identifier
; State=42000; ErrorCode=904
	at oracle.jdbc.driver.T4CTTIoer.processError(T4CTTIoer.java:447)
	at oracle.jdbc.driver.T4CTTIoer.processError(T4CTTIoer.java:396)
	at oracle.jdbc.driver.T4C8Oall.processError(T4C8Oall.java:951)
	at oracle.jdbc.driver.T4CTTIfun.receive(T4CTTIfun.java:513)
	at oracle.jdbc.driver.T4CTTIfun.doRPC(T4CTTIfun.java:227)
	at oracle.jdbc.driver.T4C8Oall.doOALL(T4C8Oall.java:531)
	at oracle.jdbc.driver.T4CPreparedStatement.doOall8(T4CPreparedStatement.java:208)
	at oracle.jdbc.driver.T4CPreparedStatement.executeForDescribe(T4CPreparedStatement.java:886)
	at oracle.jdbc.driver.OracleStatement.executeMaybeDescribe(OracleStatement.java:1175)
	at oracle.jdbc.driver.OracleStatement.doExecuteWithTimeout(OracleStatement.java:1296)
	at oracle.jdbc.driver.OraclePreparedStatement.executeInternal(OraclePreparedStatement.java:3613)
	at oracle.jdbc.driver.OraclePreparedStatement.executeQuery(OraclePreparedStatement.java:3657)
	at oracle.jdbc.driver.OraclePreparedStatementWrapper.executeQuery(OraclePreparedStatementWrapper.java:1495)
	at com.mchange.v2.c3p0.impl.NewProxyPreparedStatement.executeQuery(NewProxyPreparedStatement.java:76)
	at sun.reflect.GeneratedMethodAccessor40.invoke(Unknown Source)
	at sun.reflect.DelegatingMethodAccessorImpl.invoke(Unknown Source)
	at java.lang.reflect.Method.invoke(Unknown Source)
	at org.compiere.db.StatementProxy.invoke(StatementProxy.java:100)
	at com.sun.proxy.$Proxy3.executeQuery(Unknown Source)
	at org.compiere.model.MLookup$MLoader.run(MLookup.java:747)

-----------> MRecentItem.addWindowChange: AD_User_ID is mandatory. [48]
-----------> MTable.getClass: No class for table with it entity: LOS_Lead [47]
-----------> MRecentItem.addWindowChange: AD_User_ID is mandatory. [47]
===========> MLookup.run: LOS_LOANENTITYTYPE.LOS_LOANENTITYTYPE_ID, 1001006 : Loader - SELECT LOS_LOANENTITYTYPE.LOS_LOANENTITYTYPE_ID,NULL,NVL(LOS_LOANENTITYTYPE.LOS_LOANENTITYTYPE,'-1'),LOS_LOANENTITYTYPE.IsActive FROM LOS_LOANENTITYTYPE WHERE LOS_LOANENTITYTYPE.AD_Client_ID=0 AND LOS_LOANENTITYTYPE.AD_Org_ID=0 AND (LOS_LOANENTITYTYPE.LOS_LOANENTITYTYPE_ID IS NULL OR LOS_LOANENTITYTYPE.LOS_LOANENTITYTYPE_ID NOT IN ( SELECT Record_ID FROM AD_Private_Access WHERE AD_Table_ID = 1000061 AND AD_User_ID <> 0 AND IsActive = 'Y' )) AND LOS_LOANENTITYTYPE.BUSINESSSIGMENT=Commercial ORDER BY 3 [569]
java.sql.SQLSyntaxErrorException: ORA-00904: "COMMERCIAL": invalid identifier
; State=42000; ErrorCode=904
	at oracle.jdbc.driver.T4CTTIoer.processError(T4CTTIoer.java:447)
	at oracle.jdbc.driver.T4CTTIoer.processError(T4CTTIoer.java:396)
	at oracle.jdbc.driver.T4C8Oall.processError(T4C8Oall.java:951)
	at oracle.jdbc.driver.T4CTTIfun.receive(T4CTTIfun.java:513)
	at oracle.jdbc.driver.T4CTTIfun.doRPC(T4CTTIfun.java:227)
	at oracle.jdbc.driver.T4C8Oall.doOALL(T4C8Oall.java:531)
	at oracle.jdbc.driver.T4CPreparedStatement.doOall8(T4CPreparedStatement.java:208)
	at oracle.jdbc.driver.T4CPreparedStatement.executeForDescribe(T4CPreparedStatement.java:886)
	at oracle.jdbc.driver.OracleStatement.executeMaybeDescribe(OracleStatement.java:1175)
	at oracle.jdbc.driver.OracleStatement.doExecuteWithTimeout(OracleStatement.java:1296)
	at oracle.jdbc.driver.OraclePreparedStatement.executeInternal(OraclePreparedStatement.java:3613)
	at oracle.jdbc.driver.OraclePreparedStatement.executeQuery(OraclePreparedStatement.java:3657)
	at oracle.jdbc.driver.OraclePreparedStatementWrapper.executeQuery(OraclePreparedStatementWrapper.java:1495)
	at com.mchange.v2.c3p0.impl.NewProxyPreparedStatement.executeQuery(NewProxyPreparedStatement.java:76)
	at sun.reflect.GeneratedMethodAccessor40.invoke(Unknown Source)
	at sun.reflect.DelegatingMethodAccessorImpl.invoke(Unknown Source)
	at java.lang.reflect.Method.invoke(Unknown Source)
	at org.compiere.db.StatementProxy.invoke(StatementProxy.java:100)
	at com.sun.proxy.$Proxy3.executeQuery(Unknown Source)
	at org.compiere.model.MLookup$MLoader.run(MLookup.java:747)

-----------> MRecentItem.addWindowChange: AD_User_ID is mandatory. [47]
-----------> MRecentItem.addWindowChange: AD_User_ID is mandatory. [48]
===========> MLookup.run: LOS_LOANENTITYTYPE.LOS_LOANENTITYTYPE_ID, 1001006 : Loader - SELECT LOS_LOANENTITYTYPE.LOS_LOANENTITYTYPE_ID,NULL,NVL(LOS_LOANENTITYTYPE.LOS_LOANENTITYTYPE,'-1'),LOS_LOANENTITYTYPE.IsActive FROM LOS_LOANENTITYTYPE WHERE LOS_LOANENTITYTYPE.AD_Client_ID=0 AND LOS_LOANENTITYTYPE.AD_Org_ID=0 AND (LOS_LOANENTITYTYPE.LOS_LOANENTITYTYPE_ID IS NULL OR LOS_LOANENTITYTYPE.LOS_LOANENTITYTYPE_ID NOT IN ( SELECT Record_ID FROM AD_Private_Access WHERE AD_Table_ID = 1000061 AND AD_User_ID <> 0 AND IsActive = 'Y' )) AND LOS_LOANENTITYTYPE.BUSINESSSIGMENT=Consumer ORDER BY 3 [570]
java.sql.SQLSyntaxErrorException: ORA-00904: "CONSUMER": invalid identifier
; State=42000; ErrorCode=904
	at oracle.jdbc.driver.T4CTTIoer.processError(T4CTTIoer.java:447)
	at oracle.jdbc.driver.T4CTTIoer.processError(T4CTTIoer.java:396)
	at oracle.jdbc.driver.T4C8Oall.processError(T4C8Oall.java:951)
	at oracle.jdbc.driver.T4CTTIfun.receive(T4CTTIfun.java:513)
	at oracle.jdbc.driver.T4CTTIfun.doRPC(T4CTTIfun.java:227)
	at oracle.jdbc.driver.T4C8Oall.doOALL(T4C8Oall.java:531)
	at oracle.jdbc.driver.T4CPreparedStatement.doOall8(T4CPreparedStatement.java:208)
	at oracle.jdbc.driver.T4CPreparedStatement.executeForDescribe(T4CPreparedStatement.java:886)
	at oracle.jdbc.driver.OracleStatement.executeMaybeDescribe(OracleStatement.java:1175)
	at oracle.jdbc.driver.OracleStatement.doExecuteWithTimeout(OracleStatement.java:1296)
	at oracle.jdbc.driver.OraclePreparedStatement.executeInternal(OraclePreparedStatement.java:3613)
	at oracle.jdbc.driver.OraclePreparedStatement.executeQuery(OraclePreparedStatement.java:3657)
	at oracle.jdbc.driver.OraclePreparedStatementWrapper.executeQuery(OraclePreparedStatementWrapper.java:1495)
	at com.mchange.v2.c3p0.impl.NewProxyPreparedStatement.executeQuery(NewProxyPreparedStatement.java:76)
	at sun.reflect.GeneratedMethodAccessor40.invoke(Unknown Source)
	at sun.reflect.DelegatingMethodAccessorImpl.invoke(Unknown Source)
	at java.lang.reflect.Method.invoke(Unknown Source)
	at org.compiere.db.StatementProxy.invoke(StatementProxy.java:100)
	at com.sun.proxy.$Proxy3.executeQuery(Unknown Source)
	at org.compiere.model.MLookup$MLoader.run(MLookup.java:747)

-----------> MRecentItem.addWindowChange: AD_User_ID is mandatory. [48]
-----------> MRecentItem.addWindowChange: AD_User_ID is mandatory. [47]
