*** 2017-09-21 17:23:26.546 Adempiere Log (CLogFile) ***
17:23:26.546 Adempiere.startup: ADempiere(r) Release 3.9.0_2017-08-01 -Smart Suite ERP,CRM and SCM- (c) 1999-2017 ADempiere(r); Implementation: ADempiere - Supported by ADempiere community [13]
17:23:26.562 Ini.loadProperties: C:\Users\AYAZ\Adempiere.properties #37 [13]
-----------> DefaultDesktop.createHomeTab: Failed to create components. zul=/zul/userfavorites.zul [47]
org.zkoss.zk.ui.UiException: Page not found: /zul/userfavorites.zul
	at org.zkoss.zk.ui.http.ExecutionImpl.getPageDefinition(ExecutionImpl.java:376)
	at org.zkoss.zk.ui.impl.AbstractExecution.createComponents(AbstractExecution.java:189)
	at org.zkoss.zk.ui.Executions.createComponents(Executions.java:177)
	at org.adempiere.webui.desktop.DefaultDesktop.createHomeTab(DefaultDesktop.java:380)
	at org.adempiere.webui.desktop.DefaultDesktop.doCreatePart(DefaultDesktop.java:162)
	at org.adempiere.webui.part.AbstractUIPart.createPart(AbstractUIPart.java:41)
	at org.adempiere.webui.AdempiereWebUI.loginCompleted(AdempiereWebUI.java:304)
	at org.adempiere.webui.window.LoginWindow.loginCompleted(LoginWindow.java:91)
	at org.adempiere.webui.panel.RolePanel.validateRoles(RolePanel.java:460)
	at org.adempiere.webui.panel.RolePanel.onEvent(RolePanel.java:408)
	at org.zkoss.zk.ui.impl.EventProcessor.process0(EventProcessor.java:197)
	at org.zkoss.zk.ui.impl.EventProcessor.process(EventProcessor.java:141)
	at org.zkoss.zk.ui.impl.EventProcessingThreadImpl.process0(EventProcessingThreadImpl.java:519)
	at org.zkoss.zk.ui.impl.EventProcessingThreadImpl.run(EventProcessingThreadImpl.java:446)

-----------> DefaultDesktop.createHomeTab: Failed to create components. zul=/zul/recentItems.zul [47]
org.zkoss.zk.ui.UiException: Page not found: /zul/recentItems.zul
	at org.zkoss.zk.ui.http.ExecutionImpl.getPageDefinition(ExecutionImpl.java:376)
	at org.zkoss.zk.ui.impl.AbstractExecution.createComponents(AbstractExecution.java:189)
	at org.zkoss.zk.ui.Executions.createComponents(Executions.java:177)
	at org.adempiere.webui.desktop.DefaultDesktop.createHomeTab(DefaultDesktop.java:380)
	at org.adempiere.webui.desktop.DefaultDesktop.doCreatePart(DefaultDesktop.java:162)
	at org.adempiere.webui.part.AbstractUIPart.createPart(AbstractUIPart.java:41)
	at org.adempiere.webui.AdempiereWebUI.loginCompleted(AdempiereWebUI.java:304)
	at org.adempiere.webui.window.LoginWindow.loginCompleted(LoginWindow.java:91)
	at org.adempiere.webui.panel.RolePanel.validateRoles(RolePanel.java:460)
	at org.adempiere.webui.panel.RolePanel.onEvent(RolePanel.java:408)
	at org.zkoss.zk.ui.impl.EventProcessor.process0(EventProcessor.java:197)
	at org.zkoss.zk.ui.impl.EventProcessor.process(EventProcessor.java:141)
	at org.zkoss.zk.ui.impl.EventProcessingThreadImpl.process0(EventProcessingThreadImpl.java:519)
	at org.zkoss.zk.ui.impl.EventProcessingThreadImpl.run(EventProcessingThreadImpl.java:446)

-----------> DefaultDesktop.createHomeTab: Failed to create components. zul=/zul/docstatus.zul [47]
org.zkoss.zk.ui.UiException: Page not found: /zul/docstatus.zul
	at org.zkoss.zk.ui.http.ExecutionImpl.getPageDefinition(ExecutionImpl.java:376)
	at org.zkoss.zk.ui.impl.AbstractExecution.createComponents(AbstractExecution.java:189)
	at org.zkoss.zk.ui.Executions.createComponents(Executions.java:177)
	at org.adempiere.webui.desktop.DefaultDesktop.createHomeTab(DefaultDesktop.java:380)
	at org.adempiere.webui.desktop.DefaultDesktop.doCreatePart(DefaultDesktop.java:162)
	at org.adempiere.webui.part.AbstractUIPart.createPart(AbstractUIPart.java:41)
	at org.adempiere.webui.AdempiereWebUI.loginCompleted(AdempiereWebUI.java:304)
	at org.adempiere.webui.window.LoginWindow.loginCompleted(LoginWindow.java:91)
	at org.adempiere.webui.panel.RolePanel.validateRoles(RolePanel.java:460)
	at org.adempiere.webui.panel.RolePanel.onEvent(RolePanel.java:408)
	at org.zkoss.zk.ui.impl.EventProcessor.process0(EventProcessor.java:197)
	at org.zkoss.zk.ui.impl.EventProcessor.process(EventProcessor.java:141)
	at org.zkoss.zk.ui.impl.EventProcessingThreadImpl.process0(EventProcessingThreadImpl.java:519)
	at org.zkoss.zk.ui.impl.EventProcessingThreadImpl.run(EventProcessingThreadImpl.java:446)

-----------> Msg.translate: NOT found: Assignment [47]
